Load environment configuration
RTS version v1.9.13 running at http://localhost:8091
ns:/page/edit# socket zCL6B3tP0h7qZB_fAAAF joined the room page:643ebc2d180a343b7261003e-master
ns:/# socket atObPWSIjTHuYyHlAAAE joined the room app:643ebc26180a343b72610033
ns:/# socket atObPWSIjTHuYyHlAAAE left the room app:643ebc26180a343b72610033
ns:/# socket atObPWSIjTHuYyHlAAAE joined the room app:643ebc26180a343b72610033
ns:/page/edit # socket zCL6B3tP0h7qZB_fAAAF left the room page:643ebc2d180a343b7261003e-master
ns:/page/edit# socket zCL6B3tP0h7qZB_fAAAF joined the room page:643ebc2d180a343b7261003d-master
ns:/# socket atObPWSIjTHuYyHlAAAE left the room app:643ebc26180a343b72610033
ns:/# socket atObPWSIjTHuYyHlAAAE joined the room app:643ebc26180a343b72610033
ns:/page/edit # socket zCL6B3tP0h7qZB_fAAAF left the room page:643ebc2d180a343b7261003d-master
ns:/page/edit# socket zCL6B3tP0h7qZB_fAAAF joined the room page:643ebc2d180a343b7261003e-master
ns:/# socket atObPWSIjTHuYyHlAAAE left the room app:643ebc26180a343b72610033
ns:/# socket atObPWSIjTHuYyHlAAAE joined the room app:643ebc26180a343b72610033
ns:/page/edit # socket zCL6B3tP0h7qZB_fAAAF left the room page:643ebc2d180a343b7261003e-master
ns:/page/edit# socket zCL6B3tP0h7qZB_fAAAF joined the room page:643ebc2d180a343b7261003f-master
ns:/# socket atObPWSIjTHuYyHlAAAE left the room app:643ebc26180a343b72610033
ns:/# socket atObPWSIjTHuYyHlAAAE joined the room app:643ebc26180a343b72610033
ns:/page/edit # socket zCL6B3tP0h7qZB_fAAAF left the room page:643ebc2d180a343b7261003f-master
ns:/page/edit# socket zCL6B3tP0h7qZB_fAAAF joined the room page:643ebc2d180a343b7261003e-master
ns:/# socket atObPWSIjTHuYyHlAAAE left the room app:643ebc26180a343b72610033
ns:/# socket atObPWSIjTHuYyHlAAAE joined the room app:643ebc26180a343b72610033
ns:/page/edit # socket zCL6B3tP0h7qZB_fAAAF left the room page:643ebc2d180a343b7261003e-master
ns:/page/edit# socket zCL6B3tP0h7qZB_fAAAF joined the room page:643ebc2d180a343b72610040-master
ns:/# socket atObPWSIjTHuYyHlAAAE left the room app:643ebc26180a343b72610033
ns:/# socket atObPWSIjTHuYyHlAAAE joined the room app:643ebc26180a343b72610033
ns:/page/edit # socket zCL6B3tP0h7qZB_fAAAF left the room page:643ebc2d180a343b72610040-master
ns:/page/edit# socket zCL6B3tP0h7qZB_fAAAF joined the room page:643ebc2d180a343b72610041-master
ns:/# socket atObPWSIjTHuYyHlAAAE left the room app:643ebc26180a343b72610033
ns:/# socket atObPWSIjTHuYyHlAAAE joined the room app:643ebc26180a343b72610033
ns:/page/edit # socket zCL6B3tP0h7qZB_fAAAF left the room page:643ebc2d180a343b72610041-master
ns:/# socket atObPWSIjTHuYyHlAAAE left the room app:643ebc26180a343b72610033
ns:/page/edit# socket zCL6B3tP0h7qZB_fAAAF joined the room page:643ebc2d180a343b7261003e-master
ns:/# socket atObPWSIjTHuYyHlAAAE joined the room app:643ebc26180a343b72610033
ns:/# socket atObPWSIjTHuYyHlAAAE left the room app:643ebc26180a343b72610033
ns:/# socket atObPWSIjTHuYyHlAAAE joined the room app:643ebc26180a343b72610033
ns:/page/edit # socket zCL6B3tP0h7qZB_fAAAF left the room page:643ebc2d180a343b7261003e-master
ns:/# socket atObPWSIjTHuYyHlAAAE left the room app:643ebc26180a343b72610033
