Load environment configuration
RTS version v1.9.13 running at http://localhost:8091
ns:/page/edit# socket XVBZW0Q3OYgACdrfAAAC joined the room page:643f284afbcecc56f0478b54
ns:/# socket VEYSLZQYL-gRnPp2AAAB joined the room app:643f2841fbcecc56f0478b4b
ns:/# socket VEYSLZQYL-gRnPp2AAAB left the room app:643f2841fbcecc56f0478b4b
ns:/# socket VEYSLZQYL-gRnPp2AAAB joined the room app:643f2841fbcecc56f0478b4b
ns:/page/edit # socket XVBZW0Q3OYgACdrfAAAC left the room page:643f284afbcecc56f0478b54
ns:/page/edit# socket XVBZW0Q3OYgACdrfAAAC joined the room page:643f284afbcecc56f0478b57-master
ns:/# socket VEYSLZQYL-gRnPp2AAAB left the room app:643f2841fbcecc56f0478b4b
ns:/# socket VEYSLZQYL-gRnPp2AAAB joined the room app:643f2841fbcecc56f0478b4b
ns:/page/edit # socket XVBZW0Q3OYgACdrfAAAC left the room page:643f284afbcecc56f0478b57-master
ns:/page/edit# socket XVBZW0Q3OYgACdrfAAAC joined the room page:643f284afbcecc56f0478b54-master
ns:/# socket VEYSLZQYL-gRnPp2AAAB left the room app:643f2841fbcecc56f0478b4b
ns:/# socket VEYSLZQYL-gRnPp2AAAB joined the room app:643f2841fbcecc56f0478b4b
ns:/page/edit # socket XVBZW0Q3OYgACdrfAAAC left the room page:643f284afbcecc56f0478b54-master
ns:/page/edit# socket XVBZW0Q3OYgACdrfAAAC joined the room page:643f284afbcecc56f0478b55-master
ns:/# socket VEYSLZQYL-gRnPp2AAAB left the room app:643f2841fbcecc56f0478b4b
ns:/# socket VEYSLZQYL-gRnPp2AAAB joined the room app:643f2841fbcecc56f0478b4b
ns:/page/edit # socket XVBZW0Q3OYgACdrfAAAC left the room page:643f284afbcecc56f0478b55-master
ns:/page/edit# socket XVBZW0Q3OYgACdrfAAAC joined the room page:643f284afbcecc56f0478b58-master
ns:/# socket VEYSLZQYL-gRnPp2AAAB left the room app:643f2841fbcecc56f0478b4b
ns:/# socket VEYSLZQYL-gRnPp2AAAB joined the room app:643f2841fbcecc56f0478b4b
ns:/page/edit # socket XVBZW0Q3OYgACdrfAAAC left the room page:643f284afbcecc56f0478b58-master
ns:/page/edit# socket XVBZW0Q3OYgACdrfAAAC joined the room page:643f284afbcecc56f0478b55-master
ns:/# socket VEYSLZQYL-gRnPp2AAAB left the room app:643f2841fbcecc56f0478b4b
ns:/# socket VEYSLZQYL-gRnPp2AAAB joined the room app:643f2841fbcecc56f0478b4b
ns:/page/edit # socket XVBZW0Q3OYgACdrfAAAC left the room page:643f284afbcecc56f0478b55-master
ns:/page/edit# socket XVBZW0Q3OYgACdrfAAAC joined the room page:643f284afbcecc56f0478b58-master
ns:/# socket VEYSLZQYL-gRnPp2AAAB left the room app:643f2841fbcecc56f0478b4b
ns:/# socket VEYSLZQYL-gRnPp2AAAB joined the room app:643f2841fbcecc56f0478b4b
ns:/page/edit # socket XVBZW0Q3OYgACdrfAAAC left the room page:643f284afbcecc56f0478b58-master
ns:/page/edit# socket XVBZW0Q3OYgACdrfAAAC joined the room page:643f284afbcecc56f0478b55-master
ns:/# socket VEYSLZQYL-gRnPp2AAAB left the room app:643f2841fbcecc56f0478b4b
ns:/# socket VEYSLZQYL-gRnPp2AAAB joined the room app:643f2841fbcecc56f0478b4b
ns:/page/edit # socket XVBZW0Q3OYgACdrfAAAC left the room page:643f284afbcecc56f0478b55-master
ns:/page/edit# socket XVBZW0Q3OYgACdrfAAAC joined the room page:643f284afbcecc56f0478b58-master
ns:/# socket VEYSLZQYL-gRnPp2AAAB left the room app:643f2841fbcecc56f0478b4b
ns:/# socket VEYSLZQYL-gRnPp2AAAB joined the room app:643f2841fbcecc56f0478b4b
ns:/page/edit # socket XVBZW0Q3OYgACdrfAAAC left the room page:643f284afbcecc56f0478b58-master
ns:/page/edit# socket XVBZW0Q3OYgACdrfAAAC joined the room page:643f284afbcecc56f0478b55-master
ns:/# socket VEYSLZQYL-gRnPp2AAAB left the room app:643f2841fbcecc56f0478b4b
ns:/# socket VEYSLZQYL-gRnPp2AAAB joined the room app:643f2841fbcecc56f0478b4b
ns:/page/edit # socket XVBZW0Q3OYgACdrfAAAC left the room page:643f284afbcecc56f0478b55-master
ns:/page/edit# socket XVBZW0Q3OYgACdrfAAAC joined the room page:643f284afbcecc56f0478b58-master
ns:/# socket VEYSLZQYL-gRnPp2AAAB left the room app:643f2841fbcecc56f0478b4b
ns:/# socket VEYSLZQYL-gRnPp2AAAB joined the room app:643f2841fbcecc56f0478b4b
ns:/page/edit # socket XVBZW0Q3OYgACdrfAAAC left the room page:643f284afbcecc56f0478b58-master
ns:/page/edit# socket XVBZW0Q3OYgACdrfAAAC joined the room page:643f284afbcecc56f0478b55-master
ns:/# socket VEYSLZQYL-gRnPp2AAAB left the room app:643f2841fbcecc56f0478b4b
ns:/# socket VEYSLZQYL-gRnPp2AAAB joined the room app:643f2841fbcecc56f0478b4b
ns:/page/edit # socket XVBZW0Q3OYgACdrfAAAC left the room page:643f284afbcecc56f0478b55-master
ns:/page/edit# socket XVBZW0Q3OYgACdrfAAAC joined the room page:643f284afbcecc56f0478b58-master
ns:/# socket VEYSLZQYL-gRnPp2AAAB left the room app:643f2841fbcecc56f0478b4b
ns:/# socket VEYSLZQYL-gRnPp2AAAB joined the room app:643f2841fbcecc56f0478b4b
ns:/page/edit # socket XVBZW0Q3OYgACdrfAAAC left the room page:643f284afbcecc56f0478b58-master
ns:/page/edit# socket XVBZW0Q3OYgACdrfAAAC joined the room page:643f284afbcecc56f0478b55-master
ns:/# socket VEYSLZQYL-gRnPp2AAAB left the room app:643f2841fbcecc56f0478b4b
ns:/# socket VEYSLZQYL-gRnPp2AAAB joined the room app:643f2841fbcecc56f0478b4b
ns:/page/edit # socket XVBZW0Q3OYgACdrfAAAC left the room page:643f284afbcecc56f0478b55-master
ns:/page/edit# socket XVBZW0Q3OYgACdrfAAAC joined the room page:643f284afbcecc56f0478b58-master
ns:/# socket VEYSLZQYL-gRnPp2AAAB left the room app:643f2841fbcecc56f0478b4b
ns:/# socket VEYSLZQYL-gRnPp2AAAB joined the room app:643f2841fbcecc56f0478b4b
ns:/page/edit # socket XVBZW0Q3OYgACdrfAAAC left the room page:643f284afbcecc56f0478b58-master
ns:/page/edit# socket XVBZW0Q3OYgACdrfAAAC joined the room page:643f284afbcecc56f0478b55-master
ns:/# socket VEYSLZQYL-gRnPp2AAAB left the room app:643f2841fbcecc56f0478b4b
ns:/# socket VEYSLZQYL-gRnPp2AAAB joined the room app:643f2841fbcecc56f0478b4b
ns:/page/edit # socket XVBZW0Q3OYgACdrfAAAC left the room page:643f284afbcecc56f0478b55-master
ns:/page/edit# socket XVBZW0Q3OYgACdrfAAAC joined the room page:643f284afbcecc56f0478b58-master
ns:/# socket VEYSLZQYL-gRnPp2AAAB left the room app:643f2841fbcecc56f0478b4b
ns:/# socket VEYSLZQYL-gRnPp2AAAB joined the room app:643f2841fbcecc56f0478b4b
ns:/page/edit # socket XVBZW0Q3OYgACdrfAAAC left the room page:643f284afbcecc56f0478b58-master
ns:/page/edit# socket XVBZW0Q3OYgACdrfAAAC joined the room page:643f284afbcecc56f0478b54-master
ns:/# socket VEYSLZQYL-gRnPp2AAAB left the room app:643f2841fbcecc56f0478b4b
ns:/# socket VEYSLZQYL-gRnPp2AAAB joined the room app:643f2841fbcecc56f0478b4b
ns:/page/edit # socket XVBZW0Q3OYgACdrfAAAC left the room page:643f284afbcecc56f0478b54-master
ns:/page/edit# socket XVBZW0Q3OYgACdrfAAAC joined the room page:643f284afbcecc56f0478b53-master
ns:/# socket VEYSLZQYL-gRnPp2AAAB left the room app:643f2841fbcecc56f0478b4b
ns:/# socket VEYSLZQYL-gRnPp2AAAB joined the room app:643f2841fbcecc56f0478b4b
ns:/page/edit # socket XVBZW0Q3OYgACdrfAAAC left the room page:643f284afbcecc56f0478b53-master
ns:/page/edit# socket XVBZW0Q3OYgACdrfAAAC joined the room page:643f284afbcecc56f0478b56-master
ns:/# socket VEYSLZQYL-gRnPp2AAAB left the room app:643f2841fbcecc56f0478b4b
ns:/# socket VEYSLZQYL-gRnPp2AAAB joined the room app:643f2841fbcecc56f0478b4b
ns:/page/edit # socket XVBZW0Q3OYgACdrfAAAC left the room page:643f284afbcecc56f0478b56-master
ns:/page/edit# socket XVBZW0Q3OYgACdrfAAAC joined the room page:643f284afbcecc56f0478b53-master
ns:/# socket VEYSLZQYL-gRnPp2AAAB left the room app:643f2841fbcecc56f0478b4b
ns:/# socket VEYSLZQYL-gRnPp2AAAB joined the room app:643f2841fbcecc56f0478b4b
ns:/page/edit # socket XVBZW0Q3OYgACdrfAAAC left the room page:643f284afbcecc56f0478b53-master
ns:/page/edit# socket XVBZW0Q3OYgACdrfAAAC joined the room page:643f284afbcecc56f0478b56-master
ns:/# socket VEYSLZQYL-gRnPp2AAAB left the room app:643f2841fbcecc56f0478b4b
ns:/# socket VEYSLZQYL-gRnPp2AAAB joined the room app:643f2841fbcecc56f0478b4b
ns:/page/edit # socket XVBZW0Q3OYgACdrfAAAC left the room page:643f284afbcecc56f0478b56-master
ns:/page/edit# socket XVBZW0Q3OYgACdrfAAAC joined the room page:643f284afbcecc56f0478b53-master
ns:/# socket VEYSLZQYL-gRnPp2AAAB left the room app:643f2841fbcecc56f0478b4b
ns:/# socket VEYSLZQYL-gRnPp2AAAB joined the room app:643f2841fbcecc56f0478b4b
ns:/page/edit # socket XVBZW0Q3OYgACdrfAAAC left the room page:643f284afbcecc56f0478b53-master
ns:/page/edit# socket XVBZW0Q3OYgACdrfAAAC joined the room page:643f284afbcecc56f0478b56-master
ns:/# socket VEYSLZQYL-gRnPp2AAAB left the room app:643f2841fbcecc56f0478b4b
ns:/# socket VEYSLZQYL-gRnPp2AAAB joined the room app:643f2841fbcecc56f0478b4b
ns:/page/edit # socket XVBZW0Q3OYgACdrfAAAC left the room page:643f284afbcecc56f0478b56-master
ns:/page/edit# socket XVBZW0Q3OYgACdrfAAAC joined the room page:643f284afbcecc56f0478b53-master
ns:/# socket VEYSLZQYL-gRnPp2AAAB left the room app:643f2841fbcecc56f0478b4b
ns:/# socket VEYSLZQYL-gRnPp2AAAB joined the room app:643f2841fbcecc56f0478b4b
ns:/page/edit # socket XVBZW0Q3OYgACdrfAAAC left the room page:643f284afbcecc56f0478b53-master
ns:/page/edit# socket XVBZW0Q3OYgACdrfAAAC joined the room page:643f284afbcecc56f0478b56-master
ns:/# socket VEYSLZQYL-gRnPp2AAAB left the room app:643f2841fbcecc56f0478b4b
ns:/# socket VEYSLZQYL-gRnPp2AAAB joined the room app:643f2841fbcecc56f0478b4b
ns:/page/edit # socket XVBZW0Q3OYgACdrfAAAC left the room page:643f284afbcecc56f0478b56-master
ns:/page/edit# socket XVBZW0Q3OYgACdrfAAAC joined the room page:643f284afbcecc56f0478b53-master
ns:/# socket VEYSLZQYL-gRnPp2AAAB left the room app:643f2841fbcecc56f0478b4b
ns:/# socket VEYSLZQYL-gRnPp2AAAB joined the room app:643f2841fbcecc56f0478b4b
ns:/page/edit # socket XVBZW0Q3OYgACdrfAAAC left the room page:643f284afbcecc56f0478b53-master
ns:/page/edit# socket XVBZW0Q3OYgACdrfAAAC joined the room page:643f284afbcecc56f0478b56-master
ns:/# socket VEYSLZQYL-gRnPp2AAAB left the room app:643f2841fbcecc56f0478b4b
ns:/# socket VEYSLZQYL-gRnPp2AAAB joined the room app:643f2841fbcecc56f0478b4b
ns:/page/edit # socket XVBZW0Q3OYgACdrfAAAC left the room page:643f284afbcecc56f0478b56-master
ns:/page/edit# socket XVBZW0Q3OYgACdrfAAAC joined the room page:643f284afbcecc56f0478b53-master
ns:/# socket VEYSLZQYL-gRnPp2AAAB left the room app:643f2841fbcecc56f0478b4b
ns:/# socket VEYSLZQYL-gRnPp2AAAB joined the room app:643f2841fbcecc56f0478b4b
ns:/page/edit # socket XVBZW0Q3OYgACdrfAAAC left the room page:643f284afbcecc56f0478b53-master
ns:/page/edit# socket XVBZW0Q3OYgACdrfAAAC joined the room page:643f284afbcecc56f0478b56-master
ns:/# socket VEYSLZQYL-gRnPp2AAAB left the room app:643f2841fbcecc56f0478b4b
ns:/# socket VEYSLZQYL-gRnPp2AAAB joined the room app:643f2841fbcecc56f0478b4b
ns:/page/edit # socket XVBZW0Q3OYgACdrfAAAC left the room page:643f284afbcecc56f0478b56-master
ns:/page/edit# socket XVBZW0Q3OYgACdrfAAAC joined the room page:643f284afbcecc56f0478b54-master
ns:/# socket VEYSLZQYL-gRnPp2AAAB left the room app:643f2841fbcecc56f0478b4b
ns:/# socket VEYSLZQYL-gRnPp2AAAB joined the room app:643f2841fbcecc56f0478b4b
ns:/page/edit # socket XVBZW0Q3OYgACdrfAAAC left the room page:643f284afbcecc56f0478b54-master
ns:/page/edit# socket XVBZW0Q3OYgACdrfAAAC joined the room page:643f284afbcecc56f0478b55-master
ns:/# socket VEYSLZQYL-gRnPp2AAAB left the room app:643f2841fbcecc56f0478b4b
ns:/# socket VEYSLZQYL-gRnPp2AAAB joined the room app:643f2841fbcecc56f0478b4b
ns:/page/edit # socket XVBZW0Q3OYgACdrfAAAC left the room page:643f284afbcecc56f0478b55-master
ns:/page/edit# socket XVBZW0Q3OYgACdrfAAAC joined the room page:643f284afbcecc56f0478b58-master
ns:/# socket VEYSLZQYL-gRnPp2AAAB left the room app:643f2841fbcecc56f0478b4b
ns:/# socket VEYSLZQYL-gRnPp2AAAB joined the room app:643f2841fbcecc56f0478b4b
ns:/page/edit # socket XVBZW0Q3OYgACdrfAAAC left the room page:643f284afbcecc56f0478b58-master
ns:/page/edit# socket XVBZW0Q3OYgACdrfAAAC joined the room page:643f284afbcecc56f0478b54-master
ns:/# socket VEYSLZQYL-gRnPp2AAAB left the room app:643f2841fbcecc56f0478b4b
ns:/# socket VEYSLZQYL-gRnPp2AAAB joined the room app:643f2841fbcecc56f0478b4b
ns:/page/edit # socket XVBZW0Q3OYgACdrfAAAC left the room page:643f284afbcecc56f0478b54-master
ns:/page/edit# socket XVBZW0Q3OYgACdrfAAAC joined the room page:643f284afbcecc56f0478b57-master
ns:/# socket VEYSLZQYL-gRnPp2AAAB left the room app:643f2841fbcecc56f0478b4b
ns:/# socket VEYSLZQYL-gRnPp2AAAB joined the room app:643f2841fbcecc56f0478b4b
ns:/page/edit # socket XVBZW0Q3OYgACdrfAAAC left the room page:643f284afbcecc56f0478b57-master
ns:/page/edit# socket XVBZW0Q3OYgACdrfAAAC joined the room page:643f284afbcecc56f0478b54-master
ns:/# socket VEYSLZQYL-gRnPp2AAAB left the room app:643f2841fbcecc56f0478b4b
ns:/# socket VEYSLZQYL-gRnPp2AAAB joined the room app:643f2841fbcecc56f0478b4b
ns:/page/edit # socket XVBZW0Q3OYgACdrfAAAC left the room page:643f284afbcecc56f0478b54-master
ns:/page/edit# socket XVBZW0Q3OYgACdrfAAAC joined the room page:643f284afbcecc56f0478b55-master
ns:/# socket VEYSLZQYL-gRnPp2AAAB left the room app:643f2841fbcecc56f0478b4b
ns:/# socket VEYSLZQYL-gRnPp2AAAB joined the room app:643f2841fbcecc56f0478b4b
ns:/page/edit # socket XVBZW0Q3OYgACdrfAAAC left the room page:643f284afbcecc56f0478b55-master
ns:/page/edit# socket XVBZW0Q3OYgACdrfAAAC joined the room page:643f284afbcecc56f0478b58-master
ns:/# socket VEYSLZQYL-gRnPp2AAAB left the room app:643f2841fbcecc56f0478b4b
ns:/# socket VEYSLZQYL-gRnPp2AAAB joined the room app:643f2841fbcecc56f0478b4b
ns:/page/edit # socket XVBZW0Q3OYgACdrfAAAC left the room page:643f284afbcecc56f0478b58-master
ns:/page/edit# socket XVBZW0Q3OYgACdrfAAAC joined the room page:643f284afbcecc56f0478b54-master
ns:/# socket VEYSLZQYL-gRnPp2AAAB left the room app:643f2841fbcecc56f0478b4b
ns:/# socket VEYSLZQYL-gRnPp2AAAB joined the room app:643f2841fbcecc56f0478b4b
ns:/page/edit # socket XVBZW0Q3OYgACdrfAAAC left the room page:643f284afbcecc56f0478b54-master
ns:/page/edit# socket XVBZW0Q3OYgACdrfAAAC joined the room page:643f284afbcecc56f0478b57-master
ns:/# socket VEYSLZQYL-gRnPp2AAAB left the room app:643f2841fbcecc56f0478b4b
ns:/# socket VEYSLZQYL-gRnPp2AAAB joined the room app:643f2841fbcecc56f0478b4b
ns:/page/edit # socket XVBZW0Q3OYgACdrfAAAC left the room page:643f284afbcecc56f0478b57-master
ns:/page/edit# socket XVBZW0Q3OYgACdrfAAAC joined the room page:643f284afbcecc56f0478b59-master
ns:/# socket VEYSLZQYL-gRnPp2AAAB left the room app:643f2841fbcecc56f0478b4b
ns:/# socket VEYSLZQYL-gRnPp2AAAB joined the room app:643f2841fbcecc56f0478b4b
ns:/page/edit # socket XVBZW0Q3OYgACdrfAAAC left the room page:643f284afbcecc56f0478b59-master
ns:/page/edit# socket XVBZW0Q3OYgACdrfAAAC joined the room page:643f284afbcecc56f0478b54-master
ns:/# socket VEYSLZQYL-gRnPp2AAAB left the room app:643f2841fbcecc56f0478b4b
ns:/# socket VEYSLZQYL-gRnPp2AAAB joined the room app:643f2841fbcecc56f0478b4b
ns:/# socket VEYSLZQYL-gRnPp2AAAB left the room app:643f2841fbcecc56f0478b4b
ns:/page/edit # socket XVBZW0Q3OYgACdrfAAAC left the room page:643f284afbcecc56f0478b54-master
ns:/# socket Mv4JKyinAte_O4v0AAAE joined the room app:643f2841fbcecc56f0478b4b
ns:/# socket Mv4JKyinAte_O4v0AAAE left the room app:643f2841fbcecc56f0478b4b
ns:/# socket YMqi3rGWSZGoZhirAAAH joined the room app:643f2841fbcecc56f0478b4b
ns:/# socket YMqi3rGWSZGoZhirAAAH left the room app:643f2841fbcecc56f0478b4b
ns:/# socket SgJMgNLGqy-GPIF6AAAK joined the room app:643f2841fbcecc56f0478b4b
ns:/# socket SgJMgNLGqy-GPIF6AAAK left the room app:643f2841fbcecc56f0478b4b
ns:/# socket 9QG-N8Xv5Vpr4PIMAAAN joined the room app:643f2841fbcecc56f0478b4b
ns:/# socket 9QG-N8Xv5Vpr4PIMAAAN left the room app:643f2841fbcecc56f0478b4b
ns:/# socket 9QG-N8Xv5Vpr4PIMAAAN joined the room app:643f2841fbcecc56f0478b4b
ns:/page/edit# socket z-SWkQkzccwQxsDOAAAO joined the room page:643f284afbcecc56f0478b55-master
ns:/# socket 9QG-N8Xv5Vpr4PIMAAAN left the room app:643f2841fbcecc56f0478b4b
ns:/# socket 9QG-N8Xv5Vpr4PIMAAAN joined the room app:643f2841fbcecc56f0478b4b
ns:/page/edit # socket z-SWkQkzccwQxsDOAAAO left the room page:643f284afbcecc56f0478b55-master
ns:/page/edit# socket z-SWkQkzccwQxsDOAAAO joined the room page:643f284afbcecc56f0478b58-master
ns:/# socket 9QG-N8Xv5Vpr4PIMAAAN left the room app:643f2841fbcecc56f0478b4b
ns:/# socket 9QG-N8Xv5Vpr4PIMAAAN joined the room app:643f2841fbcecc56f0478b4b
ns:/page/edit # socket z-SWkQkzccwQxsDOAAAO left the room page:643f284afbcecc56f0478b58-master
ns:/page/edit# socket z-SWkQkzccwQxsDOAAAO joined the room page:643f284afbcecc56f0478b54-master
ns:/# socket 9QG-N8Xv5Vpr4PIMAAAN left the room app:643f2841fbcecc56f0478b4b
ns:/# socket 9QG-N8Xv5Vpr4PIMAAAN joined the room app:643f2841fbcecc56f0478b4b
ns:/page/edit # socket z-SWkQkzccwQxsDOAAAO left the room page:643f284afbcecc56f0478b54-master
ns:/page/edit# socket z-SWkQkzccwQxsDOAAAO joined the room page:643f284afbcecc56f0478b55-master
ns:/# socket 9QG-N8Xv5Vpr4PIMAAAN left the room app:643f2841fbcecc56f0478b4b
ns:/# socket 9QG-N8Xv5Vpr4PIMAAAN joined the room app:643f2841fbcecc56f0478b4b
ns:/page/edit # socket z-SWkQkzccwQxsDOAAAO left the room page:643f284afbcecc56f0478b55-master
ns:/page/edit# socket z-SWkQkzccwQxsDOAAAO joined the room page:643f284afbcecc56f0478b58-master
ns:/# socket 9QG-N8Xv5Vpr4PIMAAAN left the room app:643f2841fbcecc56f0478b4b
ns:/# socket 9QG-N8Xv5Vpr4PIMAAAN joined the room app:643f2841fbcecc56f0478b4b
ns:/page/edit # socket z-SWkQkzccwQxsDOAAAO left the room page:643f284afbcecc56f0478b58-master
ns:/page/edit# socket z-SWkQkzccwQxsDOAAAO joined the room page:643f284afbcecc56f0478b55-master
ns:/# socket 9QG-N8Xv5Vpr4PIMAAAN left the room app:643f2841fbcecc56f0478b4b
ns:/# socket 9QG-N8Xv5Vpr4PIMAAAN joined the room app:643f2841fbcecc56f0478b4b
ns:/page/edit # socket z-SWkQkzccwQxsDOAAAO left the room page:643f284afbcecc56f0478b55-master
ns:/page/edit# socket z-SWkQkzccwQxsDOAAAO joined the room page:643f284afbcecc56f0478b58-master
ns:/# socket 9QG-N8Xv5Vpr4PIMAAAN left the room app:643f2841fbcecc56f0478b4b
ns:/# socket 9QG-N8Xv5Vpr4PIMAAAN joined the room app:643f2841fbcecc56f0478b4b
ns:/page/edit # socket z-SWkQkzccwQxsDOAAAO left the room page:643f284afbcecc56f0478b58-master
ns:/page/edit# socket z-SWkQkzccwQxsDOAAAO joined the room page:643f284afbcecc56f0478b54-master
ns:/# socket 9QG-N8Xv5Vpr4PIMAAAN left the room app:643f2841fbcecc56f0478b4b
ns:/# socket 9QG-N8Xv5Vpr4PIMAAAN joined the room app:643f2841fbcecc56f0478b4b
ns:/page/edit # socket z-SWkQkzccwQxsDOAAAO left the room page:643f284afbcecc56f0478b54-master
ns:/page/edit# socket z-SWkQkzccwQxsDOAAAO joined the room page:643f284afbcecc56f0478b57-master
ns:/# socket 9QG-N8Xv5Vpr4PIMAAAN left the room app:643f2841fbcecc56f0478b4b
ns:/# socket 9QG-N8Xv5Vpr4PIMAAAN joined the room app:643f2841fbcecc56f0478b4b
ns:/page/edit # socket z-SWkQkzccwQxsDOAAAO left the room page:643f284afbcecc56f0478b57-master
ns:/page/edit# socket z-SWkQkzccwQxsDOAAAO joined the room page:643f284afbcecc56f0478b59-master
ns:/# socket 9QG-N8Xv5Vpr4PIMAAAN left the room app:643f2841fbcecc56f0478b4b
ns:/# socket 9QG-N8Xv5Vpr4PIMAAAN joined the room app:643f2841fbcecc56f0478b4b
ns:/page/edit # socket z-SWkQkzccwQxsDOAAAO left the room page:643f284afbcecc56f0478b59-master
ns:/page/edit# socket z-SWkQkzccwQxsDOAAAO joined the room page:643f284afbcecc56f0478b54-master
ns:/# socket 9QG-N8Xv5Vpr4PIMAAAN left the room app:643f2841fbcecc56f0478b4b
ns:/# socket 9QG-N8Xv5Vpr4PIMAAAN joined the room app:643f2841fbcecc56f0478b4b
ns:/page/edit # socket z-SWkQkzccwQxsDOAAAO left the room page:643f284afbcecc56f0478b54-master
ns:/page/edit# socket z-SWkQkzccwQxsDOAAAO joined the room page:643f284afbcecc56f0478b55-master
ns:/# socket 9QG-N8Xv5Vpr4PIMAAAN left the room app:643f2841fbcecc56f0478b4b
ns:/# socket 9QG-N8Xv5Vpr4PIMAAAN joined the room app:643f2841fbcecc56f0478b4b
ns:/page/edit # socket z-SWkQkzccwQxsDOAAAO left the room page:643f284afbcecc56f0478b55-master
ns:/page/edit# socket z-SWkQkzccwQxsDOAAAO joined the room page:643f284afbcecc56f0478b58-master
ns:/# socket 9QG-N8Xv5Vpr4PIMAAAN left the room app:643f2841fbcecc56f0478b4b
ns:/# socket 9QG-N8Xv5Vpr4PIMAAAN joined the room app:643f2841fbcecc56f0478b4b
ns:/page/edit # socket z-SWkQkzccwQxsDOAAAO left the room page:643f284afbcecc56f0478b58-master
ns:/page/edit# socket z-SWkQkzccwQxsDOAAAO joined the room page:643f284afbcecc56f0478b54-master
ns:/# socket 9QG-N8Xv5Vpr4PIMAAAN left the room app:643f2841fbcecc56f0478b4b
ns:/# socket 9QG-N8Xv5Vpr4PIMAAAN joined the room app:643f2841fbcecc56f0478b4b
ns:/page/edit # socket z-SWkQkzccwQxsDOAAAO left the room page:643f284afbcecc56f0478b54-master
ns:/page/edit# socket z-SWkQkzccwQxsDOAAAO joined the room page:643f284afbcecc56f0478b57-master
ns:/# socket 9QG-N8Xv5Vpr4PIMAAAN left the room app:643f2841fbcecc56f0478b4b
ns:/# socket 9QG-N8Xv5Vpr4PIMAAAN joined the room app:643f2841fbcecc56f0478b4b
ns:/page/edit # socket z-SWkQkzccwQxsDOAAAO left the room page:643f284afbcecc56f0478b57-master
ns:/page/edit# socket z-SWkQkzccwQxsDOAAAO joined the room page:643f284afbcecc56f0478b59-master
ns:/# socket 9QG-N8Xv5Vpr4PIMAAAN left the room app:643f2841fbcecc56f0478b4b
ns:/# socket 9QG-N8Xv5Vpr4PIMAAAN joined the room app:643f2841fbcecc56f0478b4b
ns:/page/edit # socket z-SWkQkzccwQxsDOAAAO left the room page:643f284afbcecc56f0478b59-master
ns:/page/edit# socket z-SWkQkzccwQxsDOAAAO joined the room page:643f284afbcecc56f0478b57-master
ns:/# socket 9QG-N8Xv5Vpr4PIMAAAN left the room app:643f2841fbcecc56f0478b4b
ns:/# socket 9QG-N8Xv5Vpr4PIMAAAN joined the room app:643f2841fbcecc56f0478b4b
ns:/page/edit # socket z-SWkQkzccwQxsDOAAAO left the room page:643f284afbcecc56f0478b57-master
ns:/page/edit# socket z-SWkQkzccwQxsDOAAAO joined the room page:643f284afbcecc56f0478b54-master
ns:/# socket 9QG-N8Xv5Vpr4PIMAAAN left the room app:643f2841fbcecc56f0478b4b
ns:/# socket 9QG-N8Xv5Vpr4PIMAAAN joined the room app:643f2841fbcecc56f0478b4b
ns:/page/edit # socket z-SWkQkzccwQxsDOAAAO left the room page:643f284afbcecc56f0478b54-master
ns:/page/edit# socket z-SWkQkzccwQxsDOAAAO joined the room page:643f284afbcecc56f0478b55-master
ns:/# socket 9QG-N8Xv5Vpr4PIMAAAN left the room app:643f2841fbcecc56f0478b4b
ns:/# socket 9QG-N8Xv5Vpr4PIMAAAN joined the room app:643f2841fbcecc56f0478b4b
ns:/page/edit # socket z-SWkQkzccwQxsDOAAAO left the room page:643f284afbcecc56f0478b55-master
ns:/page/edit# socket z-SWkQkzccwQxsDOAAAO joined the room page:643f284afbcecc56f0478b58-master
ns:/# socket 9QG-N8Xv5Vpr4PIMAAAN left the room app:643f2841fbcecc56f0478b4b
ns:/# socket 9QG-N8Xv5Vpr4PIMAAAN joined the room app:643f2841fbcecc56f0478b4b
ns:/page/edit # socket z-SWkQkzccwQxsDOAAAO left the room page:643f284afbcecc56f0478b58-master
ns:/page/edit# socket z-SWkQkzccwQxsDOAAAO joined the room page:643f284afbcecc56f0478b54-master
ns:/# socket 9QG-N8Xv5Vpr4PIMAAAN left the room app:643f2841fbcecc56f0478b4b
ns:/# socket 9QG-N8Xv5Vpr4PIMAAAN joined the room app:643f2841fbcecc56f0478b4b
ns:/page/edit # socket z-SWkQkzccwQxsDOAAAO left the room page:643f284afbcecc56f0478b54-master
ns:/page/edit# socket z-SWkQkzccwQxsDOAAAO joined the room page:643f284afbcecc56f0478b57-master
ns:/# socket 9QG-N8Xv5Vpr4PIMAAAN left the room app:643f2841fbcecc56f0478b4b
ns:/# socket 9QG-N8Xv5Vpr4PIMAAAN joined the room app:643f2841fbcecc56f0478b4b
ns:/page/edit # socket z-SWkQkzccwQxsDOAAAO left the room page:643f284afbcecc56f0478b57-master
ns:/page/edit# socket z-SWkQkzccwQxsDOAAAO joined the room page:643f284afbcecc56f0478b59-master
ns:/# socket 9QG-N8Xv5Vpr4PIMAAAN left the room app:643f2841fbcecc56f0478b4b
ns:/# socket 9QG-N8Xv5Vpr4PIMAAAN joined the room app:643f2841fbcecc56f0478b4b
ns:/page/edit # socket z-SWkQkzccwQxsDOAAAO left the room page:643f284afbcecc56f0478b59-master
ns:/page/edit# socket z-SWkQkzccwQxsDOAAAO joined the room page:643f284afbcecc56f0478b54-master
ns:/# socket 9QG-N8Xv5Vpr4PIMAAAN left the room app:643f2841fbcecc56f0478b4b
ns:/# socket 9QG-N8Xv5Vpr4PIMAAAN joined the room app:643f2841fbcecc56f0478b4b
ns:/page/edit # socket z-SWkQkzccwQxsDOAAAO left the room page:643f284afbcecc56f0478b54-master
ns:/page/edit# socket z-SWkQkzccwQxsDOAAAO joined the room page:643f284afbcecc56f0478b55-master
ns:/# socket 9QG-N8Xv5Vpr4PIMAAAN left the room app:643f2841fbcecc56f0478b4b
ns:/# socket 9QG-N8Xv5Vpr4PIMAAAN joined the room app:643f2841fbcecc56f0478b4b
ns:/page/edit # socket z-SWkQkzccwQxsDOAAAO left the room page:643f284afbcecc56f0478b55-master
ns:/page/edit# socket z-SWkQkzccwQxsDOAAAO joined the room page:643f284afbcecc56f0478b58-master
ns:/# socket 9QG-N8Xv5Vpr4PIMAAAN left the room app:643f2841fbcecc56f0478b4b
ns:/# socket 9QG-N8Xv5Vpr4PIMAAAN joined the room app:643f2841fbcecc56f0478b4b
ns:/page/edit # socket z-SWkQkzccwQxsDOAAAO left the room page:643f284afbcecc56f0478b58-master
ns:/page/edit# socket z-SWkQkzccwQxsDOAAAO joined the room page:643f284afbcecc56f0478b55-master
ns:/# socket 9QG-N8Xv5Vpr4PIMAAAN left the room app:643f2841fbcecc56f0478b4b
ns:/# socket 9QG-N8Xv5Vpr4PIMAAAN joined the room app:643f2841fbcecc56f0478b4b
ns:/page/edit # socket z-SWkQkzccwQxsDOAAAO left the room page:643f284afbcecc56f0478b55-master
ns:/page/edit# socket z-SWkQkzccwQxsDOAAAO joined the room page:643f284afbcecc56f0478b54-master
ns:/# socket 9QG-N8Xv5Vpr4PIMAAAN left the room app:643f2841fbcecc56f0478b4b
ns:/# socket 9QG-N8Xv5Vpr4PIMAAAN joined the room app:643f2841fbcecc56f0478b4b
ns:/page/edit # socket z-SWkQkzccwQxsDOAAAO left the room page:643f284afbcecc56f0478b54-master
ns:/page/edit# socket z-SWkQkzccwQxsDOAAAO joined the room page:643f284afbcecc56f0478b57-master
ns:/# socket 9QG-N8Xv5Vpr4PIMAAAN left the room app:643f2841fbcecc56f0478b4b
ns:/# socket 9QG-N8Xv5Vpr4PIMAAAN joined the room app:643f2841fbcecc56f0478b4b
ns:/page/edit # socket z-SWkQkzccwQxsDOAAAO left the room page:643f284afbcecc56f0478b57-master
ns:/page/edit# socket z-SWkQkzccwQxsDOAAAO joined the room page:643f284afbcecc56f0478b59-master
ns:/# socket 9QG-N8Xv5Vpr4PIMAAAN left the room app:643f2841fbcecc56f0478b4b
ns:/# socket 9QG-N8Xv5Vpr4PIMAAAN joined the room app:643f2841fbcecc56f0478b4b
ns:/page/edit # socket z-SWkQkzccwQxsDOAAAO left the room page:643f284afbcecc56f0478b59-master
ns:/page/edit# socket z-SWkQkzccwQxsDOAAAO joined the room page:643f284afbcecc56f0478b54-master
ns:/# socket 9QG-N8Xv5Vpr4PIMAAAN left the room app:643f2841fbcecc56f0478b4b
ns:/# socket 9QG-N8Xv5Vpr4PIMAAAN joined the room app:643f2841fbcecc56f0478b4b
ns:/page/edit # socket z-SWkQkzccwQxsDOAAAO left the room page:643f284afbcecc56f0478b54-master
ns:/page/edit# socket z-SWkQkzccwQxsDOAAAO joined the room page:643f284afbcecc56f0478b55-master
ns:/# socket 9QG-N8Xv5Vpr4PIMAAAN left the room app:643f2841fbcecc56f0478b4b
ns:/# socket 9QG-N8Xv5Vpr4PIMAAAN joined the room app:643f2841fbcecc56f0478b4b
ns:/page/edit # socket z-SWkQkzccwQxsDOAAAO left the room page:643f284afbcecc56f0478b55-master
ns:/page/edit# socket z-SWkQkzccwQxsDOAAAO joined the room page:643f284afbcecc56f0478b58-master
ns:/# socket 9QG-N8Xv5Vpr4PIMAAAN left the room app:643f2841fbcecc56f0478b4b
ns:/# socket 9QG-N8Xv5Vpr4PIMAAAN joined the room app:643f2841fbcecc56f0478b4b
ns:/page/edit # socket z-SWkQkzccwQxsDOAAAO left the room page:643f284afbcecc56f0478b58-master
ns:/page/edit# socket z-SWkQkzccwQxsDOAAAO joined the room page:643f284afbcecc56f0478b54-master
ns:/# socket 9QG-N8Xv5Vpr4PIMAAAN left the room app:643f2841fbcecc56f0478b4b
ns:/# socket 9QG-N8Xv5Vpr4PIMAAAN joined the room app:643f2841fbcecc56f0478b4b
ns:/page/edit # socket z-SWkQkzccwQxsDOAAAO left the room page:643f284afbcecc56f0478b54-master
ns:/page/edit# socket z-SWkQkzccwQxsDOAAAO joined the room page:643f284afbcecc56f0478b57-master
ns:/# socket 9QG-N8Xv5Vpr4PIMAAAN left the room app:643f2841fbcecc56f0478b4b
ns:/# socket 9QG-N8Xv5Vpr4PIMAAAN joined the room app:643f2841fbcecc56f0478b4b
ns:/page/edit # socket z-SWkQkzccwQxsDOAAAO left the room page:643f284afbcecc56f0478b57-master
ns:/page/edit# socket z-SWkQkzccwQxsDOAAAO joined the room page:643f284afbcecc56f0478b59-master
ns:/# socket 9QG-N8Xv5Vpr4PIMAAAN left the room app:643f2841fbcecc56f0478b4b
ns:/# socket 9QG-N8Xv5Vpr4PIMAAAN joined the room app:643f2841fbcecc56f0478b4b
ns:/page/edit # socket z-SWkQkzccwQxsDOAAAO left the room page:643f284afbcecc56f0478b59-master
ns:/page/edit# socket z-SWkQkzccwQxsDOAAAO joined the room page:643f284afbcecc56f0478b54-master
ns:/# socket 9QG-N8Xv5Vpr4PIMAAAN left the room app:643f2841fbcecc56f0478b4b
ns:/# socket 9QG-N8Xv5Vpr4PIMAAAN joined the room app:643f2841fbcecc56f0478b4b
ns:/page/edit # socket z-SWkQkzccwQxsDOAAAO left the room page:643f284afbcecc56f0478b54-master
ns:/page/edit# socket z-SWkQkzccwQxsDOAAAO joined the room page:643f284afbcecc56f0478b55-master
ns:/# socket 9QG-N8Xv5Vpr4PIMAAAN left the room app:643f2841fbcecc56f0478b4b
ns:/# socket 9QG-N8Xv5Vpr4PIMAAAN joined the room app:643f2841fbcecc56f0478b4b
ns:/page/edit # socket z-SWkQkzccwQxsDOAAAO left the room page:643f284afbcecc56f0478b55-master
ns:/page/edit# socket z-SWkQkzccwQxsDOAAAO joined the room page:643f284afbcecc56f0478b54-master
ns:/# socket 9QG-N8Xv5Vpr4PIMAAAN left the room app:643f2841fbcecc56f0478b4b
ns:/# socket 9QG-N8Xv5Vpr4PIMAAAN joined the room app:643f2841fbcecc56f0478b4b
ns:/page/edit # socket z-SWkQkzccwQxsDOAAAO left the room page:643f284afbcecc56f0478b54-master
ns:/page/edit# socket z-SWkQkzccwQxsDOAAAO joined the room page:643f284afbcecc56f0478b57-master
ns:/# socket 9QG-N8Xv5Vpr4PIMAAAN left the room app:643f2841fbcecc56f0478b4b
ns:/# socket 9QG-N8Xv5Vpr4PIMAAAN joined the room app:643f2841fbcecc56f0478b4b
ns:/page/edit # socket z-SWkQkzccwQxsDOAAAO left the room page:643f284afbcecc56f0478b57-master
ns:/page/edit# socket z-SWkQkzccwQxsDOAAAO joined the room page:643f284afbcecc56f0478b59-master
ns:/# socket 9QG-N8Xv5Vpr4PIMAAAN left the room app:643f2841fbcecc56f0478b4b
ns:/# socket 9QG-N8Xv5Vpr4PIMAAAN joined the room app:643f2841fbcecc56f0478b4b
ns:/page/edit # socket z-SWkQkzccwQxsDOAAAO left the room page:643f284afbcecc56f0478b59-master
ns:/page/edit# socket z-SWkQkzccwQxsDOAAAO joined the room page:643f284afbcecc56f0478b53-master
ns:/# socket 9QG-N8Xv5Vpr4PIMAAAN left the room app:643f2841fbcecc56f0478b4b
ns:/# socket 9QG-N8Xv5Vpr4PIMAAAN joined the room app:643f2841fbcecc56f0478b4b
ns:/page/edit # socket z-SWkQkzccwQxsDOAAAO left the room page:643f284afbcecc56f0478b53-master
ns:/page/edit# socket z-SWkQkzccwQxsDOAAAO joined the room page:643f284afbcecc56f0478b56-master
ns:/# socket 9QG-N8Xv5Vpr4PIMAAAN left the room app:643f2841fbcecc56f0478b4b
ns:/# socket 9QG-N8Xv5Vpr4PIMAAAN joined the room app:643f2841fbcecc56f0478b4b
