Load environment configuration
mkdir: created directory '/appsmith-stacks/git-storage'
RTS version v1.9.13 running at http://localhost:8091
ns:/# socket eg9peeWofAb1tMYpAAAE joined the room app:643ebbca180a343b7261002a
ns:/# socket eg9peeWofAb1tMYpAAAE left the room app:643ebbca180a343b7261002a
ns:/# socket eg9peeWofAb1tMYpAAAE joined the room app:643ebbca180a343b7261002a
ns:/# socket eg9peeWofAb1tMYpAAAE left the room app:643ebbca180a343b7261002a
ns:/page/edit# socket AAh1l21c5hAxw6B5AAAF joined the room page:643ebc2d180a343b7261003e
ns:/# socket eg9peeWofAb1tMYpAAAE joined the room app:643ebc26180a343b72610033
ns:/# socket eg9peeWofAb1tMYpAAAE left the room app:643ebc26180a343b72610033
ns:/# socket eg9peeWofAb1tMYpAAAE joined the room app:643ebc26180a343b72610033
ns:/# socket eg9peeWofAb1tMYpAAAE left the room app:643ebc26180a343b72610033
ns:/page/edit # socket AAh1l21c5hAxw6B5AAAF left the room page:643ebc2d180a343b7261003e
ns:/# socket -nJcujJ_-QndGrqQAAAH joined the room app:643ebc26180a343b72610033
ns:/# socket -nJcujJ_-QndGrqQAAAH left the room app:643ebc26180a343b72610033
ns:/# socket ZoyHpf_Hl7RAWr-qAAAK joined the room app:643ebc26180a343b72610033
ns:/# socket ZoyHpf_Hl7RAWr-qAAAK left the room app:643ebc26180a343b72610033
ns:/# socket DHsNB9qVem-4k5qEAAAN joined the room app:643ebc26180a343b72610033
ns:/# socket DHsNB9qVem-4k5qEAAAN left the room app:643ebc26180a343b72610033
ns:/# socket DHsNB9qVem-4k5qEAAAN joined the room app:643ebc26180a343b72610033
ns:/page/edit# socket gnv8wHYm-IgPWmXjAAAO joined the room page:643ebc2d180a343b7261003d-master
ns:/# socket DHsNB9qVem-4k5qEAAAN left the room app:643ebc26180a343b72610033
ns:/# socket DHsNB9qVem-4k5qEAAAN joined the room app:643ebc26180a343b72610033
ns:/page/edit # socket gnv8wHYm-IgPWmXjAAAO left the room page:643ebc2d180a343b7261003d-master
ns:/page/edit# socket gnv8wHYm-IgPWmXjAAAO joined the room page:643ebc2d180a343b7261003c-master
ns:/# socket DHsNB9qVem-4k5qEAAAN left the room app:643ebc26180a343b72610033
ns:/# socket DHsNB9qVem-4k5qEAAAN joined the room app:643ebc26180a343b72610033
ns:/page/edit # socket gnv8wHYm-IgPWmXjAAAO left the room page:643ebc2d180a343b7261003c-master
ns:/page/edit# socket gnv8wHYm-IgPWmXjAAAO joined the room page:643ebc2d180a343b7261003d-master
ns:/# socket DHsNB9qVem-4k5qEAAAN left the room app:643ebc26180a343b72610033
ns:/# socket DHsNB9qVem-4k5qEAAAN joined the room app:643ebc26180a343b72610033
ns:/page/edit # socket gnv8wHYm-IgPWmXjAAAO left the room page:643ebc2d180a343b7261003d-master
ns:/page/edit# socket gnv8wHYm-IgPWmXjAAAO joined the room page:643ebc2d180a343b7261003b-master
ns:/# socket DHsNB9qVem-4k5qEAAAN left the room app:643ebc26180a343b72610033
ns:/# socket DHsNB9qVem-4k5qEAAAN joined the room app:643ebc26180a343b72610033
ns:/page/edit # socket gnv8wHYm-IgPWmXjAAAO left the room page:643ebc2d180a343b7261003b-master
ns:/# socket DHsNB9qVem-4k5qEAAAN left the room app:643ebc26180a343b72610033
ns:/page/edit# socket gnv8wHYm-IgPWmXjAAAO joined the room page:643ebc2d180a343b7261003e-master
ns:/# socket DHsNB9qVem-4k5qEAAAN joined the room app:643ebc26180a343b72610033
ns:/# socket DHsNB9qVem-4k5qEAAAN left the room app:643ebc26180a343b72610033
ns:/# socket DHsNB9qVem-4k5qEAAAN joined the room app:643ebc26180a343b72610033
ns:/page/edit # socket gnv8wHYm-IgPWmXjAAAO left the room page:643ebc2d180a343b7261003e-master
ns:/page/edit# socket gnv8wHYm-IgPWmXjAAAO joined the room page:643ebc2d180a343b7261003d-master
ns:/# socket DHsNB9qVem-4k5qEAAAN left the room app:643ebc26180a343b72610033
ns:/# socket DHsNB9qVem-4k5qEAAAN joined the room app:643ebc26180a343b72610033
ns:/page/edit # socket gnv8wHYm-IgPWmXjAAAO left the room page:643ebc2d180a343b7261003d-master
ns:/page/edit# socket gnv8wHYm-IgPWmXjAAAO joined the room page:643ebc2d180a343b7261003c-master
ns:/# socket DHsNB9qVem-4k5qEAAAN left the room app:643ebc26180a343b72610033
ns:/# socket DHsNB9qVem-4k5qEAAAN joined the room app:643ebc26180a343b72610033
ns:/page/edit # socket gnv8wHYm-IgPWmXjAAAO left the room page:643ebc2d180a343b7261003c-master
ns:/page/edit# socket gnv8wHYm-IgPWmXjAAAO joined the room page:643ebc2d180a343b72610040-master
ns:/# socket DHsNB9qVem-4k5qEAAAN left the room app:643ebc26180a343b72610033
ns:/# socket DHsNB9qVem-4k5qEAAAN joined the room app:643ebc26180a343b72610033
ns:/page/edit # socket gnv8wHYm-IgPWmXjAAAO left the room page:643ebc2d180a343b72610040-master
ns:/page/edit# socket gnv8wHYm-IgPWmXjAAAO joined the room page:643ebc2d180a343b7261003d-master
ns:/# socket DHsNB9qVem-4k5qEAAAN left the room app:643ebc26180a343b72610033
ns:/# socket DHsNB9qVem-4k5qEAAAN joined the room app:643ebc26180a343b72610033
ns:/page/edit # socket gnv8wHYm-IgPWmXjAAAO left the room page:643ebc2d180a343b7261003d-master
ns:/page/edit# socket gnv8wHYm-IgPWmXjAAAO joined the room page:643ebc2d180a343b72610040-master
ns:/# socket DHsNB9qVem-4k5qEAAAN left the room app:643ebc26180a343b72610033
ns:/# socket DHsNB9qVem-4k5qEAAAN joined the room app:643ebc26180a343b72610033
ns:/page/edit # socket gnv8wHYm-IgPWmXjAAAO left the room page:643ebc2d180a343b72610040-master
ns:/page/edit# socket gnv8wHYm-IgPWmXjAAAO joined the room page:643ebc2d180a343b72610041-master
ns:/# socket DHsNB9qVem-4k5qEAAAN left the room app:643ebc26180a343b72610033
ns:/# socket DHsNB9qVem-4k5qEAAAN joined the room app:643ebc26180a343b72610033
ns:/page/edit # socket gnv8wHYm-IgPWmXjAAAO left the room page:643ebc2d180a343b72610041-master
ns:/page/edit# socket gnv8wHYm-IgPWmXjAAAO joined the room page:643ebc2d180a343b72610040-master
ns:/# socket DHsNB9qVem-4k5qEAAAN left the room app:643ebc26180a343b72610033
ns:/# socket DHsNB9qVem-4k5qEAAAN joined the room app:643ebc26180a343b72610033
ns:/page/edit # socket gnv8wHYm-IgPWmXjAAAO left the room page:643ebc2d180a343b72610040-master
ns:/page/edit# socket gnv8wHYm-IgPWmXjAAAO joined the room page:643ebc2d180a343b72610041-master
ns:/# socket DHsNB9qVem-4k5qEAAAN left the room app:643ebc26180a343b72610033
ns:/# socket DHsNB9qVem-4k5qEAAAN joined the room app:643ebc26180a343b72610033
ns:/page/edit # socket gnv8wHYm-IgPWmXjAAAO left the room page:643ebc2d180a343b72610041-master
ns:/page/edit# socket gnv8wHYm-IgPWmXjAAAO joined the room page:643ebc2d180a343b72610040-master
ns:/# socket DHsNB9qVem-4k5qEAAAN left the room app:643ebc26180a343b72610033
ns:/# socket DHsNB9qVem-4k5qEAAAN joined the room app:643ebc26180a343b72610033
ns:/page/edit # socket gnv8wHYm-IgPWmXjAAAO left the room page:643ebc2d180a343b72610040-master
ns:/page/edit# socket gnv8wHYm-IgPWmXjAAAO joined the room page:643ebc2d180a343b72610041-master
ns:/# socket DHsNB9qVem-4k5qEAAAN left the room app:643ebc26180a343b72610033
ns:/# socket DHsNB9qVem-4k5qEAAAN joined the room app:643ebc26180a343b72610033
ns:/page/edit # socket gnv8wHYm-IgPWmXjAAAO left the room page:643ebc2d180a343b72610041-master
ns:/page/edit# socket gnv8wHYm-IgPWmXjAAAO joined the room page:643ebc2d180a343b72610040-master
ns:/# socket DHsNB9qVem-4k5qEAAAN left the room app:643ebc26180a343b72610033
ns:/# socket DHsNB9qVem-4k5qEAAAN joined the room app:643ebc26180a343b72610033
ns:/page/edit # socket gnv8wHYm-IgPWmXjAAAO left the room page:643ebc2d180a343b72610040-master
ns:/page/edit# socket gnv8wHYm-IgPWmXjAAAO joined the room page:643ebc2d180a343b7261003e-master
ns:/# socket DHsNB9qVem-4k5qEAAAN left the room app:643ebc26180a343b72610033
ns:/# socket DHsNB9qVem-4k5qEAAAN joined the room app:643ebc26180a343b72610033
ns:/page/edit # socket gnv8wHYm-IgPWmXjAAAO left the room page:643ebc2d180a343b7261003e-master
ns:/page/edit# socket gnv8wHYm-IgPWmXjAAAO joined the room page:643ebc2d180a343b72610040-master
ns:/# socket DHsNB9qVem-4k5qEAAAN left the room app:643ebc26180a343b72610033
ns:/# socket DHsNB9qVem-4k5qEAAAN joined the room app:643ebc26180a343b72610033
ns:/page/edit # socket gnv8wHYm-IgPWmXjAAAO left the room page:643ebc2d180a343b72610040-master
ns:/page/edit# socket gnv8wHYm-IgPWmXjAAAO joined the room page:643ebc2d180a343b72610041-master
ns:/# socket DHsNB9qVem-4k5qEAAAN left the room app:643ebc26180a343b72610033
ns:/# socket DHsNB9qVem-4k5qEAAAN joined the room app:643ebc26180a343b72610033
ns:/page/edit # socket gnv8wHYm-IgPWmXjAAAO left the room page:643ebc2d180a343b72610041-master
ns:/page/edit# socket gnv8wHYm-IgPWmXjAAAO joined the room page:643ebc2d180a343b7261003e-master
ns:/# socket DHsNB9qVem-4k5qEAAAN left the room app:643ebc26180a343b72610033
ns:/# socket DHsNB9qVem-4k5qEAAAN joined the room app:643ebc26180a343b72610033
ns:/page/edit # socket gnv8wHYm-IgPWmXjAAAO left the room page:643ebc2d180a343b7261003e-master
ns:/page/edit# socket gnv8wHYm-IgPWmXjAAAO joined the room page:643ebc2d180a343b72610040-master
ns:/# socket DHsNB9qVem-4k5qEAAAN left the room app:643ebc26180a343b72610033
ns:/# socket DHsNB9qVem-4k5qEAAAN joined the room app:643ebc26180a343b72610033
ns:/page/edit # socket gnv8wHYm-IgPWmXjAAAO left the room page:643ebc2d180a343b72610040-master
ns:/page/edit# socket gnv8wHYm-IgPWmXjAAAO joined the room page:643ebc2d180a343b72610041-master
ns:/# socket DHsNB9qVem-4k5qEAAAN left the room app:643ebc26180a343b72610033
ns:/# socket DHsNB9qVem-4k5qEAAAN joined the room app:643ebc26180a343b72610033
ns:/page/edit # socket gnv8wHYm-IgPWmXjAAAO left the room page:643ebc2d180a343b72610041-master
ns:/page/edit# socket gnv8wHYm-IgPWmXjAAAO joined the room page:643ebc2d180a343b72610040-master
ns:/# socket DHsNB9qVem-4k5qEAAAN left the room app:643ebc26180a343b72610033
ns:/# socket DHsNB9qVem-4k5qEAAAN joined the room app:643ebc26180a343b72610033
ns:/page/edit # socket gnv8wHYm-IgPWmXjAAAO left the room page:643ebc2d180a343b72610040-master
ns:/page/edit# socket gnv8wHYm-IgPWmXjAAAO joined the room page:643ebc2d180a343b72610041-master
ns:/# socket DHsNB9qVem-4k5qEAAAN left the room app:643ebc26180a343b72610033
ns:/# socket DHsNB9qVem-4k5qEAAAN joined the room app:643ebc26180a343b72610033
ns:/page/edit # socket gnv8wHYm-IgPWmXjAAAO left the room page:643ebc2d180a343b72610041-master
ns:/page/edit# socket gnv8wHYm-IgPWmXjAAAO joined the room page:643ebc2d180a343b7261003e-master
ns:/# socket DHsNB9qVem-4k5qEAAAN left the room app:643ebc26180a343b72610033
ns:/# socket DHsNB9qVem-4k5qEAAAN joined the room app:643ebc26180a343b72610033
ns:/page/edit # socket gnv8wHYm-IgPWmXjAAAO left the room page:643ebc2d180a343b7261003e-master
ns:/page/edit# socket gnv8wHYm-IgPWmXjAAAO joined the room page:643ebc2d180a343b72610040-master
ns:/# socket DHsNB9qVem-4k5qEAAAN left the room app:643ebc26180a343b72610033
ns:/# socket DHsNB9qVem-4k5qEAAAN joined the room app:643ebc26180a343b72610033
ns:/page/edit # socket gnv8wHYm-IgPWmXjAAAO left the room page:643ebc2d180a343b72610040-master
ns:/page/edit# socket gnv8wHYm-IgPWmXjAAAO joined the room page:643ebc2d180a343b72610041-master
ns:/# socket DHsNB9qVem-4k5qEAAAN left the room app:643ebc26180a343b72610033
ns:/# socket DHsNB9qVem-4k5qEAAAN joined the room app:643ebc26180a343b72610033
ns:/page/edit # socket gnv8wHYm-IgPWmXjAAAO left the room page:643ebc2d180a343b72610041-master
ns:/page/edit# socket gnv8wHYm-IgPWmXjAAAO joined the room page:643ebc2d180a343b7261003e-master
ns:/# socket DHsNB9qVem-4k5qEAAAN left the room app:643ebc26180a343b72610033
ns:/# socket DHsNB9qVem-4k5qEAAAN joined the room app:643ebc26180a343b72610033
ns:/# socket FHrr6XFsZKXRTq3qAAAQ joined the room app:643ebc26180a343b72610033
ns:/page/edit# socket 1OQCRHam6NejTnQ7AAAR joined the room page:643ebc2d180a343b72610040-master
ns:/# socket FHrr6XFsZKXRTq3qAAAQ left the room app:643ebc26180a343b72610033
ns:/page/edit # socket 1OQCRHam6NejTnQ7AAAR left the room page:643ebc2d180a343b72610040-master
ns:/# socket DHsNB9qVem-4k5qEAAAN left the room app:643ebc26180a343b72610033
ns:/page/edit # socket gnv8wHYm-IgPWmXjAAAO left the room page:643ebc2d180a343b7261003e-master
ns:/page/edit# socket SzCFUskC87nMK6yuAAAU joined the room page:643ebc2d180a343b7261003e-master
ns:/# socket gekJEGfJsd9AF7T0AAAT joined the room app:643ebc26180a343b72610033
ns:/# socket gekJEGfJsd9AF7T0AAAT left the room app:643ebc26180a343b72610033
ns:/# socket gekJEGfJsd9AF7T0AAAT joined the room app:643ebc26180a343b72610033
ns:/page/edit # socket SzCFUskC87nMK6yuAAAU left the room page:643ebc2d180a343b7261003e-master
ns:/page/edit# socket SzCFUskC87nMK6yuAAAU joined the room page:643ebc2d180a343b72610040-master
ns:/# socket gekJEGfJsd9AF7T0AAAT left the room app:643ebc26180a343b72610033
ns:/# socket gekJEGfJsd9AF7T0AAAT joined the room app:643ebc26180a343b72610033
ns:/page/edit # socket SzCFUskC87nMK6yuAAAU left the room page:643ebc2d180a343b72610040-master
ns:/page/edit# socket SzCFUskC87nMK6yuAAAU joined the room page:643ebc2d180a343b72610041-master
ns:/# socket gekJEGfJsd9AF7T0AAAT left the room app:643ebc26180a343b72610033
ns:/# socket gekJEGfJsd9AF7T0AAAT joined the room app:643ebc26180a343b72610033
ns:/page/edit # socket SzCFUskC87nMK6yuAAAU left the room page:643ebc2d180a343b72610041-master
ns:/page/edit# socket SzCFUskC87nMK6yuAAAU joined the room page:643ebc2d180a343b72610040-master
ns:/# socket gekJEGfJsd9AF7T0AAAT left the room app:643ebc26180a343b72610033
ns:/# socket gekJEGfJsd9AF7T0AAAT joined the room app:643ebc26180a343b72610033
ns:/page/edit # socket SzCFUskC87nMK6yuAAAU left the room page:643ebc2d180a343b72610040-master
ns:/page/edit# socket SzCFUskC87nMK6yuAAAU joined the room page:643ebc2d180a343b7261003e-master
ns:/# socket gekJEGfJsd9AF7T0AAAT left the room app:643ebc26180a343b72610033
ns:/# socket gekJEGfJsd9AF7T0AAAT joined the room app:643ebc26180a343b72610033
ns:/page/edit # socket SzCFUskC87nMK6yuAAAU left the room page:643ebc2d180a343b7261003e-master
ns:/page/edit# socket SzCFUskC87nMK6yuAAAU joined the room page:643ebc2d180a343b72610040-master
ns:/# socket gekJEGfJsd9AF7T0AAAT left the room app:643ebc26180a343b72610033
ns:/# socket gekJEGfJsd9AF7T0AAAT joined the room app:643ebc26180a343b72610033
ns:/page/edit # socket SzCFUskC87nMK6yuAAAU left the room page:643ebc2d180a343b72610040-master
ns:/page/edit# socket SzCFUskC87nMK6yuAAAU joined the room page:643ebc2d180a343b7261003e-master
ns:/# socket gekJEGfJsd9AF7T0AAAT left the room app:643ebc26180a343b72610033
ns:/# socket gekJEGfJsd9AF7T0AAAT joined the room app:643ebc26180a343b72610033
ns:/page/edit # socket SzCFUskC87nMK6yuAAAU left the room page:643ebc2d180a343b7261003e-master
ns:/page/edit# socket SzCFUskC87nMK6yuAAAU joined the room page:643ebc2d180a343b7261003d-master
ns:/# socket gekJEGfJsd9AF7T0AAAT left the room app:643ebc26180a343b72610033
ns:/# socket gekJEGfJsd9AF7T0AAAT joined the room app:643ebc26180a343b72610033
ns:/page/edit # socket SzCFUskC87nMK6yuAAAU left the room page:643ebc2d180a343b7261003d-master
ns:/page/edit# socket SzCFUskC87nMK6yuAAAU joined the room page:643ebc2d180a343b7261003c-master
ns:/# socket gekJEGfJsd9AF7T0AAAT left the room app:643ebc26180a343b72610033
ns:/# socket gekJEGfJsd9AF7T0AAAT joined the room app:643ebc26180a343b72610033
ns:/page/edit # socket SzCFUskC87nMK6yuAAAU left the room page:643ebc2d180a343b7261003c-master
ns:/page/edit# socket SzCFUskC87nMK6yuAAAU joined the room page:643ebc2d180a343b7261003d-master
ns:/# socket gekJEGfJsd9AF7T0AAAT left the room app:643ebc26180a343b72610033
ns:/# socket gekJEGfJsd9AF7T0AAAT joined the room app:643ebc26180a343b72610033
ns:/page/edit # socket SzCFUskC87nMK6yuAAAU left the room page:643ebc2d180a343b7261003d-master
ns:/page/edit# socket SzCFUskC87nMK6yuAAAU joined the room page:643ebc2d180a343b7261003e-master
ns:/# socket gekJEGfJsd9AF7T0AAAT left the room app:643ebc26180a343b72610033
ns:/# socket gekJEGfJsd9AF7T0AAAT joined the room app:643ebc26180a343b72610033
ns:/page/edit# socket Nii0sBRplVv2HbSeAAAa joined the room page:643ebc2d180a343b7261003e-master
ns:/# socket vLeTO0dlhXrORSP4AAAZ joined the room app:643ebc26180a343b72610033
ns:/# socket vLeTO0dlhXrORSP4AAAZ left the room app:643ebc26180a343b72610033
ns:/# socket vLeTO0dlhXrORSP4AAAZ joined the room app:643ebc26180a343b72610033
ns:/# socket vLeTO0dlhXrORSP4AAAZ left the room app:643ebc26180a343b72610033
ns:/page/edit # socket Nii0sBRplVv2HbSeAAAa left the room page:643ebc2d180a343b7261003e-master
ns:/# socket gekJEGfJsd9AF7T0AAAT left the room app:643ebc26180a343b72610033
ns:/page/edit # socket SzCFUskC87nMK6yuAAAU left the room page:643ebc2d180a343b7261003e-master
ns:/# socket wbJrYLZ0X1QnTqQTAAAc joined the room app:643ebc26180a343b72610033
ns:/# socket wbJrYLZ0X1QnTqQTAAAc left the room app:643ebc26180a343b72610033
ns:/# socket FIh1KtOTZ-IkRtp7AAAf joined the room app:643ebc26180a343b72610033
ns:/page/edit# socket IAYofiqBqzzNOCOCAAAg joined the room page:643ebc2d180a343b7261003d-master
ns:/# socket FIh1KtOTZ-IkRtp7AAAf left the room app:643ebc26180a343b72610033
ns:/# socket FIh1KtOTZ-IkRtp7AAAf joined the room app:643ebc26180a343b72610033
ns:/page/edit # socket IAYofiqBqzzNOCOCAAAg left the room page:643ebc2d180a343b7261003d-master
ns:/page/edit# socket IAYofiqBqzzNOCOCAAAg joined the room page:643ebc2d180a343b7261003b-master
ns:/# socket FIh1KtOTZ-IkRtp7AAAf left the room app:643ebc26180a343b72610033
ns:/# socket FIh1KtOTZ-IkRtp7AAAf joined the room app:643ebc26180a343b72610033
ns:/page/edit # socket IAYofiqBqzzNOCOCAAAg left the room page:643ebc2d180a343b7261003b-master
ns:/page/edit# socket IAYofiqBqzzNOCOCAAAg joined the room page:643ebc2d180a343b7261003d-master
ns:/# socket FIh1KtOTZ-IkRtp7AAAf left the room app:643ebc26180a343b72610033
ns:/# socket FIh1KtOTZ-IkRtp7AAAf joined the room app:643ebc26180a343b72610033
ns:/page/edit # socket IAYofiqBqzzNOCOCAAAg left the room page:643ebc2d180a343b7261003d-master
ns:/page/edit# socket IAYofiqBqzzNOCOCAAAg joined the room page:643ebc2d180a343b7261003f-master
ns:/# socket FIh1KtOTZ-IkRtp7AAAf left the room app:643ebc26180a343b72610033
ns:/# socket FIh1KtOTZ-IkRtp7AAAf joined the room app:643ebc26180a343b72610033
ns:/page/edit # socket IAYofiqBqzzNOCOCAAAg left the room page:643ebc2d180a343b7261003f-master
ns:/page/edit# socket IAYofiqBqzzNOCOCAAAg joined the room page:643ebc2d180a343b7261003e-master
ns:/# socket FIh1KtOTZ-IkRtp7AAAf left the room app:643ebc26180a343b72610033
ns:/# socket FIh1KtOTZ-IkRtp7AAAf joined the room app:643ebc26180a343b72610033
ns:/page/edit # socket IAYofiqBqzzNOCOCAAAg left the room page:643ebc2d180a343b7261003e-master
ns:/page/edit# socket IAYofiqBqzzNOCOCAAAg joined the room page:643ebc2d180a343b7261003d-master
ns:/# socket FIh1KtOTZ-IkRtp7AAAf left the room app:643ebc26180a343b72610033
ns:/# socket FIh1KtOTZ-IkRtp7AAAf joined the room app:643ebc26180a343b72610033
ns:/page/edit # socket IAYofiqBqzzNOCOCAAAg left the room page:643ebc2d180a343b7261003d-master
ns:/page/edit# socket IAYofiqBqzzNOCOCAAAg joined the room page:643ebc2d180a343b7261003c-master
ns:/# socket FIh1KtOTZ-IkRtp7AAAf left the room app:643ebc26180a343b72610033
ns:/# socket FIh1KtOTZ-IkRtp7AAAf joined the room app:643ebc26180a343b72610033
ns:/page/edit # socket IAYofiqBqzzNOCOCAAAg left the room page:643ebc2d180a343b7261003c-master
ns:/page/edit# socket IAYofiqBqzzNOCOCAAAg joined the room page:643ebc2d180a343b7261003d-master
ns:/# socket FIh1KtOTZ-IkRtp7AAAf left the room app:643ebc26180a343b72610033
ns:/# socket FIh1KtOTZ-IkRtp7AAAf joined the room app:643ebc26180a343b72610033
ns:/page/edit # socket IAYofiqBqzzNOCOCAAAg left the room page:643ebc2d180a343b7261003d-master
ns:/page/edit# socket IAYofiqBqzzNOCOCAAAg joined the room page:643ebc2d180a343b7261003c-master
ns:/# socket FIh1KtOTZ-IkRtp7AAAf left the room app:643ebc26180a343b72610033
ns:/# socket FIh1KtOTZ-IkRtp7AAAf joined the room app:643ebc26180a343b72610033
ns:/page/edit # socket IAYofiqBqzzNOCOCAAAg left the room page:643ebc2d180a343b7261003c-master
ns:/page/edit# socket IAYofiqBqzzNOCOCAAAg joined the room page:643ebc2d180a343b7261003d-master
ns:/# socket FIh1KtOTZ-IkRtp7AAAf left the room app:643ebc26180a343b72610033
ns:/# socket FIh1KtOTZ-IkRtp7AAAf joined the room app:643ebc26180a343b72610033
ns:/page/edit # socket IAYofiqBqzzNOCOCAAAg left the room page:643ebc2d180a343b7261003d-master
ns:/page/edit# socket IAYofiqBqzzNOCOCAAAg joined the room page:643ebc2d180a343b7261003c-master
ns:/# socket FIh1KtOTZ-IkRtp7AAAf left the room app:643ebc26180a343b72610033
ns:/# socket FIh1KtOTZ-IkRtp7AAAf joined the room app:643ebc26180a343b72610033
ns:/page/edit # socket IAYofiqBqzzNOCOCAAAg left the room page:643ebc2d180a343b7261003c-master
ns:/page/edit# socket IAYofiqBqzzNOCOCAAAg joined the room page:643ebc2d180a343b7261003d-master
ns:/# socket FIh1KtOTZ-IkRtp7AAAf left the room app:643ebc26180a343b72610033
ns:/# socket FIh1KtOTZ-IkRtp7AAAf joined the room app:643ebc26180a343b72610033
ns:/page/edit # socket IAYofiqBqzzNOCOCAAAg left the room page:643ebc2d180a343b7261003d-master
ns:/page/edit# socket IAYofiqBqzzNOCOCAAAg joined the room page:643ebc2d180a343b7261003c-master
ns:/# socket FIh1KtOTZ-IkRtp7AAAf left the room app:643ebc26180a343b72610033
ns:/# socket FIh1KtOTZ-IkRtp7AAAf joined the room app:643ebc26180a343b72610033
ns:/page/edit # socket IAYofiqBqzzNOCOCAAAg left the room page:643ebc2d180a343b7261003c-master
ns:/page/edit# socket IAYofiqBqzzNOCOCAAAg joined the room page:643ebc2d180a343b7261003d-master
ns:/# socket FIh1KtOTZ-IkRtp7AAAf left the room app:643ebc26180a343b72610033
ns:/# socket FIh1KtOTZ-IkRtp7AAAf joined the room app:643ebc26180a343b72610033
ns:/page/edit # socket IAYofiqBqzzNOCOCAAAg left the room page:643ebc2d180a343b7261003d-master
ns:/page/edit# socket IAYofiqBqzzNOCOCAAAg joined the room page:643ebc2d180a343b7261003c-master
ns:/# socket FIh1KtOTZ-IkRtp7AAAf left the room app:643ebc26180a343b72610033
ns:/# socket FIh1KtOTZ-IkRtp7AAAf joined the room app:643ebc26180a343b72610033
ns:/page/edit # socket IAYofiqBqzzNOCOCAAAg left the room page:643ebc2d180a343b7261003c-master
ns:/page/edit# socket IAYofiqBqzzNOCOCAAAg joined the room page:643ebc2d180a343b7261003d-master
ns:/# socket FIh1KtOTZ-IkRtp7AAAf left the room app:643ebc26180a343b72610033
ns:/# socket FIh1KtOTZ-IkRtp7AAAf joined the room app:643ebc26180a343b72610033
ns:/page/edit # socket IAYofiqBqzzNOCOCAAAg left the room page:643ebc2d180a343b7261003d-master
ns:/page/edit# socket IAYofiqBqzzNOCOCAAAg joined the room page:643ebc2d180a343b7261003c-master
ns:/# socket FIh1KtOTZ-IkRtp7AAAf left the room app:643ebc26180a343b72610033
ns:/# socket FIh1KtOTZ-IkRtp7AAAf joined the room app:643ebc26180a343b72610033
ns:/page/edit # socket IAYofiqBqzzNOCOCAAAg left the room page:643ebc2d180a343b7261003c-master
ns:/page/edit# socket IAYofiqBqzzNOCOCAAAg joined the room page:643ebc2d180a343b7261003d-master
ns:/# socket FIh1KtOTZ-IkRtp7AAAf left the room app:643ebc26180a343b72610033
ns:/# socket FIh1KtOTZ-IkRtp7AAAf joined the room app:643ebc26180a343b72610033
ns:/page/edit # socket IAYofiqBqzzNOCOCAAAg left the room page:643ebc2d180a343b7261003d-master
ns:/page/edit# socket IAYofiqBqzzNOCOCAAAg joined the room page:643ebc2d180a343b7261003c-master
ns:/# socket FIh1KtOTZ-IkRtp7AAAf left the room app:643ebc26180a343b72610033
ns:/# socket FIh1KtOTZ-IkRtp7AAAf joined the room app:643ebc26180a343b72610033
ns:/page/edit # socket IAYofiqBqzzNOCOCAAAg left the room page:643ebc2d180a343b7261003c-master
ns:/page/edit# socket IAYofiqBqzzNOCOCAAAg joined the room page:643ebc2d180a343b7261003d-master
ns:/# socket FIh1KtOTZ-IkRtp7AAAf left the room app:643ebc26180a343b72610033
ns:/# socket FIh1KtOTZ-IkRtp7AAAf joined the room app:643ebc26180a343b72610033
ns:/page/edit # socket IAYofiqBqzzNOCOCAAAg left the room page:643ebc2d180a343b7261003d-master
ns:/page/edit# socket IAYofiqBqzzNOCOCAAAg joined the room page:643ebc2d180a343b7261003c-master
ns:/# socket FIh1KtOTZ-IkRtp7AAAf left the room app:643ebc26180a343b72610033
ns:/# socket FIh1KtOTZ-IkRtp7AAAf joined the room app:643ebc26180a343b72610033
ns:/page/edit # socket IAYofiqBqzzNOCOCAAAg left the room page:643ebc2d180a343b7261003c-master
ns:/page/edit# socket IAYofiqBqzzNOCOCAAAg joined the room page:643ebc2d180a343b7261003d-master
ns:/# socket FIh1KtOTZ-IkRtp7AAAf left the room app:643ebc26180a343b72610033
ns:/# socket FIh1KtOTZ-IkRtp7AAAf joined the room app:643ebc26180a343b72610033
ns:/page/edit # socket IAYofiqBqzzNOCOCAAAg left the room page:643ebc2d180a343b7261003d-master
ns:/page/edit# socket IAYofiqBqzzNOCOCAAAg joined the room page:643ebc2d180a343b7261003c-master
ns:/# socket FIh1KtOTZ-IkRtp7AAAf left the room app:643ebc26180a343b72610033
ns:/# socket FIh1KtOTZ-IkRtp7AAAf joined the room app:643ebc26180a343b72610033
ns:/page/edit # socket IAYofiqBqzzNOCOCAAAg left the room page:643ebc2d180a343b7261003c-master
ns:/page/edit# socket IAYofiqBqzzNOCOCAAAg joined the room page:643ebc2d180a343b7261003d-master
ns:/# socket FIh1KtOTZ-IkRtp7AAAf left the room app:643ebc26180a343b72610033
ns:/# socket FIh1KtOTZ-IkRtp7AAAf joined the room app:643ebc26180a343b72610033
ns:/page/edit # socket IAYofiqBqzzNOCOCAAAg left the room page:643ebc2d180a343b7261003d-master
ns:/page/edit# socket IAYofiqBqzzNOCOCAAAg joined the room page:643ebc2d180a343b7261003c-master
ns:/# socket FIh1KtOTZ-IkRtp7AAAf left the room app:643ebc26180a343b72610033
ns:/# socket FIh1KtOTZ-IkRtp7AAAf joined the room app:643ebc26180a343b72610033
ns:/page/edit # socket IAYofiqBqzzNOCOCAAAg left the room page:643ebc2d180a343b7261003c-master
ns:/page/edit# socket IAYofiqBqzzNOCOCAAAg joined the room page:643ebc2d180a343b7261003d-master
ns:/# socket FIh1KtOTZ-IkRtp7AAAf left the room app:643ebc26180a343b72610033
ns:/# socket FIh1KtOTZ-IkRtp7AAAf joined the room app:643ebc26180a343b72610033
ns:/page/edit # socket IAYofiqBqzzNOCOCAAAg left the room page:643ebc2d180a343b7261003d-master
ns:/page/edit# socket IAYofiqBqzzNOCOCAAAg joined the room page:643ebc2d180a343b7261003c-master
ns:/# socket FIh1KtOTZ-IkRtp7AAAf left the room app:643ebc26180a343b72610033
ns:/# socket FIh1KtOTZ-IkRtp7AAAf joined the room app:643ebc26180a343b72610033
ns:/page/edit # socket IAYofiqBqzzNOCOCAAAg left the room page:643ebc2d180a343b7261003c-master
ns:/page/edit# socket IAYofiqBqzzNOCOCAAAg joined the room page:643ebc2d180a343b7261003d-master
ns:/# socket FIh1KtOTZ-IkRtp7AAAf left the room app:643ebc26180a343b72610033
ns:/# socket FIh1KtOTZ-IkRtp7AAAf joined the room app:643ebc26180a343b72610033
ns:/page/edit # socket IAYofiqBqzzNOCOCAAAg left the room page:643ebc2d180a343b7261003d-master
ns:/page/edit# socket IAYofiqBqzzNOCOCAAAg joined the room page:643ebc2d180a343b7261003c-master
ns:/# socket FIh1KtOTZ-IkRtp7AAAf left the room app:643ebc26180a343b72610033
ns:/# socket FIh1KtOTZ-IkRtp7AAAf joined the room app:643ebc26180a343b72610033
ns:/page/edit # socket IAYofiqBqzzNOCOCAAAg left the room page:643ebc2d180a343b7261003c-master
ns:/page/edit# socket IAYofiqBqzzNOCOCAAAg joined the room page:643ebc2d180a343b7261003d-master
ns:/# socket FIh1KtOTZ-IkRtp7AAAf left the room app:643ebc26180a343b72610033
ns:/# socket FIh1KtOTZ-IkRtp7AAAf joined the room app:643ebc26180a343b72610033
ns:/page/edit # socket IAYofiqBqzzNOCOCAAAg left the room page:643ebc2d180a343b7261003d-master
ns:/page/edit# socket IAYofiqBqzzNOCOCAAAg joined the room page:643ebc2d180a343b7261003c-master
ns:/# socket FIh1KtOTZ-IkRtp7AAAf left the room app:643ebc26180a343b72610033
ns:/# socket FIh1KtOTZ-IkRtp7AAAf joined the room app:643ebc26180a343b72610033
ns:/page/edit # socket IAYofiqBqzzNOCOCAAAg left the room page:643ebc2d180a343b7261003c-master
ns:/page/edit# socket IAYofiqBqzzNOCOCAAAg joined the room page:643ebc2d180a343b7261003d-master
ns:/# socket FIh1KtOTZ-IkRtp7AAAf left the room app:643ebc26180a343b72610033
ns:/# socket FIh1KtOTZ-IkRtp7AAAf joined the room app:643ebc26180a343b72610033
ns:/page/edit # socket IAYofiqBqzzNOCOCAAAg left the room page:643ebc2d180a343b7261003d-master
ns:/page/edit# socket IAYofiqBqzzNOCOCAAAg joined the room page:643ebc2d180a343b7261003c-master
ns:/# socket FIh1KtOTZ-IkRtp7AAAf left the room app:643ebc26180a343b72610033
ns:/# socket FIh1KtOTZ-IkRtp7AAAf joined the room app:643ebc26180a343b72610033
ns:/page/edit # socket IAYofiqBqzzNOCOCAAAg left the room page:643ebc2d180a343b7261003c-master
ns:/page/edit# socket IAYofiqBqzzNOCOCAAAg joined the room page:643ebc2d180a343b7261003d-master
ns:/# socket FIh1KtOTZ-IkRtp7AAAf left the room app:643ebc26180a343b72610033
ns:/# socket FIh1KtOTZ-IkRtp7AAAf joined the room app:643ebc26180a343b72610033
ns:/page/edit # socket IAYofiqBqzzNOCOCAAAg left the room page:643ebc2d180a343b7261003d-master
ns:/page/edit# socket IAYofiqBqzzNOCOCAAAg joined the room page:643ebc2d180a343b7261003c-master
ns:/# socket FIh1KtOTZ-IkRtp7AAAf left the room app:643ebc26180a343b72610033
ns:/# socket FIh1KtOTZ-IkRtp7AAAf joined the room app:643ebc26180a343b72610033
ns:/page/edit # socket IAYofiqBqzzNOCOCAAAg left the room page:643ebc2d180a343b7261003c-master
ns:/page/edit# socket IAYofiqBqzzNOCOCAAAg joined the room page:643ebc2d180a343b7261003d-master
ns:/# socket FIh1KtOTZ-IkRtp7AAAf left the room app:643ebc26180a343b72610033
ns:/# socket FIh1KtOTZ-IkRtp7AAAf joined the room app:643ebc26180a343b72610033
ns:/page/edit # socket IAYofiqBqzzNOCOCAAAg left the room page:643ebc2d180a343b7261003d-master
ns:/page/edit# socket IAYofiqBqzzNOCOCAAAg joined the room page:643ebc2d180a343b7261003c-master
ns:/# socket FIh1KtOTZ-IkRtp7AAAf left the room app:643ebc26180a343b72610033
ns:/# socket FIh1KtOTZ-IkRtp7AAAf joined the room app:643ebc26180a343b72610033
ns:/page/edit # socket IAYofiqBqzzNOCOCAAAg left the room page:643ebc2d180a343b7261003c-master
ns:/page/edit# socket IAYofiqBqzzNOCOCAAAg joined the room page:643ebc2d180a343b7261003d-master
ns:/# socket FIh1KtOTZ-IkRtp7AAAf left the room app:643ebc26180a343b72610033
ns:/# socket FIh1KtOTZ-IkRtp7AAAf joined the room app:643ebc26180a343b72610033
ns:/page/edit # socket IAYofiqBqzzNOCOCAAAg left the room page:643ebc2d180a343b7261003d-master
ns:/page/edit# socket IAYofiqBqzzNOCOCAAAg joined the room page:643ebc2d180a343b7261003c-master
ns:/# socket FIh1KtOTZ-IkRtp7AAAf left the room app:643ebc26180a343b72610033
ns:/# socket FIh1KtOTZ-IkRtp7AAAf joined the room app:643ebc26180a343b72610033
ns:/page/edit # socket IAYofiqBqzzNOCOCAAAg left the room page:643ebc2d180a343b7261003c-master
ns:/page/edit# socket IAYofiqBqzzNOCOCAAAg joined the room page:643ebc2d180a343b7261003b-master
ns:/# socket FIh1KtOTZ-IkRtp7AAAf left the room app:643ebc26180a343b72610033
ns:/# socket FIh1KtOTZ-IkRtp7AAAf joined the room app:643ebc26180a343b72610033
ns:/page/edit # socket IAYofiqBqzzNOCOCAAAg left the room page:643ebc2d180a343b7261003b-master
ns:/page/edit# socket IAYofiqBqzzNOCOCAAAg joined the room page:643ebc2d180a343b7261003f-master
ns:/# socket FIh1KtOTZ-IkRtp7AAAf left the room app:643ebc26180a343b72610033
ns:/# socket FIh1KtOTZ-IkRtp7AAAf joined the room app:643ebc26180a343b72610033
ns:/page/edit # socket IAYofiqBqzzNOCOCAAAg left the room page:643ebc2d180a343b7261003f-master
ns:/page/edit# socket IAYofiqBqzzNOCOCAAAg joined the room page:643ebc2d180a343b7261003b-master
ns:/# socket FIh1KtOTZ-IkRtp7AAAf left the room app:643ebc26180a343b72610033
ns:/# socket FIh1KtOTZ-IkRtp7AAAf joined the room app:643ebc26180a343b72610033
ns:/page/edit # socket IAYofiqBqzzNOCOCAAAg left the room page:643ebc2d180a343b7261003b-master
ns:/page/edit# socket IAYofiqBqzzNOCOCAAAg joined the room page:643ebc2d180a343b7261003f-master
ns:/# socket FIh1KtOTZ-IkRtp7AAAf left the room app:643ebc26180a343b72610033
ns:/# socket FIh1KtOTZ-IkRtp7AAAf joined the room app:643ebc26180a343b72610033
ns:/page/edit # socket IAYofiqBqzzNOCOCAAAg left the room page:643ebc2d180a343b7261003f-master
ns:/page/edit# socket IAYofiqBqzzNOCOCAAAg joined the room page:643ebc2d180a343b7261003b-master
ns:/# socket FIh1KtOTZ-IkRtp7AAAf left the room app:643ebc26180a343b72610033
ns:/# socket FIh1KtOTZ-IkRtp7AAAf joined the room app:643ebc26180a343b72610033
ns:/page/edit # socket IAYofiqBqzzNOCOCAAAg left the room page:643ebc2d180a343b7261003b-master
ns:/page/edit# socket IAYofiqBqzzNOCOCAAAg joined the room page:643ebc2d180a343b7261003f-master
ns:/# socket FIh1KtOTZ-IkRtp7AAAf left the room app:643ebc26180a343b72610033
ns:/# socket FIh1KtOTZ-IkRtp7AAAf joined the room app:643ebc26180a343b72610033
ns:/page/edit # socket IAYofiqBqzzNOCOCAAAg left the room page:643ebc2d180a343b7261003f-master
ns:/page/edit# socket IAYofiqBqzzNOCOCAAAg joined the room page:643ebc2d180a343b7261003b-master
ns:/# socket FIh1KtOTZ-IkRtp7AAAf left the room app:643ebc26180a343b72610033
ns:/# socket FIh1KtOTZ-IkRtp7AAAf joined the room app:643ebc26180a343b72610033
ns:/page/edit # socket IAYofiqBqzzNOCOCAAAg left the room page:643ebc2d180a343b7261003b-master
ns:/page/edit# socket IAYofiqBqzzNOCOCAAAg joined the room page:643ebc2d180a343b7261003e-master
ns:/# socket FIh1KtOTZ-IkRtp7AAAf left the room app:643ebc26180a343b72610033
ns:/# socket FIh1KtOTZ-IkRtp7AAAf joined the room app:643ebc26180a343b72610033
ns:/page/edit # socket IAYofiqBqzzNOCOCAAAg left the room page:643ebc2d180a343b7261003e-master
ns:/page/edit# socket IAYofiqBqzzNOCOCAAAg joined the room page:643ebc2d180a343b7261003f-master
ns:/# socket FIh1KtOTZ-IkRtp7AAAf left the room app:643ebc26180a343b72610033
ns:/# socket FIh1KtOTZ-IkRtp7AAAf joined the room app:643ebc26180a343b72610033
ns:/page/edit # socket IAYofiqBqzzNOCOCAAAg left the room page:643ebc2d180a343b7261003f-master
ns:/page/edit# socket IAYofiqBqzzNOCOCAAAg joined the room page:643ebc2d180a343b7261003b-master
ns:/# socket FIh1KtOTZ-IkRtp7AAAf left the room app:643ebc26180a343b72610033
ns:/# socket FIh1KtOTZ-IkRtp7AAAf joined the room app:643ebc26180a343b72610033
ns:/page/edit # socket IAYofiqBqzzNOCOCAAAg left the room page:643ebc2d180a343b7261003b-master
ns:/page/edit# socket IAYofiqBqzzNOCOCAAAg joined the room page:643ebc2d180a343b7261003f-master
ns:/# socket FIh1KtOTZ-IkRtp7AAAf left the room app:643ebc26180a343b72610033
ns:/# socket FIh1KtOTZ-IkRtp7AAAf joined the room app:643ebc26180a343b72610033
ns:/page/edit # socket IAYofiqBqzzNOCOCAAAg left the room page:643ebc2d180a343b7261003f-master
ns:/page/edit# socket IAYofiqBqzzNOCOCAAAg joined the room page:643ebc2d180a343b7261003b-master
ns:/# socket FIh1KtOTZ-IkRtp7AAAf left the room app:643ebc26180a343b72610033
ns:/# socket FIh1KtOTZ-IkRtp7AAAf joined the room app:643ebc26180a343b72610033
ns:/page/edit # socket IAYofiqBqzzNOCOCAAAg left the room page:643ebc2d180a343b7261003b-master
ns:/page/edit# socket IAYofiqBqzzNOCOCAAAg joined the room page:643ebc2d180a343b7261003f-master
ns:/# socket FIh1KtOTZ-IkRtp7AAAf left the room app:643ebc26180a343b72610033
ns:/# socket FIh1KtOTZ-IkRtp7AAAf joined the room app:643ebc26180a343b72610033
ns:/page/edit # socket IAYofiqBqzzNOCOCAAAg left the room page:643ebc2d180a343b7261003f-master
ns:/page/edit# socket IAYofiqBqzzNOCOCAAAg joined the room page:643ebc2d180a343b7261003b-master
ns:/# socket FIh1KtOTZ-IkRtp7AAAf left the room app:643ebc26180a343b72610033
ns:/# socket FIh1KtOTZ-IkRtp7AAAf joined the room app:643ebc26180a343b72610033
ns:/page/edit # socket IAYofiqBqzzNOCOCAAAg left the room page:643ebc2d180a343b7261003b-master
ns:/page/edit# socket IAYofiqBqzzNOCOCAAAg joined the room page:643ebc2d180a343b7261003f-master
ns:/# socket FIh1KtOTZ-IkRtp7AAAf left the room app:643ebc26180a343b72610033
ns:/# socket FIh1KtOTZ-IkRtp7AAAf joined the room app:643ebc26180a343b72610033
ns:/page/edit # socket IAYofiqBqzzNOCOCAAAg left the room page:643ebc2d180a343b7261003f-master
ns:/page/edit# socket IAYofiqBqzzNOCOCAAAg joined the room page:643ebc2d180a343b7261003b-master
ns:/# socket FIh1KtOTZ-IkRtp7AAAf left the room app:643ebc26180a343b72610033
ns:/# socket FIh1KtOTZ-IkRtp7AAAf joined the room app:643ebc26180a343b72610033
ns:/page/edit # socket IAYofiqBqzzNOCOCAAAg left the room page:643ebc2d180a343b7261003b-master
ns:/page/edit# socket IAYofiqBqzzNOCOCAAAg joined the room page:643ebc2d180a343b7261003e-master
ns:/# socket FIh1KtOTZ-IkRtp7AAAf left the room app:643ebc26180a343b72610033
ns:/# socket FIh1KtOTZ-IkRtp7AAAf joined the room app:643ebc26180a343b72610033
ns:/page/edit # socket IAYofiqBqzzNOCOCAAAg left the room page:643ebc2d180a343b7261003e-master
ns:/page/edit# socket IAYofiqBqzzNOCOCAAAg joined the room page:643ebc2d180a343b7261003f-master
ns:/# socket FIh1KtOTZ-IkRtp7AAAf left the room app:643ebc26180a343b72610033
ns:/# socket FIh1KtOTZ-IkRtp7AAAf joined the room app:643ebc26180a343b72610033
ns:/page/edit # socket IAYofiqBqzzNOCOCAAAg left the room page:643ebc2d180a343b7261003f-master
ns:/page/edit# socket IAYofiqBqzzNOCOCAAAg joined the room page:643ebc2d180a343b7261003b-master
ns:/# socket FIh1KtOTZ-IkRtp7AAAf left the room app:643ebc26180a343b72610033
ns:/# socket FIh1KtOTZ-IkRtp7AAAf joined the room app:643ebc26180a343b72610033
ns:/page/edit # socket IAYofiqBqzzNOCOCAAAg left the room page:643ebc2d180a343b7261003b-master
ns:/page/edit# socket IAYofiqBqzzNOCOCAAAg joined the room page:643ebc2d180a343b7261003f-master
ns:/# socket FIh1KtOTZ-IkRtp7AAAf left the room app:643ebc26180a343b72610033
ns:/# socket FIh1KtOTZ-IkRtp7AAAf joined the room app:643ebc26180a343b72610033
ns:/page/edit # socket IAYofiqBqzzNOCOCAAAg left the room page:643ebc2d180a343b7261003f-master
ns:/page/edit# socket IAYofiqBqzzNOCOCAAAg joined the room page:643ebc2d180a343b7261003b-master
ns:/# socket FIh1KtOTZ-IkRtp7AAAf left the room app:643ebc26180a343b72610033
ns:/# socket FIh1KtOTZ-IkRtp7AAAf joined the room app:643ebc26180a343b72610033
ns:/page/edit # socket IAYofiqBqzzNOCOCAAAg left the room page:643ebc2d180a343b7261003b-master
ns:/page/edit# socket IAYofiqBqzzNOCOCAAAg joined the room page:643ebc2d180a343b7261003f-master
ns:/# socket FIh1KtOTZ-IkRtp7AAAf left the room app:643ebc26180a343b72610033
ns:/# socket FIh1KtOTZ-IkRtp7AAAf joined the room app:643ebc26180a343b72610033
ns:/page/edit # socket IAYofiqBqzzNOCOCAAAg left the room page:643ebc2d180a343b7261003f-master
ns:/page/edit# socket IAYofiqBqzzNOCOCAAAg joined the room page:643ebc2d180a343b7261003b-master
ns:/# socket FIh1KtOTZ-IkRtp7AAAf left the room app:643ebc26180a343b72610033
ns:/# socket FIh1KtOTZ-IkRtp7AAAf joined the room app:643ebc26180a343b72610033
ns:/page/edit # socket IAYofiqBqzzNOCOCAAAg left the room page:643ebc2d180a343b7261003b-master
ns:/page/edit# socket IAYofiqBqzzNOCOCAAAg joined the room page:643ebc2d180a343b7261003c-master
ns:/# socket FIh1KtOTZ-IkRtp7AAAf left the room app:643ebc26180a343b72610033
ns:/# socket FIh1KtOTZ-IkRtp7AAAf joined the room app:643ebc26180a343b72610033
ns:/page/edit # socket IAYofiqBqzzNOCOCAAAg left the room page:643ebc2d180a343b7261003c-master
ns:/page/edit# socket IAYofiqBqzzNOCOCAAAg joined the room page:643ebc2d180a343b72610041-master
ns:/# socket FIh1KtOTZ-IkRtp7AAAf left the room app:643ebc26180a343b72610033
ns:/# socket FIh1KtOTZ-IkRtp7AAAf joined the room app:643ebc26180a343b72610033
ns:/page/edit # socket IAYofiqBqzzNOCOCAAAg left the room page:643ebc2d180a343b72610041-master
ns:/page/edit# socket IAYofiqBqzzNOCOCAAAg joined the room page:643ebc2d180a343b7261003b-master
ns:/# socket FIh1KtOTZ-IkRtp7AAAf left the room app:643ebc26180a343b72610033
ns:/# socket FIh1KtOTZ-IkRtp7AAAf joined the room app:643ebc26180a343b72610033
ns:/page/edit # socket IAYofiqBqzzNOCOCAAAg left the room page:643ebc2d180a343b7261003b-master
ns:/page/edit# socket IAYofiqBqzzNOCOCAAAg joined the room page:643ebc2d180a343b7261003e-master
ns:/# socket FIh1KtOTZ-IkRtp7AAAf left the room app:643ebc26180a343b72610033
ns:/# socket FIh1KtOTZ-IkRtp7AAAf joined the room app:643ebc26180a343b72610033
ns:/page/edit # socket IAYofiqBqzzNOCOCAAAg left the room page:643ebc2d180a343b7261003e-master
ns:/page/edit# socket IAYofiqBqzzNOCOCAAAg joined the room page:643ebc2d180a343b72610040-master
ns:/# socket FIh1KtOTZ-IkRtp7AAAf left the room app:643ebc26180a343b72610033
ns:/# socket FIh1KtOTZ-IkRtp7AAAf joined the room app:643ebc26180a343b72610033
ns:/page/edit # socket IAYofiqBqzzNOCOCAAAg left the room page:643ebc2d180a343b72610040-master
ns:/page/edit# socket IAYofiqBqzzNOCOCAAAg joined the room page:643ebc2d180a343b72610041-master
ns:/# socket FIh1KtOTZ-IkRtp7AAAf left the room app:643ebc26180a343b72610033
ns:/# socket FIh1KtOTZ-IkRtp7AAAf joined the room app:643ebc26180a343b72610033
ns:/page/edit # socket IAYofiqBqzzNOCOCAAAg left the room page:643ebc2d180a343b72610041-master
ns:/page/edit# socket IAYofiqBqzzNOCOCAAAg joined the room page:643ebc2d180a343b7261003e-master
ns:/# socket FIh1KtOTZ-IkRtp7AAAf left the room app:643ebc26180a343b72610033
ns:/# socket FIh1KtOTZ-IkRtp7AAAf joined the room app:643ebc26180a343b72610033
ns:/# socket FIh1KtOTZ-IkRtp7AAAf left the room app:643ebc26180a343b72610033
ns:/page/edit # socket IAYofiqBqzzNOCOCAAAg left the room page:643ebc2d180a343b7261003e-master
ns:/page/edit# socket z0HXFDwT5o2Uk_HVAAAj joined the room page:643ebc2d180a343b7261003e-master
ns:/# socket IPe_8afZKWHr6VpGAAAi joined the room app:643ebc26180a343b72610033
ns:/# socket IPe_8afZKWHr6VpGAAAi left the room app:643ebc26180a343b72610033
ns:/# socket IPe_8afZKWHr6VpGAAAi joined the room app:643ebc26180a343b72610033
ns:/# socket IPe_8afZKWHr6VpGAAAi left the room app:643ebc26180a343b72610033
ns:/page/edit # socket z0HXFDwT5o2Uk_HVAAAj left the room page:643ebc2d180a343b7261003e-master
