+ http_conf=/opt/appsmith/templates/nginx-app-http.conf.template.sh
+ https_conf=/opt/appsmith/templates/nginx-app-https.conf.template.sh
+ ssl_conf_path=/appsmith-stacks/data/certificate/conf
+ APP_TEMPLATE=/opt/appsmith/templates/nginx-app-http.conf.template.sh
+ mkdir -pv /appsmith-stacks/data/certificate/conf
+ cat
+ cat
+ [[ -z 'self' * ]]
+ export 'APPSMITH_ALLOWED_FRAME_ANCESTORS='\''self'\'' *'
+ APPSMITH_ALLOWED_FRAME_ANCESTORS=''\''self'\'' *'
+ [[ -z false ]]
+ [[ -n '' ]]
+ bash /opt/appsmith/templates/nginx-app-http.conf.template.sh ''
+ index_html_served=/opt/appsmith/editor/index.html
+ index_html_original=/opt/appsmith/index.html.original
+ [[ ! -f /opt/appsmith/index.html.original ]]
+ cp -v /opt/appsmith/editor/index.html /opt/appsmith/index.html.original
+ node -e '
const fs = require("fs")
const content = fs.readFileSync("/opt/appsmith/index.html.original", "utf8").replace(
  /\b__(APPSMITH_[A-Z0-9_]+)__\b/g,
  (placeholder, name) => (process.env[name] || "")
)
fs.writeFileSync("/opt/appsmith/editor/index.html", content)
'
+ exec nginx -g 'daemon off;error_log stderr info;'
2023/04/16 21:57:21 [notice] 1413#1413: using the "epoll" event method
2023/04/16 21:57:21 [notice] 1413#1413: nginx/1.18.0 (Ubuntu)
2023/04/16 21:57:21 [notice] 1413#1413: OS: Linux 5.15.49-linuxkit
2023/04/16 21:57:21 [notice] 1413#1413: getrlimit(RLIMIT_NOFILE): 1048576:1048576
2023/04/16 21:57:21 [notice] 1413#1413: start worker processes
2023/04/16 21:57:21 [notice] 1413#1413: start worker process 1444
2023/04/16 21:57:21 [notice] 1413#1413: start worker process 1445
2023/04/16 21:57:21 [notice] 1413#1413: start worker process 1446
2023/04/16 21:57:21 [notice] 1413#1413: start worker process 1447
2023/04/16 21:57:21 [notice] 1413#1413: start worker process 1448
2023/04/16 21:57:21 [notice] 1413#1413: start worker process 1449
2023/04/16 23:14:04 [notice] 1413#1413: signal 3 (SIGQUIT) received from 1, shutting down
2023/04/16 23:14:04 [notice] 1444#1444: gracefully shutting down
2023/04/16 23:14:04 [notice] 1444#1444: exiting
2023/04/16 23:14:04 [notice] 1445#1445: gracefully shutting down
2023/04/16 23:14:04 [notice] 1445#1445: exiting
2023/04/16 23:14:04 [notice] 1447#1447: gracefully shutting down
2023/04/16 23:14:04 [notice] 1447#1447: exiting
2023/04/16 23:14:04 [notice] 1444#1444: exit
2023/04/16 23:14:04 [notice] 1445#1445: exit
2023/04/16 23:14:04 [notice] 1447#1447: exit
2023/04/16 23:14:04 [notice] 1413#1413: signal 17 (SIGCHLD) received from 1447
2023/04/16 23:14:04 [notice] 1413#1413: worker process 1444 exited with code 0
2023/04/16 23:14:04 [notice] 1413#1413: worker process 1445 exited with code 0
2023/04/16 23:14:04 [notice] 1446#1446: gracefully shutting down
2023/04/16 23:14:04 [notice] 1413#1413: worker process 1447 exited with code 0
2023/04/16 23:14:04 [notice] 1448#1448: gracefully shutting down
2023/04/16 23:14:04 [notice] 1446#1446: exiting
2023/04/16 23:14:04 [notice] 1448#1448: exiting
2023/04/16 23:14:04 [notice] 1413#1413: signal 29 (SIGIO) received
2023/04/16 23:14:04 [notice] 1448#1448: exit
2023/04/16 23:14:04 [notice] 1446#1446: exit
2023/04/16 23:14:04 [notice] 1449#1449: gracefully shutting down
2023/04/16 23:14:04 [notice] 1449#1449: exiting
2023/04/16 23:14:04 [notice] 1413#1413: signal 17 (SIGCHLD) received from 1448
2023/04/16 23:14:04 [notice] 1413#1413: worker process 1448 exited with code 0
2023/04/16 23:14:04 [notice] 1413#1413: worker process 1446 exited with code 0
2023/04/16 23:14:04 [notice] 1413#1413: signal 29 (SIGIO) received
2023/04/16 23:14:04 [notice] 1413#1413: signal 17 (SIGCHLD) received from 1446
2023/04/16 23:14:04 [notice] 1449#1449: exit
2023/04/16 23:14:04 [notice] 1413#1413: signal 17 (SIGCHLD) received from 1449
2023/04/16 23:14:04 [notice] 1413#1413: worker process 1449 exited with code 0
2023/04/16 23:14:04 [notice] 1413#1413: exit
+ http_conf=/opt/appsmith/templates/nginx-app-http.conf.template.sh
+ https_conf=/opt/appsmith/templates/nginx-app-https.conf.template.sh
+ ssl_conf_path=/appsmith-stacks/data/certificate/conf
+ APP_TEMPLATE=/opt/appsmith/templates/nginx-app-http.conf.template.sh
+ mkdir -pv /appsmith-stacks/data/certificate/conf
+ cat
+ cat
+ [[ -z 'self' * ]]
+ export 'APPSMITH_ALLOWED_FRAME_ANCESTORS='\''self'\'' *'
+ APPSMITH_ALLOWED_FRAME_ANCESTORS=''\''self'\'' *'
+ [[ -z false ]]
+ [[ -n '' ]]
+ bash /opt/appsmith/templates/nginx-app-http.conf.template.sh ''
+ index_html_served=/opt/appsmith/editor/index.html
+ index_html_original=/opt/appsmith/index.html.original
+ [[ ! -f /opt/appsmith/index.html.original ]]
+ node -e '
const fs = require("fs")
const content = fs.readFileSync("/opt/appsmith/index.html.original", "utf8").replace(
  /\b__(APPSMITH_[A-Z0-9_]+)__\b/g,
  (placeholder, name) => (process.env[name] || "")
)
fs.writeFileSync("/opt/appsmith/editor/index.html", content)
'
+ exec nginx -g 'daemon off;error_log stderr info;'
2023/04/17 01:22:52 [notice] 1354#1354: using the "epoll" event method
2023/04/17 01:22:52 [notice] 1354#1354: nginx/1.18.0 (Ubuntu)
2023/04/17 01:22:52 [notice] 1354#1354: OS: Linux 5.15.49-linuxkit
2023/04/17 01:22:52 [notice] 1354#1354: getrlimit(RLIMIT_NOFILE): 1048576:1048576
2023/04/17 01:22:52 [notice] 1354#1354: start worker processes
2023/04/17 01:22:52 [notice] 1354#1354: start worker process 1382
2023/04/17 01:22:52 [notice] 1354#1354: start worker process 1383
2023/04/17 01:22:52 [notice] 1354#1354: start worker process 1384
2023/04/17 01:22:52 [notice] 1354#1354: start worker process 1385
2023/04/17 01:22:52 [notice] 1354#1354: start worker process 1386
2023/04/17 01:22:52 [notice] 1354#1354: start worker process 1387
