+ http_conf=/opt/appsmith/templates/nginx-app-http.conf.template.sh
+ https_conf=/opt/appsmith/templates/nginx-app-https.conf.template.sh
+ ssl_conf_path=/appsmith-stacks/data/certificate/conf
+ APP_TEMPLATE=/opt/appsmith/templates/nginx-app-http.conf.template.sh
+ mkdir -pv /appsmith-stacks/data/certificate/conf
+ cat
+ cat
+ [[ -z 'self' * ]]
+ export 'APPSMITH_ALLOWED_FRAME_ANCESTORS='\''self'\'' *'
+ APPSMITH_ALLOWED_FRAME_ANCESTORS=''\''self'\'' *'
+ [[ -z false ]]
+ [[ -n '' ]]
+ bash /opt/appsmith/templates/nginx-app-http.conf.template.sh ''
+ index_html_served=/opt/appsmith/editor/index.html
+ index_html_original=/opt/appsmith/index.html.original
+ [[ ! -f /opt/appsmith/index.html.original ]]
+ cp -v /opt/appsmith/editor/index.html /opt/appsmith/index.html.original
+ node -e '
const fs = require("fs")
const content = fs.readFileSync("/opt/appsmith/index.html.original", "utf8").replace(
  /\b__(APPSMITH_[A-Z0-9_]+)__\b/g,
  (placeholder, name) => (process.env[name] || "")
)
fs.writeFileSync("/opt/appsmith/editor/index.html", content)
'
+ exec nginx -g 'daemon off;error_log stderr info;'
2023/04/18 15:47:36 [notice] 1592#1592: using the "epoll" event method
2023/04/18 15:47:36 [notice] 1592#1592: nginx/1.18.0 (Ubuntu)
2023/04/18 15:47:36 [notice] 1592#1592: OS: Linux 5.15.49-linuxkit
2023/04/18 15:47:36 [notice] 1592#1592: getrlimit(RLIMIT_NOFILE): 1048576:1048576
2023/04/18 15:47:36 [notice] 1592#1592: start worker processes
2023/04/18 15:47:36 [notice] 1592#1592: start worker process 1633
2023/04/18 15:47:36 [notice] 1592#1592: start worker process 1634
2023/04/18 15:47:36 [notice] 1592#1592: start worker process 1635
2023/04/18 15:47:36 [notice] 1592#1592: start worker process 1636
2023/04/18 15:47:36 [notice] 1592#1592: start worker process 1637
2023/04/18 15:47:36 [notice] 1592#1592: start worker process 1638
2023/04/18 23:23:27 [notice] 1592#1592: signal 3 (SIGQUIT) received from 1, shutting down
2023/04/18 23:23:27 [notice] 1634#1634: gracefully shutting down
2023/04/18 23:23:27 [notice] 1633#1633: gracefully shutting down
2023/04/18 23:23:27 [notice] 1633#1633: exiting
2023/04/18 23:23:27 [notice] 1634#1634: exiting
2023/04/18 23:23:27 [notice] 1635#1635: gracefully shutting down
2023/04/18 23:23:27 [notice] 1635#1635: exiting
2023/04/18 23:23:27 [notice] 1636#1636: gracefully shutting down
2023/04/18 23:23:27 [notice] 1636#1636: exiting
2023/04/18 23:23:27 [notice] 1637#1637: gracefully shutting down
2023/04/18 23:23:27 [notice] 1637#1637: exiting
2023/04/18 23:23:27 [notice] 1638#1638: gracefully shutting down
2023/04/18 23:23:27 [notice] 1638#1638: exiting
2023/04/18 23:23:27 [notice] 1634#1634: exit
2023/04/18 23:23:27 [notice] 1633#1633: exit
2023/04/18 23:23:27 [notice] 1638#1638: exit
2023/04/18 23:23:27 [notice] 1637#1637: exit
2023/04/18 23:23:27 [notice] 1635#1635: exit
2023/04/18 23:23:27 [notice] 1592#1592: signal 17 (SIGCHLD) received from 1635
2023/04/18 23:23:27 [notice] 1592#1592: worker process 1635 exited with code 0
2023/04/18 23:23:27 [notice] 1592#1592: signal 29 (SIGIO) received
2023/04/18 23:23:27 [notice] 1592#1592: signal 17 (SIGCHLD) received from 1637
2023/04/18 23:23:27 [notice] 1592#1592: worker process 1637 exited with code 0
2023/04/18 23:23:27 [notice] 1592#1592: signal 29 (SIGIO) received
2023/04/18 23:23:27 [notice] 1636#1636: exit
2023/04/18 23:23:27 [notice] 1592#1592: signal 17 (SIGCHLD) received from 1633
2023/04/18 23:23:27 [notice] 1592#1592: worker process 1633 exited with code 0
2023/04/18 23:23:27 [notice] 1592#1592: signal 29 (SIGIO) received
2023/04/18 23:23:27 [notice] 1592#1592: signal 17 (SIGCHLD) received from 1636
2023/04/18 23:23:27 [notice] 1592#1592: worker process 1636 exited with code 0
2023/04/18 23:23:27 [notice] 1592#1592: signal 29 (SIGIO) received
2023/04/18 23:23:27 [notice] 1592#1592: signal 17 (SIGCHLD) received from 1638
2023/04/18 23:23:27 [notice] 1592#1592: worker process 1638 exited with code 0
2023/04/18 23:23:27 [notice] 1592#1592: signal 29 (SIGIO) received
2023/04/18 23:23:27 [notice] 1592#1592: signal 17 (SIGCHLD) received from 1634
2023/04/18 23:23:27 [notice] 1592#1592: worker process 1634 exited with code 0
2023/04/18 23:23:27 [notice] 1592#1592: exit
