{"t":{"$date":"2023-04-19T06:54:46.842+00:00"},"s":"I",  "c":"CONTROL",  "id":23285,   "ctx":"-","msg":"Automatically disabling TLS 1.0, to force-enable TLS 1.0 specify --sslDisabledProtocols 'none'"}
{"t":{"$date":"2023-04-19T06:54:46.844+00:00"},"s":"I",  "c":"NETWORK",  "id":4915701, "ctx":"-","msg":"Initialized wire specification","attr":{"spec":{"incomingExternalClient":{"minWireVersion":0,"maxWireVersion":13},"incomingInternalClient":{"minWireVersion":0,"maxWireVersion":13},"outgoing":{"minWireVersion":0,"maxWireVersion":13},"isInternalClient":true}}}
{"t":{"$date":"2023-04-19T06:54:46.848+00:00"},"s":"W",  "c":"ASIO",     "id":22601,   "ctx":"main","msg":"No TransportLayer configured during NetworkInterface startup"}
{"t":{"$date":"2023-04-19T06:54:46.849+00:00"},"s":"I",  "c":"NETWORK",  "id":4648601, "ctx":"main","msg":"Implicit TCP FastOpen unavailable. If TCP FastOpen is required, set tcpFastOpenServer, tcpFastOpenClient, and tcpFastOpenQueueSize."}
{"t":{"$date":"2023-04-19T06:54:46.958+00:00"},"s":"W",  "c":"ASIO",     "id":22601,   "ctx":"main","msg":"No TransportLayer configured during NetworkInterface startup"}
{"t":{"$date":"2023-04-19T06:54:46.960+00:00"},"s":"W",  "c":"ASIO",     "id":22601,   "ctx":"main","msg":"No TransportLayer configured during NetworkInterface startup"}
{"t":{"$date":"2023-04-19T06:54:46.962+00:00"},"s":"I",  "c":"REPL",     "id":5123008, "ctx":"main","msg":"Successfully registered PrimaryOnlyService","attr":{"service":"TenantMigrationDonorService","ns":"config.tenantMigrationDonors"}}
{"t":{"$date":"2023-04-19T06:54:46.964+00:00"},"s":"I",  "c":"REPL",     "id":5123008, "ctx":"main","msg":"Successfully registered PrimaryOnlyService","attr":{"service":"TenantMigrationRecipientService","ns":"config.tenantMigrationRecipients"}}
{"t":{"$date":"2023-04-19T06:54:46.965+00:00"},"s":"I",  "c":"CONTROL",  "id":5945603, "ctx":"main","msg":"Multi threading initialized"}
{"t":{"$date":"2023-04-19T06:54:46.967+00:00"},"s":"I",  "c":"CONTROL",  "id":4615611, "ctx":"initandlisten","msg":"MongoDB starting","attr":{"pid":1347,"port":27017,"dbPath":".","architecture":"64-bit","host":"b5e9abef79a7"}}
{"t":{"$date":"2023-04-19T06:54:46.970+00:00"},"s":"I",  "c":"CONTROL",  "id":23403,   "ctx":"initandlisten","msg":"Build Info","attr":{"buildInfo":{"version":"5.0.15","gitVersion":"935639beed3d0c19c2551c93854b831107c0b118","openSSLVersion":"OpenSSL 1.1.1f  31 Mar 2020","modules":[],"allocator":"tcmalloc","environment":{"distmod":"ubuntu2004","distarch":"x86_64","target_arch":"x86_64"}}}}
{"t":{"$date":"2023-04-19T06:54:46.972+00:00"},"s":"I",  "c":"CONTROL",  "id":51765,   "ctx":"initandlisten","msg":"Operating System","attr":{"os":{"name":"Ubuntu","version":"20.04"}}}
{"t":{"$date":"2023-04-19T06:54:46.973+00:00"},"s":"I",  "c":"CONTROL",  "id":21951,   "ctx":"initandlisten","msg":"Options set by command line","attr":{"options":{"net":{"bindIp":"localhost","port":27017},"replication":{"replSet":"mr1"},"security":{"keyFile":"/mongodb-key"},"storage":{"dbPath":"."},"systemLog":{"destination":"file","path":"/appsmith-stacks/logs/mongodb/db.log"}}}}
{"t":{"$date":"2023-04-19T06:54:46.980+00:00"},"s":"W",  "c":"STORAGE",  "id":22271,   "ctx":"initandlisten","msg":"Detected unclean shutdown - Lock file is not empty","attr":{"lockFile":"./mongod.lock"}}
{"t":{"$date":"2023-04-19T06:54:46.990+00:00"},"s":"I",  "c":"STORAGE",  "id":22270,   "ctx":"initandlisten","msg":"Storage engine to use detected by data files","attr":{"dbpath":".","storageEngine":"wiredTiger"}}
{"t":{"$date":"2023-04-19T06:54:46.994+00:00"},"s":"W",  "c":"STORAGE",  "id":22302,   "ctx":"initandlisten","msg":"Recovering data from the last clean checkpoint."}
{"t":{"$date":"2023-04-19T06:54:46.998+00:00"},"s":"I",  "c":"STORAGE",  "id":22315,   "ctx":"initandlisten","msg":"Opening WiredTiger","attr":{"config":"create,cache_size=3417M,session_max=33000,eviction=(threads_min=4,threads_max=4),config_base=false,statistics=(fast),log=(enabled=true,archive=true,path=journal,compressor=snappy),builtin_extension_config=(zstd=(compression_level=6)),file_manager=(close_idle_time=600,close_scan_interval=10,close_handle_minimum=250),statistics_log=(wait=0),verbose=[recovery_progress,checkpoint_progress,compact_progress],"}}
{"t":{"$date":"2023-04-19T06:54:47.589+00:00"},"s":"I",  "c":"STORAGE",  "id":22430,   "ctx":"initandlisten","msg":"WiredTiger message","attr":{"message":"[1681887287:589389][1347:0x7fee52658c80], txn-recover: [WT_VERB_RECOVERY_PROGRESS] Recovering log 8 through 9"}}
{"t":{"$date":"2023-04-19T06:54:49.372+00:00"},"s":"I",  "c":"STORAGE",  "id":22430,   "ctx":"initandlisten","msg":"WiredTiger message","attr":{"message":"[1681887289:372322][1347:0x7fee52658c80], txn-recover: [WT_VERB_RECOVERY_PROGRESS] Recovering log 9 through 9"}}
{"t":{"$date":"2023-04-19T06:54:51.400+00:00"},"s":"I",  "c":"STORAGE",  "id":22430,   "ctx":"initandlisten","msg":"WiredTiger message","attr":{"message":"[1681887291:400388][1347:0x7fee52658c80], txn-recover: [WT_VERB_RECOVERY_ALL] Main recovery loop: starting at 8/298112 to 9/256"}}
{"t":{"$date":"2023-04-19T06:54:51.409+00:00"},"s":"I",  "c":"STORAGE",  "id":22430,   "ctx":"initandlisten","msg":"WiredTiger message","attr":{"message":"[1681887291:409176][1347:0x7fee52658c80], txn-recover: [WT_VERB_RECOVERY_PROGRESS] Recovering log 8 through 9"}}
{"t":{"$date":"2023-04-19T06:54:51.535+00:00"},"s":"I",  "c":"STORAGE",  "id":22430,   "ctx":"initandlisten","msg":"WiredTiger message","attr":{"message":"[1681887291:535670][1347:0x7fee52658c80], txn-recover: [WT_VERB_RECOVERY_PROGRESS] Recovering log 9 through 9"}}
{"t":{"$date":"2023-04-19T06:54:51.607+00:00"},"s":"I",  "c":"STORAGE",  "id":22430,   "ctx":"initandlisten","msg":"WiredTiger message","attr":{"message":"[1681887291:607039][1347:0x7fee52658c80], txn-recover: [WT_VERB_RECOVERY_ALL] Set global recovery timestamp: (1681875678, 1)"}}
{"t":{"$date":"2023-04-19T06:54:51.609+00:00"},"s":"I",  "c":"STORAGE",  "id":22430,   "ctx":"initandlisten","msg":"WiredTiger message","attr":{"message":"[1681887291:609132][1347:0x7fee52658c80], txn-recover: [WT_VERB_RECOVERY_ALL] Set global oldest timestamp: (1681875378, 1)"}}
{"t":{"$date":"2023-04-19T06:54:51.640+00:00"},"s":"I",  "c":"STORAGE",  "id":22430,   "ctx":"initandlisten","msg":"WiredTiger message","attr":{"message":"[1681887291:639984][1347:0x7fee52658c80], WT_SESSION.checkpoint: [WT_VERB_CHECKPOINT_PROGRESS] saving checkpoint snapshot min: 8, snapshot max: 8 snapshot count: 0, oldest timestamp: (1681875378, 1) , meta checkpoint timestamp: (1681875678, 1) base write gen: 19689"}}
{"t":{"$date":"2023-04-19T06:54:51.685+00:00"},"s":"I",  "c":"STORAGE",  "id":4795906, "ctx":"initandlisten","msg":"WiredTiger opened","attr":{"durationMillis":4685}}
{"t":{"$date":"2023-04-19T06:54:51.687+00:00"},"s":"I",  "c":"RECOVERY", "id":23987,   "ctx":"initandlisten","msg":"WiredTiger recoveryTimestamp","attr":{"recoveryTimestamp":{"$timestamp":{"t":1681875678,"i":1}}}}
{"t":{"$date":"2023-04-19T06:54:51.688+00:00"},"s":"I",  "c":"RECOVERY", "id":5380106, "ctx":"initandlisten","msg":"WiredTiger oldestTimestamp","attr":{"oldestTimestamp":{"$timestamp":{"t":1681875378,"i":1}}}}
{"t":{"$date":"2023-04-19T06:54:51.733+00:00"},"s":"I",  "c":"STORAGE",  "id":22383,   "ctx":"initandlisten","msg":"The size storer reports that the oplog contains","attr":{"numRecords":6402,"dataSize":80175822}}
{"t":{"$date":"2023-04-19T06:54:51.735+00:00"},"s":"I",  "c":"STORAGE",  "id":22384,   "ctx":"initandlisten","msg":"Scanning the oplog to determine where to place markers for truncation"}
{"t":{"$date":"2023-04-19T06:54:52.338+00:00"},"s":"I",  "c":"STORAGE",  "id":22382,   "ctx":"initandlisten","msg":"WiredTiger record store oplog processing finished","attr":{"durationMillis":605}}
{"t":{"$date":"2023-04-19T06:54:52.372+00:00"},"s":"I",  "c":"STORAGE",  "id":22262,   "ctx":"initandlisten","msg":"Timestamp monitor starting"}
{"t":{"$date":"2023-04-19T06:54:52.379+00:00"},"s":"W",  "c":"CONTROL",  "id":22138,   "ctx":"initandlisten","msg":"You are running this process as the root user, which is not recommended","tags":["startupWarnings"]}
{"t":{"$date":"2023-04-19T06:54:52.408+00:00"},"s":"I",  "c":"NETWORK",  "id":4915702, "ctx":"initandlisten","msg":"Updated wire specification","attr":{"oldSpec":{"incomingExternalClient":{"minWireVersion":0,"maxWireVersion":13},"incomingInternalClient":{"minWireVersion":0,"maxWireVersion":13},"outgoing":{"minWireVersion":0,"maxWireVersion":13},"isInternalClient":true},"newSpec":{"incomingExternalClient":{"minWireVersion":0,"maxWireVersion":13},"incomingInternalClient":{"minWireVersion":13,"maxWireVersion":13},"outgoing":{"minWireVersion":13,"maxWireVersion":13},"isInternalClient":true}}}
{"t":{"$date":"2023-04-19T06:54:52.414+00:00"},"s":"I",  "c":"STORAGE",  "id":5071100, "ctx":"initandlisten","msg":"Clearing temp directory"}
{"t":{"$date":"2023-04-19T06:54:52.524+00:00"},"s":"I",  "c":"CONTROL",  "id":20536,   "ctx":"initandlisten","msg":"Flow Control is enabled on this deployment"}
{"t":{"$date":"2023-04-19T06:54:52.525+00:00"},"s":"I",  "c":"STORAGE",  "id":5380103, "ctx":"initandlisten","msg":"Unpin oldest timestamp request","attr":{"service":"_wt_startup","requestedTs":{"$timestamp":{"t":1681875378,"i":1}}}}
{"t":{"$date":"2023-04-19T06:54:52.531+00:00"},"s":"I",  "c":"SHARDING", "id":20997,   "ctx":"initandlisten","msg":"Refreshed RWC defaults","attr":{"newDefaults":{}}}
{"t":{"$date":"2023-04-19T06:54:52.536+00:00"},"s":"I",  "c":"FTDC",     "id":20625,   "ctx":"initandlisten","msg":"Initializing full-time diagnostic data capture","attr":{"dataDirectory":"./diagnostic.data"}}
{"t":{"$date":"2023-04-19T06:54:52.559+00:00"},"s":"I",  "c":"REPL",     "id":6015317, "ctx":"initandlisten","msg":"Setting new configuration state","attr":{"newState":"ConfigStartingUp","oldState":"ConfigPreStart"}}
{"t":{"$date":"2023-04-19T06:54:52.562+00:00"},"s":"I",  "c":"REPL",     "id":4280500, "ctx":"initandlisten","msg":"Attempting to create internal replication collections"}
{"t":{"$date":"2023-04-19T06:54:52.568+00:00"},"s":"I",  "c":"-",        "id":4939300, "ctx":"monitoring-keys-for-HMAC","msg":"Failed to refresh key cache","attr":{"error":"ReadConcernMajorityNotAvailableYet: Read concern majority reads are currently not possible.","nextWakeupMillis":200}}
{"t":{"$date":"2023-04-19T06:54:52.589+00:00"},"s":"I",  "c":"REPL",     "id":4280501, "ctx":"initandlisten","msg":"Attempting to load local voted for document"}
{"t":{"$date":"2023-04-19T06:54:52.591+00:00"},"s":"I",  "c":"REPL",     "id":4280502, "ctx":"initandlisten","msg":"Searching for local Rollback ID document"}
{"t":{"$date":"2023-04-19T06:54:52.612+00:00"},"s":"I",  "c":"REPL",     "id":21529,   "ctx":"initandlisten","msg":"Initializing rollback ID","attr":{"rbid":5}}
{"t":{"$date":"2023-04-19T06:54:52.613+00:00"},"s":"I",  "c":"REPL",     "id":501401,  "ctx":"initandlisten","msg":"Incrementing the rollback ID after unclean shutdown"}
{"t":{"$date":"2023-04-19T06:54:52.617+00:00"},"s":"I",  "c":"REPL",     "id":21532,   "ctx":"initandlisten","msg":"Incremented the rollback ID","attr":{"rbid":6}}
{"t":{"$date":"2023-04-19T06:54:52.619+00:00"},"s":"I",  "c":"REPL",     "id":4280504, "ctx":"initandlisten","msg":"Cleaning up any partially applied oplog batches & reading last op from oplog"}
{"t":{"$date":"2023-04-19T06:54:52.628+00:00"},"s":"I",  "c":"REPL",     "id":21556,   "ctx":"initandlisten","msg":"The oplog truncation point is equal to or earlier than the stable timestamp, so truncating after the stable timestamp instead","attr":{"truncatePoint":{"$timestamp":{"t":1681875678,"i":1}},"stableTimestamp":{"$timestamp":{"t":1681875678,"i":1}}}}
{"t":{"$date":"2023-04-19T06:54:52.630+00:00"},"s":"I",  "c":"REPL",     "id":21557,   "ctx":"initandlisten","msg":"Removing unapplied oplog entries after oplogTruncateAfterPoint","attr":{"oplogTruncateAfterPoint":{"":{"$timestamp":{"t":1681875678,"i":1}}}}}
{"t":{"$date":"2023-04-19T06:54:52.631+00:00"},"s":"I",  "c":"REPL",     "id":21553,   "ctx":"initandlisten","msg":"Truncating oplog from truncateAfterOplogEntryTimestamp (non-inclusive)","attr":{"truncateAfterOplogEntryTimestamp":{"$timestamp":{"t":1681875678,"i":1}},"oplogTruncateAfterPoint":{"$timestamp":{"t":1681875678,"i":1}}}}
{"t":{"$date":"2023-04-19T06:54:52.634+00:00"},"s":"I",  "c":"REPL",     "id":21554,   "ctx":"initandlisten","msg":"Replication recovery oplog truncation finished","attr":{"durationMillis":2}}
{"t":{"$date":"2023-04-19T06:54:52.637+00:00"},"s":"I",  "c":"REPL",     "id":21544,   "ctx":"initandlisten","msg":"Recovering from stable timestamp","attr":{"stableTimestamp":{"$timestamp":{"t":1681875678,"i":1}},"topOfOplog":{"ts":{"$timestamp":{"t":1681875678,"i":1}},"t":7},"appliedThrough":{"ts":{"$timestamp":{"t":0,"i":0}},"t":-1}}}
{"t":{"$date":"2023-04-19T06:54:52.639+00:00"},"s":"I",  "c":"REPL",     "id":21545,   "ctx":"initandlisten","msg":"Starting recovery oplog application at the stable timestamp","attr":{"stableTimestamp":{"$timestamp":{"t":1681875678,"i":1}}}}
{"t":{"$date":"2023-04-19T06:54:52.639+00:00"},"s":"I",  "c":"REPL",     "id":5466604, "ctx":"initandlisten","msg":"Start point for recovery oplog application exists in oplog. No adjustment necessary","attr":{"startPoint":{"$timestamp":{"t":1681875678,"i":1}}}}
{"t":{"$date":"2023-04-19T06:54:52.640+00:00"},"s":"I",  "c":"REPL",     "id":21549,   "ctx":"initandlisten","msg":"No oplog entries to apply for recovery. Start point is at the top of the oplog"}
{"t":{"$date":"2023-04-19T06:54:52.641+00:00"},"s":"I",  "c":"REPL",     "id":4280505, "ctx":"initandlisten","msg":"Creating any necessary TenantMigrationAccessBlockers for unfinished migrations"}
{"t":{"$date":"2023-04-19T06:54:52.659+00:00"},"s":"I",  "c":"REPL",     "id":4280506, "ctx":"initandlisten","msg":"Reconstructing prepared transactions"}
{"t":{"$date":"2023-04-19T06:54:52.672+00:00"},"s":"I",  "c":"REPL",     "id":4280507, "ctx":"initandlisten","msg":"Loaded replica set config, scheduled callback to set local config"}
{"t":{"$date":"2023-04-19T06:54:52.673+00:00"},"s":"I",  "c":"REPL",     "id":4280508, "ctx":"ReplCoord-0","msg":"Attempting to set local replica set config; validating config for startup"}
{"t":{"$date":"2023-04-19T06:54:52.679+00:00"},"s":"I",  "c":"CONTROL",  "id":20714,   "ctx":"LogicalSessionCacheRefresh","msg":"Failed to refresh session cache, will try again at the next refresh interval","attr":{"error":"NotYetInitialized: Replication has not yet been configured"}}
{"t":{"$date":"2023-04-19T06:54:52.680+00:00"},"s":"I",  "c":"REPL",     "id":40440,   "ctx":"initandlisten","msg":"Starting the TopologyVersionObserver"}
{"t":{"$date":"2023-04-19T06:54:52.680+00:00"},"s":"I",  "c":"CONTROL",  "id":20711,   "ctx":"LogicalSessionCacheReap","msg":"Failed to reap transaction table","attr":{"error":"NotYetInitialized: Replication has not yet been configured"}}
{"t":{"$date":"2023-04-19T06:54:52.684+00:00"},"s":"I",  "c":"REPL",     "id":40445,   "ctx":"TopologyVersionObserver","msg":"Started TopologyVersionObserver"}
{"t":{"$date":"2023-04-19T06:54:52.692+00:00"},"s":"I",  "c":"NETWORK",  "id":23015,   "ctx":"listener","msg":"Listening on","attr":{"address":"/tmp/mongodb-27017.sock"}}
{"t":{"$date":"2023-04-19T06:54:52.694+00:00"},"s":"I",  "c":"NETWORK",  "id":23015,   "ctx":"listener","msg":"Listening on","attr":{"address":"127.0.0.1"}}
{"t":{"$date":"2023-04-19T06:54:52.695+00:00"},"s":"I",  "c":"NETWORK",  "id":23016,   "ctx":"listener","msg":"Waiting for connections","attr":{"port":27017,"ssl":"off"}}
{"t":{"$date":"2023-04-19T06:54:52.697+00:00"},"s":"I",  "c":"NETWORK",  "id":22943,   "ctx":"listener","msg":"Connection accepted","attr":{"remote":"127.0.0.1:45436","uuid":"906134ab-65b0-461e-b8a5-005c5261f4b6","connectionId":2,"connectionCount":1}}
{"t":{"$date":"2023-04-19T06:54:52.710+00:00"},"s":"W",  "c":"COMMAND",  "id":5578800, "ctx":"conn2","msg":"Deprecated operation requested. The client driver may require an upgrade in order to ensure compatibility with future server versions. For more details see https://dochub.mongodb.org/core/legacy-opcode-compatibility","attr":{"op":"query","clientInfo":{"address":"127.0.0.1:45436"}}}
{"t":{"$date":"2023-04-19T06:54:52.770+00:00"},"s":"I",  "c":"-",        "id":4939300, "ctx":"monitoring-keys-for-HMAC","msg":"Failed to refresh key cache","attr":{"error":"ReadConcernMajorityNotAvailableYet: Read concern majority reads are currently not possible.","nextWakeupMillis":400}}
{"t":{"$date":"2023-04-19T06:54:52.805+00:00"},"s":"I",  "c":"ACCESS",   "id":20250,   "ctx":"conn2","msg":"Authentication succeeded","attr":{"mechanism":"SCRAM-SHA-256","speculative":false,"principalName":"__system","authenticationDatabase":"local","remote":"127.0.0.1:45436","extraInfo":{}}}
{"t":{"$date":"2023-04-19T06:54:52.807+00:00"},"s":"I",  "c":"NETWORK",  "id":22944,   "ctx":"conn2","msg":"Connection ended","attr":{"remote":"127.0.0.1:45436","uuid":"906134ab-65b0-461e-b8a5-005c5261f4b6","connectionId":2,"connectionCount":0}}
{"t":{"$date":"2023-04-19T06:54:52.808+00:00"},"s":"I",  "c":"REPL",     "id":4280509, "ctx":"ReplCoord-0","msg":"Local configuration validated for startup"}
{"t":{"$date":"2023-04-19T06:54:52.811+00:00"},"s":"I",  "c":"REPL",     "id":6015317, "ctx":"ReplCoord-0","msg":"Setting new configuration state","attr":{"newState":"ConfigSteady","oldState":"ConfigStartingUp"}}
{"t":{"$date":"2023-04-19T06:54:52.813+00:00"},"s":"I",  "c":"REPL",     "id":21392,   "ctx":"ReplCoord-0","msg":"New replica set config in use","attr":{"config":{"_id":"mr1","version":1,"term":7,"members":[{"_id":0,"host":"localhost:27017","arbiterOnly":false,"buildIndexes":true,"hidden":false,"priority":1,"tags":{},"secondaryDelaySecs":0,"votes":1}],"protocolVersion":1,"writeConcernMajorityJournalDefault":true,"settings":{"chainingAllowed":true,"heartbeatIntervalMillis":2000,"heartbeatTimeoutSecs":10,"electionTimeoutMillis":10000,"catchUpTimeoutMillis":-1,"catchUpTakeoverDelayMillis":30000,"getLastErrorModes":{},"getLastErrorDefaults":{"w":1,"wtimeout":0},"replicaSetId":{"$oid":"643ebb70036f2d239912fb28"}}}}}
{"t":{"$date":"2023-04-19T06:54:52.814+00:00"},"s":"I",  "c":"REPL",     "id":21393,   "ctx":"ReplCoord-0","msg":"Found self in config","attr":{"hostAndPort":"localhost:27017"}}
{"t":{"$date":"2023-04-19T06:54:52.816+00:00"},"s":"I",  "c":"REPL",     "id":21358,   "ctx":"ReplCoord-0","msg":"Replica set state transition","attr":{"newState":"STARTUP2","oldState":"STARTUP"}}
{"t":{"$date":"2023-04-19T06:54:52.818+00:00"},"s":"I",  "c":"REPL",     "id":21320,   "ctx":"ReplCoord-0","msg":"Updated term","attr":{"term":7}}
{"t":{"$date":"2023-04-19T06:54:52.820+00:00"},"s":"I",  "c":"REPL",     "id":21306,   "ctx":"ReplCoord-0","msg":"Starting replication storage threads"}
{"t":{"$date":"2023-04-19T06:54:52.822+00:00"},"s":"I",  "c":"REPL",     "id":4280512, "ctx":"ReplCoord-0","msg":"No initial sync required. Attempting to begin steady replication"}
{"t":{"$date":"2023-04-19T06:54:52.823+00:00"},"s":"I",  "c":"REPL",     "id":21358,   "ctx":"ReplCoord-0","msg":"Replica set state transition","attr":{"newState":"RECOVERING","oldState":"STARTUP2"}}
{"t":{"$date":"2023-04-19T06:54:52.833+00:00"},"s":"I",  "c":"REPL",     "id":21299,   "ctx":"ReplCoord-0","msg":"Starting replication fetcher thread"}
{"t":{"$date":"2023-04-19T06:54:52.835+00:00"},"s":"I",  "c":"REPL",     "id":21300,   "ctx":"ReplCoord-0","msg":"Starting replication applier thread"}
{"t":{"$date":"2023-04-19T06:54:52.837+00:00"},"s":"I",  "c":"REPL",     "id":21224,   "ctx":"OplogApplier-0","msg":"Starting oplog application"}
{"t":{"$date":"2023-04-19T06:54:52.837+00:00"},"s":"I",  "c":"REPL",     "id":21301,   "ctx":"ReplCoord-0","msg":"Starting replication reporter thread"}
{"t":{"$date":"2023-04-19T06:54:52.839+00:00"},"s":"I",  "c":"REPL",     "id":21358,   "ctx":"OplogApplier-0","msg":"Replica set state transition","attr":{"newState":"SECONDARY","oldState":"RECOVERING"}}
{"t":{"$date":"2023-04-19T06:54:52.840+00:00"},"s":"I",  "c":"ELECTION", "id":4615652, "ctx":"OplogApplier-0","msg":"Starting an election, since we've seen no PRIMARY in election timeout period","attr":{"electionTimeoutPeriodMillis":10000}}
{"t":{"$date":"2023-04-19T06:54:52.841+00:00"},"s":"I",  "c":"ELECTION", "id":21438,   "ctx":"OplogApplier-0","msg":"Conducting a dry run election to see if we could be elected","attr":{"currentTerm":7}}
{"t":{"$date":"2023-04-19T06:54:52.840+00:00"},"s":"I",  "c":"REPL",     "id":4280511, "ctx":"ReplCoord-0","msg":"Set local replica set config"}
{"t":{"$date":"2023-04-19T06:54:52.843+00:00"},"s":"I",  "c":"ELECTION", "id":21444,   "ctx":"ReplCoord-0","msg":"Dry election run succeeded, running for election","attr":{"newTerm":8}}
{"t":{"$date":"2023-04-19T06:54:52.845+00:00"},"s":"I",  "c":"ELECTION", "id":6015300, "ctx":"ReplCoord-0","msg":"Storing last vote document in local storage for my election","attr":{"lastVote":{"term":8,"candidateIndex":0}}}
{"t":{"$date":"2023-04-19T06:54:52.854+00:00"},"s":"I",  "c":"ELECTION", "id":21450,   "ctx":"ReplCoord-0","msg":"Election succeeded, assuming primary role","attr":{"term":8}}
{"t":{"$date":"2023-04-19T06:54:52.855+00:00"},"s":"I",  "c":"REPL",     "id":21358,   "ctx":"ReplCoord-0","msg":"Replica set state transition","attr":{"newState":"PRIMARY","oldState":"SECONDARY"}}
{"t":{"$date":"2023-04-19T06:54:52.856+00:00"},"s":"I",  "c":"REPL",     "id":21106,   "ctx":"ReplCoord-0","msg":"Resetting sync source to empty","attr":{"previousSyncSource":":27017"}}
{"t":{"$date":"2023-04-19T06:54:52.857+00:00"},"s":"I",  "c":"REPL",     "id":21359,   "ctx":"ReplCoord-0","msg":"Entering primary catch-up mode"}
{"t":{"$date":"2023-04-19T06:54:52.859+00:00"},"s":"I",  "c":"REPL",     "id":6015304, "ctx":"ReplCoord-0","msg":"Skipping primary catchup since we are the only node in the replica set."}
{"t":{"$date":"2023-04-19T06:54:52.860+00:00"},"s":"I",  "c":"REPL",     "id":21363,   "ctx":"ReplCoord-0","msg":"Exited primary catch-up mode"}
{"t":{"$date":"2023-04-19T06:54:52.861+00:00"},"s":"I",  "c":"REPL",     "id":21107,   "ctx":"ReplCoord-0","msg":"Stopping replication producer"}
{"t":{"$date":"2023-04-19T06:54:52.862+00:00"},"s":"I",  "c":"REPL",     "id":21239,   "ctx":"ReplBatcher","msg":"Oplog buffer has been drained","attr":{"term":8}}
{"t":{"$date":"2023-04-19T06:54:52.863+00:00"},"s":"I",  "c":"REPL",     "id":21239,   "ctx":"ReplBatcher","msg":"Oplog buffer has been drained","attr":{"term":8}}
{"t":{"$date":"2023-04-19T06:54:52.863+00:00"},"s":"I",  "c":"REPL",     "id":21343,   "ctx":"RstlKillOpThread","msg":"Starting to kill user operations"}
{"t":{"$date":"2023-04-19T06:54:52.865+00:00"},"s":"I",  "c":"REPL",     "id":21344,   "ctx":"RstlKillOpThread","msg":"Stopped killing user operations"}
{"t":{"$date":"2023-04-19T06:54:52.866+00:00"},"s":"I",  "c":"REPL",     "id":21340,   "ctx":"RstlKillOpThread","msg":"State transition ops metrics","attr":{"metrics":{"lastStateTransition":"stepUp","userOpsKilled":0,"userOpsRunning":0}}}
{"t":{"$date":"2023-04-19T06:54:52.868+00:00"},"s":"I",  "c":"REPL",     "id":4508103, "ctx":"OplogApplier-0","msg":"Increment the config term via reconfig"}
{"t":{"$date":"2023-04-19T06:54:52.869+00:00"},"s":"I",  "c":"REPL",     "id":6015313, "ctx":"OplogApplier-0","msg":"Replication config state is Steady, starting reconfig"}
{"t":{"$date":"2023-04-19T06:54:52.870+00:00"},"s":"I",  "c":"REPL",     "id":6015317, "ctx":"OplogApplier-0","msg":"Setting new configuration state","attr":{"newState":"ConfigReconfiguring","oldState":"ConfigSteady"}}
{"t":{"$date":"2023-04-19T06:54:52.872+00:00"},"s":"I",  "c":"REPL",     "id":21353,   "ctx":"OplogApplier-0","msg":"replSetReconfig config object parses ok","attr":{"numMembers":1}}
{"t":{"$date":"2023-04-19T06:54:52.873+00:00"},"s":"I",  "c":"REPL",     "id":51814,   "ctx":"OplogApplier-0","msg":"Persisting new config to disk"}
{"t":{"$date":"2023-04-19T06:54:52.875+00:00"},"s":"I",  "c":"REPL",     "id":6015315, "ctx":"OplogApplier-0","msg":"Persisted new config to disk"}
{"t":{"$date":"2023-04-19T06:54:52.876+00:00"},"s":"I",  "c":"REPL",     "id":6015317, "ctx":"OplogApplier-0","msg":"Setting new configuration state","attr":{"newState":"ConfigSteady","oldState":"ConfigReconfiguring"}}
{"t":{"$date":"2023-04-19T06:54:52.877+00:00"},"s":"I",  "c":"REPL",     "id":21392,   "ctx":"OplogApplier-0","msg":"New replica set config in use","attr":{"config":{"_id":"mr1","version":1,"term":8,"members":[{"_id":0,"host":"localhost:27017","arbiterOnly":false,"buildIndexes":true,"hidden":false,"priority":1,"tags":{},"secondaryDelaySecs":0,"votes":1}],"protocolVersion":1,"writeConcernMajorityJournalDefault":true,"settings":{"chainingAllowed":true,"heartbeatIntervalMillis":2000,"heartbeatTimeoutSecs":10,"electionTimeoutMillis":10000,"catchUpTimeoutMillis":-1,"catchUpTakeoverDelayMillis":30000,"getLastErrorModes":{},"getLastErrorDefaults":{"w":1,"wtimeout":0},"replicaSetId":{"$oid":"643ebb70036f2d239912fb28"}}}}}
{"t":{"$date":"2023-04-19T06:54:52.879+00:00"},"s":"I",  "c":"REPL",     "id":21393,   "ctx":"OplogApplier-0","msg":"Found self in config","attr":{"hostAndPort":"localhost:27017"}}
{"t":{"$date":"2023-04-19T06:54:52.880+00:00"},"s":"I",  "c":"REPL",     "id":6015310, "ctx":"OplogApplier-0","msg":"Starting to transition to primary."}
{"t":{"$date":"2023-04-19T06:54:52.882+00:00"},"s":"I",  "c":"REPL",     "id":6015309, "ctx":"OplogApplier-0","msg":"Logging transition to primary to oplog on stepup"}
{"t":{"$date":"2023-04-19T06:54:52.883+00:00"},"s":"I",  "c":"STORAGE",  "id":20657,   "ctx":"OplogApplier-0","msg":"IndexBuildsCoordinator::onStepUp - this node is stepping up to primary"}
{"t":{"$date":"2023-04-19T06:54:52.885+00:00"},"s":"I",  "c":"REPL",     "id":21331,   "ctx":"OplogApplier-0","msg":"Transition to primary complete; database writes are now permitted"}
{"t":{"$date":"2023-04-19T06:54:52.887+00:00"},"s":"I",  "c":"REPL",     "id":6015306, "ctx":"OplogApplier-0","msg":"Applier already left draining state, exiting."}
{"t":{"$date":"2023-04-19T06:54:52.893+00:00"},"s":"I",  "c":"REPL",     "id":5123005, "ctx":"TenantMigrationRecipientService-0","msg":"Rebuilding PrimaryOnlyService due to stepUp","attr":{"service":"TenantMigrationRecipientService"}}
{"t":{"$date":"2023-04-19T06:54:52.894+00:00"},"s":"I",  "c":"REPL",     "id":5123005, "ctx":"TenantMigrationDonorService-0","msg":"Rebuilding PrimaryOnlyService due to stepUp","attr":{"service":"TenantMigrationDonorService"}}
{"t":{"$date":"2023-04-19T06:54:56.304+00:00"},"s":"I",  "c":"NETWORK",  "id":22943,   "ctx":"listener","msg":"Connection accepted","attr":{"remote":"127.0.0.1:53052","uuid":"578df864-6217-41ad-99e4-f7f46d5cdd87","connectionId":3,"connectionCount":1}}
{"t":{"$date":"2023-04-19T06:54:56.307+00:00"},"s":"I",  "c":"NETWORK",  "id":22943,   "ctx":"listener","msg":"Connection accepted","attr":{"remote":"127.0.0.1:53044","uuid":"fc249c57-38a7-4f68-9994-9b8fe9751917","connectionId":4,"connectionCount":2}}
{"t":{"$date":"2023-04-19T06:54:56.343+00:00"},"s":"I",  "c":"NETWORK",  "id":51800,   "ctx":"conn3","msg":"client metadata","attr":{"remote":"127.0.0.1:53052","client":"conn3","doc":{"driver":{"name":"mongo-java-driver|reactive-streams|spring-boot","version":"4.8.1"},"os":{"type":"Linux","name":"Linux","architecture":"amd64","version":"5.15.49-linuxkit"},"platform":"Java/Eclipse Adoptium/17.0.6+10"}}}
{"t":{"$date":"2023-04-19T06:54:56.344+00:00"},"s":"I",  "c":"NETWORK",  "id":51800,   "ctx":"conn4","msg":"client metadata","attr":{"remote":"127.0.0.1:53044","client":"conn4","doc":{"driver":{"name":"mongo-java-driver|reactive-streams|spring-boot","version":"4.8.1"},"os":{"type":"Linux","name":"Linux","architecture":"amd64","version":"5.15.49-linuxkit"},"platform":"Java/Eclipse Adoptium/17.0.6+10"}}}
{"t":{"$date":"2023-04-19T06:55:04.804+00:00"},"s":"I",  "c":"NETWORK",  "id":22943,   "ctx":"listener","msg":"Connection accepted","attr":{"remote":"127.0.0.1:51930","uuid":"b5e1e055-4d79-4c83-b3d2-1ca827a84f94","connectionId":5,"connectionCount":3}}
{"t":{"$date":"2023-04-19T06:55:04.808+00:00"},"s":"I",  "c":"NETWORK",  "id":22943,   "ctx":"listener","msg":"Connection accepted","attr":{"remote":"127.0.0.1:51932","uuid":"fb039f86-1def-4b26-945a-e7c09d604849","connectionId":6,"connectionCount":4}}
{"t":{"$date":"2023-04-19T06:55:04.813+00:00"},"s":"I",  "c":"NETWORK",  "id":51800,   "ctx":"conn5","msg":"client metadata","attr":{"remote":"127.0.0.1:51930","client":"conn5","doc":{"driver":{"name":"mongo-java-driver|sync|spring-boot","version":"4.8.1"},"os":{"type":"Linux","name":"Linux","architecture":"amd64","version":"5.15.49-linuxkit"},"platform":"Java/Eclipse Adoptium/17.0.6+10"}}}
{"t":{"$date":"2023-04-19T06:55:04.815+00:00"},"s":"I",  "c":"NETWORK",  "id":51800,   "ctx":"conn6","msg":"client metadata","attr":{"remote":"127.0.0.1:51932","client":"conn6","doc":{"driver":{"name":"mongo-java-driver|sync|spring-boot","version":"4.8.1"},"os":{"type":"Linux","name":"Linux","architecture":"amd64","version":"5.15.49-linuxkit"},"platform":"Java/Eclipse Adoptium/17.0.6+10"}}}
{"t":{"$date":"2023-04-19T06:55:05.089+00:00"},"s":"I",  "c":"NETWORK",  "id":22943,   "ctx":"listener","msg":"Connection accepted","attr":{"remote":"127.0.0.1:51940","uuid":"f8dc0b78-f72e-4ccc-a45f-bfa04b71eab3","connectionId":7,"connectionCount":5}}
{"t":{"$date":"2023-04-19T06:55:05.106+00:00"},"s":"I",  "c":"NETWORK",  "id":51800,   "ctx":"conn7","msg":"client metadata","attr":{"remote":"127.0.0.1:51940","client":"conn7","doc":{"driver":{"name":"mongo-java-driver|sync|spring-boot","version":"4.8.1"},"os":{"type":"Linux","name":"Linux","architecture":"amd64","version":"5.15.49-linuxkit"},"platform":"Java/Eclipse Adoptium/17.0.6+10"}}}
{"t":{"$date":"2023-04-19T06:55:05.252+00:00"},"s":"I",  "c":"ACCESS",   "id":20250,   "ctx":"conn7","msg":"Authentication succeeded","attr":{"mechanism":"SCRAM-SHA-256","speculative":true,"principalName":"appsmith","authenticationDatabase":"appsmith","remote":"127.0.0.1:51940","extraInfo":{}}}
{"t":{"$date":"2023-04-19T06:55:05.497+00:00"},"s":"I",  "c":"NETWORK",  "id":22943,   "ctx":"listener","msg":"Connection accepted","attr":{"remote":"127.0.0.1:51948","uuid":"e028ebea-3538-4b64-8e09-c003808dbbaa","connectionId":8,"connectionCount":6}}
{"t":{"$date":"2023-04-19T06:55:05.503+00:00"},"s":"I",  "c":"NETWORK",  "id":51800,   "ctx":"conn8","msg":"client metadata","attr":{"remote":"127.0.0.1:51948","client":"conn8","doc":{"driver":{"name":"mongo-java-driver|sync|spring-boot","version":"4.8.1"},"os":{"type":"Linux","name":"Linux","architecture":"amd64","version":"5.15.49-linuxkit"},"platform":"Java/Eclipse Adoptium/17.0.6+10"}}}
{"t":{"$date":"2023-04-19T06:55:05.619+00:00"},"s":"I",  "c":"ACCESS",   "id":20250,   "ctx":"conn8","msg":"Authentication succeeded","attr":{"mechanism":"SCRAM-SHA-256","speculative":true,"principalName":"appsmith","authenticationDatabase":"appsmith","remote":"127.0.0.1:51948","extraInfo":{}}}
{"t":{"$date":"2023-04-19T06:55:05.786+00:00"},"s":"I",  "c":"COMMAND",  "id":51806,   "ctx":"conn8","msg":"CMD: dropIndexes","attr":{"namespace":"appsmith.theme","uuid":{"uuid":{"$uuid":"a70e8619-0a2f-4343-b525-e1d2de1cee21"}},"indexes":"system_theme_index"}}
{"t":{"$date":"2023-04-19T06:55:05.788+00:00"},"s":"I",  "c":"STORAGE",  "id":22206,   "ctx":"conn8","msg":"Deferring table drop for index","attr":{"index":"system_theme_index","namespace":"appsmith.theme","uuid":{"uuid":{"$uuid":"a70e8619-0a2f-4343-b525-e1d2de1cee21"}},"ident":"index-0--2460413169372335430","commitTimestamp":{"$timestamp":{"t":1681887305,"i":3}}}}
{"t":{"$date":"2023-04-19T06:55:05.800+00:00"},"s":"I",  "c":"COMMAND",  "id":51806,   "ctx":"conn8","msg":"CMD: dropIndexes","attr":{"namespace":"appsmith.theme","uuid":{"uuid":{"$uuid":"a70e8619-0a2f-4343-b525-e1d2de1cee21"}},"indexes":"application_id_index"}}
{"t":{"$date":"2023-04-19T06:55:05.802+00:00"},"s":"I",  "c":"STORAGE",  "id":22206,   "ctx":"conn8","msg":"Deferring table drop for index","attr":{"index":"application_id_index","namespace":"appsmith.theme","uuid":{"uuid":{"$uuid":"a70e8619-0a2f-4343-b525-e1d2de1cee21"}},"ident":"index-2--2460413169372335430","commitTimestamp":{"$timestamp":{"t":1681887305,"i":4}}}}
{"t":{"$date":"2023-04-19T06:55:05.836+00:00"},"s":"I",  "c":"INDEX",    "id":20438,   "ctx":"conn8","msg":"Index build: registering","attr":{"buildUUID":{"uuid":{"$uuid":"609d9b0e-33e6-4fee-bd44-c2e4f4e3a7aa"}},"namespace":"appsmith.theme","collectionUUID":{"uuid":{"$uuid":"a70e8619-0a2f-4343-b525-e1d2de1cee21"}},"indexes":1,"firstIndex":{"name":"system_theme_index"}}}
{"t":{"$date":"2023-04-19T06:55:05.903+00:00"},"s":"I",  "c":"INDEX",    "id":20384,   "ctx":"IndexBuildsCoordinatorMongod-0","msg":"Index build: starting","attr":{"buildUUID":{"uuid":{"$uuid":"609d9b0e-33e6-4fee-bd44-c2e4f4e3a7aa"}},"collectionUUID":{"uuid":{"$uuid":"a70e8619-0a2f-4343-b525-e1d2de1cee21"}},"namespace":"appsmith.theme","properties":{"v":2,"key":{"isSystemTheme":1},"name":"system_theme_index","background":true},"method":"Hybrid","maxTemporaryMemoryUsageMB":200}}
{"t":{"$date":"2023-04-19T06:55:05.906+00:00"},"s":"I",  "c":"INDEX",    "id":20346,   "ctx":"IndexBuildsCoordinatorMongod-0","msg":"Index build: initialized","attr":{"buildUUID":{"uuid":{"$uuid":"609d9b0e-33e6-4fee-bd44-c2e4f4e3a7aa"}},"collectionUUID":{"uuid":{"$uuid":"a70e8619-0a2f-4343-b525-e1d2de1cee21"}},"namespace":"appsmith.theme","initializationTimestamp":{"$timestamp":{"t":1681887305,"i":6}}}}
{"t":{"$date":"2023-04-19T06:55:05.907+00:00"},"s":"I",  "c":"STORAGE",  "id":4847600, "ctx":"IndexBuildsCoordinatorMongod-0","msg":"Index build: waiting for last optime before interceptors to be majority committed","attr":{"buildUUID":{"uuid":{"$uuid":"609d9b0e-33e6-4fee-bd44-c2e4f4e3a7aa"}},"collectionUUID":{"uuid":{"$uuid":"a70e8619-0a2f-4343-b525-e1d2de1cee21"}},"deadline":{"$date":"2023-04-19T06:55:15.907Z"},"timeoutMillis":10000,"lastOpTime":{"ts":{"$timestamp":{"t":1681887305,"i":6}},"t":8}}}
{"t":{"$date":"2023-04-19T06:55:05.907+00:00"},"s":"I",  "c":"INDEX",    "id":20440,   "ctx":"conn8","msg":"Index build: waiting for index build to complete","attr":{"buildUUID":{"uuid":{"$uuid":"609d9b0e-33e6-4fee-bd44-c2e4f4e3a7aa"}},"deadline":{"$date":{"$numberLong":"9223372036854775807"}}}}
{"t":{"$date":"2023-04-19T06:55:06.006+00:00"},"s":"I",  "c":"INDEX",    "id":20391,   "ctx":"IndexBuildsCoordinatorMongod-0","msg":"Index build: collection scan done","attr":{"buildUUID":{"uuid":{"$uuid":"609d9b0e-33e6-4fee-bd44-c2e4f4e3a7aa"}},"collectionUUID":{"uuid":{"$uuid":"a70e8619-0a2f-4343-b525-e1d2de1cee21"}},"namespace":"appsmith.theme","totalRecords":8,"readSource":"kMajorityCommitted","durationMillis":0}}
{"t":{"$date":"2023-04-19T06:55:06.013+00:00"},"s":"I",  "c":"INDEX",    "id":20685,   "ctx":"IndexBuildsCoordinatorMongod-0","msg":"Index build: inserted keys from external sorter into index","attr":{"namespace":"appsmith.theme","index":"system_theme_index","keysInserted":8,"durationMillis":0}}
{"t":{"$date":"2023-04-19T06:55:06.021+00:00"},"s":"I",  "c":"CONNPOOL", "id":22576,   "ctx":"ReplNetwork","msg":"Connecting","attr":{"hostAndPort":"localhost:27017"}}
{"t":{"$date":"2023-04-19T06:55:06.022+00:00"},"s":"I",  "c":"NETWORK",  "id":22943,   "ctx":"listener","msg":"Connection accepted","attr":{"remote":"127.0.0.1:51962","uuid":"bbf4f539-c09f-49bb-977b-56b0a7aeb4d3","connectionId":10,"connectionCount":7}}
{"t":{"$date":"2023-04-19T06:55:06.023+00:00"},"s":"I",  "c":"NETWORK",  "id":51800,   "ctx":"conn10","msg":"client metadata","attr":{"remote":"127.0.0.1:51962","client":"conn10","doc":{"driver":{"name":"NetworkInterfaceTL","version":"5.0.15"},"os":{"type":"Linux","name":"Ubuntu","architecture":"x86_64","version":"20.04"}}}}
{"t":{"$date":"2023-04-19T06:55:06.025+00:00"},"s":"I",  "c":"ACCESS",   "id":20250,   "ctx":"conn10","msg":"Authentication succeeded","attr":{"mechanism":"SCRAM-SHA-256","speculative":true,"principalName":"__system","authenticationDatabase":"local","remote":"127.0.0.1:51962","extraInfo":{}}}
{"t":{"$date":"2023-04-19T06:55:06.027+00:00"},"s":"I",  "c":"STORAGE",  "id":3856201, "ctx":"conn10","msg":"Index build: commit quorum satisfied","attr":{"indexBuildEntry":{"_id":{"$uuid":"609d9b0e-33e6-4fee-bd44-c2e4f4e3a7aa"},"collectionUUID":{"$uuid":"a70e8619-0a2f-4343-b525-e1d2de1cee21"},"commitQuorum":"votingMembers","indexNames":["system_theme_index"],"commitReadyMembers":["localhost:27017"]}}}
{"t":{"$date":"2023-04-19T06:55:06.028+00:00"},"s":"I",  "c":"CONNPOOL", "id":22566,   "ctx":"ReplNetwork","msg":"Ending connection due to bad connection status","attr":{"hostAndPort":"localhost:27017","error":"CallbackCanceled: Callback was canceled","numOpenConns":0}}
{"t":{"$date":"2023-04-19T06:55:06.028+00:00"},"s":"I",  "c":"STORAGE",  "id":3856203, "ctx":"IndexBuildsCoordinatorMongod-0","msg":"Index build: waiting for next action before completing final phase","attr":{"buildUUID":{"uuid":{"$uuid":"609d9b0e-33e6-4fee-bd44-c2e4f4e3a7aa"}}}}
{"t":{"$date":"2023-04-19T06:55:06.030+00:00"},"s":"I",  "c":"STORAGE",  "id":3856204, "ctx":"IndexBuildsCoordinatorMongod-0","msg":"Index build: received signal","attr":{"buildUUID":{"uuid":{"$uuid":"609d9b0e-33e6-4fee-bd44-c2e4f4e3a7aa"}},"action":"Commit quorum Satisfied"}}
{"t":{"$date":"2023-04-19T06:55:06.029+00:00"},"s":"I",  "c":"NETWORK",  "id":22943,   "ctx":"listener","msg":"Connection accepted","attr":{"remote":"127.0.0.1:51964","uuid":"26b485c7-ebf1-48ca-a2fd-7538695e05ed","connectionId":12,"connectionCount":8}}
{"t":{"$date":"2023-04-19T06:55:06.031+00:00"},"s":"I",  "c":"NETWORK",  "id":22944,   "ctx":"conn10","msg":"Connection ended","attr":{"remote":"127.0.0.1:51962","uuid":"bbf4f539-c09f-49bb-977b-56b0a7aeb4d3","connectionId":10,"connectionCount":7}}
{"t":{"$date":"2023-04-19T06:55:06.032+00:00"},"s":"I",  "c":"INDEX",    "id":20345,   "ctx":"IndexBuildsCoordinatorMongod-0","msg":"Index build: done building","attr":{"buildUUID":{"uuid":{"$uuid":"609d9b0e-33e6-4fee-bd44-c2e4f4e3a7aa"}},"namespace":"appsmith.theme","index":"system_theme_index","commitTimestamp":{"$timestamp":{"t":1681887306,"i":2}}}}
{"t":{"$date":"2023-04-19T06:55:06.033+00:00"},"s":"I",  "c":"NETWORK",  "id":51800,   "ctx":"conn12","msg":"client metadata","attr":{"remote":"127.0.0.1:51964","client":"conn12","doc":{"driver":{"name":"NetworkInterfaceTL","version":"5.0.15"},"os":{"type":"Linux","name":"Ubuntu","architecture":"x86_64","version":"20.04"}}}}
{"t":{"$date":"2023-04-19T06:55:06.036+00:00"},"s":"I",  "c":"ACCESS",   "id":20250,   "ctx":"conn12","msg":"Authentication succeeded","attr":{"mechanism":"SCRAM-SHA-256","speculative":true,"principalName":"__system","authenticationDatabase":"local","remote":"127.0.0.1:51964","extraInfo":{}}}
{"t":{"$date":"2023-04-19T06:55:06.038+00:00"},"s":"I",  "c":"STORAGE",  "id":20663,   "ctx":"IndexBuildsCoordinatorMongod-0","msg":"Index build: completed successfully","attr":{"buildUUID":{"uuid":{"$uuid":"609d9b0e-33e6-4fee-bd44-c2e4f4e3a7aa"}},"collectionUUID":{"uuid":{"$uuid":"a70e8619-0a2f-4343-b525-e1d2de1cee21"}},"namespace":"appsmith.theme","indexesBuilt":["system_theme_index"],"numIndexesBefore":1,"numIndexesAfter":2}}
{"t":{"$date":"2023-04-19T06:55:06.040+00:00"},"s":"I",  "c":"INDEX",    "id":20447,   "ctx":"conn8","msg":"Index build: completed","attr":{"buildUUID":{"uuid":{"$uuid":"609d9b0e-33e6-4fee-bd44-c2e4f4e3a7aa"}}}}
{"t":{"$date":"2023-04-19T06:55:06.044+00:00"},"s":"I",  "c":"COMMAND",  "id":51803,   "ctx":"conn8","msg":"Slow query","attr":{"type":"command","ns":"appsmith.theme","command":{"createIndexes":"theme","indexes":[{"key":{"isSystemTheme":1},"name":"system_theme_index","background":true}],"$db":"appsmith","$clusterTime":{"clusterTime":{"$timestamp":{"t":1681887305,"i":4}},"signature":{"hash":{"$binary":{"base64":"+taUJ0uCceK4bcNX8XYh/MF1x7o=","subType":"0"}},"keyId":7223416946354552836}},"lsid":{"id":{"$uuid":"c9becc92-22d5-47e3-b5a8-2ba9b540b230"}},"$readPreference":{"mode":"primaryPreferred"}},"numYields":0,"reslen":271,"locks":{"ParallelBatchWriterMode":{"acquireCount":{"r":3}},"FeatureCompatibilityVersion":{"acquireCount":{"r":4,"w":2}},"ReplicationStateTransition":{"acquireCount":{"w":6}},"Global":{"acquireCount":{"r":4,"w":2}},"Database":{"acquireCount":{"r":2,"w":1}},"Collection":{"acquireCount":{"r":2,"W":1}},"Mutex":{"acquireCount":{"r":3}}},"flowControl":{"acquireCount":2,"timeAcquiringMicros":4},"readConcern":{"level":"local","provenance":"implicitDefault"},"writeConcern":{"w":"majority","wtimeout":0,"provenance":"implicitDefault"},"storage":{"data":{"bytesRead":101608,"timeReadingMicros":191}},"remote":"127.0.0.1:51948","protocol":"op_msg","durationMillis":207}}
{"t":{"$date":"2023-04-19T06:55:06.050+00:00"},"s":"I",  "c":"INDEX",    "id":20438,   "ctx":"conn8","msg":"Index build: registering","attr":{"buildUUID":{"uuid":{"$uuid":"21cdc716-f3f7-41fb-9d68-9d9c5f5178b9"}},"namespace":"appsmith.theme","collectionUUID":{"uuid":{"$uuid":"a70e8619-0a2f-4343-b525-e1d2de1cee21"}},"indexes":1,"firstIndex":{"name":"application_id_index"}}}
{"t":{"$date":"2023-04-19T06:55:06.080+00:00"},"s":"I",  "c":"INDEX",    "id":20384,   "ctx":"IndexBuildsCoordinatorMongod-0","msg":"Index build: starting","attr":{"buildUUID":{"uuid":{"$uuid":"21cdc716-f3f7-41fb-9d68-9d9c5f5178b9"}},"collectionUUID":{"uuid":{"$uuid":"a70e8619-0a2f-4343-b525-e1d2de1cee21"}},"namespace":"appsmith.theme","properties":{"v":2,"key":{"applicationId":1,"deleted":1},"name":"application_id_index","background":true},"method":"Hybrid","maxTemporaryMemoryUsageMB":200}}
{"t":{"$date":"2023-04-19T06:55:06.081+00:00"},"s":"I",  "c":"INDEX",    "id":20346,   "ctx":"IndexBuildsCoordinatorMongod-0","msg":"Index build: initialized","attr":{"buildUUID":{"uuid":{"$uuid":"21cdc716-f3f7-41fb-9d68-9d9c5f5178b9"}},"collectionUUID":{"uuid":{"$uuid":"a70e8619-0a2f-4343-b525-e1d2de1cee21"}},"namespace":"appsmith.theme","initializationTimestamp":{"$timestamp":{"t":1681887306,"i":5}}}}
{"t":{"$date":"2023-04-19T06:55:06.082+00:00"},"s":"I",  "c":"INDEX",    "id":20440,   "ctx":"conn8","msg":"Index build: waiting for index build to complete","attr":{"buildUUID":{"uuid":{"$uuid":"21cdc716-f3f7-41fb-9d68-9d9c5f5178b9"}},"deadline":{"$date":{"$numberLong":"9223372036854775807"}}}}
{"t":{"$date":"2023-04-19T06:55:06.082+00:00"},"s":"I",  "c":"STORAGE",  "id":4847600, "ctx":"IndexBuildsCoordinatorMongod-0","msg":"Index build: waiting for last optime before interceptors to be majority committed","attr":{"buildUUID":{"uuid":{"$uuid":"21cdc716-f3f7-41fb-9d68-9d9c5f5178b9"}},"collectionUUID":{"uuid":{"$uuid":"a70e8619-0a2f-4343-b525-e1d2de1cee21"}},"deadline":{"$date":"2023-04-19T06:55:16.082Z"},"timeoutMillis":10000,"lastOpTime":{"ts":{"$timestamp":{"t":1681887306,"i":5}},"t":8}}}
{"t":{"$date":"2023-04-19T06:55:06.146+00:00"},"s":"I",  "c":"INDEX",    "id":20391,   "ctx":"IndexBuildsCoordinatorMongod-0","msg":"Index build: collection scan done","attr":{"buildUUID":{"uuid":{"$uuid":"21cdc716-f3f7-41fb-9d68-9d9c5f5178b9"}},"collectionUUID":{"uuid":{"$uuid":"a70e8619-0a2f-4343-b525-e1d2de1cee21"}},"namespace":"appsmith.theme","totalRecords":8,"readSource":"kMajorityCommitted","durationMillis":0}}
{"t":{"$date":"2023-04-19T06:55:06.154+00:00"},"s":"I",  "c":"INDEX",    "id":20685,   "ctx":"IndexBuildsCoordinatorMongod-0","msg":"Index build: inserted keys from external sorter into index","attr":{"namespace":"appsmith.theme","index":"application_id_index","keysInserted":8,"durationMillis":0}}
{"t":{"$date":"2023-04-19T06:55:06.163+00:00"},"s":"I",  "c":"STORAGE",  "id":3856201, "ctx":"conn12","msg":"Index build: commit quorum satisfied","attr":{"indexBuildEntry":{"_id":{"$uuid":"21cdc716-f3f7-41fb-9d68-9d9c5f5178b9"},"collectionUUID":{"$uuid":"a70e8619-0a2f-4343-b525-e1d2de1cee21"},"commitQuorum":"votingMembers","indexNames":["application_id_index"],"commitReadyMembers":["localhost:27017"]}}}
{"t":{"$date":"2023-04-19T06:55:06.164+00:00"},"s":"I",  "c":"CONNPOOL", "id":22566,   "ctx":"ReplNetwork","msg":"Ending connection due to bad connection status","attr":{"hostAndPort":"localhost:27017","error":"CallbackCanceled: Callback was canceled","numOpenConns":0}}
{"t":{"$date":"2023-04-19T06:55:06.165+00:00"},"s":"I",  "c":"STORAGE",  "id":3856203, "ctx":"IndexBuildsCoordinatorMongod-0","msg":"Index build: waiting for next action before completing final phase","attr":{"buildUUID":{"uuid":{"$uuid":"21cdc716-f3f7-41fb-9d68-9d9c5f5178b9"}}}}
{"t":{"$date":"2023-04-19T06:55:06.166+00:00"},"s":"I",  "c":"NETWORK",  "id":22943,   "ctx":"listener","msg":"Connection accepted","attr":{"remote":"127.0.0.1:51970","uuid":"d58b2228-3a83-4ff3-a694-79c6cd8942da","connectionId":14,"connectionCount":8}}
{"t":{"$date":"2023-04-19T06:55:06.166+00:00"},"s":"I",  "c":"STORAGE",  "id":3856204, "ctx":"IndexBuildsCoordinatorMongod-0","msg":"Index build: received signal","attr":{"buildUUID":{"uuid":{"$uuid":"21cdc716-f3f7-41fb-9d68-9d9c5f5178b9"}},"action":"Commit quorum Satisfied"}}
{"t":{"$date":"2023-04-19T06:55:06.166+00:00"},"s":"I",  "c":"NETWORK",  "id":22944,   "ctx":"conn12","msg":"Connection ended","attr":{"remote":"127.0.0.1:51964","uuid":"26b485c7-ebf1-48ca-a2fd-7538695e05ed","connectionId":12,"connectionCount":7}}
{"t":{"$date":"2023-04-19T06:55:06.167+00:00"},"s":"I",  "c":"NETWORK",  "id":51800,   "ctx":"conn14","msg":"client metadata","attr":{"remote":"127.0.0.1:51970","client":"conn14","doc":{"driver":{"name":"NetworkInterfaceTL","version":"5.0.15"},"os":{"type":"Linux","name":"Ubuntu","architecture":"x86_64","version":"20.04"}}}}
{"t":{"$date":"2023-04-19T06:55:06.169+00:00"},"s":"I",  "c":"INDEX",    "id":20345,   "ctx":"IndexBuildsCoordinatorMongod-0","msg":"Index build: done building","attr":{"buildUUID":{"uuid":{"$uuid":"21cdc716-f3f7-41fb-9d68-9d9c5f5178b9"}},"namespace":"appsmith.theme","index":"application_id_index","commitTimestamp":{"$timestamp":{"t":1681887306,"i":7}}}}
{"t":{"$date":"2023-04-19T06:55:06.171+00:00"},"s":"I",  "c":"ACCESS",   "id":20250,   "ctx":"conn14","msg":"Authentication succeeded","attr":{"mechanism":"SCRAM-SHA-256","speculative":true,"principalName":"__system","authenticationDatabase":"local","remote":"127.0.0.1:51970","extraInfo":{}}}
{"t":{"$date":"2023-04-19T06:55:06.175+00:00"},"s":"I",  "c":"STORAGE",  "id":20663,   "ctx":"IndexBuildsCoordinatorMongod-0","msg":"Index build: completed successfully","attr":{"buildUUID":{"uuid":{"$uuid":"21cdc716-f3f7-41fb-9d68-9d9c5f5178b9"}},"collectionUUID":{"uuid":{"$uuid":"a70e8619-0a2f-4343-b525-e1d2de1cee21"}},"namespace":"appsmith.theme","indexesBuilt":["application_id_index"],"numIndexesBefore":2,"numIndexesAfter":3}}
{"t":{"$date":"2023-04-19T06:55:06.177+00:00"},"s":"I",  "c":"INDEX",    "id":20447,   "ctx":"conn8","msg":"Index build: completed","attr":{"buildUUID":{"uuid":{"$uuid":"21cdc716-f3f7-41fb-9d68-9d9c5f5178b9"}}}}
{"t":{"$date":"2023-04-19T06:55:06.180+00:00"},"s":"I",  "c":"COMMAND",  "id":51803,   "ctx":"conn8","msg":"Slow query","attr":{"type":"command","ns":"appsmith.theme","command":{"createIndexes":"theme","indexes":[{"key":{"applicationId":1,"deleted":1},"name":"application_id_index","background":true}],"$db":"appsmith","$clusterTime":{"clusterTime":{"$timestamp":{"t":1681887306,"i":3}},"signature":{"hash":{"$binary":{"base64":"JeyifxXwxsgOuK2yDqaNB2UK4Jk=","subType":"0"}},"keyId":7223416946354552836}},"lsid":{"id":{"$uuid":"c9becc92-22d5-47e3-b5a8-2ba9b540b230"}},"$readPreference":{"mode":"primaryPreferred"}},"numYields":0,"reslen":271,"locks":{"ParallelBatchWriterMode":{"acquireCount":{"r":3}},"FeatureCompatibilityVersion":{"acquireCount":{"r":4,"w":2}},"ReplicationStateTransition":{"acquireCount":{"w":6}},"Global":{"acquireCount":{"r":4,"w":2}},"Database":{"acquireCount":{"r":2,"w":1}},"Collection":{"acquireCount":{"r":2,"W":1}},"Mutex":{"acquireCount":{"r":3}}},"flowControl":{"acquireCount":2,"timeAcquiringMicros":2},"readConcern":{"level":"local","provenance":"implicitDefault"},"writeConcern":{"w":"majority","wtimeout":0,"provenance":"implicitDefault"},"storage":{},"remote":"127.0.0.1:51948","protocol":"op_msg","durationMillis":130}}
{"t":{"$date":"2023-04-19T06:55:08.180+00:00"},"s":"I",  "c":"NETWORK",  "id":22943,   "ctx":"listener","msg":"Connection accepted","attr":{"remote":"127.0.0.1:51982","uuid":"48a35272-16f7-495a-b3fc-2ac30f971f12","connectionId":15,"connectionCount":8}}
{"t":{"$date":"2023-04-19T06:55:08.186+00:00"},"s":"I",  "c":"NETWORK",  "id":51800,   "ctx":"conn15","msg":"client metadata","attr":{"remote":"127.0.0.1:51982","client":"conn15","doc":{"driver":{"name":"mongo-java-driver|reactive-streams|spring-boot","version":"4.8.1"},"os":{"type":"Linux","name":"Linux","architecture":"amd64","version":"5.15.49-linuxkit"},"platform":"Java/Eclipse Adoptium/17.0.6+10"}}}
{"t":{"$date":"2023-04-19T06:55:08.221+00:00"},"s":"I",  "c":"ACCESS",   "id":20250,   "ctx":"conn15","msg":"Authentication succeeded","attr":{"mechanism":"SCRAM-SHA-256","speculative":true,"principalName":"appsmith","authenticationDatabase":"appsmith","remote":"127.0.0.1:51982","extraInfo":{}}}
{"t":{"$date":"2023-04-19T06:55:38.096+00:00"},"s":"I",  "c":"NETWORK",  "id":22943,   "ctx":"listener","msg":"Connection accepted","attr":{"remote":"127.0.0.1:57990","uuid":"3c891441-620a-46e0-b0c4-6aa100da7cc4","connectionId":16,"connectionCount":9}}
{"t":{"$date":"2023-04-19T06:55:38.099+00:00"},"s":"I",  "c":"NETWORK",  "id":51800,   "ctx":"conn16","msg":"client metadata","attr":{"remote":"127.0.0.1:57990","client":"conn16","doc":{"driver":{"name":"mongo-java-driver|reactive-streams|spring-boot","version":"4.8.1"},"os":{"type":"Linux","name":"Linux","architecture":"amd64","version":"5.15.49-linuxkit"},"platform":"Java/Eclipse Adoptium/17.0.6+10"}}}
{"t":{"$date":"2023-04-19T06:55:38.132+00:00"},"s":"I",  "c":"ACCESS",   "id":20250,   "ctx":"conn16","msg":"Authentication succeeded","attr":{"mechanism":"SCRAM-SHA-256","speculative":true,"principalName":"appsmith","authenticationDatabase":"appsmith","remote":"127.0.0.1:57990","extraInfo":{}}}
{"t":{"$date":"2023-04-19T06:55:39.014+00:00"},"s":"I",  "c":"NETWORK",  "id":22943,   "ctx":"listener","msg":"Connection accepted","attr":{"remote":"127.0.0.1:58000","uuid":"5fe8ee82-36a2-4cc3-9822-2d8da6fe524b","connectionId":17,"connectionCount":10}}
{"t":{"$date":"2023-04-19T06:55:39.017+00:00"},"s":"I",  "c":"NETWORK",  "id":22943,   "ctx":"listener","msg":"Connection accepted","attr":{"remote":"127.0.0.1:58012","uuid":"24bffa92-96d0-4302-8700-4c7158d9b35b","connectionId":18,"connectionCount":11}}
{"t":{"$date":"2023-04-19T06:55:39.017+00:00"},"s":"I",  "c":"NETWORK",  "id":51800,   "ctx":"conn17","msg":"client metadata","attr":{"remote":"127.0.0.1:58000","client":"conn17","doc":{"driver":{"name":"mongo-java-driver|reactive-streams|spring-boot","version":"4.8.1"},"os":{"type":"Linux","name":"Linux","architecture":"amd64","version":"5.15.49-linuxkit"},"platform":"Java/Eclipse Adoptium/17.0.6+10"}}}
{"t":{"$date":"2023-04-19T06:55:39.020+00:00"},"s":"I",  "c":"NETWORK",  "id":51800,   "ctx":"conn18","msg":"client metadata","attr":{"remote":"127.0.0.1:58012","client":"conn18","doc":{"driver":{"name":"mongo-java-driver|reactive-streams|spring-boot","version":"4.8.1"},"os":{"type":"Linux","name":"Linux","architecture":"amd64","version":"5.15.49-linuxkit"},"platform":"Java/Eclipse Adoptium/17.0.6+10"}}}
{"t":{"$date":"2023-04-19T06:55:39.046+00:00"},"s":"I",  "c":"ACCESS",   "id":20250,   "ctx":"conn17","msg":"Authentication succeeded","attr":{"mechanism":"SCRAM-SHA-256","speculative":true,"principalName":"appsmith","authenticationDatabase":"appsmith","remote":"127.0.0.1:58000","extraInfo":{}}}
{"t":{"$date":"2023-04-19T06:55:39.048+00:00"},"s":"I",  "c":"ACCESS",   "id":20250,   "ctx":"conn18","msg":"Authentication succeeded","attr":{"mechanism":"SCRAM-SHA-256","speculative":true,"principalName":"appsmith","authenticationDatabase":"appsmith","remote":"127.0.0.1:58012","extraInfo":{}}}
{"t":{"$date":"2023-04-19T06:55:52.537+00:00"},"s":"I",  "c":"STORAGE",  "id":22430,   "ctx":"Checkpointer","msg":"WiredTiger message","attr":{"message":"[1681887352:537091][1347:0x7fee49631700], WT_SESSION.checkpoint: [WT_VERB_CHECKPOINT_PROGRESS] saving checkpoint snapshot min: 75, snapshot max: 75 snapshot count: 0, oldest timestamp: (1681887039, 3) , meta checkpoint timestamp: (1681887339, 3) base write gen: 19689"}}
{"t":{"$date":"2023-04-19T06:56:52.614+00:00"},"s":"I",  "c":"STORAGE",  "id":22430,   "ctx":"Checkpointer","msg":"WiredTiger message","attr":{"message":"[1681887412:614347][1347:0x7fee49631700], WT_SESSION.checkpoint: [WT_VERB_CHECKPOINT_PROGRESS] saving checkpoint snapshot min: 95, snapshot max: 95 snapshot count: 0, oldest timestamp: (1681887102, 1) , meta checkpoint timestamp: (1681887402, 1) base write gen: 19689"}}
{"t":{"$date":"2023-04-19T06:57:08.114+00:00"},"s":"I",  "c":"NETWORK",  "id":22943,   "ctx":"listener","msg":"Connection accepted","attr":{"remote":"127.0.0.1:40568","uuid":"8575a048-0fa0-44d4-a7a6-8801b51e2dc5","connectionId":19,"connectionCount":12}}
{"t":{"$date":"2023-04-19T06:57:08.116+00:00"},"s":"I",  "c":"NETWORK",  "id":51800,   "ctx":"conn19","msg":"client metadata","attr":{"remote":"127.0.0.1:40568","client":"conn19","doc":{"driver":{"name":"mongo-java-driver|reactive-streams|spring-boot","version":"4.8.1"},"os":{"type":"Linux","name":"Linux","architecture":"amd64","version":"5.15.49-linuxkit"},"platform":"Java/Eclipse Adoptium/17.0.6+10"}}}
{"t":{"$date":"2023-04-19T06:57:08.142+00:00"},"s":"I",  "c":"ACCESS",   "id":20250,   "ctx":"conn19","msg":"Authentication succeeded","attr":{"mechanism":"SCRAM-SHA-256","speculative":true,"principalName":"appsmith","authenticationDatabase":"appsmith","remote":"127.0.0.1:40568","extraInfo":{}}}
{"t":{"$date":"2023-04-19T06:57:52.662+00:00"},"s":"I",  "c":"STORAGE",  "id":22430,   "ctx":"Checkpointer","msg":"WiredTiger message","attr":{"message":"[1681887472:662525][1347:0x7fee49631700], WT_SESSION.checkpoint: [WT_VERB_CHECKPOINT_PROGRESS] saving checkpoint snapshot min: 110, snapshot max: 110 snapshot count: 0, oldest timestamp: (1681887162, 1) , meta checkpoint timestamp: (1681887462, 1) base write gen: 19689"}}
{"t":{"$date":"2023-04-19T06:58:52.714+00:00"},"s":"I",  "c":"STORAGE",  "id":22430,   "ctx":"Checkpointer","msg":"WiredTiger message","attr":{"message":"[1681887532:714511][1347:0x7fee49631700], WT_SESSION.checkpoint: [WT_VERB_CHECKPOINT_PROGRESS] saving checkpoint snapshot min: 125, snapshot max: 125 snapshot count: 0, oldest timestamp: (1681887222, 1) , meta checkpoint timestamp: (1681887522, 1) base write gen: 19689"}}
{"t":{"$date":"2023-04-19T06:59:52.780+00:00"},"s":"I",  "c":"STORAGE",  "id":22430,   "ctx":"Checkpointer","msg":"WiredTiger message","attr":{"message":"[1681887592:780272][1347:0x7fee49631700], WT_SESSION.checkpoint: [WT_VERB_CHECKPOINT_PROGRESS] saving checkpoint snapshot min: 152, snapshot max: 152 snapshot count: 0, oldest timestamp: (1681887292, 5) , meta checkpoint timestamp: (1681887592, 5) base write gen: 19689"}}
{"t":{"$date":"2023-04-19T07:00:06.165+00:00"},"s":"I",  "c":"CONNPOOL", "id":22572,   "ctx":"ReplNetwork","msg":"Dropping all pooled connections","attr":{"hostAndPort":"localhost:27017","error":"ConnectionPoolExpired: Pool for localhost:27017 has expired."}}
{"t":{"$date":"2023-04-19T07:00:06.174+00:00"},"s":"I",  "c":"NETWORK",  "id":22944,   "ctx":"conn14","msg":"Connection ended","attr":{"remote":"127.0.0.1:51970","uuid":"d58b2228-3a83-4ff3-a694-79c6cd8942da","connectionId":14,"connectionCount":11}}
{"t":{"$date":"2023-04-19T07:00:13.374+00:00"},"s":"I",  "c":"STORAGE",  "id":22260,   "ctx":"TimestampMonitor","msg":"Removing drop-pending idents with drop timestamps before timestamp","attr":{"timestamp":{"$timestamp":{"t":1681887312,"i":1}}}}
{"t":{"$date":"2023-04-19T07:00:13.376+00:00"},"s":"I",  "c":"STORAGE",  "id":22237,   "ctx":"TimestampMonitor","msg":"Completing drop for ident","attr":{"ident":"index-0--2460413169372335430","dropTimestamp":{"$timestamp":{"t":1681887305,"i":3}}}}
{"t":{"$date":"2023-04-19T07:00:13.383+00:00"},"s":"I",  "c":"STORAGE",  "id":22237,   "ctx":"TimestampMonitor","msg":"Completing drop for ident","attr":{"ident":"index-2--2460413169372335430","dropTimestamp":{"$timestamp":{"t":1681887305,"i":4}}}}
{"t":{"$date":"2023-04-19T07:00:52.851+00:00"},"s":"I",  "c":"STORAGE",  "id":22430,   "ctx":"Checkpointer","msg":"WiredTiger message","attr":{"message":"[1681887652:851542][1347:0x7fee49631700], WT_SESSION.checkpoint: [WT_VERB_CHECKPOINT_PROGRESS] saving checkpoint snapshot min: 172, snapshot max: 172 snapshot count: 0, oldest timestamp: (1681887342, 1) , meta checkpoint timestamp: (1681887642, 1) base write gen: 19689"}}
{"t":{"$date":"2023-04-19T07:01:52.917+00:00"},"s":"I",  "c":"STORAGE",  "id":22430,   "ctx":"Checkpointer","msg":"WiredTiger message","attr":{"message":"[1681887712:917107][1347:0x7fee49631700], WT_SESSION.checkpoint: [WT_VERB_CHECKPOINT_PROGRESS] saving checkpoint snapshot min: 187, snapshot max: 187 snapshot count: 0, oldest timestamp: (1681887402, 1) , meta checkpoint timestamp: (1681887702, 1) base write gen: 19689"}}
{"t":{"$date":"2023-04-19T07:02:52.966+00:00"},"s":"I",  "c":"STORAGE",  "id":22430,   "ctx":"Checkpointer","msg":"WiredTiger message","attr":{"message":"[1681887772:966228][1347:0x7fee49631700], WT_SESSION.checkpoint: [WT_VERB_CHECKPOINT_PROGRESS] saving checkpoint snapshot min: 203, snapshot max: 203 snapshot count: 0, oldest timestamp: (1681887472, 1) , meta checkpoint timestamp: (1681887762, 1) base write gen: 19689"}}
{"t":{"$date":"2023-04-19T07:03:53.063+00:00"},"s":"I",  "c":"STORAGE",  "id":22430,   "ctx":"Checkpointer","msg":"WiredTiger message","attr":{"message":"[1681887833:63497][1347:0x7fee49631700], WT_SESSION.checkpoint: [WT_VERB_CHECKPOINT_PROGRESS] saving checkpoint snapshot min: 219, snapshot max: 219 snapshot count: 0, oldest timestamp: (1681887532, 1) , meta checkpoint timestamp: (1681887822, 1) base write gen: 19689"}}
{"t":{"$date":"2023-04-19T07:04:53.114+00:00"},"s":"I",  "c":"STORAGE",  "id":22430,   "ctx":"Checkpointer","msg":"WiredTiger message","attr":{"message":"[1681887893:114699][1347:0x7fee49631700], WT_SESSION.checkpoint: [WT_VERB_CHECKPOINT_PROGRESS] saving checkpoint snapshot min: 234, snapshot max: 234 snapshot count: 0, oldest timestamp: (1681887592, 1) , meta checkpoint timestamp: (1681887892, 1) base write gen: 19689"}}
