2023-04-16 21:15:10.844 UTC [1591] LOG:  starting PostgreSQL 13.10 (Ubuntu 13.10-1.pgdg20.04+1) on aarch64-unknown-linux-gnu, compiled by gcc (Ubuntu 9.4.0-1ubuntu1~20.04.1) 9.4.0, 64-bit
2023-04-16 21:15:10.844 UTC [1591] LOG:  listening on IPv4 address "127.0.0.1", port 5432
2023-04-16 21:15:10.847 UTC [1591] LOG:  listening on Unix socket "/var/run/postgresql/.s.PGSQL.5432"
2023-04-16 21:15:10.879 UTC [1618] LOG:  database system was shut down at 2023-04-16 21:15:09 UTC
2023-04-16 21:15:10.910 UTC [1591] LOG:  database system is ready to accept connections
2023-04-16 21:16:10.960 UTC [1627] WARNING:  could not open statistics file "pg_stat_tmp/global.stat": Operation not permitted
2023-04-16 21:18:31.020 UTC [1627] WARNING:  could not open statistics file "pg_stat_tmp/global.stat": Operation not permitted
2023-04-16 21:28:19.621 UTC [1591] LOG:  received smart shutdown request
2023-04-16 21:28:19.634 UTC [1591] LOG:  background worker "logical replication launcher" (PID 1629) exited with exit code 1
2023-04-16 21:28:19.636 UTC [1624] LOG:  shutting down
2023-04-16 21:28:19.683 UTC [1591] LOG:  database system is shut down
2023-04-17 19:12:45.053 UTC [1362] LOG:  starting PostgreSQL 13.10 (Ubuntu 13.10-1.pgdg20.04+1) on aarch64-unknown-linux-gnu, compiled by gcc (Ubuntu 9.4.0-1ubuntu1~20.04.1) 9.4.0, 64-bit
2023-04-17 19:12:45.054 UTC [1362] LOG:  listening on IPv4 address "127.0.0.1", port 5432
2023-04-17 19:12:45.059 UTC [1362] LOG:  listening on Unix socket "/var/run/postgresql/.s.PGSQL.5432"
2023-04-17 19:12:45.112 UTC [1384] LOG:  database system was shut down at 2023-04-16 21:28:19 UTC
2023-04-17 19:12:45.135 UTC [1362] LOG:  database system is ready to accept connections
2023-04-17 19:16:09.080 UTC [1360] LOG:  starting PostgreSQL 13.10 (Ubuntu 13.10-1.pgdg20.04+1) on aarch64-unknown-linux-gnu, compiled by gcc (Ubuntu 9.4.0-1ubuntu1~20.04.1) 9.4.0, 64-bit
2023-04-17 19:16:09.080 UTC [1360] LOG:  listening on IPv4 address "127.0.0.1", port 5432
2023-04-17 19:16:09.084 UTC [1360] LOG:  listening on Unix socket "/var/run/postgresql/.s.PGSQL.5432"
2023-04-17 19:16:09.129 UTC [1385] LOG:  database system was interrupted; last known up at 2023-04-17 19:12:45 UTC
2023-04-17 19:16:12.404 UTC [1385] LOG:  database system was not properly shut down; automatic recovery in progress
2023-04-17 19:16:12.434 UTC [1385] LOG:  redo starts at 0/17FA910
2023-04-17 19:16:12.434 UTC [1385] LOG:  invalid record length at 0/17FA948: wanted 24, got 0
2023-04-17 19:16:12.434 UTC [1385] LOG:  redo done at 0/17FA910
2023-04-17 19:16:12.450 UTC [1360] LOG:  database system is ready to accept connections
2023-04-17 19:16:47.977 UTC [1360] LOG:  received smart shutdown request
2023-04-17 19:16:47.982 UTC [1360] LOG:  background worker "logical replication launcher" (PID 1502) exited with exit code 1
2023-04-17 19:16:47.982 UTC [1497] LOG:  shutting down
2023-04-17 19:16:48.004 UTC [1360] LOG:  database system is shut down
