Load environment configuration
Waiting for RTS to start ...
{"success":true}RTS started.
SLF4J: Class path contains multiple SLF4J providers.
SLF4J: Found provider [ch.qos.logback.classic.spi.LogbackServiceProvider@6d21714c]
SLF4J: Found provider [org.slf4j.reload4j.Reload4jServiceProvider@108c4c35]
SLF4J: See https://www.slf4j.org/codes.html#multiple_bindings for an explanation.
SLF4J: Actual provider is of type [ch.qos.logback.classic.spi.LogbackServiceProvider@6d21714c]
[2023-04-16 21:16:59,361]  - Starting ServerApplication vv1.9.13 using Java 17.0.6 with PID 1564 (/opt/appsmith/backend/server.jar started by root in /opt/appsmith/backend)
[2023-04-16 21:16:59,367]  - Running with Spring Boot v3.0.1, Spring v6.0.3
[2023-04-16 21:16:59,368]  - The following 1 profile is active: "production"
[2023-04-16 21:17:01,926]  - Multiple Spring Data modules found, entering strict repository configuration mode
[2023-04-16 21:17:01,927]  - Bootstrapping Spring Data Reactive MongoDB repositories in DEFAULT mode.
[2023-04-16 21:17:02,631]  - Finished Spring Data repository scanning in 694 ms. Found 54 Reactive MongoDB repository interfaces.
[2023-04-16 21:17:04,404]  - Bean 'org.springframework.security.config.annotation.method.configuration.ReactiveMethodSecurityConfiguration' of type [org.springframework.security.config.annotation.method.configuration.ReactiveMethodSecurityConfiguration] is not eligible for getting processed by all BeanPostProcessors (for example: not eligible for auto-proxying)
[2023-04-16 21:17:06,487]  - MongoClient with metadata {"driver": {"name": "mongo-java-driver|reactive-streams|spring-boot", "version": "4.8.1"}, "os": {"type": "Linux", "name": "Linux", "architecture": "amd64", "version": "5.15.49-linuxkit"}, "platform": "Java/Eclipse Adoptium/17.0.6+10"} created with settings MongoClientSettings{readPreference=primary, writeConcern=WriteConcern{w=null, wTimeout=null ms, journal=null}, retryWrites=true, retryReads=true, readConcern=ReadConcern{level=null}, credential=MongoCredential{mechanism=null, userName='appsmith', source='appsmith', password=<hidden>, mechanismProperties=<hidden>}, streamFactoryFactory=NettyStreamFactoryFactory{eventLoopGroup=io.netty.channel.nio.NioEventLoopGroup@71f0b72e, socketChannelClass=class io.netty.channel.socket.nio.NioSocketChannel, allocator=PooledByteBufAllocator(directByDefault: true), sslContext=null}, commandListeners=[io.micrometer.core.instrument.binder.mongodb.MongoMetricsCommandListener@479f2dc2], codecRegistry=ProvidersCodecRegistry{codecProviders=[ValueCodecProvider{}, BsonValueCodecProvider{}, DBRefCodecProvider{}, DBObjectCodecProvider{}, DocumentCodecProvider{}, CollectionCodecProvider{}, IterableCodecProvider{}, MapCodecProvider{}, GeoJsonCodecProvider{}, GridFSFileCodecProvider{}, Jsr310CodecProvider{}, JsonObjectCodecProvider{}, BsonCodecProvider{}, EnumCodecProvider{}, com.mongodb.Jep395RecordCodecProvider@7a34f66a]}, clusterSettings={hosts=[localhost:27017], srvServiceName=mongodb, mode=SINGLE, requiredClusterType=UNKNOWN, requiredReplicaSetName='null', serverSelector='null', clusterListeners='[]', serverSelectionTimeout='30000 ms', localThreshold='30000 ms'}, socketSettings=SocketSettings{connectTimeoutMS=10000, readTimeoutMS=0, receiveBufferSize=0, sendBufferSize=0}, heartbeatSocketSettings=SocketSettings{connectTimeoutMS=10000, readTimeoutMS=10000, receiveBufferSize=0, sendBufferSize=0}, connectionPoolSettings=ConnectionPoolSettings{maxSize=100, minSize=0, maxWaitTimeMS=120000, maxConnectionLifeTimeMS=0, maxConnectionIdleTimeMS=0, maintenanceInitialDelayMS=0, maintenanceFrequencyMS=60000, connectionPoolListeners=[io.micrometer.core.instrument.binder.mongodb.MongoMetricsConnectionPoolListener@108d55c4], maxConnecting=2}, serverSettings=ServerSettings{heartbeatFrequencyMS=10000, minHeartbeatFrequencyMS=500, serverListeners='[]', serverMonitorListeners='[]'}, sslSettings=SslSettings{enabled=false, invalidHostNameAllowed=false, context=null}, applicationName='null', compressorList=[], uuidRepresentation=JAVA_LEGACY, serverApi=null, autoEncryptionSettings=null, contextProvider=null}
[2023-04-16 21:17:06,668]  - Monitor thread successfully connected to server with description ServerDescription{address=localhost:27017, type=REPLICA_SET_PRIMARY, state=CONNECTED, ok=true, minWireVersion=0, maxWireVersion=13, maxDocumentSize=16777216, logicalSessionTimeoutMinutes=30, roundTripTimeNanos=90230807, setName='mr1', canonicalAddress=localhost:27017, hosts=[localhost:27017], passives=[], arbiters=[], primary='localhost:27017', tagSet=TagSet{[]}, electionId=7fffffff0000000000000002, setVersion=1, topologyVersion=TopologyVersion{processId=643c65c746e5fb180fdc13a8, counter=6}, lastWriteDate=Sun Apr 16 21:17:02 UTC 2023, lastUpdateTimeNanos=60588075553860}
[2023-04-16 21:17:09,234]  - Enabled plugins: []
[2023-04-16 21:17:09,236]  - Disabled plugins: []
[2023-04-16 21:17:09,244]  - PF4J version 3.8.0 in 'deployment' mode
[2023-04-16 21:17:09,619]  - Plugin 'postgres-plugin@1.0-SNAPSHOT' resolved
[2023-04-16 21:17:09,620]  - Plugin 'saas-plugin@1.0-SNAPSHOT' resolved
[2023-04-16 21:17:09,620]  - Plugin 'snowflake-plugin@1.0-SNAPSHOT' resolved
[2023-04-16 21:17:09,620]  - Plugin 'elasticsearch-plugin@1.0-SNAPSHOT' resolved
[2023-04-16 21:17:09,620]  - Plugin 'mssql-plugin@1.0-SNAPSHOT' resolved
[2023-04-16 21:17:09,620]  - Plugin 'redshift-plugin@1.0-SNAPSHOT' resolved
[2023-04-16 21:17:09,620]  - Plugin 'mongo-plugin@1.0-SNAPSHOT' resolved
[2023-04-16 21:17:09,620]  - Plugin 'google-sheets-plugin@1.0-SNAPSHOT' resolved
[2023-04-16 21:17:09,620]  - Plugin 'js-plugin@1.0-SNAPSHOT' resolved
[2023-04-16 21:17:09,620]  - Plugin 'graphql-plugin@1.0-SNAPSHOT' resolved
[2023-04-16 21:17:09,620]  - Plugin 'smtp-plugin@1.0-SNAPSHOT' resolved
[2023-04-16 21:17:09,620]  - Plugin 'amazons3-plugin@1.0-SNAPSHOT' resolved
[2023-04-16 21:17:09,620]  - Plugin 'mysql-plugin@1.0-SNAPSHOT' resolved
[2023-04-16 21:17:09,620]  - Plugin 'dynamo-plugin@1.0-SNAPSHOT' resolved
[2023-04-16 21:17:09,620]  - Plugin 'arangodb-plugin@1.0-SNAPSHOT' resolved
[2023-04-16 21:17:09,621]  - Plugin 'restapi-plugin@1.0-SNAPSHOT' resolved
[2023-04-16 21:17:09,621]  - Plugin 'redis-plugin@1.0-SNAPSHOT' resolved
[2023-04-16 21:17:09,621]  - Plugin 'firestore-plugin@1.0-SNAPSHOT' resolved
[2023-04-16 21:17:09,621]  - Start plugin 'postgres-plugin@1.0-SNAPSHOT'
[2023-04-16 21:17:09,625]  - Start plugin 'saas-plugin@1.0-SNAPSHOT'
[2023-04-16 21:17:09,626]  - Start plugin 'snowflake-plugin@1.0-SNAPSHOT'
[2023-04-16 21:17:09,635]  - Start plugin 'elasticsearch-plugin@1.0-SNAPSHOT'
[2023-04-16 21:17:09,636]  - Start plugin 'mssql-plugin@1.0-SNAPSHOT'
[2023-04-16 21:17:09,639]  - Start plugin 'redshift-plugin@1.0-SNAPSHOT'
[2023-04-16 21:17:09,641]  - Start plugin 'mongo-plugin@1.0-SNAPSHOT'
[2023-04-16 21:17:09,646]  - Start plugin 'google-sheets-plugin@1.0-SNAPSHOT'
[2023-04-16 21:17:09,719]  - Start plugin 'js-plugin@1.0-SNAPSHOT'
[2023-04-16 21:17:09,721]  - Start plugin 'graphql-plugin@1.0-SNAPSHOT'
[2023-04-16 21:17:09,723]  - Start plugin 'smtp-plugin@1.0-SNAPSHOT'
[2023-04-16 21:17:09,725]  - Start plugin 'amazons3-plugin@1.0-SNAPSHOT'
[2023-04-16 21:17:09,727]  - Start plugin 'mysql-plugin@1.0-SNAPSHOT'
[2023-04-16 21:17:09,730]  - Start plugin 'dynamo-plugin@1.0-SNAPSHOT'
[2023-04-16 21:17:09,734]  - Start plugin 'arangodb-plugin@1.0-SNAPSHOT'
[2023-04-16 21:17:09,737]  - Start plugin 'restapi-plugin@1.0-SNAPSHOT'
[2023-04-16 21:17:09,738]  - Start plugin 'redis-plugin@1.0-SNAPSHOT'
[2023-04-16 21:17:09,740]  - Start plugin 'firestore-plugin@1.0-SNAPSHOT'
[2023-04-16 21:17:12,455]  - MongoClient with metadata {"driver": {"name": "mongo-java-driver|sync|spring-boot", "version": "4.8.1"}, "os": {"type": "Linux", "name": "Linux", "architecture": "amd64", "version": "5.15.49-linuxkit"}, "platform": "Java/Eclipse Adoptium/17.0.6+10"} created with settings MongoClientSettings{readPreference=primary, writeConcern=WriteConcern{w=null, wTimeout=null ms, journal=null}, retryWrites=true, retryReads=true, readConcern=ReadConcern{level=null}, credential=MongoCredential{mechanism=null, userName='appsmith', source='appsmith', password=<hidden>, mechanismProperties=<hidden>}, streamFactoryFactory=NettyStreamFactoryFactory{eventLoopGroup=io.netty.channel.nio.NioEventLoopGroup@236861da, socketChannelClass=class io.netty.channel.socket.nio.NioSocketChannel, allocator=PooledByteBufAllocator(directByDefault: true), sslContext=null}, commandListeners=[io.micrometer.core.instrument.binder.mongodb.MongoMetricsCommandListener@479f2dc2], codecRegistry=ProvidersCodecRegistry{codecProviders=[ValueCodecProvider{}, BsonValueCodecProvider{}, DBRefCodecProvider{}, DBObjectCodecProvider{}, DocumentCodecProvider{}, CollectionCodecProvider{}, IterableCodecProvider{}, MapCodecProvider{}, GeoJsonCodecProvider{}, GridFSFileCodecProvider{}, Jsr310CodecProvider{}, JsonObjectCodecProvider{}, BsonCodecProvider{}, EnumCodecProvider{}, com.mongodb.Jep395RecordCodecProvider@7a34f66a]}, clusterSettings={hosts=[localhost:27017], srvServiceName=mongodb, mode=SINGLE, requiredClusterType=UNKNOWN, requiredReplicaSetName='null', serverSelector='null', clusterListeners='[]', serverSelectionTimeout='30000 ms', localThreshold='30000 ms'}, socketSettings=SocketSettings{connectTimeoutMS=10000, readTimeoutMS=0, receiveBufferSize=0, sendBufferSize=0}, heartbeatSocketSettings=SocketSettings{connectTimeoutMS=10000, readTimeoutMS=10000, receiveBufferSize=0, sendBufferSize=0}, connectionPoolSettings=ConnectionPoolSettings{maxSize=100, minSize=0, maxWaitTimeMS=120000, maxConnectionLifeTimeMS=0, maxConnectionIdleTimeMS=0, maintenanceInitialDelayMS=0, maintenanceFrequencyMS=60000, connectionPoolListeners=[io.micrometer.core.instrument.binder.mongodb.MongoMetricsConnectionPoolListener@108d55c4], maxConnecting=2}, serverSettings=ServerSettings{heartbeatFrequencyMS=10000, minHeartbeatFrequencyMS=500, serverListeners='[]', serverMonitorListeners='[]'}, sslSettings=SslSettings{enabled=false, invalidHostNameAllowed=false, context=null}, applicationName='null', compressorList=[], uuidRepresentation=JAVA_LEGACY, serverApi=null, autoEncryptionSettings=null, contextProvider=null}
[2023-04-16 21:17:12,473]  - Monitor thread successfully connected to server with description ServerDescription{address=localhost:27017, type=REPLICA_SET_PRIMARY, state=CONNECTED, ok=true, minWireVersion=0, maxWireVersion=13, maxDocumentSize=16777216, logicalSessionTimeoutMinutes=30, roundTripTimeNanos=24274691, setName='mr1', canonicalAddress=localhost:27017, hosts=[localhost:27017], passives=[], arbiters=[], primary='localhost:27017', tagSet=TagSet{[]}, electionId=7fffffff0000000000000002, setVersion=1, topologyVersion=TopologyVersion{processId=643c65c746e5fb180fdc13a8, counter=6}, lastWriteDate=Sun Apr 16 21:17:02 UTC 2023, lastUpdateTimeNanos=60593892852773}
[2023-04-16 21:17:12,575]  - Mongock runner COMMUNITY version[5.1.6]
[2023-04-16 21:17:12,576]  - Running Mongock with NO metadata
[2023-04-16 21:17:12,576]  - Property transaction-enabled not provided. It will become true as default in next versions. Set explicit value to false in case transaction are not desired.
[2023-04-16 21:17:12,576]  - Property transaction-enabled not provided and is unknown if driver is transactionable. BY DEFAULT MONGOCK WILL RUN IN NO-TRANSACTION MODE.
[2023-04-16 21:17:12,696]  - Reflections took 88 ms to scan 1 urls, producing 3 keys and 10 values
[2023-04-16 21:17:12,740]  - Reflections took 22 ms to scan 1 urls, producing 3 keys and 10 values
[2023-04-16 21:17:13,265]  - Mongock trying to acquire the lock
[2023-04-16 21:17:13,302]  - Mongock acquired the lock until: Sun Apr 16 21:18:13 UTC 2023
[2023-04-16 21:17:13,303]  - Starting mongock lock daemon...
[2023-04-16 21:17:13,311]  - Mongock starting the data migration sequence id[2023-04-16T21:17:12.571401773-488]...
[2023-04-16 21:17:13,412]  - method[initializeSchemaVersion] with arguments: [org.springframework.data.mongodb.core.MongoTemplate]
[2023-04-16 21:17:13,669]  - APPLIED - {"id"="initialize-schema-version", "type"="execution", "author"="", "class"="DatabaseChangelog0", "method"="initializeSchemaVersion"}
[2023-04-16 21:17:13,684]  - method[initialPlugins] with arguments: [org.springframework.data.mongodb.core.MongoTemplate]
[2023-04-16 21:17:13,767]  - APPLIED - {"id"="initial-plugins", "type"="execution", "author"="", "class"="DatabaseChangelog1", "method"="initialPlugins"}
[2023-04-16 21:17:13,775]  - method[removeOrgNameIndex] with arguments: [org.springframework.data.mongodb.core.MongoTemplate]
[2023-04-16 21:17:13,794]  - APPLIED - {"id"="remove-org-name-index", "type"="execution", "author"="", "class"="DatabaseChangelog1", "method"="removeOrgNameIndex"}
[2023-04-16 21:17:13,803]  - method[addInitialIndexes] with arguments: [org.springframework.data.mongodb.core.MongoTemplate]
[2023-04-16 21:17:15,512]  - APPLIED - {"id"="initial-indexes", "type"="execution", "author"="", "class"="DatabaseChangelog1", "method"="addInitialIndexes"}
[2023-04-16 21:17:15,518]  - method[addApplicationDeletedAtFieldAndIndex] with arguments: [org.springframework.data.mongodb.core.MongoTemplate]
[2023-04-16 21:17:15,566]  - APPLIED - {"id"="application-deleted-at", "type"="execution", "author"="", "class"="DatabaseChangelog1", "method"="addApplicationDeletedAtFieldAndIndex"}
[2023-04-16 21:17:15,577]  - method[hideRapidApiPluginFromCreateDatasource] with arguments: [org.springframework.data.mongodb.core.MongoTemplate]
[2023-04-16 21:17:15,622]  - APPLIED - {"id"="hide-rapidapi-plugin", "type"="execution", "author"="", "class"="DatabaseChangelog1", "method"="hideRapidApiPluginFromCreateDatasource"}
[2023-04-16 21:17:15,631]  - method[addDatasourceDeletedAtFieldAndIndex] with arguments: [org.springframework.data.mongodb.core.MongoTemplate]
[2023-04-16 21:17:15,687]  - APPLIED - {"id"="datasource-deleted-at", "type"="execution", "author"="", "class"="DatabaseChangelog1", "method"="addDatasourceDeletedAtFieldAndIndex"}
[2023-04-16 21:17:15,693]  - method[addPageDeletedAtFieldAndIndex] with arguments: [org.springframework.data.mongodb.core.MongoTemplate]
[2023-04-16 21:17:15,746]  - APPLIED - {"id"="page-deleted-at", "type"="execution", "author"="", "class"="DatabaseChangelog1", "method"="addPageDeletedAtFieldAndIndex"}
[2023-04-16 21:17:15,752]  - method[setFriendlyPluginNames] with arguments: [org.springframework.data.mongodb.core.MongoTemplate]
[2023-04-16 21:17:15,785]  - APPLIED - {"id"="friendly-plugin-names", "type"="execution", "author"="", "class"="DatabaseChangelog1", "method"="setFriendlyPluginNames"}
[2023-04-16 21:17:15,792]  - method[addDeleteDatasourcePermToExistingGroups] with arguments: [org.springframework.data.mongodb.core.MongoTemplate]
[2023-04-16 21:17:15,796]  - APPLIED - {"id"="add-delete-datasource-perm-existing-groups", "type"="execution", "author"="", "class"="DatabaseChangelog1", "method"="addDeleteDatasourcePermToExistingGroups"}
[2023-04-16 21:17:15,806]  - method[installDefaultPluginsToAllOrganizations] with arguments: [org.springframework.data.mongodb.core.MongoTemplate]
[2023-04-16 21:17:15,827]  - APPLIED - {"id"="install-default-plugins-to-all-organizations", "type"="execution", "author"="", "class"="DatabaseChangelog1", "method"="installDefaultPluginsToAllOrganizations"}
[2023-04-16 21:17:15,835]  - method[ensureDatasourceCreatedAndUpdatedAt] with arguments: [org.springframework.data.mongodb.core.MongoTemplate]
[2023-04-16 21:17:15,849]  - APPLIED - {"id"="ensure-datasource-created-and-updated-at-fields", "type"="execution", "author"="", "class"="DatabaseChangelog1", "method"="ensureDatasourceCreatedAndUpdatedAt"}
[2023-04-16 21:17:15,856]  - method[addIndexForSequenceName] with arguments: [org.springframework.data.mongodb.core.MongoTemplate]
[2023-04-16 21:17:15,971]  - APPLIED - {"id"="add-index-for-sequence-name", "type"="execution", "author"="", "class"="DatabaseChangelog1", "method"="addIndexForSequenceName"}
[2023-04-16 21:17:15,979]  - method[setInitialSequenceForDatasource] with arguments: [org.springframework.data.mongodb.core.MongoTemplate]
[2023-04-16 21:17:16,014]  - APPLIED - {"id"="set-initial-sequence-for-datasource", "type"="execution", "author"="", "class"="DatabaseChangelog1", "method"="setInitialSequenceForDatasource"}
[2023-04-16 21:17:16,021]  - method[setPluginImageAndDocsLink] with arguments: [org.springframework.data.mongodb.core.MongoTemplate]
[2023-04-16 21:17:16,063]  - APPLIED - {"id"="set-plugin-image-and-docs-link", "type"="execution", "author"="", "class"="DatabaseChangelog1", "method"="setPluginImageAndDocsLink"}
[2023-04-16 21:17:16,073]  - method[fixDoubleEscapes] with arguments: [org.springframework.data.mongodb.core.MongoTemplate]
[2023-04-16 21:17:16,080]  - APPLIED - {"id"="fix-double-escapes", "type"="execution", "author"="", "class"="DatabaseChangelog1", "method"="fixDoubleEscapes"}
[2023-04-16 21:17:16,090]  - method[encryptPassword] with arguments: [org.springframework.data.mongodb.core.MongoTemplate, com.appsmith.external.services.EncryptionService]
[2023-04-16 21:17:16,097]  - APPLIED - {"id"="encrypt-password", "type"="execution", "author"="", "class"="DatabaseChangelog1", "method"="encryptPassword"}
[2023-04-16 21:17:16,106]  - method[mysqlPlugin] with arguments: [org.springframework.data.mongodb.core.MongoTemplate]
[2023-04-16 21:17:16,156]  - APPLIED - {"id"="install-mysql-plugins", "type"="execution", "author"="", "class"="DatabaseChangelog1", "method"="mysqlPlugin"}
[2023-04-16 21:17:16,163]  - method[updateDatabaseDocumentationLinks] with arguments: [org.springframework.data.mongodb.core.MongoTemplate]
[2023-04-16 21:17:16,189]  - APPLIED - {"id"="update-database-documentation-links", "type"="execution", "author"="", "class"="DatabaseChangelog1", "method"="updateDatabaseDocumentationLinks"}
[2023-04-16 21:17:16,197]  - method[giveExecutePermissionToReadActionUsers] with arguments: [org.springframework.data.mongodb.core.MongoTemplate]
[2023-04-16 21:17:16,204]  - APPLIED - {"id"="execute-action-for-read-action", "type"="execution", "author"="", "class"="DatabaseChangelog1", "method"="giveExecutePermissionToReadActionUsers"}
[2023-04-16 21:17:16,211]  - method[giveInvitePermissionToOrganizationsAndPublicPermissionsToApplications] with arguments: [org.springframework.data.mongodb.core.MongoTemplate]
[2023-04-16 21:17:16,215]  - APPLIED - {"id"="invite-and-public-permissions", "type"="execution", "author"="", "class"="DatabaseChangelog1", "method"="giveInvitePermissionToOrganizationsAndPublicPermissionsToApplications"}
[2023-04-16 21:17:16,226]  - method[generateUniqueIdForInstance] with arguments: [org.springframework.data.mongodb.core.MongoTemplate]
[2023-04-16 21:17:16,263]  - APPLIED - {"id"="generate-unique-id-for-instance", "type"="execution", "author"="", "class"="DatabaseChangelog1", "method"="generateUniqueIdForInstance"}
[2023-04-16 21:17:16,274]  - method[fixTokenExpiration] with arguments: [org.springframework.data.mongodb.core.MongoTemplate]
[2023-04-16 21:17:16,377]  - APPLIED - {"id"="fix-password-reset-token-expiration", "type"="execution", "author"="", "class"="DatabaseChangelog1", "method"="fixTokenExpiration"}
[2023-04-16 21:17:16,384]  - method[addElasticSearchPlugin] with arguments: [org.springframework.data.mongodb.core.MongoTemplate]
[2023-04-16 21:17:16,401]  - APPLIED - {"id"="add-elastic-search-plugin", "type"="execution", "author"="", "class"="DatabaseChangelog1", "method"="addElasticSearchPlugin"}
[2023-04-16 21:17:16,408]  - method[addDynamoPlugin] with arguments: [org.springframework.data.mongodb.core.MongoTemplate]
[2023-04-16 21:17:16,420]  - APPLIED - {"id"="add-dynamo-plugin", "type"="execution", "author"="", "class"="DatabaseChangelog1", "method"="addDynamoPlugin"}
[2023-04-16 21:17:16,428]  - method[usePngLogos] with arguments: [org.springframework.data.mongodb.core.MongoTemplate]
[2023-04-16 21:17:16,443]  - APPLIED - {"id"="use-png-logos", "type"="execution", "author"="", "class"="DatabaseChangelog1", "method"="usePngLogos"}
[2023-04-16 21:17:16,448]  - method[addRedisPlugin] with arguments: [org.springframework.data.mongodb.core.MongoTemplate]
[2023-04-16 21:17:16,460]  - APPLIED - {"id"="add-redis-plugin", "type"="execution", "author"="", "class"="DatabaseChangelog1", "method"="addRedisPlugin"}
[2023-04-16 21:17:16,466]  - method[addMsSqlPlugin] with arguments: [org.springframework.data.mongodb.core.MongoTemplate]
[2023-04-16 21:17:16,499]  - APPLIED - {"id"="add-msSql-plugin", "type"="execution", "author"="", "class"="DatabaseChangelog1", "method"="addMsSqlPlugin"}
[2023-04-16 21:17:16,508]  - method[addNewPageIndexAfterDroppingNewPage] with arguments: [org.springframework.data.mongodb.core.MongoTemplate]
[2023-04-16 21:17:16,605]  - APPLIED - {"id"="createNewPageIndexAfterDroppingNewPage", "type"="execution", "author"="", "class"="DatabaseChangelog1", "method"="addNewPageIndexAfterDroppingNewPage"}
[2023-04-16 21:17:16,614]  - method[addNewActionIndexAfterDroppingNewAction] with arguments: [org.springframework.data.mongodb.core.MongoTemplate]
[2023-04-16 21:17:16,705]  - APPLIED - {"id"="createNewActionIndexAfterDroppingNewAction", "type"="execution", "author"="", "class"="DatabaseChangelog1", "method"="addNewActionIndexAfterDroppingNewAction"}
[2023-04-16 21:17:16,712]  - method[migratePage] with arguments: [org.springframework.data.mongodb.core.MongoTemplate]
[2023-04-16 21:17:16,722]  - APPLIED - {"id"="migrate-page-and-actions", "type"="execution", "author"="", "class"="DatabaseChangelog1", "method"="migratePage"}
[2023-04-16 21:17:16,728]  - method[addNewPageAndNewActionNewIndexes] with arguments: [org.springframework.data.mongodb.core.MongoTemplate]
[2023-04-16 21:17:16,821]  - APPLIED - {"id"="new-page-new-action-add-indexes", "type"="execution", "author"="", "class"="DatabaseChangelog1", "method"="addNewPageAndNewActionNewIndexes"}
[2023-04-16 21:17:16,829]  - method[addNewActionIndexForPageId] with arguments: [org.springframework.data.mongodb.core.MongoTemplate]
[2023-04-16 21:17:16,881]  - APPLIED - {"id"="new-action-add-index-pageId", "type"="execution", "author"="", "class"="DatabaseChangelog1", "method"="addNewActionIndexForPageId"}
[2023-04-16 21:17:16,887]  - method[updateActionIndexToSingleMultipleIndices] with arguments: [org.springframework.data.mongodb.core.MongoTemplate]
[2023-04-16 21:17:16,979]  - APPLIED - {"id"="update-action-index-to-single-multiple-indices", "type"="execution", "author"="", "class"="DatabaseChangelog1", "method"="updateActionIndexToSingleMultipleIndices"}
[2023-04-16 21:17:16,985]  - method[addFirestorePlugin] with arguments: [org.springframework.data.mongodb.core.MongoTemplate]
[2023-04-16 21:17:17,000]  - APPLIED - {"id"="add-firestore-plugin", "type"="execution", "author"="", "class"="DatabaseChangelog1", "method"="addFirestorePlugin"}
[2023-04-16 21:17:17,015]  - method[ensureAppIconsAndColors] with arguments: [org.springframework.data.mongodb.core.MongoTemplate]
[2023-04-16 21:17:17,029]  - APPLIED - {"id"="ensure-app-icons-and-colors", "type"="execution", "author"="", "class"="DatabaseChangelog1", "method"="ensureAppIconsAndColors"}
[2023-04-16 21:17:17,036]  - method[updateAuthenticationTypes] with arguments: [org.springframework.data.mongodb.core.MongoTemplate]
[2023-04-16 21:17:17,049]  - APPLIED - {"id"="update-authentication-type", "type"="execution", "author"="", "class"="DatabaseChangelog1", "method"="updateAuthenticationTypes"}
[2023-04-16 21:17:17,054]  - method[addIsSendSessionEnabledPropertyInDatasources] with arguments: [org.springframework.data.mongodb.core.MongoTemplate]
[2023-04-16 21:17:17,062]  - APPLIED - {"id"="add-isSendSessionEnabled-key-for-datasources", "type"="execution", "author"="", "class"="DatabaseChangelog1", "method"="addIsSendSessionEnabledPropertyInDatasources"}
[2023-04-16 21:17:17,067]  - method[addRedshiftPlugin] with arguments: [org.springframework.data.mongodb.core.MongoTemplate]
[2023-04-16 21:17:17,083]  - APPLIED - {"id"="add-redshift-plugin", "type"="execution", "author"="", "class"="DatabaseChangelog1", "method"="addRedshiftPlugin"}
[2023-04-16 21:17:17,092]  - method[clearUserDataCollection] with arguments: [org.springframework.data.mongodb.core.MongoTemplate]
[2023-04-16 21:17:17,102]  - APPLIED - {"id"="clear-userdata-collection", "type"="execution", "author"="", "class"="DatabaseChangelog1", "method"="clearUserDataCollection"}
[2023-04-16 21:17:17,107]  - method[updateDatabaseDocumentationLinks_v1_2_1] with arguments: [org.springframework.data.mongodb.core.MongoTemplate]
[2023-04-16 21:17:17,166]  - APPLIED - {"id"="update-database-documentation-links-v1-2-1", "type"="execution", "author"="", "class"="DatabaseChangelog1", "method"="updateDatabaseDocumentationLinks_v1_2_1"}
[2023-04-16 21:17:17,171]  - method[addAmazonS3Plugin] with arguments: [org.springframework.data.mongodb.core.MongoTemplate]
[2023-04-16 21:17:17,184]  - APPLIED - {"id"="add-amazons3-plugin", "type"="execution", "author"="", "class"="DatabaseChangelog1", "method"="addAmazonS3Plugin"}
[2023-04-16 21:17:17,189]  - method[addAppViewerInvitePolicy] with arguments: [org.springframework.data.mongodb.core.MongoTemplate]
[2023-04-16 21:17:17,196]  - APPLIED - {"id"="add-app-viewer-invite-policy", "type"="execution", "author"="", "class"="DatabaseChangelog1", "method"="addAppViewerInvitePolicy"}
[2023-04-16 21:17:17,203]  - method[updatePluginDatasourceFormComponents] with arguments: [org.springframework.data.mongodb.core.MongoTemplate]
[2023-04-16 21:17:17,282]  - APPLIED - {"id"="update-plugin-datasource-form-components", "type"="execution", "author"="", "class"="DatabaseChangelog1", "method"="updatePluginDatasourceFormComponents"}
[2023-04-16 21:17:17,287]  - method[updateEncodeParamsToggle] with arguments: [org.springframework.data.mongodb.core.MongoTemplate]
[2023-04-16 21:17:17,291]  - APPLIED - {"id"="update-database-encode-params-toggle", "type"="execution", "author"="", "class"="DatabaseChangelog1", "method"="updateEncodeParamsToggle"}
[2023-04-16 21:17:17,296]  - method[updatePostgresActionsSetPreparedStatementConfiguration] with arguments: [org.springframework.data.mongodb.core.MongoTemplate]
[2023-04-16 21:17:17,322]  - APPLIED - {"id"="update-postgres-plugin-preparedStatement-config", "type"="execution", "author"="", "class"="DatabaseChangelog1", "method"="updatePostgresActionsSetPreparedStatementConfiguration"}
[2023-04-16 21:17:17,327]  - method[fixDynamicBindingPathListForExistingActions] with arguments: [org.springframework.data.mongodb.core.MongoTemplate]
[2023-04-16 21:17:17,330]  - APPLIED - {"id"="fix-dynamicBindingPathListForActions", "type"="execution", "author"="", "class"="DatabaseChangelog1", "method"="fixDynamicBindingPathListForExistingActions"}
[2023-04-16 21:17:17,338]  - method[updateActionConfigurationTimeout] with arguments: [org.springframework.data.mongodb.core.MongoTemplate]
[2023-04-16 21:17:17,343]  - APPLIED - {"id"="update-database-action-configuration-timeout", "type"="execution", "author"="", "class"="DatabaseChangelog1", "method"="updateActionConfigurationTimeout"}
[2023-04-16 21:17:17,348]  - method[updateS3DatasourceConfigurationAndLabel] with arguments: [org.springframework.data.mongodb.core.MongoTemplate]
[2023-04-16 21:17:17,364]  - APPLIED - {"id"="update-s3-datasource-configuration-and-label", "type"="execution", "author"="", "class"="DatabaseChangelog1", "method"="updateS3DatasourceConfigurationAndLabel"}
[2023-04-16 21:17:17,380]  - method[changeAppLayoutTypeDefinition] with arguments: [org.springframework.data.mongodb.core.MongoOperations]
[2023-04-16 21:17:17,395]  - Could not map 'Application.appLayout'; Maybe a fragment in 'AppLayout' is considered a simple type; Mapper continues with appLayout
[2023-04-16 21:17:17,398]  - Could not map 'Application.appLayout'; Maybe a fragment in 'AppLayout' is considered a simple type; Mapper continues with appLayout
[2023-04-16 21:17:17,413]  - APPLIED - {"id"="change-applayout-type-definition", "type"="execution", "author"="", "class"="DatabaseChangelog1", "method"="changeAppLayoutTypeDefinition"}
[2023-04-16 21:17:17,420]  - method[updateMysqlPostgresMongoSslMode] with arguments: [org.springframework.data.mongodb.core.MongoTemplate]
[2023-04-16 21:17:17,505]  - APPLIED - {"id"="update-mysql-postgres-mongo-ssl-mode", "type"="execution", "author"="", "class"="DatabaseChangelog1", "method"="updateMysqlPostgresMongoSslMode"}
[2023-04-16 21:17:17,551]  - method[addCommentingPermissions] with arguments: [org.springframework.data.mongodb.core.MongoTemplate]
[2023-04-16 21:17:17,557]  - APPLIED - {"id"="add-commenting-permissions", "type"="execution", "author"="", "class"="DatabaseChangelog1", "method"="addCommentingPermissions"}
[2023-04-16 21:17:17,564]  - method[addGoogleSheetsPlugin] with arguments: [org.springframework.data.mongodb.core.MongoTemplate]
[2023-04-16 21:17:17,597]  - APPLIED - {"id"="add-google-sheets-plugin", "type"="execution", "author"="", "class"="DatabaseChangelog1", "method"="addGoogleSheetsPlugin"}
[2023-04-16 21:17:17,607]  - method[markInstanceAsUnregistered] with arguments: [org.springframework.data.mongodb.core.MongoTemplate]
[2023-04-16 21:17:17,615]  - APPLIED - {"id"="mark-instance-unregistered", "type"="execution", "author"="", "class"="DatabaseChangelog1", "method"="markInstanceAsUnregistered"}
[2023-04-16 21:17:17,623]  - method[createEntryInSequencePerOrganizationForDatasource] with arguments: [org.springframework.data.mongodb.core.MongoTemplate]
[2023-04-16 21:17:17,629]  - APPLIED - {"id"="create-entry-in-sequence-per-organization-for-datasource", "type"="execution", "author"="", "class"="DatabaseChangelog1", "method"="createEntryInSequencePerOrganizationForDatasource"}
[2023-04-16 21:17:17,643]  - method[migrateSmartSubstitutionDataTypeBoolean] with arguments: [org.springframework.data.mongodb.core.MongoTemplate, org.springframework.data.mongodb.core.MongoOperations]
[2023-04-16 21:17:17,690]  - APPLIED - {"id"="migrate-smartSubstitution-dataType", "type"="execution", "author"="", "class"="DatabaseChangelog1", "method"="migrateSmartSubstitutionDataTypeBoolean"}
[2023-04-16 21:17:17,696]  - method[updateMongoImportFromSrvField] with arguments: [org.springframework.data.mongodb.core.MongoTemplate]
[2023-04-16 21:17:17,704]  - APPLIED - {"id"="update-mongo-import-from-srv-field", "type"="execution", "author"="", "class"="DatabaseChangelog1", "method"="updateMongoImportFromSrvField"}
[2023-04-16 21:17:17,710]  - method[deleteMongoDatasourceStructures] with arguments: [org.springframework.data.mongodb.core.MongoTemplate, org.springframework.data.mongodb.core.MongoOperations]
[2023-04-16 21:17:17,723]  - APPLIED - {"id"="delete-mongo-datasource-structures", "type"="execution", "author"="", "class"="DatabaseChangelog1", "method"="deleteMongoDatasourceStructures"}
[2023-04-16 21:17:17,729]  - method[setMongoActionInputToRaw] with arguments: [org.springframework.data.mongodb.core.MongoTemplate]
[2023-04-16 21:17:17,738]  - APPLIED - {"id"="set-mongo-actions-type-to-raw", "type"="execution", "author"="", "class"="DatabaseChangelog1", "method"="setMongoActionInputToRaw"}
[2023-04-16 21:17:17,747]  - method[updateFirestoreWhereConditionsData] with arguments: [org.springframework.data.mongodb.core.MongoTemplate]
[2023-04-16 21:17:17,759]  - APPLIED - {"id"="update-firestore-where-conditions-data", "type"="execution", "author"="", "class"="DatabaseChangelog1", "method"="updateFirestoreWhereConditionsData"}
[2023-04-16 21:17:17,766]  - method[addApplicationExportPermissions] with arguments: [org.springframework.data.mongodb.core.MongoTemplate]
[2023-04-16 21:17:17,771]  - APPLIED - {"id"="add-application-export-permissions", "type"="execution", "author"="", "class"="DatabaseChangelog1", "method"="addApplicationExportPermissions"}
[2023-04-16 21:17:17,778]  - method[addSnowflakePlugin] with arguments: [org.springframework.data.mongodb.core.MongoTemplate]
[2023-04-16 21:17:17,790]  - APPLIED - {"id"="add-snowflake-plugin", "type"="execution", "author"="", "class"="DatabaseChangelog1", "method"="addSnowflakePlugin"}
[2023-04-16 21:17:17,796]  - method[migrateUpdateOneToUpdateManyMongoFormCommand] with arguments: [org.springframework.data.mongodb.core.MongoTemplate]
[2023-04-16 21:17:17,806]  - APPLIED - {"id"="mongo-form-merge-update-commands", "type"="execution", "author"="", "class"="DatabaseChangelog1", "method"="migrateUpdateOneToUpdateManyMongoFormCommand"}
[2023-04-16 21:17:17,810]  - method[ensureUserCreatedAndUpdatedAt] with arguments: [org.springframework.data.mongodb.core.MongoTemplate]
[2023-04-16 21:17:17,819]  - APPLIED - {"id"="ensure-user-created-and-updated-at-fields", "type"="execution", "author"="", "class"="DatabaseChangelog1", "method"="ensureUserCreatedAndUpdatedAt"}
[2023-04-16 21:17:17,824]  - method[addOrderToAllPagesOfApplication] with arguments: [org.springframework.data.mongodb.core.MongoTemplate]
[2023-04-16 21:17:17,828]  - APPLIED - {"id"="add-and-update-order-for-all-pages", "type"="execution", "author"="", "class"="DatabaseChangelog1", "method"="addOrderToAllPagesOfApplication"}
[2023-04-16 21:17:17,834]  - method[migrateRawInputTypeToRawCommand] with arguments: [org.springframework.data.mongodb.core.MongoTemplate]
[2023-04-16 21:17:17,842]  - APPLIED - {"id"="mongo-form-migrate-raw", "type"="execution", "author"="", "class"="DatabaseChangelog1", "method"="migrateRawInputTypeToRawCommand"}
[2023-04-16 21:17:17,847]  - method[addArangoDBPlugin] with arguments: [org.springframework.data.mongodb.core.MongoTemplate]
[2023-04-16 21:17:17,859]  - APPLIED - {"id"="add-arangodb-plugin", "type"="execution", "author"="", "class"="DatabaseChangelog1", "method"="addArangoDBPlugin"}
[2023-04-16 21:17:17,865]  - method[setSvgLogoToPluginIcons] with arguments: [org.springframework.data.mongodb.core.MongoTemplate]
[2023-04-16 21:17:17,962]  - APPLIED - {"id"="set-svg-logo-to-plugins", "type"="execution", "author"="", "class"="DatabaseChangelog1", "method"="setSvgLogoToPluginIcons"}
[2023-04-16 21:17:17,969]  - method[removePageOrderFieldFromApplicationPages] with arguments: [org.springframework.data.mongodb.core.MongoTemplate]
[2023-04-16 21:17:17,986]  - APPLIED - {"id"="remove-order-field-from-application- pages", "type"="execution", "author"="", "class"="DatabaseChangelog1", "method"="removePageOrderFieldFromApplicationPages"}
[2023-04-16 21:17:17,992]  - method[createPluginReferenceForGenerateCRUDPage] with arguments: [org.springframework.data.mongodb.core.MongoTemplate]
[2023-04-16 21:17:18,090]  - APPLIED - {"id"="create-plugin-reference-for-genarate-CRUD-page", "type"="execution", "author"="", "class"="DatabaseChangelog1", "method"="createPluginReferenceForGenerateCRUDPage"}
[2023-04-16 21:17:18,099]  - method[encryptCertificateAndPassword] with arguments: [org.springframework.data.mongodb.core.MongoTemplate, com.appsmith.external.services.EncryptionService]
[2023-04-16 21:17:18,109]  - APPLIED - {"id"="encrypt-certificate", "type"="execution", "author"="", "class"="DatabaseChangelog1", "method"="encryptCertificateAndPassword"}
[2023-04-16 21:17:18,120]  - method[createPluginReferenceForS3AndGSheetGenerateCRUDPage] with arguments: [org.springframework.data.mongodb.core.MongoTemplate]
[2023-04-16 21:17:18,212]  - APPLIED - {"id"="create-plugin-reference-for-S3-GSheet-genarate-CRUD-page", "type"="execution", "author"="", "class"="DatabaseChangelog1", "method"="createPluginReferenceForS3AndGSheetGenerateCRUDPage"}
[2023-04-16 21:17:18,217]  - method[addApplicationGitMetadataFieldAndIndex] with arguments: [org.springframework.data.mongodb.core.MongoTemplate]
[2023-04-16 21:17:18,288]  - APPLIED - {"id"="application-git-metadata", "type"="execution", "author"="", "class"="DatabaseChangelog1", "method"="addApplicationGitMetadataFieldAndIndex"}
[2023-04-16 21:17:18,293]  - method[addJSPlugin] with arguments: [org.springframework.data.mongodb.core.MongoTemplate]
[2023-04-16 21:17:18,305]  - APPLIED - {"id"="add-js-plugin", "type"="execution", "author"="", "class"="DatabaseChangelog1", "method"="addJSPlugin"}
[2023-04-16 21:17:18,309]  - method[updateGoogleSheetActionsSetSmartSubstitutionConfiguration] with arguments: [org.springframework.data.mongodb.core.MongoTemplate]
[2023-04-16 21:17:18,328]  - APPLIED - {"id"="update-google-sheet-plugin-smartSubstitution-config", "type"="execution", "author"="", "class"="DatabaseChangelog1", "method"="updateGoogleSheetActionsSetSmartSubstitutionConfiguration"}
[2023-04-16 21:17:18,334]  - method[uninstallMongoUqiPluginAndRemoveAllActions] with arguments: [org.springframework.data.mongodb.core.MongoTemplate]
[2023-04-16 21:17:18,362]  - APPLIED - {"id"="uninstall-mongo-uqi-plugin", "type"="execution", "author"="", "class"="DatabaseChangelog1", "method"="uninstallMongoUqiPluginAndRemoveAllActions"}
[2023-04-16 21:17:18,372]  - method[migrateMongoPluginToUqi] with arguments: [org.springframework.data.mongodb.core.MongoTemplate]
[2023-04-16 21:17:18,387]  - APPLIED - {"id"="migrate-mongo-to-uqi", "type"="execution", "author"="", "class"="DatabaseChangelog1", "method"="migrateMongoPluginToUqi"}
[2023-04-16 21:17:18,392]  - method[migrateMongoPluginDynamicBindingListUqi] with arguments: [org.springframework.data.mongodb.core.MongoTemplate]
[2023-04-16 21:17:18,399]  - APPLIED - {"id"="migrate-mongo-uqi-dynamicBindingPathList", "type"="execution", "author"="", "class"="DatabaseChangelog1", "method"="migrateMongoPluginDynamicBindingListUqi"}
[2023-04-16 21:17:18,407]  - method[updatePluginPackageNameIndexToPluginNamePackageNameAndVersion] with arguments: [org.springframework.data.mongodb.core.MongoTemplate]
[2023-04-16 21:17:18,583]  - APPLIED - {"id"="update-plugin-package-name-index", "type"="execution", "author"="", "class"="DatabaseChangelog1", "method"="updatePluginPackageNameIndexToPluginNamePackageNameAndVersion"}
[2023-04-16 21:17:18,588]  - method[deleteOrphanActions] with arguments: [org.springframework.data.mongodb.core.MongoTemplate]
[2023-04-16 21:17:18,591]  - APPLIED - {"id"="delete-orphan-actions", "type"="execution", "author"="", "class"="DatabaseChangelog1", "method"="deleteOrphanActions"}
[2023-04-16 21:17:18,596]  - method[migrateOldAppColorsToNewColors] with arguments: [org.springframework.data.mongodb.core.MongoTemplate]
[2023-04-16 21:17:18,702]  - APPLIED - {"id"="migrate-old-app-color-to-new-colors", "type"="execution", "author"="", "class"="DatabaseChangelog1", "method"="migrateOldAppColorsToNewColors"}
[2023-04-16 21:17:18,706]  - method[updateS3PermanentUrlToggleDefaultValue] with arguments: [org.springframework.data.mongodb.core.MongoTemplate]
[2023-04-16 21:17:18,714]  - APPLIED - {"id"="update-s3-permanent-url-toggle-default-value", "type"="execution", "author"="", "class"="DatabaseChangelog1", "method"="updateS3PermanentUrlToggleDefaultValue"}
[2023-04-16 21:17:18,718]  - method[updateGitApplicationMetadataIndex] with arguments: [org.springframework.data.mongodb.core.MongoTemplate]
[2023-04-16 21:17:18,765]  - APPLIED - {"id"="application-git-metadata-index", "type"="execution", "author"="", "class"="DatabaseChangelog1", "method"="updateGitApplicationMetadataIndex"}
[2023-04-16 21:17:18,768]  - method[migrateS3PluginToUqi] with arguments: [org.springframework.data.mongodb.core.MongoTemplate]
[2023-04-16 21:17:18,781]  - APPLIED - {"id"="migrate-s3-to-uqi", "type"="execution", "author"="", "class"="DatabaseChangelog1", "method"="migrateS3PluginToUqi"}
[2023-04-16 21:17:18,786]  - method[setSlugToApplicationAndPage] with arguments: [org.springframework.data.mongodb.core.MongoTemplate]
[2023-04-16 21:17:18,792]  - APPLIED - {"id"="set-slug-to-application-and-page", "type"="execution", "author"="", "class"="DatabaseChangelog1", "method"="setSlugToApplicationAndPage"}
[2023-04-16 21:17:18,797]  - method[removeUnusedTriggerPathsListWidget] with arguments: [org.springframework.data.mongodb.core.MongoTemplate]
[2023-04-16 21:17:18,801]  - APPLIED - {"id"="update-list-widget-trigger-paths", "type"="execution", "author"="", "class"="DatabaseChangelog1", "method"="removeUnusedTriggerPathsListWidget"}
[2023-04-16 21:17:18,805]  - method[updateS3ActionConfigurationBodyForContentTypeSupport] with arguments: [org.springframework.data.mongodb.core.MongoTemplate]
[2023-04-16 21:17:18,811]  - APPLIED - {"id"="update-s3-action-configuration-for-type", "type"="execution", "author"="", "class"="DatabaseChangelog1", "method"="updateS3ActionConfigurationBodyForContentTypeSupport"}
[2023-04-16 21:17:18,815]  - method[fixIsPublicIsSetFalseWhenAppIsPublic] with arguments: [org.springframework.data.mongodb.core.MongoTemplate]
[2023-04-16 21:17:18,823]  - APPLIED - {"id"="fix-ispublic-is-false-for-public-apps", "type"="execution", "author"="", "class"="DatabaseChangelog1", "method"="fixIsPublicIsSetFalseWhenAppIsPublic"}
[2023-04-16 21:17:18,827]  - method[updateJsActionsClientSideExecution] with arguments: [org.springframework.data.mongodb.core.MongoTemplate]
[2023-04-16 21:17:18,834]  - APPLIED - {"id"="update-js-action-client-side-execution", "type"="execution", "author"="", "class"="DatabaseChangelog1", "method"="updateJsActionsClientSideExecution"}
[2023-04-16 21:17:18,839]  - method[addSmtpPluginPlugin] with arguments: [org.springframework.data.mongodb.core.MongoTemplate]
[2023-04-16 21:17:18,855]  - APPLIED - {"id"="add-smtp-plugin", "type"="execution", "author"="", "class"="DatabaseChangelog1", "method"="addSmtpPluginPlugin"}
[2023-04-16 21:17:18,860]  - method[updateMockdbEndpoint] with arguments: [org.springframework.data.mongodb.core.MongoTemplate]
[2023-04-16 21:17:18,868]  - APPLIED - {"id"="update-mockdb-endpoint", "type"="execution", "author"="", "class"="DatabaseChangelog1", "method"="updateMockdbEndpoint"}
[2023-04-16 21:17:18,873]  - method[addPluginNameForGoogleSheets] with arguments: [org.springframework.data.mongodb.core.MongoTemplate]
[2023-04-16 21:17:18,883]  - APPLIED - {"id"="add-google-sheets-plugin-name", "type"="execution", "author"="", "class"="DatabaseChangelog1", "method"="addPluginNameForGoogleSheets"}
[2023-04-16 21:17:18,888]  - method[insertDefaultResources] with arguments: [org.springframework.data.mongodb.core.MongoTemplate]
[2023-04-16 21:17:18,906]  - APPLIED - {"id"="insert-default-resources", "type"="execution", "author"="", "class"="DatabaseChangelog1", "method"="insertDefaultResources"}
[2023-04-16 21:17:18,913]  - method[clearRedisCache] with arguments: [org.springframework.data.redis.core.ReactiveRedisOperations]
[2023-04-16 21:17:18,966]  - APPLIED - {"id"="flush-spring-redis-keys", "type"="execution", "author"="", "class"="DatabaseChangelog1", "method"="clearRedisCache"}
[2023-04-16 21:17:18,971]  - method[migrateFirestorePluginToUqi] with arguments: [org.springframework.data.mongodb.core.MongoTemplate]
[2023-04-16 21:17:18,983]  - APPLIED - {"id"="migrate-firestore-to-uqi", "type"="execution", "author"="", "class"="DatabaseChangelog1", "method"="migrateFirestorePluginToUqi"}
[2023-04-16 21:17:18,988]  - method[migrateFirestorePluginToUqi2] with arguments: [org.springframework.data.mongodb.core.MongoTemplate]
[2023-04-16 21:17:18,995]  - APPLIED - {"id"="migrate-firestore-to-uqi-2", "type"="execution", "author"="", "class"="DatabaseChangelog1", "method"="migrateFirestorePluginToUqi2"}
[2023-04-16 21:17:19,006]  - method[migrateFirestorePaginationData] with arguments: [org.springframework.data.mongodb.core.MongoTemplate]
[2023-04-16 21:17:19,014]  - APPLIED - {"id"="migrate-firestore-pagination-data", "type"="execution", "author"="", "class"="DatabaseChangelog1", "method"="migrateFirestorePaginationData"}
[2023-04-16 21:17:19,019]  - method[updateMongoMockdbEndpoint] with arguments: [org.springframework.data.mongodb.core.MongoTemplate]
[2023-04-16 21:17:19,028]  - APPLIED - {"id"="update-mongodb-mockdb-endpoint", "type"="execution", "author"="", "class"="DatabaseChangelog1", "method"="updateMongoMockdbEndpoint"}
[2023-04-16 21:17:19,032]  - method[migrateFirestorePluginToUqi3] with arguments: [org.springframework.data.mongodb.core.MongoTemplate]
[2023-04-16 21:17:19,048]  - APPLIED - {"id"="migrate-firestore-to-uqi-3", "type"="execution", "author"="", "class"="DatabaseChangelog1", "method"="migrateFirestorePluginToUqi3"}
[2023-04-16 21:17:19,053]  - method[createSystemThemes] with arguments: [org.springframework.data.mongodb.core.MongoTemplate]
[2023-04-16 21:17:19,053]  - APPLIED - {"id"="create-system-themes", "type"="execution", "author"="", "class"="DatabaseChangelog1", "method"="createSystemThemes"}
[2023-04-16 21:17:19,058]  - method[addLimitFieldDataToMongoAggregateCommand] with arguments: [org.springframework.data.mongodb.core.MongoTemplate]
[2023-04-16 21:17:19,067]  - APPLIED - {"id"="add-limit-field-data-to-mongo-aggregate-cmd", "type"="execution", "author"="", "class"="DatabaseChangelog1", "method"="addLimitFieldDataToMongoAggregateCommand"}
[2023-04-16 21:17:19,072]  - method[updateGitIndexes] with arguments: [org.springframework.data.mongodb.core.MongoTemplate]
[2023-04-16 21:17:19,255]  - APPLIED - {"id"="update-index-for-git", "type"="execution", "author"="", "class"="DatabaseChangelog1", "method"="updateGitIndexes"}
[2023-04-16 21:17:19,259]  - method[updateMockdbEndpoint2] with arguments: [org.springframework.data.mongodb.core.MongoTemplate]
[2023-04-16 21:17:19,266]  - APPLIED - {"id"="update-mockdb-endpoint-2", "type"="execution", "author"="", "class"="DatabaseChangelog1", "method"="updateMockdbEndpoint2"}
[2023-04-16 21:17:19,273]  - method[migrateFromRSASha1ToECDSASha2Protocol] with arguments: [org.springframework.data.mongodb.core.MongoTemplate]
[2023-04-16 21:17:19,279]  - APPLIED - {"id"="migrate-from-RSA-SHA1-to-ECDSA-SHA2-protocol-for-key-generation", "type"="execution", "author"="", "class"="DatabaseChangelog1", "method"="migrateFromRSASha1ToECDSASha2Protocol"}
[2023-04-16 21:17:19,284]  - method[useAssetsCDNForPluginIcons] with arguments: [org.springframework.data.mongodb.core.MongoTemplate]
[2023-04-16 21:17:19,381]  - APPLIED - {"id"="use-assets-cdn-for-plugin-icons", "type"="execution", "author"="", "class"="DatabaseChangelog1", "method"="useAssetsCDNForPluginIcons"}
[2023-04-16 21:17:19,387]  - method[updateNewActionActionCollectionAndUserDataIndexes] with arguments: [org.springframework.data.mongodb.core.MongoTemplate]
[2023-04-16 21:17:19,571]  - APPLIED - {"id"="update-index-for-newAction-actionCollection-userData", "type"="execution", "author"="", "class"="DatabaseChangelog1", "method"="updateNewActionActionCollectionAndUserDataIndexes"}
[2023-04-16 21:17:19,576]  - method[markMSSQLCrudUnavailable] with arguments: [org.springframework.data.mongodb.core.MongoTemplate]
[2023-04-16 21:17:19,586]  - APPLIED - {"id"="mark-mssql-crud-unavailable", "type"="execution", "author"="", "class"="DatabaseChangelog1", "method"="markMSSQLCrudUnavailable"}
[2023-04-16 21:17:19,590]  - method[updateNewActionActionCollectionIndexes] with arguments: [org.springframework.data.mongodb.core.MongoTemplate]
[2023-04-16 21:17:19,717]  - APPLIED - {"id"="update-index-for-newAction-actionCollection", "type"="execution", "author"="", "class"="DatabaseChangelog1", "method"="updateNewActionActionCollectionIndexes"}
[2023-04-16 21:17:19,723]  - method[createSystemThemes2] with arguments: [org.springframework.data.mongodb.core.MongoTemplate]
[2023-04-16 21:17:19,724]  - APPLIED - {"id"="create-system-themes-v2", "type"="execution", "author"="", "class"="DatabaseChangelog1", "method"="createSystemThemes2"}
[2023-04-16 21:17:19,729]  - method[setFirestoreSmartSubstitutionToFalseForOldCommands] with arguments: [org.springframework.data.mongodb.core.MongoTemplate]
[2023-04-16 21:17:19,739]  - APPLIED - {"id"="set-firestore-smart-substitution-to-false-for-old-cmds", "type"="execution", "author"="", "class"="DatabaseChangelog1", "method"="setFirestoreSmartSubstitutionToFalseForOldCommands"}
[2023-04-16 21:17:19,744]  - method[fixPluginTitleCasing] with arguments: [org.springframework.data.mongodb.core.MongoTemplate]
[2023-04-16 21:17:19,762]  - APPLIED - {"id"="fix-plugin-title-casing", "type"="execution", "author"="", "class"="DatabaseChangelog2", "method"="fixPluginTitleCasing"}
[2023-04-16 21:17:19,767]  - method[deprecateArchivedAtForNewAction] with arguments: [org.springframework.data.mongodb.core.MongoTemplate]
[2023-04-16 21:17:19,773]  - APPLIED - {"id"="deprecate-archivedAt-in-action", "type"="execution", "author"="", "class"="DatabaseChangelog2", "method"="deprecateArchivedAtForNewAction"}
[2023-04-16 21:17:19,779]  - method[updateActionFormDataPath] with arguments: [org.springframework.data.mongodb.core.MongoTemplate]
[2023-04-16 21:17:19,787]  - APPLIED - {"id"="update-form-data-for-uqi-mode", "type"="execution", "author"="", "class"="DatabaseChangelog2", "method"="updateActionFormDataPath"}
[2023-04-16 21:17:19,791]  - method[updateIsConfiguredFlagForAllTheExistingDatasources] with arguments: [org.springframework.data.mongodb.core.MongoTemplate]
[2023-04-16 21:17:19,795]  - APPLIED - {"id"="add-isConfigured-flag-for-all-datasources", "type"="execution", "author"="", "class"="DatabaseChangelog2", "method"="updateIsConfiguredFlagForAllTheExistingDatasources"}
[2023-04-16 21:17:19,801]  - method[setDefaultApplicationVersion] with arguments: [org.springframework.data.mongodb.core.MongoTemplate]
[2023-04-16 21:17:19,809]  - APPLIED - {"id"="set-application-version", "type"="execution", "author"="", "class"="DatabaseChangelog2", "method"="setDefaultApplicationVersion"}
[2023-04-16 21:17:19,813]  - method[deleteOrphanPages] with arguments: [org.springframework.data.mongodb.core.MongoTemplate]
[2023-04-16 21:17:19,817]  - APPLIED - {"id"="delete-orphan-pages", "type"="execution", "author"="", "class"="DatabaseChangelog2", "method"="deleteOrphanPages"}
[2023-04-16 21:17:19,826]  - method[addIndexesForGit] with arguments: [org.springframework.data.mongodb.core.MongoTemplate]
[2023-04-16 21:17:19,944]  - APPLIED - {"id"="update-git-indexes", "type"="execution", "author"="", "class"="DatabaseChangelog2", "method"="addIndexesForGit"}
[2023-04-16 21:17:19,948]  - method[updateOrganizationSlugs] with arguments: [org.springframework.data.mongodb.core.MongoTemplate]
[2023-04-16 21:17:19,959]  - APPLIED - {"id"="update-organization-slugs", "type"="execution", "author"="", "class"="DatabaseChangelog2", "method"="updateOrganizationSlugs"}
[2023-04-16 21:17:19,964]  - method[copyOrganizationToWorkspaces] with arguments: [org.springframework.data.mongodb.core.MongoTemplate]
[2023-04-16 21:17:19,980]  - APPLIED - {"id"="copy-organization-to-workspaces", "type"="execution", "author"="", "class"="DatabaseChangelog2", "method"="copyOrganizationToWorkspaces"}
[2023-04-16 21:17:19,984]  - method[addWorkspaceIndexes] with arguments: [org.springframework.data.mongodb.core.MongoTemplate]
[2023-04-16 21:17:20,081]  - APPLIED - {"id"="add-workspace-indexes", "type"="execution", "author"="", "class"="DatabaseChangelog2", "method"="addWorkspaceIndexes"}
[2023-04-16 21:17:20,089]  - method[updateSequenceNamesFromOrganizationToWorkspace] with arguments: [org.springframework.data.mongodb.core.MongoTemplate]
[2023-04-16 21:17:20,101]  - APPLIED - {"id"="update-sequence-names-from-organization-to-workspace", "type"="execution", "author"="", "class"="DatabaseChangelog2", "method"="updateSequenceNamesFromOrganizationToWorkspace"}
[2023-04-16 21:17:20,108]  - method[addDefaultTenant] with arguments: [org.springframework.data.mongodb.core.MongoTemplate]
[2023-04-16 21:17:20,219]  - APPLIED - {"id"="add-default-tenant", "type"="execution", "author"="", "class"="DatabaseChangelog2", "method"="addDefaultTenant"}
[2023-04-16 21:17:20,231]  - method[addTenantToWorkspaces] with arguments: [org.springframework.data.mongodb.core.MongoTemplate]
[2023-04-16 21:17:20,251]  - APPLIED - {"id"="add-tenant-to-all-workspaces", "type"="execution", "author"="", "class"="DatabaseChangelog2", "method"="addTenantToWorkspaces"}
[2023-04-16 21:17:20,260]  - method[addTenantToUsersAndFlushRedis] with arguments: [org.springframework.data.mongodb.core.MongoTemplate, org.springframework.data.redis.core.ReactiveRedisOperations]
[2023-04-16 21:17:20,288]  - APPLIED - {"id"="add-tenant-to-all-users-and-flush-redis", "type"="execution", "author"="", "class"="DatabaseChangelog2", "method"="addTenantToUsersAndFlushRedis"}
[2023-04-16 21:17:20,296]  - method[migrateOrganizationIdToWorkspaceIdInDomainObjects] with arguments: [org.springframework.data.mongodb.core.MongoTemplate, org.springframework.data.redis.core.ReactiveRedisOperations]
[2023-04-16 21:17:20,380]  - APPLIED - {"id"="migrate-organizationId-to-workspaceId-in-domain-objects", "type"="execution", "author"="", "class"="DatabaseChangelog2", "method"="migrateOrganizationIdToWorkspaceIdInDomainObjects"}
[2023-04-16 21:17:20,386]  - method[organizationToWorkspaceIndexesRecreate] with arguments: [org.springframework.data.mongodb.core.MongoTemplate]
[2023-04-16 21:17:20,498]  - APPLIED - {"id"="organization-to-workspace-indexes-recreate", "type"="execution", "author"="", "class"="DatabaseChangelog2", "method"="organizationToWorkspaceIndexesRecreate"}
[2023-04-16 21:17:20,502]  - method[migratePermissionsInUser] with arguments: [org.springframework.data.mongodb.core.MongoTemplate]
[2023-04-16 21:17:20,516]  - APPLIED - {"id"="migrate-permission-in-user", "type"="execution", "author"="", "class"="DatabaseChangelog2", "method"="migratePermissionsInUser"}
[2023-04-16 21:17:20,522]  - method[migratePermissionsInWorkspace] with arguments: [org.springframework.data.mongodb.core.MongoTemplate]
[2023-04-16 21:17:20,556]  - APPLIED - {"id"="migrate-permission-in-workspace", "type"="execution", "author"="", "class"="DatabaseChangelog2", "method"="migratePermissionsInWorkspace"}
[2023-04-16 21:17:20,562]  - method[migrateOrganizationIdToWorkspaceIdInNewActionDatasource] with arguments: [org.springframework.data.mongodb.core.MongoTemplate, org.springframework.data.redis.core.ReactiveRedisOperations]
[2023-04-16 21:17:20,572]  - APPLIED - {"id"="migrate-organizationId-to-workspaceId-in-newaction-datasource", "type"="execution", "author"="", "class"="DatabaseChangelog2", "method"="migrateOrganizationIdToWorkspaceIdInNewActionDatasource"}
[2023-04-16 21:17:20,577]  - method[migrateGoogleSheetsToUqi] with arguments: [org.springframework.data.mongodb.core.MongoTemplate]
[2023-04-16 21:17:20,591]  - APPLIED - {"id"="migrate-google-sheets-to-uqi", "type"="execution", "author"="", "class"="DatabaseChangelog2", "method"="migrateGoogleSheetsToUqi"}
[2023-04-16 21:17:20,597]  - method[clearRedisCache2] with arguments: [org.springframework.data.redis.core.ReactiveRedisOperations]
[2023-04-16 21:17:20,601]  - APPLIED - {"id"="flush-spring-redis-keys-2a", "type"="execution", "author"="", "class"="DatabaseChangelog2", "method"="clearRedisCache2"}
[2023-04-16 21:17:20,606]  - method[fixDeletedThemesWhenGitBranchDeleted] with arguments: [org.springframework.data.mongodb.core.MongoTemplate]
[2023-04-16 21:17:20,622]  - APPLIED - {"id"="fix-deleted-themes-when-git-branch-deleted", "type"="execution", "author"="", "class"="DatabaseChangelog2", "method"="fixDeletedThemesWhenGitBranchDeleted"}
[2023-04-16 21:17:20,626]  - method[addAnonymousUser] with arguments: [org.springframework.data.mongodb.core.MongoTemplate]
[2023-04-16 21:17:20,652]  - APPLIED - {"id"="add-anonymousUser", "type"="execution", "author"="", "class"="DatabaseChangelog2", "method"="addAnonymousUser"}
[2023-04-16 21:17:20,662]  - method[addDefaultPermissionGroups] with arguments: [org.springframework.data.mongodb.core.MongoTemplate, com.appsmith.server.services.WorkspaceService, com.appsmith.server.helpers.PolicyUtils, jdk.proxy2.$Proxy144]
[2023-04-16 21:17:20,681]  - APPLIED - {"id"="add-default-permission-groups", "type"="execution", "author"="", "class"="DatabaseChangelog2", "method"="addDefaultPermissionGroups"}
[2023-04-16 21:17:20,685]  - method[markPublicApps] with arguments: [org.springframework.data.mongodb.core.MongoTemplate]
[2023-04-16 21:17:20,694]  - APPLIED - {"id"="mark-public-apps", "type"="execution", "author"="", "class"="DatabaseChangelog2", "method"="markPublicApps"}
[2023-04-16 21:17:20,699]  - method[markWorkspacesForInheritance] with arguments: [org.springframework.data.mongodb.core.MongoTemplate]
[2023-04-16 21:17:20,707]  - APPLIED - {"id"="mark-workspaces-for-inheritance", "type"="execution", "author"="", "class"="DatabaseChangelog2", "method"="markWorkspacesForInheritance"}
[2023-04-16 21:17:20,712]  - method[inheritPoliciesToEveryChildObject] with arguments: [org.springframework.data.mongodb.core.MongoTemplate, com.appsmith.server.acl.PolicyGenerator]
[2023-04-16 21:17:20,716]  - APPLIED - {"id"="inherit-policies-to-every-child-object", "type"="execution", "author"="", "class"="DatabaseChangelog2", "method"="inheritPoliciesToEveryChildObject"}
[2023-04-16 21:17:20,723]  - method[makeApplicationsPublic] with arguments: [org.springframework.data.mongodb.core.MongoTemplate, com.appsmith.server.helpers.PolicyUtils, com.appsmith.server.acl.PolicyGenerator, jdk.proxy2.$Proxy155]
[2023-04-16 21:17:20,737]  - APPLIED - {"id"="make-applications-public", "type"="execution", "author"="", "class"="DatabaseChangelog2", "method"="makeApplicationsPublic"}
[2023-04-16 21:17:20,744]  - method[addInstanceConfigurationPlaceHolder] with arguments: [org.springframework.data.mongodb.core.MongoTemplate]
[2023-04-16 21:17:20,856]  - APPLIED - {"id"="add-instance-config-object", "type"="execution", "author"="", "class"="DatabaseChangelog2", "method"="addInstanceConfigurationPlaceHolder"}
[2023-04-16 21:17:20,863]  - method[addAnonymousUserPermissionGroup] with arguments: [org.springframework.data.mongodb.core.MongoTemplate]
[2023-04-16 21:17:20,892]  - APPLIED - {"id"="add-anonymous-user-permission-group", "type"="execution", "author"="", "class"="DatabaseChangelog2", "method"="addAnonymousUserPermissionGroup"}
[2023-04-16 21:17:20,897]  - method[createSystemThemes3] with arguments: [org.springframework.data.mongodb.core.MongoTemplate]
[2023-04-16 21:17:21,329]  - APPLIED - {"id"="create-system-themes-v3", "type"="execution", "author"="", "class"="DatabaseChangelog2", "method"="createSystemThemes3"}
[2023-04-16 21:17:21,337]  - method[updateBadThemeState] with arguments: [org.springframework.data.mongodb.core.MongoTemplate, com.appsmith.server.acl.PolicyGenerator, com.appsmith.server.repositories.CacheableRepositoryHelper]
[2023-04-16 21:17:21,343]  - APPLIED - {"id"="update-bad-theme-state", "type"="execution", "author"="", "class"="DatabaseChangelog2", "method"="updateBadThemeState"}
[2023-04-16 21:17:21,349]  - method[migratePublicAppsSinglePg] with arguments: [org.springframework.data.mongodb.core.MongoTemplate, com.appsmith.server.helpers.PolicyUtils, com.appsmith.server.acl.PolicyGenerator, com.appsmith.server.repositories.CacheableRepositoryHelper]
[2023-04-16 21:17:21,390]  - Cache entry evicted for key permissionGroupsForUser:anonymousUser643c65e05f897d047a37e93b
[2023-04-16 21:17:21,413]  - APPLIED - {"id"="migrate-public-apps-single-pg", "type"="execution", "author"="", "class"="DatabaseChangelog2", "method"="migratePublicAppsSinglePg"}
[2023-04-16 21:17:21,419]  - method[addTenantAdminPermissionsToInstanceAdmin] with arguments: [org.springframework.data.mongodb.core.MongoTemplate, com.appsmith.server.helpers.PolicyUtils]
[2023-04-16 21:17:21,459]  - APPLIED - {"id"="add-tenant-admin-permissions-instance-admin", "type"="execution", "author"="", "class"="DatabaseChangelog2", "method"="addTenantAdminPermissionsToInstanceAdmin"}
[2023-04-16 21:17:21,465]  - method[addGraphQLPlugin] with arguments: [org.springframework.data.mongodb.core.MongoTemplate]
[2023-04-16 21:17:21,478]  - APPLIED - {"id"="add-graphql-plugin", "type"="execution", "author"="", "class"="DatabaseChangelog2", "method"="addGraphQLPlugin"}
[2023-04-16 21:17:21,486]  - method[reInstallGraphQLPluginToWorkspaces] with arguments: [org.springframework.data.mongodb.core.MongoTemplate]
[2023-04-16 21:17:21,498]  - APPLIED - {"id"="install-graphql-plugin-to-remaining-workspaces", "type"="execution", "author"="", "class"="DatabaseChangelog2", "method"="reInstallGraphQLPluginToWorkspaces"}
[2023-04-16 21:17:21,504]  - method[addIndicesRecommendedByMongoCloud] with arguments: [org.springframework.data.mongodb.core.MongoTemplate]
[2023-04-16 21:17:21,642]  - APPLIED - {"id"="indices-recommended-by-mongodb-cloud", "type"="execution", "author"="", "class"="DatabaseChangelog2", "method"="addIndicesRecommendedByMongoCloud"}
[2023-04-16 21:17:21,648]  - method[deleteRapidApiPluginRelatedItems] with arguments: [org.springframework.data.mongodb.core.MongoTemplate]
[2023-04-16 21:17:21,668]  - APPLIED - {"id"="delete-rapid-api-plugin-related-items", "type"="execution", "author"="", "class"="DatabaseChangelog2", "method"="deleteRapidApiPluginRelatedItems"}
[2023-04-16 21:17:21,674]  - method[addUniqueIndexOnUidString] with arguments: [org.springframework.data.mongodb.core.MongoTemplate]
[2023-04-16 21:17:21,729]  - APPLIED - {"id"="add-unique-index-for-uidstring", "type"="execution", "author"="", "class"="DatabaseChangelog2", "method"="addUniqueIndexOnUidString"}
[2023-04-16 21:17:21,734]  - method[modifyReadPermissionGroupToReadPermissionGroupMembers] with arguments: [org.springframework.data.mongodb.core.MongoTemplate, com.appsmith.server.helpers.PolicyUtils]
[2023-04-16 21:17:21,739]  - APPLIED - {"id"="change-readPermissionGroup-to-readPermissionGroupMembers", "type"="execution", "author"="", "class"="DatabaseChangelog2", "method"="modifyReadPermissionGroupToReadPermissionGroupMembers"}
[2023-04-16 21:17:21,743]  - method[changeSSLModeFromPreferredToDefaultForMySQLPlugin] with arguments: [org.springframework.data.mongodb.core.MongoTemplate]
[2023-04-16 21:17:21,750]  - APPLIED - {"id"="remove-preferred-ssl-mode-from-mysql", "type"="execution", "author"="", "class"="DatabaseChangelog2", "method"="changeSSLModeFromPreferredToDefaultForMySQLPlugin"}
[2023-04-16 21:17:21,754]  - method[deletePermissionsInPermissionGroups] with arguments: [org.springframework.data.mongodb.core.MongoTemplate]
[2023-04-16 21:17:21,760]  - APPLIED - {"id"="delete-permissions-in-permissionGroups", "type"="execution", "author"="", "class"="DatabaseChangelog2", "method"="deletePermissionsInPermissionGroups"}
[2023-04-16 21:17:21,764]  - method[removeUsagePulsesForAppsmithCloud] with arguments: [org.springframework.data.mongodb.core.MongoTemplate, com.appsmith.server.configurations.CommonConfig$$SpringCGLIB$$0]
[2023-04-16 21:17:21,764]  - APPLIED - {"id"="remove-usage-pulses-for-appsmith-cloud", "type"="execution", "author"="", "class"="DatabaseChangelog2", "method"="removeUsagePulsesForAppsmithCloud"}
[2023-04-16 21:17:21,768]  - method[addSslModeSettingsForExistingMssqlDatasource] with arguments: [org.springframework.data.mongodb.core.MongoTemplate]
[2023-04-16 21:17:21,777]  - APPLIED - {"id"="add-ssl-mode-settings-for-existing-mssql-datasources", "type"="execution", "author"="", "class"="DatabaseChangelog2", "method"="addSslModeSettingsForExistingMssqlDatasource"}
[2023-04-16 21:17:21,782]  - method[updateSuperUsers] with arguments: [org.springframework.data.mongodb.core.MongoTemplate, com.appsmith.server.repositories.CacheableRepositoryHelper]
[2023-04-16 21:17:21,802]  - APPLIED - {"id"="update-super-users", "type"="execution", "author"="", "class"="DatabaseChangelog2", "method"="updateSuperUsers"}
[2023-04-16 21:17:21,807]  - method[addPermissionGroupIndex] with arguments: [org.springframework.data.mongodb.core.MongoTemplate]
[2023-04-16 21:17:22,104]  - APPLIED - {"id"="create-indices-on-permissions-for-performance", "type"="execution", "author"="", "class"="DatabaseChangelog2", "method"="addPermissionGroupIndex"}
[2023-04-16 21:17:22,109]  - method[com.appsmith.server.migrations.db.ce.Migration003PermissionGroupDefaultWorkspaceIdMigration] with arguments: [org.springframework.data.mongodb.core.MongoTemplate]
[2023-04-16 21:17:22,109]  - method[defaultWorkspaceIdMigration] with arguments: []
[2023-04-16 21:17:22,137]  - APPLIED - {"id"="migrate-default-workspace-id-to-default-domain-id", "type"="execution", "author"="default_author", "class"="Migration003PermissionGroupDefaultWorkspaceIdMigration", "method"="defaultWorkspaceIdMigration"}
[2023-04-16 21:17:22,143]  - method[com.appsmith.server.migrations.db.ce.Migration004CreateIndexForApplicationSnapshotMigration] with arguments: [org.springframework.data.mongodb.core.MongoTemplate]
[2023-04-16 21:17:22,143]  - method[addIndexOnApplicationIdAndChunkOrder] with arguments: []
[2023-04-16 21:17:22,218]  - APPLIED - {"id"="create-index-for-application-snapshot-collection", "type"="execution", "author"="default_author", "class"="Migration004CreateIndexForApplicationSnapshotMigration", "method"="addIndexOnApplicationIdAndChunkOrder"}
[2023-04-16 21:17:22,223]  - method[com.appsmith.server.migrations.db.ce.Migration004ResetOnPageLoadEdgesInLayouts] with arguments: [org.springframework.data.mongodb.core.MongoTemplate]
[2023-04-16 21:17:22,223]  - method[executeMigration] with arguments: []
[2023-04-16 21:17:22,231]  - APPLIED - {"id"="reset-on-page-load-edges-in-layouts", "type"="execution", "author"="default_author", "class"="Migration004ResetOnPageLoadEdgesInLayouts", "method"="executeMigration"}
[2023-04-16 21:17:22,235]  - Mongock releasing the lock
[2023-04-16 21:17:22,235]  - Mongock releasing the lock
[2023-04-16 21:17:22,241]  - Mongock released the lock
[2023-04-16 21:17:22,241]  - Mongock has finished
[2023-04-16 21:17:23,417]  - Exposing 2 endpoint(s) beneath base path '/actuator'
[2023-04-16 21:17:23,887]  - Netty started on port 8080
[2023-04-16 21:17:23,920]  - Started ServerApplication in 25.868 seconds (process running for 27.673)
[2023-04-16 21:17:23,947]  - Triggering registration of this instance...
[2023-04-16 21:17:23,950]  - Performing RTS health check of this instance...
[2023-04-16 21:17:24,005]  - In memory cache miss for anonymous user permission groups. Fetching from DB and adding it to in memory storage.
[2023-04-16 21:17:24,952]  - Registration successful, updating state ...
[2023-04-16 21:17:25,011]  - RTS health check succeeded

                                
                     
                      
                      
                                   
                                             

Please open http://localhost:<port> in your browser to experience Appsmith!

[2023-04-16 21:17:33,249]  - Cancelled mongock lock daemon
[2023-04-16 21:17:45,606] userEmail=anonymousUser, sessionId=7926f008-2149-4dbf-be68-790dc607a433, thread=lettuce-epollEventLoop-6-1, requestId=d712325f-e475-4236-86ce-8dc2823682e7 - Cache miss for key permissionGroupsForUser:anonymousUser643c65e05f897d047a37e93b
[2023-04-16 21:17:45,611] userEmail=anonymousUser, sessionId=7926f008-2149-4dbf-be68-790dc607a433, thread=lettuce-epollEventLoop-6-1, requestId=d712325f-e475-4236-86ce-8dc2823682e7 - Cache entry added for key permissionGroupsForUser:anonymousUser643c65e05f897d047a37e93b
[2023-04-16 21:38:24,130] userEmail=anonymousUser, sessionId=, thread=lettuce-epollEventLoop-6-1, requestId=db389444-f055-489e-8ccb-3b82d7150fbd - Cache miss for key permissionGroupsForUser:keister.e@northeastern.edu643c65e05f897d047a37e93b
[2023-04-16 21:38:24,135] userEmail=anonymousUser, sessionId=, thread=nioEventLoopGroup-3-3, requestId=db389444-f055-489e-8ccb-3b82d7150fbd - Cache entry added for key permissionGroupsForUser:keister.e@northeastern.edu643c65e05f897d047a37e93b
[2023-04-16 21:38:24,383] userEmail=anonymousUser, sessionId=, thread=nioEventLoopGroup-3-6, requestId=db389444-f055-489e-8ccb-3b82d7150fbd - Cache entry evicted for key permissionGroupsForUser:keister.e@northeastern.edu643c65e05f897d047a37e93b
[2023-04-16 21:38:24,402] userEmail=anonymousUser, sessionId=, thread=nioEventLoopGroup-3-6, requestId=db389444-f055-489e-8ccb-3b82d7150fbd - Created blank default workspace for user 'keister.e@northeastern.edu'.
[2023-04-16 21:38:24,411] userEmail=anonymousUser, sessionId=, thread=nioEventLoopGroup-3-6, requestId=db389444-f055-489e-8ccb-3b82d7150fbd - Login succeeded for user: User(name=Evan Keister, email=keister.e@northeastern.edu, hashedEmail=null, roles=null, password=$2a$10$iFB27cDtvDcGIctiuo3pZed3rGdOe5zdZ2NxeBpG8NheU74/B4wji, passwordResetInitiated=false, source=FORM, state=ACTIVATED, isEnabled=true, currentOrganizationId=null, currentWorkspaceId=null, organizationIds=null, workspaceIds=null, examplesOrganizationId=null, examplesWorkspaceId=null, groupIds=[], permissions=[], inviteToken=null, isAnonymous=false, tenantId=643c65e05f897d047a37e93b)
[2023-04-16 21:38:24,475]  - Got request to send email to: keister.e@northeastern.edu with subject: Welcome to Appsmith
[2023-04-16 21:38:24,482] userEmail=anonymousUser, sessionId=, thread=lettuce-epollEventLoop-6-1, requestId=db389444-f055-489e-8ccb-3b82d7150fbd - Cache miss for key permissionGroupsForUser:keister.e@northeastern.edu643c65e05f897d047a37e93b
[2023-04-16 21:38:24,489] userEmail=anonymousUser, sessionId=, thread=nioEventLoopGroup-3-6, requestId=db389444-f055-489e-8ccb-3b82d7150fbd - Cache entry added for key permissionGroupsForUser:keister.e@northeastern.edu643c65e05f897d047a37e93b
[2023-04-16 21:38:24,819] userEmail=anonymousUser, sessionId=, thread=nioEventLoopGroup-3-6, requestId=db389444-f055-489e-8ccb-3b82d7150fbd - Cache entry evicted for key permissionGroupsForUser:keister.e@northeastern.edu643c65e05f897d047a37e93b
[2023-04-16 21:38:24,831] userEmail=anonymousUser, sessionId=, thread=lettuce-epollEventLoop-6-1, requestId=db389444-f055-489e-8ccb-3b82d7150fbd - Installation setup complete.
[2023-04-16 21:38:24,843] userEmail=anonymousUser, sessionId=, thread=lettuce-epollEventLoop-6-1, requestId=db389444-f055-489e-8ccb-3b82d7150fbd - Cache miss for key permissionGroupsForUser:keister.e@northeastern.edu643c65e05f897d047a37e93b
[2023-04-16 21:38:24,851] userEmail=anonymousUser, sessionId=, thread=nioEventLoopGroup-3-6, requestId=db389444-f055-489e-8ccb-3b82d7150fbd - Cache entry added for key permissionGroupsForUser:keister.e@northeastern.edu643c65e05f897d047a37e93b
[2023-04-16 21:38:24,932] userEmail=anonymousUser, sessionId=, thread=nioEventLoopGroup-3-5, requestId=db389444-f055-489e-8ccb-3b82d7150fbd - Cache entry evicted for key permissionGroupsForUser:keister.e@northeastern.edu643c65e05f897d047a37e93b
[2023-04-16 21:38:24,938] userEmail=anonymousUser, sessionId=, thread=lettuce-epollEventLoop-6-1, requestId=db389444-f055-489e-8ccb-3b82d7150fbd - Cache miss for key permissionGroupsForUser:keister.e@northeastern.edu643c65e05f897d047a37e93b
[2023-04-16 21:38:24,948] userEmail=anonymousUser, sessionId=, thread=nioEventLoopGroup-3-6, requestId=db389444-f055-489e-8ccb-3b82d7150fbd - Cache entry added for key permissionGroupsForUser:keister.e@northeastern.edu643c65e05f897d047a37e93b
[2023-04-16 21:38:26,086] userEmail=keister.e@northeastern.edu, sessionId=37497267-1d45-4907-8b17-c2b78978e27a, thread=lettuce-epollEventLoop-6-1, requestId=585d80ac-fa70-42d9-ae13-86eeb4478d16 - Going to fetch applicationPageDTO for applicationId: null, pageId: 643c6ad05f897d047a37e956, branchName: null, mode: EDIT
[2023-04-16 21:38:26,098] userEmail=keister.e@northeastern.edu, sessionId=37497267-1d45-4907-8b17-c2b78978e27a, thread=nioEventLoopGroup-3-6, requestId=585d80ac-fa70-42d9-ae13-86eeb4478d16 - Retrieved possible application ids for page, picking the appropriate one now
[2023-04-16 21:38:26,122] userEmail=keister.e@northeastern.edu, sessionId=37497267-1d45-4907-8b17-c2b78978e27a, thread=nioEventLoopGroup-3-6, requestId=585d80ac-fa70-42d9-ae13-86eeb4478d16 - Fetched application data for id: 643c6ad05f897d047a37e953
[2023-04-16 21:38:26,145] userEmail=keister.e@northeastern.edu, sessionId=37497267-1d45-4907-8b17-c2b78978e27a, thread=nioEventLoopGroup-3-5, requestId=6c67cc94-8f53-4e89-beac-cf091946540b - Handling user document changes User(name=Evan Keister, email=keister.e@northeastern.edu, hashedEmail=6dad502436f179fc8c980de4d1e8f8d2ee8169fe4e96dfa471369f1b084d3fef, roles=null, password=$2a$10$iFB27cDtvDcGIctiuo3pZed3rGdOe5zdZ2NxeBpG8NheU74/B4wji, passwordResetInitiated=false, source=FORM, state=ACTIVATED, isEnabled=true, currentOrganizationId=null, currentWorkspaceId=null, organizationIds=null, workspaceIds=null, examplesOrganizationId=null, examplesWorkspaceId=null, groupIds=[], permissions=[], inviteToken=null, isAnonymous=false, tenantId=643c65e05f897d047a37e93b)
[2023-04-16 21:38:26,146] userEmail=keister.e@northeastern.edu, sessionId=37497267-1d45-4907-8b17-c2b78978e27a, thread=nioEventLoopGroup-3-5, requestId=6c67cc94-8f53-4e89-beac-cf091946540b - Updating name in userRoles of workspace for user 643c6ad05f897d047a37e94d
[2023-04-16 21:38:26,215] userEmail=keister.e@northeastern.edu, sessionId=37497267-1d45-4907-8b17-c2b78978e27a, thread=nioEventLoopGroup-3-3, requestId=585d80ac-fa70-42d9-ae13-86eeb4478d16 - Retrieved Page DTOs from DB ...
[2023-04-16 21:38:26,216] userEmail=keister.e@northeastern.edu, sessionId=37497267-1d45-4907-8b17-c2b78978e27a, thread=nioEventLoopGroup-3-3, requestId=585d80ac-fa70-42d9-ae13-86eeb4478d16 - Populating applicationPagesDTO ...
[2023-04-16 21:38:26,325] userEmail=keister.e@northeastern.edu, sessionId=37497267-1d45-4907-8b17-c2b78978e27a, thread=lettuce-epollEventLoop-6-1, requestId=11ff8cbb-c24a-4e06-b829-ed7f68116512 - Going to get all actions with params: {applicationId=[643c6ad05f897d047a37e953]}, branch: null
[2023-04-16 21:38:26,362] userEmail=keister.e@northeastern.edu, sessionId=37497267-1d45-4907-8b17-c2b78978e27a, thread=lettuce-epollEventLoop-6-1, requestId=5d782bbc-aaa7-4faa-85b9-854f3d22a955 - Going to get all unpublished action collections with params: {applicationId=[643c6ad05f897d047a37e953]}, branch: null
[2023-04-16 21:38:26,413] userEmail=keister.e@northeastern.edu, sessionId=37497267-1d45-4907-8b17-c2b78978e27a, thread=lettuce-epollEventLoop-6-1, requestId=c98251ce-f6a5-4e00-8c91-28bc50fde018 - Going to get all unpublished JS libs in application: 643c6ad05f897d047a37e953, on branch: null
[2023-04-16 21:38:26,554] userEmail=keister.e@northeastern.edu, sessionId=37497267-1d45-4907-8b17-c2b78978e27a, thread=lettuce-epollEventLoop-6-1, requestId=b662537d-d12c-47c0-8d28-b3cbbb6b97d0 - Going to get all resources from base controller {workspaceId=[643c6ad05f897d047a37e94f]}
[2023-04-16 21:38:26,572] userEmail=keister.e@northeastern.edu, sessionId=37497267-1d45-4907-8b17-c2b78978e27a, thread=nioEventLoopGroup-3-4, requestId=b662537d-d12c-47c0-8d28-b3cbbb6b97d0 - Fetching plugins by params: {workspaceId=[643c6ad05f897d047a37e94f]} for org: Evan's apps
[2023-04-16 21:38:26,600] userEmail=keister.e@northeastern.edu, sessionId=37497267-1d45-4907-8b17-c2b78978e27a, thread=nioEventLoopGroup-3-4, requestId=b662537d-d12c-47c0-8d28-b3cbbb6b97d0 - Error loading templates metadata in plugin restapi-plugin
[2023-04-16 21:38:26,601] userEmail=keister.e@northeastern.edu, sessionId=37497267-1d45-4907-8b17-c2b78978e27a, thread=lettuce-epollEventLoop-6-1, requestId=ce1090a1-368b-4f1a-82a1-4fa440bd0b7c - Going to get all resources from base controller {workspaceId=[643c6ad05f897d047a37e94f]}
[2023-04-16 21:38:26,613] userEmail=keister.e@northeastern.edu, sessionId=37497267-1d45-4907-8b17-c2b78978e27a, thread=nioEventLoopGroup-3-4, requestId=b662537d-d12c-47c0-8d28-b3cbbb6b97d0 - Error loading templates metadata in plugin elasticsearch-plugin
[2023-04-16 21:38:26,615] userEmail=keister.e@northeastern.edu, sessionId=37497267-1d45-4907-8b17-c2b78978e27a, thread=nioEventLoopGroup-3-4, requestId=b662537d-d12c-47c0-8d28-b3cbbb6b97d0 - Error loading templates metadata in plugin dynamo-plugin
[2023-04-16 21:38:26,619] userEmail=keister.e@northeastern.edu, sessionId=37497267-1d45-4907-8b17-c2b78978e27a, thread=nioEventLoopGroup-3-4, requestId=b662537d-d12c-47c0-8d28-b3cbbb6b97d0 - Error loading templates metadata in plugin redis-plugin
[2023-04-16 21:38:26,625] userEmail=keister.e@northeastern.edu, sessionId=37497267-1d45-4907-8b17-c2b78978e27a, thread=nioEventLoopGroup-3-4, requestId=b662537d-d12c-47c0-8d28-b3cbbb6b97d0 - Error loading templates metadata in plugin firestore-plugin
[2023-04-16 21:38:26,628] userEmail=keister.e@northeastern.edu, sessionId=37497267-1d45-4907-8b17-c2b78978e27a, thread=nioEventLoopGroup-3-4, requestId=b662537d-d12c-47c0-8d28-b3cbbb6b97d0 - Error loading templates metadata in plugin redshift-plugin
[2023-04-16 21:38:26,633] userEmail=keister.e@northeastern.edu, sessionId=37497267-1d45-4907-8b17-c2b78978e27a, thread=nioEventLoopGroup-3-4, requestId=b662537d-d12c-47c0-8d28-b3cbbb6b97d0 - Error loading templates metadata in plugin amazons3-plugin
[2023-04-16 21:38:26,649] userEmail=keister.e@northeastern.edu, sessionId=37497267-1d45-4907-8b17-c2b78978e27a, thread=nioEventLoopGroup-3-4, requestId=b662537d-d12c-47c0-8d28-b3cbbb6b97d0 - Error loading templates metadata in plugin google-sheets-plugin
[2023-04-16 21:38:26,662] userEmail=keister.e@northeastern.edu, sessionId=37497267-1d45-4907-8b17-c2b78978e27a, thread=nioEventLoopGroup-3-5, requestId=b662537d-d12c-47c0-8d28-b3cbbb6b97d0 - Error loading templates metadata in plugin js-plugin
[2023-04-16 21:38:26,663] userEmail=keister.e@northeastern.edu, sessionId=37497267-1d45-4907-8b17-c2b78978e27a, thread=nioEventLoopGroup-3-5, requestId=b662537d-d12c-47c0-8d28-b3cbbb6b97d0 - Error loading templates metadata in plugin smtp-plugin
[2023-04-16 21:38:26,678] userEmail=keister.e@northeastern.edu, sessionId=37497267-1d45-4907-8b17-c2b78978e27a, thread=nioEventLoopGroup-3-5, requestId=b662537d-d12c-47c0-8d28-b3cbbb6b97d0 - Error loading templates metadata in plugin graphql-plugin
[2023-04-16 21:38:26,691] userEmail=keister.e@northeastern.edu, sessionId=37497267-1d45-4907-8b17-c2b78978e27a, thread=nioEventLoopGroup-3-5, requestId=b662537d-d12c-47c0-8d28-b3cbbb6b97d0 - Error loading templates metadata in plugin saas-plugin
[2023-04-16 21:38:26,696] userEmail=keister.e@northeastern.edu, sessionId=37497267-1d45-4907-8b17-c2b78978e27a, thread=nioEventLoopGroup-3-5, requestId=b662537d-d12c-47c0-8d28-b3cbbb6b97d0 - Error loading templates metadata in plugin saas-plugin
[2023-04-16 21:38:26,701] userEmail=keister.e@northeastern.edu, sessionId=37497267-1d45-4907-8b17-c2b78978e27a, thread=nioEventLoopGroup-3-5, requestId=b662537d-d12c-47c0-8d28-b3cbbb6b97d0 - Error loading templates metadata in plugin saas-plugin
[2023-04-16 21:38:27,117] userEmail=keister.e@northeastern.edu, sessionId=37497267-1d45-4907-8b17-c2b78978e27a, thread=lettuce-epollEventLoop-6-1, requestId=449e792d-10d0-4bcc-9948-649a709dd919 - Going to get resource from base controller for id: 643c6ad05f897d047a37e94f
[2023-04-16 21:38:27,138] userEmail=keister.e@northeastern.edu, sessionId=37497267-1d45-4907-8b17-c2b78978e27a, thread=lettuce-epollEventLoop-6-1, requestId=5b3a114f-d75f-482e-b7e2-3ed582e77414 - Going to get all applications grouped by workspace
[2023-04-16 21:38:27,208] userEmail=keister.e@northeastern.edu, sessionId=37497267-1d45-4907-8b17-c2b78978e27a, thread=reactor-http-epoll-1, requestId=269d62bd-e9b3-43c8-bed5-3e794ab1b7f9 - update layout received for page 643c6ad05f897d047a37e956
[2023-04-16 21:38:27,357] userEmail=keister.e@northeastern.edu, sessionId=37497267-1d45-4907-8b17-c2b78978e27a, thread=lettuce-epollEventLoop-6-1, requestId=33683dac-b0f9-423c-a7d8-b75f4aea8bba - Going to get version release items
[2023-04-16 21:38:42,349] userEmail=keister.e@northeastern.edu, sessionId=37497267-1d45-4907-8b17-c2b78978e27a, thread=lettuce-epollEventLoop-6-1, requestId=58059f65-99c1-4a63-9ed8-cd28a73659c1 - Going to get all applications grouped by workspace
[2023-04-16 21:38:42,443] userEmail=keister.e@northeastern.edu, sessionId=37497267-1d45-4907-8b17-c2b78978e27a, thread=lettuce-epollEventLoop-6-1, requestId=98697ac9-4bc7-4336-aaa6-82660b7fb8cb - Going to get version release items
[2023-04-16 21:38:48,464] userEmail=keister.e@northeastern.edu, sessionId=37497267-1d45-4907-8b17-c2b78978e27a, thread=lettuce-epollEventLoop-6-1, requestId=e6d4fe0a-0ceb-473d-8609-ce7023567a0e - Going to fetch applicationPageDTO for applicationId: null, pageId: 643c6ad05f897d047a37e956, branchName: null, mode: EDIT
[2023-04-16 21:38:48,491] userEmail=keister.e@northeastern.edu, sessionId=37497267-1d45-4907-8b17-c2b78978e27a, thread=nioEventLoopGroup-3-5, requestId=e6d4fe0a-0ceb-473d-8609-ce7023567a0e - Retrieved possible application ids for page, picking the appropriate one now
[2023-04-16 21:38:48,506] userEmail=keister.e@northeastern.edu, sessionId=37497267-1d45-4907-8b17-c2b78978e27a, thread=nioEventLoopGroup-3-5, requestId=e6d4fe0a-0ceb-473d-8609-ce7023567a0e - Fetched application data for id: 643c6ad05f897d047a37e953
[2023-04-16 21:38:48,537] userEmail=keister.e@northeastern.edu, sessionId=37497267-1d45-4907-8b17-c2b78978e27a, thread=nioEventLoopGroup-3-5, requestId=e6d4fe0a-0ceb-473d-8609-ce7023567a0e - Retrieved Page DTOs from DB ...
[2023-04-16 21:38:48,538] userEmail=keister.e@northeastern.edu, sessionId=37497267-1d45-4907-8b17-c2b78978e27a, thread=nioEventLoopGroup-3-5, requestId=e6d4fe0a-0ceb-473d-8609-ce7023567a0e - Populating applicationPagesDTO ...
[2023-04-16 21:38:48,619] userEmail=keister.e@northeastern.edu, sessionId=37497267-1d45-4907-8b17-c2b78978e27a, thread=lettuce-epollEventLoop-6-1, requestId=a2b5fee7-5ae5-48dc-8054-78e71b2e54ed - Going to get all unpublished action collections with params: {applicationId=[643c6ad05f897d047a37e953]}, branch: null
[2023-04-16 21:38:48,646] userEmail=keister.e@northeastern.edu, sessionId=37497267-1d45-4907-8b17-c2b78978e27a, thread=lettuce-epollEventLoop-6-1, requestId=ec1db771-a848-4734-bdb3-f7d23b1065c9 - Going to get all unpublished JS libs in application: 643c6ad05f897d047a37e953, on branch: null
[2023-04-16 21:38:48,671] userEmail=keister.e@northeastern.edu, sessionId=37497267-1d45-4907-8b17-c2b78978e27a, thread=lettuce-epollEventLoop-6-1, requestId=af854576-d2dd-4e41-917d-94950afb0c05 - Going to get all actions with params: {applicationId=[643c6ad05f897d047a37e953]}, branch: null
[2023-04-16 21:38:48,807] userEmail=keister.e@northeastern.edu, sessionId=37497267-1d45-4907-8b17-c2b78978e27a, thread=lettuce-epollEventLoop-6-1, requestId=659aa7a4-93be-4313-ba1f-e8be58c9723a - Going to get all resources from base controller {workspaceId=[643c6ad05f897d047a37e94f]}
[2023-04-16 21:38:48,838] userEmail=keister.e@northeastern.edu, sessionId=37497267-1d45-4907-8b17-c2b78978e27a, thread=lettuce-epollEventLoop-6-1, requestId=abf31bfe-2a40-4864-8d55-ac31386d0399 - Going to get all resources from base controller {workspaceId=[643c6ad05f897d047a37e94f]}
[2023-04-16 21:38:48,860] userEmail=keister.e@northeastern.edu, sessionId=37497267-1d45-4907-8b17-c2b78978e27a, thread=nioEventLoopGroup-3-4, requestId=abf31bfe-2a40-4864-8d55-ac31386d0399 - Fetching plugins by params: {workspaceId=[643c6ad05f897d047a37e94f]} for org: Evan's apps
[2023-04-16 21:38:49,050] userEmail=keister.e@northeastern.edu, sessionId=37497267-1d45-4907-8b17-c2b78978e27a, thread=lettuce-epollEventLoop-6-1, requestId=6e47b63b-66df-4efe-af14-09766fbe7d21 - Going to get resource from base controller for id: 643c6ad05f897d047a37e94f
[2023-04-16 21:38:53,634] userEmail=keister.e@northeastern.edu, sessionId=37497267-1d45-4907-8b17-c2b78978e27a, thread=reactor-http-epoll-2, requestId=593afe91-ee9e-40b5-937e-4d726d7327a4 - Going to create resource com.appsmith.external.models.ActionDTO
[2023-04-16 21:39:02,431] userEmail=keister.e@northeastern.edu, sessionId=37497267-1d45-4907-8b17-c2b78978e27a, thread=reactor-http-epoll-3, requestId=71fa4e4b-ff98-48ee-bdd6-0982489f9029 - Going to update resource with defaultActionId: 643c6aed5f897d047a37e959, branch: null
[2023-04-16 21:39:03,771] userEmail=keister.e@northeastern.edu, sessionId=37497267-1d45-4907-8b17-c2b78978e27a, thread=reactor-http-epoll-4, requestId=6e6f410c-1c6b-42e6-85ad-bd212f9bd148 - Going to update resource with defaultActionId: 643c6aed5f897d047a37e959, branch: null
[2023-04-16 21:39:05,333] userEmail=keister.e@northeastern.edu, sessionId=37497267-1d45-4907-8b17-c2b78978e27a, thread=nioEventLoopGroup-3-3, requestId=b03be12d-5e67-45a6-ac46-2d17303c566c - [nioEventLoopGroup-3-3]Execute Action called in Page 643c6ad05f897d047a37e956, for action id : 643c6aed5f897d047a37e959  action name : Api1
[2023-04-16 21:39:05,347] userEmail=keister.e@northeastern.edu, sessionId=37497267-1d45-4907-8b17-c2b78978e27a, thread=nioEventLoopGroup-3-3, requestId=b03be12d-5e67-45a6-ac46-2d17303c566c - This is a dry run or an embedded datasource. The datasource context would not exist in this scenario
[2023-04-16 21:39:05,348] userEmail=keister.e@northeastern.edu, sessionId=37497267-1d45-4907-8b17-c2b78978e27a, thread=nioEventLoopGroup-3-3, requestId=b03be12d-5e67-45a6-ac46-2d17303c566c - Datasource context doesn't exist. Creating connection.
[2023-04-16 21:39:05,526] userEmail=keister.e@northeastern.edu, sessionId=37497267-1d45-4907-8b17-c2b78978e27a, thread=reactor-http-epoll-6, requestId=b03be12d-5e67-45a6-ac46-2d17303c566c - reactor-http-epoll-6: Action Api1 with id 643c6aed5f897d047a37e959 execution time : 185 ms
[2023-04-16 21:46:43,105]  - Commencing graceful shutdown. Waiting for active requests to complete
[2023-04-16 21:46:43,109]  - Graceful shutdown complete
[2023-04-16 21:46:43,127]  - Operator called default onErrorDropped
reactor.core.Exceptions$ErrorCallbackNotImplemented: java.util.concurrent.CancellationException: Disconnected
Caused by: java.util.concurrent.CancellationException: Disconnected
	at reactor.core.publisher.FluxPublish$PublishSubscriber.disconnectAction(FluxPublish.java:327)
	at reactor.core.publisher.FluxPublish$PublishSubscriber.dispose(FluxPublish.java:318)
	at org.springframework.data.redis.connection.lettuce.LettuceReactiveSubscription$State.terminate(LettuceReactiveSubscription.java:263)
	at org.springframework.data.redis.connection.lettuce.LettuceReactiveSubscription.lambda$cancel$8(LettuceReactiveSubscription.java:147)
	at reactor.core.publisher.MonoDefer.subscribe(MonoDefer.java:44)
	at reactor.core.publisher.InternalMonoOperator.subscribe(InternalMonoOperator.java:64)
	at reactor.core.publisher.MonoIgnoreThen$ThenIgnoreMain.subscribeNext(MonoIgnoreThen.java:240)
	at reactor.core.publisher.MonoIgnoreThen$ThenIgnoreMain.onComplete(MonoIgnoreThen.java:203)
	at com.appsmith.server.configurations.MDCConfig$MdcContextLifter.onComplete(MDCConfig.java:63)
	at reactor.core.publisher.MonoIgnoreThen$ThenIgnoreMain.onComplete(MonoIgnoreThen.java:209)
	at reactor.core.publisher.MonoIgnoreThen$ThenIgnoreMain.subscribeNext(MonoIgnoreThen.java:238)
	at reactor.core.publisher.MonoIgnoreThen$ThenIgnoreMain.onComplete(MonoIgnoreThen.java:203)
	at com.appsmith.server.configurations.MDCConfig$MdcContextLifter.onComplete(MDCConfig.java:63)
	at com.appsmith.server.configurations.MDCConfig$MdcContextLifter.onComplete(MDCConfig.java:63)
	at reactor.core.publisher.Operators$MultiSubscriptionSubscriber.onComplete(Operators.java:2205)
	at com.appsmith.server.configurations.MDCConfig$MdcContextLifter.onComplete(MDCConfig.java:63)
	at reactor.core.publisher.MonoPeekTerminal$MonoTerminalPeekSubscriber.onComplete(MonoPeekTerminal.java:299)
	at com.appsmith.server.configurations.MDCConfig$MdcContextLifter.onComplete(MDCConfig.java:63)
	at reactor.core.publisher.MonoIgnoreElements$IgnoreElementsSubscriber.onComplete(MonoIgnoreElements.java:89)
	at com.appsmith.server.configurations.MDCConfig$MdcContextLifter.onComplete(MDCConfig.java:63)
	at io.lettuce.core.RedisPublisher$ImmediateSubscriber.onComplete(RedisPublisher.java:896)
	at io.lettuce.core.RedisPublisher$State.onAllDataRead(RedisPublisher.java:698)
	at io.lettuce.core.RedisPublisher$State$3.read(RedisPublisher.java:608)
	at io.lettuce.core.RedisPublisher$State$3.onDataAvailable(RedisPublisher.java:565)
	at io.lettuce.core.RedisPublisher$RedisSubscription.onDataAvailable(RedisPublisher.java:326)
	at io.lettuce.core.RedisPublisher$RedisSubscription.onAllDataRead(RedisPublisher.java:341)
	at io.lettuce.core.RedisPublisher$SubscriptionCommand.doOnComplete(RedisPublisher.java:778)
	at io.lettuce.core.protocol.CommandWrapper.complete(CommandWrapper.java:65)
	at io.lettuce.core.protocol.CommandWrapper.complete(CommandWrapper.java:63)
	at io.lettuce.core.protocol.CommandHandler.complete(CommandHandler.java:747)
	at io.lettuce.core.pubsub.PubSubCommandHandler.complete(PubSubCommandHandler.java:167)
	at io.lettuce.core.protocol.CommandHandler.decode(CommandHandler.java:682)
	at io.lettuce.core.pubsub.PubSubCommandHandler.decode(PubSubCommandHandler.java:112)
	at io.lettuce.core.protocol.CommandHandler.channelRead(CommandHandler.java:599)
	at io.netty.channel.AbstractChannelHandlerContext.invokeChannelRead(AbstractChannelHandlerContext.java:442)
	at io.netty.channel.AbstractChannelHandlerContext.invokeChannelRead(AbstractChannelHandlerContext.java:420)
	at io.netty.channel.AbstractChannelHandlerContext.fireChannelRead(AbstractChannelHandlerContext.java:412)
	at io.netty.channel.DefaultChannelPipeline$HeadContext.channelRead(DefaultChannelPipeline.java:1410)
	at io.netty.channel.AbstractChannelHandlerContext.invokeChannelRead(AbstractChannelHandlerContext.java:440)
	at io.netty.channel.AbstractChannelHandlerContext.invokeChannelRead(AbstractChannelHandlerContext.java:420)
	at io.netty.channel.DefaultChannelPipeline.fireChannelRead(DefaultChannelPipeline.java:919)
	at io.netty.channel.epoll.AbstractEpollStreamChannel$EpollStreamUnsafe.epollInReady(AbstractEpollStreamChannel.java:800)
	at io.netty.channel.epoll.EpollEventLoop.processReady(EpollEventLoop.java:499)
	at io.netty.channel.epoll.EpollEventLoop.run(EpollEventLoop.java:397)
	at io.netty.util.concurrent.SingleThreadEventExecutor$4.run(SingleThreadEventExecutor.java:997)
	at io.netty.util.internal.ThreadExecutorMap$2.run(ThreadExecutorMap.java:74)
	at io.netty.util.concurrent.FastThreadLocalRunnable.run(FastThreadLocalRunnable.java:30)
	at java.base/java.lang.Thread.run(Thread.java:833)
