Load environment configuration
Waiting for RTS to start ...
{"success":true}RTS started.
SLF4J: Class path contains multiple SLF4J providers.
SLF4J: Found provider [ch.qos.logback.classic.spi.LogbackServiceProvider@6d21714c]
SLF4J: Found provider [org.slf4j.reload4j.Reload4jServiceProvider@108c4c35]
SLF4J: See https://www.slf4j.org/codes.html#multiple_bindings for an explanation.
SLF4J: Actual provider is of type [ch.qos.logback.classic.spi.LogbackServiceProvider@6d21714c]
[2023-04-18 02:54:22,180]  - Starting ServerApplication vv1.9.13 using Java 17.0.6 with PID 1594 (/opt/appsmith/backend/server.jar started by root in /opt/appsmith/backend)
[2023-04-18 02:54:22,203]  - Running with Spring Boot v3.0.1, Spring v6.0.3
[2023-04-18 02:54:22,206]  - The following 1 profile is active: "production"
[2023-04-18 02:54:24,883]  - Multiple Spring Data modules found, entering strict repository configuration mode
[2023-04-18 02:54:24,883]  - Bootstrapping Spring Data Reactive MongoDB repositories in DEFAULT mode.
[2023-04-18 02:54:25,378]  - Finished Spring Data repository scanning in 488 ms. Found 54 Reactive MongoDB repository interfaces.
[2023-04-18 02:54:27,071]  - Bean 'org.springframework.security.config.annotation.method.configuration.ReactiveMethodSecurityConfiguration' of type [org.springframework.security.config.annotation.method.configuration.ReactiveMethodSecurityConfiguration] is not eligible for getting processed by all BeanPostProcessors (for example: not eligible for auto-proxying)
[2023-04-18 02:54:28,893]  - MongoClient with metadata {"driver": {"name": "mongo-java-driver|reactive-streams|spring-boot", "version": "4.8.1"}, "os": {"type": "Linux", "name": "Linux", "architecture": "amd64", "version": "5.15.49-linuxkit"}, "platform": "Java/Eclipse Adoptium/17.0.6+10"} created with settings MongoClientSettings{readPreference=primary, writeConcern=WriteConcern{w=null, wTimeout=null ms, journal=null}, retryWrites=true, retryReads=true, readConcern=ReadConcern{level=null}, credential=MongoCredential{mechanism=null, userName='appsmith', source='appsmith', password=<hidden>, mechanismProperties=<hidden>}, streamFactoryFactory=NettyStreamFactoryFactory{eventLoopGroup=io.netty.channel.nio.NioEventLoopGroup@2ab5afc7, socketChannelClass=class io.netty.channel.socket.nio.NioSocketChannel, allocator=PooledByteBufAllocator(directByDefault: true), sslContext=null}, commandListeners=[io.micrometer.core.instrument.binder.mongodb.MongoMetricsCommandListener@4315e9af], codecRegistry=ProvidersCodecRegistry{codecProviders=[ValueCodecProvider{}, BsonValueCodecProvider{}, DBRefCodecProvider{}, DBObjectCodecProvider{}, DocumentCodecProvider{}, CollectionCodecProvider{}, IterableCodecProvider{}, MapCodecProvider{}, GeoJsonCodecProvider{}, GridFSFileCodecProvider{}, Jsr310CodecProvider{}, JsonObjectCodecProvider{}, BsonCodecProvider{}, EnumCodecProvider{}, com.mongodb.Jep395RecordCodecProvider@4dc8c0ea]}, clusterSettings={hosts=[localhost:27017], srvServiceName=mongodb, mode=SINGLE, requiredClusterType=UNKNOWN, requiredReplicaSetName='null', serverSelector='null', clusterListeners='[]', serverSelectionTimeout='30000 ms', localThreshold='30000 ms'}, socketSettings=SocketSettings{connectTimeoutMS=10000, readTimeoutMS=0, receiveBufferSize=0, sendBufferSize=0}, heartbeatSocketSettings=SocketSettings{connectTimeoutMS=10000, readTimeoutMS=10000, receiveBufferSize=0, sendBufferSize=0}, connectionPoolSettings=ConnectionPoolSettings{maxSize=100, minSize=0, maxWaitTimeMS=120000, maxConnectionLifeTimeMS=0, maxConnectionIdleTimeMS=0, maintenanceInitialDelayMS=0, maintenanceFrequencyMS=60000, connectionPoolListeners=[io.micrometer.core.instrument.binder.mongodb.MongoMetricsConnectionPoolListener@6ff415ad], maxConnecting=2}, serverSettings=ServerSettings{heartbeatFrequencyMS=10000, minHeartbeatFrequencyMS=500, serverListeners='[]', serverMonitorListeners='[]'}, sslSettings=SslSettings{enabled=false, invalidHostNameAllowed=false, context=null}, applicationName='null', compressorList=[], uuidRepresentation=JAVA_LEGACY, serverApi=null, autoEncryptionSettings=null, contextProvider=null}
[2023-04-18 02:54:29,078]  - Monitor thread successfully connected to server with description ServerDescription{address=localhost:27017, type=REPLICA_SET_PRIMARY, state=CONNECTED, ok=true, minWireVersion=0, maxWireVersion=13, maxDocumentSize=16777216, logicalSessionTimeoutMinutes=30, roundTripTimeNanos=94643686, setName='mr1', canonicalAddress=localhost:27017, hosts=[localhost:27017], passives=[], arbiters=[], primary='localhost:27017', tagSet=TagSet{[]}, electionId=7fffffff0000000000000002, setVersion=1, topologyVersion=TopologyVersion{processId=643e065a7d7f43c3a282a251, counter=6}, lastWriteDate=Tue Apr 18 02:54:25 UTC 2023, lastUpdateTimeNanos=146012359832332}
[2023-04-18 02:54:31,376]  - Enabled plugins: []
[2023-04-18 02:54:31,377]  - Disabled plugins: []
[2023-04-18 02:54:31,383]  - PF4J version 3.8.0 in 'deployment' mode
[2023-04-18 02:54:31,712]  - Plugin 'postgres-plugin@1.0-SNAPSHOT' resolved
[2023-04-18 02:54:31,712]  - Plugin 'saas-plugin@1.0-SNAPSHOT' resolved
[2023-04-18 02:54:31,712]  - Plugin 'snowflake-plugin@1.0-SNAPSHOT' resolved
[2023-04-18 02:54:31,712]  - Plugin 'elasticsearch-plugin@1.0-SNAPSHOT' resolved
[2023-04-18 02:54:31,712]  - Plugin 'mssql-plugin@1.0-SNAPSHOT' resolved
[2023-04-18 02:54:31,712]  - Plugin 'redshift-plugin@1.0-SNAPSHOT' resolved
[2023-04-18 02:54:31,712]  - Plugin 'mongo-plugin@1.0-SNAPSHOT' resolved
[2023-04-18 02:54:31,712]  - Plugin 'google-sheets-plugin@1.0-SNAPSHOT' resolved
[2023-04-18 02:54:31,712]  - Plugin 'js-plugin@1.0-SNAPSHOT' resolved
[2023-04-18 02:54:31,712]  - Plugin 'graphql-plugin@1.0-SNAPSHOT' resolved
[2023-04-18 02:54:31,712]  - Plugin 'smtp-plugin@1.0-SNAPSHOT' resolved
[2023-04-18 02:54:31,712]  - Plugin 'amazons3-plugin@1.0-SNAPSHOT' resolved
[2023-04-18 02:54:31,712]  - Plugin 'mysql-plugin@1.0-SNAPSHOT' resolved
[2023-04-18 02:54:31,712]  - Plugin 'dynamo-plugin@1.0-SNAPSHOT' resolved
[2023-04-18 02:54:31,712]  - Plugin 'arangodb-plugin@1.0-SNAPSHOT' resolved
[2023-04-18 02:54:31,712]  - Plugin 'restapi-plugin@1.0-SNAPSHOT' resolved
[2023-04-18 02:54:31,712]  - Plugin 'redis-plugin@1.0-SNAPSHOT' resolved
[2023-04-18 02:54:31,712]  - Plugin 'firestore-plugin@1.0-SNAPSHOT' resolved
[2023-04-18 02:54:31,712]  - Start plugin 'postgres-plugin@1.0-SNAPSHOT'
[2023-04-18 02:54:31,716]  - Start plugin 'saas-plugin@1.0-SNAPSHOT'
[2023-04-18 02:54:31,717]  - Start plugin 'snowflake-plugin@1.0-SNAPSHOT'
[2023-04-18 02:54:31,724]  - Start plugin 'elasticsearch-plugin@1.0-SNAPSHOT'
[2023-04-18 02:54:31,726]  - Start plugin 'mssql-plugin@1.0-SNAPSHOT'
[2023-04-18 02:54:31,728]  - Start plugin 'redshift-plugin@1.0-SNAPSHOT'
[2023-04-18 02:54:31,729]  - Start plugin 'mongo-plugin@1.0-SNAPSHOT'
[2023-04-18 02:54:31,733]  - Start plugin 'google-sheets-plugin@1.0-SNAPSHOT'
[2023-04-18 02:54:31,801]  - Start plugin 'js-plugin@1.0-SNAPSHOT'
[2023-04-18 02:54:31,803]  - Start plugin 'graphql-plugin@1.0-SNAPSHOT'
[2023-04-18 02:54:31,806]  - Start plugin 'smtp-plugin@1.0-SNAPSHOT'
[2023-04-18 02:54:31,807]  - Start plugin 'amazons3-plugin@1.0-SNAPSHOT'
[2023-04-18 02:54:31,811]  - Start plugin 'mysql-plugin@1.0-SNAPSHOT'
[2023-04-18 02:54:31,815]  - Start plugin 'dynamo-plugin@1.0-SNAPSHOT'
[2023-04-18 02:54:31,822]  - Start plugin 'arangodb-plugin@1.0-SNAPSHOT'
[2023-04-18 02:54:31,824]  - Start plugin 'restapi-plugin@1.0-SNAPSHOT'
[2023-04-18 02:54:31,826]  - Start plugin 'redis-plugin@1.0-SNAPSHOT'
[2023-04-18 02:54:31,828]  - Start plugin 'firestore-plugin@1.0-SNAPSHOT'
[2023-04-18 02:54:34,173]  - MongoClient with metadata {"driver": {"name": "mongo-java-driver|sync|spring-boot", "version": "4.8.1"}, "os": {"type": "Linux", "name": "Linux", "architecture": "amd64", "version": "5.15.49-linuxkit"}, "platform": "Java/Eclipse Adoptium/17.0.6+10"} created with settings MongoClientSettings{readPreference=primary, writeConcern=WriteConcern{w=null, wTimeout=null ms, journal=null}, retryWrites=true, retryReads=true, readConcern=ReadConcern{level=null}, credential=MongoCredential{mechanism=null, userName='appsmith', source='appsmith', password=<hidden>, mechanismProperties=<hidden>}, streamFactoryFactory=NettyStreamFactoryFactory{eventLoopGroup=io.netty.channel.nio.NioEventLoopGroup@9d99851, socketChannelClass=class io.netty.channel.socket.nio.NioSocketChannel, allocator=PooledByteBufAllocator(directByDefault: true), sslContext=null}, commandListeners=[io.micrometer.core.instrument.binder.mongodb.MongoMetricsCommandListener@4315e9af], codecRegistry=ProvidersCodecRegistry{codecProviders=[ValueCodecProvider{}, BsonValueCodecProvider{}, DBRefCodecProvider{}, DBObjectCodecProvider{}, DocumentCodecProvider{}, CollectionCodecProvider{}, IterableCodecProvider{}, MapCodecProvider{}, GeoJsonCodecProvider{}, GridFSFileCodecProvider{}, Jsr310CodecProvider{}, JsonObjectCodecProvider{}, BsonCodecProvider{}, EnumCodecProvider{}, com.mongodb.Jep395RecordCodecProvider@4dc8c0ea]}, clusterSettings={hosts=[localhost:27017], srvServiceName=mongodb, mode=SINGLE, requiredClusterType=UNKNOWN, requiredReplicaSetName='null', serverSelector='null', clusterListeners='[]', serverSelectionTimeout='30000 ms', localThreshold='30000 ms'}, socketSettings=SocketSettings{connectTimeoutMS=10000, readTimeoutMS=0, receiveBufferSize=0, sendBufferSize=0}, heartbeatSocketSettings=SocketSettings{connectTimeoutMS=10000, readTimeoutMS=10000, receiveBufferSize=0, sendBufferSize=0}, connectionPoolSettings=ConnectionPoolSettings{maxSize=100, minSize=0, maxWaitTimeMS=120000, maxConnectionLifeTimeMS=0, maxConnectionIdleTimeMS=0, maintenanceInitialDelayMS=0, maintenanceFrequencyMS=60000, connectionPoolListeners=[io.micrometer.core.instrument.binder.mongodb.MongoMetricsConnectionPoolListener@6ff415ad], maxConnecting=2}, serverSettings=ServerSettings{heartbeatFrequencyMS=10000, minHeartbeatFrequencyMS=500, serverListeners='[]', serverMonitorListeners='[]'}, sslSettings=SslSettings{enabled=false, invalidHostNameAllowed=false, context=null}, applicationName='null', compressorList=[], uuidRepresentation=JAVA_LEGACY, serverApi=null, autoEncryptionSettings=null, contextProvider=null}
[2023-04-18 02:54:34,221]  - Monitor thread successfully connected to server with description ServerDescription{address=localhost:27017, type=REPLICA_SET_PRIMARY, state=CONNECTED, ok=true, minWireVersion=0, maxWireVersion=13, maxDocumentSize=16777216, logicalSessionTimeoutMinutes=30, roundTripTimeNanos=20505349, setName='mr1', canonicalAddress=localhost:27017, hosts=[localhost:27017], passives=[], arbiters=[], primary='localhost:27017', tagSet=TagSet{[]}, electionId=7fffffff0000000000000002, setVersion=1, topologyVersion=TopologyVersion{processId=643e065a7d7f43c3a282a251, counter=6}, lastWriteDate=Tue Apr 18 02:54:25 UTC 2023, lastUpdateTimeNanos=146017511959860}
[2023-04-18 02:54:34,319]  - Mongock runner COMMUNITY version[5.1.6]
[2023-04-18 02:54:34,319]  - Running Mongock with NO metadata
[2023-04-18 02:54:34,319]  - Property transaction-enabled not provided. It will become true as default in next versions. Set explicit value to false in case transaction are not desired.
[2023-04-18 02:54:34,319]  - Property transaction-enabled not provided and is unknown if driver is transactionable. BY DEFAULT MONGOCK WILL RUN IN NO-TRANSACTION MODE.
[2023-04-18 02:54:34,442]  - Reflections took 96 ms to scan 1 urls, producing 3 keys and 10 values
[2023-04-18 02:54:34,493]  - Reflections took 21 ms to scan 1 urls, producing 3 keys and 10 values
[2023-04-18 02:54:35,174]  - Mongock trying to acquire the lock
[2023-04-18 02:54:35,210]  - Mongock acquired the lock until: Tue Apr 18 02:55:35 UTC 2023
[2023-04-18 02:54:35,211]  - Starting mongock lock daemon...
[2023-04-18 02:54:35,215]  - Mongock starting the data migration sequence id[2023-04-18T02:54:34.315425236-416]...
[2023-04-18 02:54:35,306]  - method[initializeSchemaVersion] with arguments: [org.springframework.data.mongodb.core.MongoTemplate]
[2023-04-18 02:54:35,532]  - APPLIED - {"id"="initialize-schema-version", "type"="execution", "author"="", "class"="DatabaseChangelog0", "method"="initializeSchemaVersion"}
[2023-04-18 02:54:35,542]  - method[initialPlugins] with arguments: [org.springframework.data.mongodb.core.MongoTemplate]
[2023-04-18 02:54:35,615]  - APPLIED - {"id"="initial-plugins", "type"="execution", "author"="", "class"="DatabaseChangelog1", "method"="initialPlugins"}
[2023-04-18 02:54:35,626]  - method[removeOrgNameIndex] with arguments: [org.springframework.data.mongodb.core.MongoTemplate]
[2023-04-18 02:54:35,642]  - APPLIED - {"id"="remove-org-name-index", "type"="execution", "author"="", "class"="DatabaseChangelog1", "method"="removeOrgNameIndex"}
[2023-04-18 02:54:35,650]  - method[addInitialIndexes] with arguments: [org.springframework.data.mongodb.core.MongoTemplate]
[2023-04-18 02:54:37,284]  - APPLIED - {"id"="initial-indexes", "type"="execution", "author"="", "class"="DatabaseChangelog1", "method"="addInitialIndexes"}
[2023-04-18 02:54:37,294]  - method[addApplicationDeletedAtFieldAndIndex] with arguments: [org.springframework.data.mongodb.core.MongoTemplate]
[2023-04-18 02:54:37,365]  - APPLIED - {"id"="application-deleted-at", "type"="execution", "author"="", "class"="DatabaseChangelog1", "method"="addApplicationDeletedAtFieldAndIndex"}
[2023-04-18 02:54:37,373]  - method[hideRapidApiPluginFromCreateDatasource] with arguments: [org.springframework.data.mongodb.core.MongoTemplate]
[2023-04-18 02:54:37,412]  - APPLIED - {"id"="hide-rapidapi-plugin", "type"="execution", "author"="", "class"="DatabaseChangelog1", "method"="hideRapidApiPluginFromCreateDatasource"}
[2023-04-18 02:54:37,421]  - method[addDatasourceDeletedAtFieldAndIndex] with arguments: [org.springframework.data.mongodb.core.MongoTemplate]
[2023-04-18 02:54:37,498]  - APPLIED - {"id"="datasource-deleted-at", "type"="execution", "author"="", "class"="DatabaseChangelog1", "method"="addDatasourceDeletedAtFieldAndIndex"}
[2023-04-18 02:54:37,506]  - method[addPageDeletedAtFieldAndIndex] with arguments: [org.springframework.data.mongodb.core.MongoTemplate]
[2023-04-18 02:54:37,557]  - APPLIED - {"id"="page-deleted-at", "type"="execution", "author"="", "class"="DatabaseChangelog1", "method"="addPageDeletedAtFieldAndIndex"}
[2023-04-18 02:54:37,563]  - method[setFriendlyPluginNames] with arguments: [org.springframework.data.mongodb.core.MongoTemplate]
[2023-04-18 02:54:37,595]  - APPLIED - {"id"="friendly-plugin-names", "type"="execution", "author"="", "class"="DatabaseChangelog1", "method"="setFriendlyPluginNames"}
[2023-04-18 02:54:37,601]  - method[addDeleteDatasourcePermToExistingGroups] with arguments: [org.springframework.data.mongodb.core.MongoTemplate]
[2023-04-18 02:54:37,605]  - APPLIED - {"id"="add-delete-datasource-perm-existing-groups", "type"="execution", "author"="", "class"="DatabaseChangelog1", "method"="addDeleteDatasourcePermToExistingGroups"}
[2023-04-18 02:54:37,611]  - method[installDefaultPluginsToAllOrganizations] with arguments: [org.springframework.data.mongodb.core.MongoTemplate]
[2023-04-18 02:54:37,627]  - APPLIED - {"id"="install-default-plugins-to-all-organizations", "type"="execution", "author"="", "class"="DatabaseChangelog1", "method"="installDefaultPluginsToAllOrganizations"}
[2023-04-18 02:54:37,633]  - method[ensureDatasourceCreatedAndUpdatedAt] with arguments: [org.springframework.data.mongodb.core.MongoTemplate]
[2023-04-18 02:54:37,641]  - APPLIED - {"id"="ensure-datasource-created-and-updated-at-fields", "type"="execution", "author"="", "class"="DatabaseChangelog1", "method"="ensureDatasourceCreatedAndUpdatedAt"}
[2023-04-18 02:54:37,658]  - method[addIndexForSequenceName] with arguments: [org.springframework.data.mongodb.core.MongoTemplate]
[2023-04-18 02:54:37,748]  - APPLIED - {"id"="add-index-for-sequence-name", "type"="execution", "author"="", "class"="DatabaseChangelog1", "method"="addIndexForSequenceName"}
[2023-04-18 02:54:37,755]  - method[setInitialSequenceForDatasource] with arguments: [org.springframework.data.mongodb.core.MongoTemplate]
[2023-04-18 02:54:37,783]  - APPLIED - {"id"="set-initial-sequence-for-datasource", "type"="execution", "author"="", "class"="DatabaseChangelog1", "method"="setInitialSequenceForDatasource"}
[2023-04-18 02:54:37,791]  - method[setPluginImageAndDocsLink] with arguments: [org.springframework.data.mongodb.core.MongoTemplate]
[2023-04-18 02:54:37,827]  - APPLIED - {"id"="set-plugin-image-and-docs-link", "type"="execution", "author"="", "class"="DatabaseChangelog1", "method"="setPluginImageAndDocsLink"}
[2023-04-18 02:54:37,834]  - method[fixDoubleEscapes] with arguments: [org.springframework.data.mongodb.core.MongoTemplate]
[2023-04-18 02:54:37,843]  - APPLIED - {"id"="fix-double-escapes", "type"="execution", "author"="", "class"="DatabaseChangelog1", "method"="fixDoubleEscapes"}
[2023-04-18 02:54:37,898]  - method[encryptPassword] with arguments: [org.springframework.data.mongodb.core.MongoTemplate, com.appsmith.external.services.EncryptionService]
[2023-04-18 02:54:37,902]  - APPLIED - {"id"="encrypt-password", "type"="execution", "author"="", "class"="DatabaseChangelog1", "method"="encryptPassword"}
[2023-04-18 02:54:37,916]  - method[mysqlPlugin] with arguments: [org.springframework.data.mongodb.core.MongoTemplate]
[2023-04-18 02:54:37,950]  - APPLIED - {"id"="install-mysql-plugins", "type"="execution", "author"="", "class"="DatabaseChangelog1", "method"="mysqlPlugin"}
[2023-04-18 02:54:37,957]  - method[updateDatabaseDocumentationLinks] with arguments: [org.springframework.data.mongodb.core.MongoTemplate]
[2023-04-18 02:54:37,976]  - APPLIED - {"id"="update-database-documentation-links", "type"="execution", "author"="", "class"="DatabaseChangelog1", "method"="updateDatabaseDocumentationLinks"}
[2023-04-18 02:54:37,980]  - method[giveExecutePermissionToReadActionUsers] with arguments: [org.springframework.data.mongodb.core.MongoTemplate]
[2023-04-18 02:54:37,984]  - APPLIED - {"id"="execute-action-for-read-action", "type"="execution", "author"="", "class"="DatabaseChangelog1", "method"="giveExecutePermissionToReadActionUsers"}
[2023-04-18 02:54:37,989]  - method[giveInvitePermissionToOrganizationsAndPublicPermissionsToApplications] with arguments: [org.springframework.data.mongodb.core.MongoTemplate]
[2023-04-18 02:54:37,993]  - APPLIED - {"id"="invite-and-public-permissions", "type"="execution", "author"="", "class"="DatabaseChangelog1", "method"="giveInvitePermissionToOrganizationsAndPublicPermissionsToApplications"}
[2023-04-18 02:54:37,998]  - method[generateUniqueIdForInstance] with arguments: [org.springframework.data.mongodb.core.MongoTemplate]
[2023-04-18 02:54:38,023]  - APPLIED - {"id"="generate-unique-id-for-instance", "type"="execution", "author"="", "class"="DatabaseChangelog1", "method"="generateUniqueIdForInstance"}
[2023-04-18 02:54:38,028]  - method[fixTokenExpiration] with arguments: [org.springframework.data.mongodb.core.MongoTemplate]
[2023-04-18 02:54:38,086]  - APPLIED - {"id"="fix-password-reset-token-expiration", "type"="execution", "author"="", "class"="DatabaseChangelog1", "method"="fixTokenExpiration"}
[2023-04-18 02:54:38,090]  - method[addElasticSearchPlugin] with arguments: [org.springframework.data.mongodb.core.MongoTemplate]
[2023-04-18 02:54:38,102]  - APPLIED - {"id"="add-elastic-search-plugin", "type"="execution", "author"="", "class"="DatabaseChangelog1", "method"="addElasticSearchPlugin"}
[2023-04-18 02:54:38,107]  - method[addDynamoPlugin] with arguments: [org.springframework.data.mongodb.core.MongoTemplate]
[2023-04-18 02:54:38,118]  - APPLIED - {"id"="add-dynamo-plugin", "type"="execution", "author"="", "class"="DatabaseChangelog1", "method"="addDynamoPlugin"}
[2023-04-18 02:54:38,123]  - method[usePngLogos] with arguments: [org.springframework.data.mongodb.core.MongoTemplate]
[2023-04-18 02:54:38,135]  - APPLIED - {"id"="use-png-logos", "type"="execution", "author"="", "class"="DatabaseChangelog1", "method"="usePngLogos"}
[2023-04-18 02:54:38,140]  - method[addRedisPlugin] with arguments: [org.springframework.data.mongodb.core.MongoTemplate]
[2023-04-18 02:54:38,152]  - APPLIED - {"id"="add-redis-plugin", "type"="execution", "author"="", "class"="DatabaseChangelog1", "method"="addRedisPlugin"}
[2023-04-18 02:54:38,159]  - method[addMsSqlPlugin] with arguments: [org.springframework.data.mongodb.core.MongoTemplate]
[2023-04-18 02:54:38,170]  - APPLIED - {"id"="add-msSql-plugin", "type"="execution", "author"="", "class"="DatabaseChangelog1", "method"="addMsSqlPlugin"}
[2023-04-18 02:54:38,174]  - method[addNewPageIndexAfterDroppingNewPage] with arguments: [org.springframework.data.mongodb.core.MongoTemplate]
[2023-04-18 02:54:38,245]  - APPLIED - {"id"="createNewPageIndexAfterDroppingNewPage", "type"="execution", "author"="", "class"="DatabaseChangelog1", "method"="addNewPageIndexAfterDroppingNewPage"}
[2023-04-18 02:54:38,250]  - method[addNewActionIndexAfterDroppingNewAction] with arguments: [org.springframework.data.mongodb.core.MongoTemplate]
[2023-04-18 02:54:38,304]  - APPLIED - {"id"="createNewActionIndexAfterDroppingNewAction", "type"="execution", "author"="", "class"="DatabaseChangelog1", "method"="addNewActionIndexAfterDroppingNewAction"}
[2023-04-18 02:54:38,309]  - method[migratePage] with arguments: [org.springframework.data.mongodb.core.MongoTemplate]
[2023-04-18 02:54:38,315]  - APPLIED - {"id"="migrate-page-and-actions", "type"="execution", "author"="", "class"="DatabaseChangelog1", "method"="migratePage"}
[2023-04-18 02:54:38,319]  - method[addNewPageAndNewActionNewIndexes] with arguments: [org.springframework.data.mongodb.core.MongoTemplate]
[2023-04-18 02:54:38,377]  - APPLIED - {"id"="new-page-new-action-add-indexes", "type"="execution", "author"="", "class"="DatabaseChangelog1", "method"="addNewPageAndNewActionNewIndexes"}
[2023-04-18 02:54:38,381]  - method[addNewActionIndexForPageId] with arguments: [org.springframework.data.mongodb.core.MongoTemplate]
[2023-04-18 02:54:38,412]  - APPLIED - {"id"="new-action-add-index-pageId", "type"="execution", "author"="", "class"="DatabaseChangelog1", "method"="addNewActionIndexForPageId"}
[2023-04-18 02:54:38,416]  - method[updateActionIndexToSingleMultipleIndices] with arguments: [org.springframework.data.mongodb.core.MongoTemplate]
[2023-04-18 02:54:38,488]  - APPLIED - {"id"="update-action-index-to-single-multiple-indices", "type"="execution", "author"="", "class"="DatabaseChangelog1", "method"="updateActionIndexToSingleMultipleIndices"}
[2023-04-18 02:54:38,493]  - method[addFirestorePlugin] with arguments: [org.springframework.data.mongodb.core.MongoTemplate]
[2023-04-18 02:54:38,504]  - APPLIED - {"id"="add-firestore-plugin", "type"="execution", "author"="", "class"="DatabaseChangelog1", "method"="addFirestorePlugin"}
[2023-04-18 02:54:38,508]  - method[ensureAppIconsAndColors] with arguments: [org.springframework.data.mongodb.core.MongoTemplate]
[2023-04-18 02:54:38,517]  - APPLIED - {"id"="ensure-app-icons-and-colors", "type"="execution", "author"="", "class"="DatabaseChangelog1", "method"="ensureAppIconsAndColors"}
[2023-04-18 02:54:38,521]  - method[updateAuthenticationTypes] with arguments: [org.springframework.data.mongodb.core.MongoTemplate]
[2023-04-18 02:54:38,531]  - APPLIED - {"id"="update-authentication-type", "type"="execution", "author"="", "class"="DatabaseChangelog1", "method"="updateAuthenticationTypes"}
[2023-04-18 02:54:38,535]  - method[addIsSendSessionEnabledPropertyInDatasources] with arguments: [org.springframework.data.mongodb.core.MongoTemplate]
[2023-04-18 02:54:38,542]  - APPLIED - {"id"="add-isSendSessionEnabled-key-for-datasources", "type"="execution", "author"="", "class"="DatabaseChangelog1", "method"="addIsSendSessionEnabledPropertyInDatasources"}
[2023-04-18 02:54:38,548]  - method[addRedshiftPlugin] with arguments: [org.springframework.data.mongodb.core.MongoTemplate]
[2023-04-18 02:54:38,560]  - APPLIED - {"id"="add-redshift-plugin", "type"="execution", "author"="", "class"="DatabaseChangelog1", "method"="addRedshiftPlugin"}
[2023-04-18 02:54:38,565]  - method[clearUserDataCollection] with arguments: [org.springframework.data.mongodb.core.MongoTemplate]
[2023-04-18 02:54:38,571]  - APPLIED - {"id"="clear-userdata-collection", "type"="execution", "author"="", "class"="DatabaseChangelog1", "method"="clearUserDataCollection"}
[2023-04-18 02:54:38,575]  - method[updateDatabaseDocumentationLinks_v1_2_1] with arguments: [org.springframework.data.mongodb.core.MongoTemplate]
[2023-04-18 02:54:38,622]  - APPLIED - {"id"="update-database-documentation-links-v1-2-1", "type"="execution", "author"="", "class"="DatabaseChangelog1", "method"="updateDatabaseDocumentationLinks_v1_2_1"}
[2023-04-18 02:54:38,626]  - method[addAmazonS3Plugin] with arguments: [org.springframework.data.mongodb.core.MongoTemplate]
[2023-04-18 02:54:38,637]  - APPLIED - {"id"="add-amazons3-plugin", "type"="execution", "author"="", "class"="DatabaseChangelog1", "method"="addAmazonS3Plugin"}
[2023-04-18 02:54:38,642]  - method[addAppViewerInvitePolicy] with arguments: [org.springframework.data.mongodb.core.MongoTemplate]
[2023-04-18 02:54:38,650]  - APPLIED - {"id"="add-app-viewer-invite-policy", "type"="execution", "author"="", "class"="DatabaseChangelog1", "method"="addAppViewerInvitePolicy"}
[2023-04-18 02:54:38,658]  - method[updatePluginDatasourceFormComponents] with arguments: [org.springframework.data.mongodb.core.MongoTemplate]
[2023-04-18 02:54:38,745]  - APPLIED - {"id"="update-plugin-datasource-form-components", "type"="execution", "author"="", "class"="DatabaseChangelog1", "method"="updatePluginDatasourceFormComponents"}
[2023-04-18 02:54:38,751]  - method[updateEncodeParamsToggle] with arguments: [org.springframework.data.mongodb.core.MongoTemplate]
[2023-04-18 02:54:38,756]  - APPLIED - {"id"="update-database-encode-params-toggle", "type"="execution", "author"="", "class"="DatabaseChangelog1", "method"="updateEncodeParamsToggle"}
[2023-04-18 02:54:38,762]  - method[updatePostgresActionsSetPreparedStatementConfiguration] with arguments: [org.springframework.data.mongodb.core.MongoTemplate]
[2023-04-18 02:54:38,787]  - APPLIED - {"id"="update-postgres-plugin-preparedStatement-config", "type"="execution", "author"="", "class"="DatabaseChangelog1", "method"="updatePostgresActionsSetPreparedStatementConfiguration"}
[2023-04-18 02:54:38,792]  - method[fixDynamicBindingPathListForExistingActions] with arguments: [org.springframework.data.mongodb.core.MongoTemplate]
[2023-04-18 02:54:38,795]  - APPLIED - {"id"="fix-dynamicBindingPathListForActions", "type"="execution", "author"="", "class"="DatabaseChangelog1", "method"="fixDynamicBindingPathListForExistingActions"}
[2023-04-18 02:54:38,801]  - method[updateActionConfigurationTimeout] with arguments: [org.springframework.data.mongodb.core.MongoTemplate]
[2023-04-18 02:54:38,804]  - APPLIED - {"id"="update-database-action-configuration-timeout", "type"="execution", "author"="", "class"="DatabaseChangelog1", "method"="updateActionConfigurationTimeout"}
[2023-04-18 02:54:38,808]  - method[updateS3DatasourceConfigurationAndLabel] with arguments: [org.springframework.data.mongodb.core.MongoTemplate]
[2023-04-18 02:54:38,826]  - APPLIED - {"id"="update-s3-datasource-configuration-and-label", "type"="execution", "author"="", "class"="DatabaseChangelog1", "method"="updateS3DatasourceConfigurationAndLabel"}
[2023-04-18 02:54:38,841]  - method[changeAppLayoutTypeDefinition] with arguments: [org.springframework.data.mongodb.core.MongoOperations]
[2023-04-18 02:54:38,854]  - Could not map 'Application.appLayout'; Maybe a fragment in 'AppLayout' is considered a simple type; Mapper continues with appLayout
[2023-04-18 02:54:38,856]  - Could not map 'Application.appLayout'; Maybe a fragment in 'AppLayout' is considered a simple type; Mapper continues with appLayout
[2023-04-18 02:54:38,867]  - APPLIED - {"id"="change-applayout-type-definition", "type"="execution", "author"="", "class"="DatabaseChangelog1", "method"="changeAppLayoutTypeDefinition"}
[2023-04-18 02:54:38,872]  - method[updateMysqlPostgresMongoSslMode] with arguments: [org.springframework.data.mongodb.core.MongoTemplate]
[2023-04-18 02:54:38,890]  - APPLIED - {"id"="update-mysql-postgres-mongo-ssl-mode", "type"="execution", "author"="", "class"="DatabaseChangelog1", "method"="updateMysqlPostgresMongoSslMode"}
[2023-04-18 02:54:38,897]  - method[addCommentingPermissions] with arguments: [org.springframework.data.mongodb.core.MongoTemplate]
[2023-04-18 02:54:38,900]  - APPLIED - {"id"="add-commenting-permissions", "type"="execution", "author"="", "class"="DatabaseChangelog1", "method"="addCommentingPermissions"}
[2023-04-18 02:54:38,905]  - method[addGoogleSheetsPlugin] with arguments: [org.springframework.data.mongodb.core.MongoTemplate]
[2023-04-18 02:54:38,916]  - APPLIED - {"id"="add-google-sheets-plugin", "type"="execution", "author"="", "class"="DatabaseChangelog1", "method"="addGoogleSheetsPlugin"}
[2023-04-18 02:54:38,922]  - method[markInstanceAsUnregistered] with arguments: [org.springframework.data.mongodb.core.MongoTemplate]
[2023-04-18 02:54:38,930]  - APPLIED - {"id"="mark-instance-unregistered", "type"="execution", "author"="", "class"="DatabaseChangelog1", "method"="markInstanceAsUnregistered"}
[2023-04-18 02:54:38,935]  - method[createEntryInSequencePerOrganizationForDatasource] with arguments: [org.springframework.data.mongodb.core.MongoTemplate]
[2023-04-18 02:54:38,939]  - APPLIED - {"id"="create-entry-in-sequence-per-organization-for-datasource", "type"="execution", "author"="", "class"="DatabaseChangelog1", "method"="createEntryInSequencePerOrganizationForDatasource"}
[2023-04-18 02:54:38,947]  - method[migrateSmartSubstitutionDataTypeBoolean] with arguments: [org.springframework.data.mongodb.core.MongoTemplate, org.springframework.data.mongodb.core.MongoOperations]
[2023-04-18 02:54:38,976]  - APPLIED - {"id"="migrate-smartSubstitution-dataType", "type"="execution", "author"="", "class"="DatabaseChangelog1", "method"="migrateSmartSubstitutionDataTypeBoolean"}
[2023-04-18 02:54:38,981]  - method[updateMongoImportFromSrvField] with arguments: [org.springframework.data.mongodb.core.MongoTemplate]
[2023-04-18 02:54:38,988]  - APPLIED - {"id"="update-mongo-import-from-srv-field", "type"="execution", "author"="", "class"="DatabaseChangelog1", "method"="updateMongoImportFromSrvField"}
[2023-04-18 02:54:38,994]  - method[deleteMongoDatasourceStructures] with arguments: [org.springframework.data.mongodb.core.MongoTemplate, org.springframework.data.mongodb.core.MongoOperations]
[2023-04-18 02:54:39,007]  - APPLIED - {"id"="delete-mongo-datasource-structures", "type"="execution", "author"="", "class"="DatabaseChangelog1", "method"="deleteMongoDatasourceStructures"}
[2023-04-18 02:54:39,012]  - method[setMongoActionInputToRaw] with arguments: [org.springframework.data.mongodb.core.MongoTemplate]
[2023-04-18 02:54:39,018]  - APPLIED - {"id"="set-mongo-actions-type-to-raw", "type"="execution", "author"="", "class"="DatabaseChangelog1", "method"="setMongoActionInputToRaw"}
[2023-04-18 02:54:39,023]  - method[updateFirestoreWhereConditionsData] with arguments: [org.springframework.data.mongodb.core.MongoTemplate]
[2023-04-18 02:54:39,032]  - APPLIED - {"id"="update-firestore-where-conditions-data", "type"="execution", "author"="", "class"="DatabaseChangelog1", "method"="updateFirestoreWhereConditionsData"}
[2023-04-18 02:54:39,036]  - method[addApplicationExportPermissions] with arguments: [org.springframework.data.mongodb.core.MongoTemplate]
[2023-04-18 02:54:39,040]  - APPLIED - {"id"="add-application-export-permissions", "type"="execution", "author"="", "class"="DatabaseChangelog1", "method"="addApplicationExportPermissions"}
[2023-04-18 02:54:39,046]  - method[addSnowflakePlugin] with arguments: [org.springframework.data.mongodb.core.MongoTemplate]
[2023-04-18 02:54:39,057]  - APPLIED - {"id"="add-snowflake-plugin", "type"="execution", "author"="", "class"="DatabaseChangelog1", "method"="addSnowflakePlugin"}
[2023-04-18 02:54:39,065]  - method[migrateUpdateOneToUpdateManyMongoFormCommand] with arguments: [org.springframework.data.mongodb.core.MongoTemplate]
[2023-04-18 02:54:39,073]  - APPLIED - {"id"="mongo-form-merge-update-commands", "type"="execution", "author"="", "class"="DatabaseChangelog1", "method"="migrateUpdateOneToUpdateManyMongoFormCommand"}
[2023-04-18 02:54:39,077]  - method[ensureUserCreatedAndUpdatedAt] with arguments: [org.springframework.data.mongodb.core.MongoTemplate]
[2023-04-18 02:54:39,083]  - APPLIED - {"id"="ensure-user-created-and-updated-at-fields", "type"="execution", "author"="", "class"="DatabaseChangelog1", "method"="ensureUserCreatedAndUpdatedAt"}
[2023-04-18 02:54:39,088]  - method[addOrderToAllPagesOfApplication] with arguments: [org.springframework.data.mongodb.core.MongoTemplate]
[2023-04-18 02:54:39,091]  - APPLIED - {"id"="add-and-update-order-for-all-pages", "type"="execution", "author"="", "class"="DatabaseChangelog1", "method"="addOrderToAllPagesOfApplication"}
[2023-04-18 02:54:39,098]  - method[migrateRawInputTypeToRawCommand] with arguments: [org.springframework.data.mongodb.core.MongoTemplate]
[2023-04-18 02:54:39,105]  - APPLIED - {"id"="mongo-form-migrate-raw", "type"="execution", "author"="", "class"="DatabaseChangelog1", "method"="migrateRawInputTypeToRawCommand"}
[2023-04-18 02:54:39,110]  - method[addArangoDBPlugin] with arguments: [org.springframework.data.mongodb.core.MongoTemplate]
[2023-04-18 02:54:39,122]  - APPLIED - {"id"="add-arangodb-plugin", "type"="execution", "author"="", "class"="DatabaseChangelog1", "method"="addArangoDBPlugin"}
[2023-04-18 02:54:39,127]  - method[setSvgLogoToPluginIcons] with arguments: [org.springframework.data.mongodb.core.MongoTemplate]
[2023-04-18 02:54:39,209]  - APPLIED - {"id"="set-svg-logo-to-plugins", "type"="execution", "author"="", "class"="DatabaseChangelog1", "method"="setSvgLogoToPluginIcons"}
[2023-04-18 02:54:39,213]  - method[removePageOrderFieldFromApplicationPages] with arguments: [org.springframework.data.mongodb.core.MongoTemplate]
[2023-04-18 02:54:39,225]  - APPLIED - {"id"="remove-order-field-from-application- pages", "type"="execution", "author"="", "class"="DatabaseChangelog1", "method"="removePageOrderFieldFromApplicationPages"}
[2023-04-18 02:54:39,229]  - method[createPluginReferenceForGenerateCRUDPage] with arguments: [org.springframework.data.mongodb.core.MongoTemplate]
[2023-04-18 02:54:39,291]  - APPLIED - {"id"="create-plugin-reference-for-genarate-CRUD-page", "type"="execution", "author"="", "class"="DatabaseChangelog1", "method"="createPluginReferenceForGenerateCRUDPage"}
[2023-04-18 02:54:39,298]  - method[encryptCertificateAndPassword] with arguments: [org.springframework.data.mongodb.core.MongoTemplate, com.appsmith.external.services.EncryptionService]
[2023-04-18 02:54:39,304]  - APPLIED - {"id"="encrypt-certificate", "type"="execution", "author"="", "class"="DatabaseChangelog1", "method"="encryptCertificateAndPassword"}
[2023-04-18 02:54:39,309]  - method[createPluginReferenceForS3AndGSheetGenerateCRUDPage] with arguments: [org.springframework.data.mongodb.core.MongoTemplate]
[2023-04-18 02:54:39,374]  - APPLIED - {"id"="create-plugin-reference-for-S3-GSheet-genarate-CRUD-page", "type"="execution", "author"="", "class"="DatabaseChangelog1", "method"="createPluginReferenceForS3AndGSheetGenerateCRUDPage"}
[2023-04-18 02:54:39,380]  - method[addApplicationGitMetadataFieldAndIndex] with arguments: [org.springframework.data.mongodb.core.MongoTemplate]
[2023-04-18 02:54:39,440]  - APPLIED - {"id"="application-git-metadata", "type"="execution", "author"="", "class"="DatabaseChangelog1", "method"="addApplicationGitMetadataFieldAndIndex"}
[2023-04-18 02:54:39,448]  - method[addJSPlugin] with arguments: [org.springframework.data.mongodb.core.MongoTemplate]
[2023-04-18 02:54:39,461]  - APPLIED - {"id"="add-js-plugin", "type"="execution", "author"="", "class"="DatabaseChangelog1", "method"="addJSPlugin"}
[2023-04-18 02:54:39,467]  - method[updateGoogleSheetActionsSetSmartSubstitutionConfiguration] with arguments: [org.springframework.data.mongodb.core.MongoTemplate]
[2023-04-18 02:54:39,490]  - APPLIED - {"id"="update-google-sheet-plugin-smartSubstitution-config", "type"="execution", "author"="", "class"="DatabaseChangelog1", "method"="updateGoogleSheetActionsSetSmartSubstitutionConfiguration"}
[2023-04-18 02:54:39,498]  - method[uninstallMongoUqiPluginAndRemoveAllActions] with arguments: [org.springframework.data.mongodb.core.MongoTemplate]
[2023-04-18 02:54:39,521]  - APPLIED - {"id"="uninstall-mongo-uqi-plugin", "type"="execution", "author"="", "class"="DatabaseChangelog1", "method"="uninstallMongoUqiPluginAndRemoveAllActions"}
[2023-04-18 02:54:39,527]  - method[migrateMongoPluginToUqi] with arguments: [org.springframework.data.mongodb.core.MongoTemplate]
[2023-04-18 02:54:39,541]  - APPLIED - {"id"="migrate-mongo-to-uqi", "type"="execution", "author"="", "class"="DatabaseChangelog1", "method"="migrateMongoPluginToUqi"}
[2023-04-18 02:54:39,548]  - method[migrateMongoPluginDynamicBindingListUqi] with arguments: [org.springframework.data.mongodb.core.MongoTemplate]
[2023-04-18 02:54:39,556]  - APPLIED - {"id"="migrate-mongo-uqi-dynamicBindingPathList", "type"="execution", "author"="", "class"="DatabaseChangelog1", "method"="migrateMongoPluginDynamicBindingListUqi"}
[2023-04-18 02:54:39,563]  - method[updatePluginPackageNameIndexToPluginNamePackageNameAndVersion] with arguments: [org.springframework.data.mongodb.core.MongoTemplate]
[2023-04-18 02:54:39,717]  - APPLIED - {"id"="update-plugin-package-name-index", "type"="execution", "author"="", "class"="DatabaseChangelog1", "method"="updatePluginPackageNameIndexToPluginNamePackageNameAndVersion"}
[2023-04-18 02:54:39,720]  - method[deleteOrphanActions] with arguments: [org.springframework.data.mongodb.core.MongoTemplate]
[2023-04-18 02:54:39,723]  - APPLIED - {"id"="delete-orphan-actions", "type"="execution", "author"="", "class"="DatabaseChangelog1", "method"="deleteOrphanActions"}
[2023-04-18 02:54:39,726]  - method[migrateOldAppColorsToNewColors] with arguments: [org.springframework.data.mongodb.core.MongoTemplate]
[2023-04-18 02:54:39,805]  - APPLIED - {"id"="migrate-old-app-color-to-new-colors", "type"="execution", "author"="", "class"="DatabaseChangelog1", "method"="migrateOldAppColorsToNewColors"}
[2023-04-18 02:54:39,810]  - method[updateS3PermanentUrlToggleDefaultValue] with arguments: [org.springframework.data.mongodb.core.MongoTemplate]
[2023-04-18 02:54:39,817]  - APPLIED - {"id"="update-s3-permanent-url-toggle-default-value", "type"="execution", "author"="", "class"="DatabaseChangelog1", "method"="updateS3PermanentUrlToggleDefaultValue"}
[2023-04-18 02:54:39,822]  - method[updateGitApplicationMetadataIndex] with arguments: [org.springframework.data.mongodb.core.MongoTemplate]
[2023-04-18 02:54:39,864]  - APPLIED - {"id"="application-git-metadata-index", "type"="execution", "author"="", "class"="DatabaseChangelog1", "method"="updateGitApplicationMetadataIndex"}
[2023-04-18 02:54:39,867]  - method[migrateS3PluginToUqi] with arguments: [org.springframework.data.mongodb.core.MongoTemplate]
[2023-04-18 02:54:39,878]  - APPLIED - {"id"="migrate-s3-to-uqi", "type"="execution", "author"="", "class"="DatabaseChangelog1", "method"="migrateS3PluginToUqi"}
[2023-04-18 02:54:39,881]  - method[setSlugToApplicationAndPage] with arguments: [org.springframework.data.mongodb.core.MongoTemplate]
[2023-04-18 02:54:39,888]  - APPLIED - {"id"="set-slug-to-application-and-page", "type"="execution", "author"="", "class"="DatabaseChangelog1", "method"="setSlugToApplicationAndPage"}
[2023-04-18 02:54:39,892]  - method[removeUnusedTriggerPathsListWidget] with arguments: [org.springframework.data.mongodb.core.MongoTemplate]
[2023-04-18 02:54:39,896]  - APPLIED - {"id"="update-list-widget-trigger-paths", "type"="execution", "author"="", "class"="DatabaseChangelog1", "method"="removeUnusedTriggerPathsListWidget"}
[2023-04-18 02:54:39,900]  - method[updateS3ActionConfigurationBodyForContentTypeSupport] with arguments: [org.springframework.data.mongodb.core.MongoTemplate]
[2023-04-18 02:54:39,906]  - APPLIED - {"id"="update-s3-action-configuration-for-type", "type"="execution", "author"="", "class"="DatabaseChangelog1", "method"="updateS3ActionConfigurationBodyForContentTypeSupport"}
[2023-04-18 02:54:39,909]  - method[fixIsPublicIsSetFalseWhenAppIsPublic] with arguments: [org.springframework.data.mongodb.core.MongoTemplate]
[2023-04-18 02:54:39,915]  - APPLIED - {"id"="fix-ispublic-is-false-for-public-apps", "type"="execution", "author"="", "class"="DatabaseChangelog1", "method"="fixIsPublicIsSetFalseWhenAppIsPublic"}
[2023-04-18 02:54:39,919]  - method[updateJsActionsClientSideExecution] with arguments: [org.springframework.data.mongodb.core.MongoTemplate]
[2023-04-18 02:54:39,924]  - APPLIED - {"id"="update-js-action-client-side-execution", "type"="execution", "author"="", "class"="DatabaseChangelog1", "method"="updateJsActionsClientSideExecution"}
[2023-04-18 02:54:39,927]  - method[addSmtpPluginPlugin] with arguments: [org.springframework.data.mongodb.core.MongoTemplate]
[2023-04-18 02:54:39,938]  - APPLIED - {"id"="add-smtp-plugin", "type"="execution", "author"="", "class"="DatabaseChangelog1", "method"="addSmtpPluginPlugin"}
[2023-04-18 02:54:39,941]  - method[updateMockdbEndpoint] with arguments: [org.springframework.data.mongodb.core.MongoTemplate]
[2023-04-18 02:54:39,947]  - APPLIED - {"id"="update-mockdb-endpoint", "type"="execution", "author"="", "class"="DatabaseChangelog1", "method"="updateMockdbEndpoint"}
[2023-04-18 02:54:39,950]  - method[addPluginNameForGoogleSheets] with arguments: [org.springframework.data.mongodb.core.MongoTemplate]
[2023-04-18 02:54:39,959]  - APPLIED - {"id"="add-google-sheets-plugin-name", "type"="execution", "author"="", "class"="DatabaseChangelog1", "method"="addPluginNameForGoogleSheets"}
[2023-04-18 02:54:39,963]  - method[insertDefaultResources] with arguments: [org.springframework.data.mongodb.core.MongoTemplate]
[2023-04-18 02:54:39,980]  - APPLIED - {"id"="insert-default-resources", "type"="execution", "author"="", "class"="DatabaseChangelog1", "method"="insertDefaultResources"}
[2023-04-18 02:54:39,986]  - method[clearRedisCache] with arguments: [org.springframework.data.redis.core.ReactiveRedisOperations]
[2023-04-18 02:54:40,025]  - APPLIED - {"id"="flush-spring-redis-keys", "type"="execution", "author"="", "class"="DatabaseChangelog1", "method"="clearRedisCache"}
[2023-04-18 02:54:40,029]  - method[migrateFirestorePluginToUqi] with arguments: [org.springframework.data.mongodb.core.MongoTemplate]
[2023-04-18 02:54:40,039]  - APPLIED - {"id"="migrate-firestore-to-uqi", "type"="execution", "author"="", "class"="DatabaseChangelog1", "method"="migrateFirestorePluginToUqi"}
[2023-04-18 02:54:40,043]  - method[migrateFirestorePluginToUqi2] with arguments: [org.springframework.data.mongodb.core.MongoTemplate]
[2023-04-18 02:54:40,048]  - APPLIED - {"id"="migrate-firestore-to-uqi-2", "type"="execution", "author"="", "class"="DatabaseChangelog1", "method"="migrateFirestorePluginToUqi2"}
[2023-04-18 02:54:40,051]  - method[migrateFirestorePaginationData] with arguments: [org.springframework.data.mongodb.core.MongoTemplate]
[2023-04-18 02:54:40,057]  - APPLIED - {"id"="migrate-firestore-pagination-data", "type"="execution", "author"="", "class"="DatabaseChangelog1", "method"="migrateFirestorePaginationData"}
[2023-04-18 02:54:40,061]  - method[updateMongoMockdbEndpoint] with arguments: [org.springframework.data.mongodb.core.MongoTemplate]
[2023-04-18 02:54:40,070]  - APPLIED - {"id"="update-mongodb-mockdb-endpoint", "type"="execution", "author"="", "class"="DatabaseChangelog1", "method"="updateMongoMockdbEndpoint"}
[2023-04-18 02:54:40,073]  - method[migrateFirestorePluginToUqi3] with arguments: [org.springframework.data.mongodb.core.MongoTemplate]
[2023-04-18 02:54:40,085]  - APPLIED - {"id"="migrate-firestore-to-uqi-3", "type"="execution", "author"="", "class"="DatabaseChangelog1", "method"="migrateFirestorePluginToUqi3"}
[2023-04-18 02:54:40,089]  - method[createSystemThemes] with arguments: [org.springframework.data.mongodb.core.MongoTemplate]
[2023-04-18 02:54:40,090]  - APPLIED - {"id"="create-system-themes", "type"="execution", "author"="", "class"="DatabaseChangelog1", "method"="createSystemThemes"}
[2023-04-18 02:54:40,093]  - method[addLimitFieldDataToMongoAggregateCommand] with arguments: [org.springframework.data.mongodb.core.MongoTemplate]
[2023-04-18 02:54:40,099]  - APPLIED - {"id"="add-limit-field-data-to-mongo-aggregate-cmd", "type"="execution", "author"="", "class"="DatabaseChangelog1", "method"="addLimitFieldDataToMongoAggregateCommand"}
[2023-04-18 02:54:40,103]  - method[updateGitIndexes] with arguments: [org.springframework.data.mongodb.core.MongoTemplate]
[2023-04-18 02:54:40,234]  - APPLIED - {"id"="update-index-for-git", "type"="execution", "author"="", "class"="DatabaseChangelog1", "method"="updateGitIndexes"}
[2023-04-18 02:54:40,237]  - method[updateMockdbEndpoint2] with arguments: [org.springframework.data.mongodb.core.MongoTemplate]
[2023-04-18 02:54:40,243]  - APPLIED - {"id"="update-mockdb-endpoint-2", "type"="execution", "author"="", "class"="DatabaseChangelog1", "method"="updateMockdbEndpoint2"}
[2023-04-18 02:54:40,246]  - method[migrateFromRSASha1ToECDSASha2Protocol] with arguments: [org.springframework.data.mongodb.core.MongoTemplate]
[2023-04-18 02:54:40,250]  - APPLIED - {"id"="migrate-from-RSA-SHA1-to-ECDSA-SHA2-protocol-for-key-generation", "type"="execution", "author"="", "class"="DatabaseChangelog1", "method"="migrateFromRSASha1ToECDSASha2Protocol"}
[2023-04-18 02:54:40,265]  - method[useAssetsCDNForPluginIcons] with arguments: [org.springframework.data.mongodb.core.MongoTemplate]
[2023-04-18 02:54:40,353]  - APPLIED - {"id"="use-assets-cdn-for-plugin-icons", "type"="execution", "author"="", "class"="DatabaseChangelog1", "method"="useAssetsCDNForPluginIcons"}
[2023-04-18 02:54:40,357]  - method[updateNewActionActionCollectionAndUserDataIndexes] with arguments: [org.springframework.data.mongodb.core.MongoTemplate]
[2023-04-18 02:54:40,526]  - APPLIED - {"id"="update-index-for-newAction-actionCollection-userData", "type"="execution", "author"="", "class"="DatabaseChangelog1", "method"="updateNewActionActionCollectionAndUserDataIndexes"}
[2023-04-18 02:54:40,529]  - method[markMSSQLCrudUnavailable] with arguments: [org.springframework.data.mongodb.core.MongoTemplate]
[2023-04-18 02:54:40,536]  - APPLIED - {"id"="mark-mssql-crud-unavailable", "type"="execution", "author"="", "class"="DatabaseChangelog1", "method"="markMSSQLCrudUnavailable"}
[2023-04-18 02:54:40,539]  - method[updateNewActionActionCollectionIndexes] with arguments: [org.springframework.data.mongodb.core.MongoTemplate]
[2023-04-18 02:54:40,641]  - APPLIED - {"id"="update-index-for-newAction-actionCollection", "type"="execution", "author"="", "class"="DatabaseChangelog1", "method"="updateNewActionActionCollectionIndexes"}
[2023-04-18 02:54:40,646]  - method[createSystemThemes2] with arguments: [org.springframework.data.mongodb.core.MongoTemplate]
[2023-04-18 02:54:40,646]  - APPLIED - {"id"="create-system-themes-v2", "type"="execution", "author"="", "class"="DatabaseChangelog1", "method"="createSystemThemes2"}
[2023-04-18 02:54:40,650]  - method[setFirestoreSmartSubstitutionToFalseForOldCommands] with arguments: [org.springframework.data.mongodb.core.MongoTemplate]
[2023-04-18 02:54:40,656]  - APPLIED - {"id"="set-firestore-smart-substitution-to-false-for-old-cmds", "type"="execution", "author"="", "class"="DatabaseChangelog1", "method"="setFirestoreSmartSubstitutionToFalseForOldCommands"}
[2023-04-18 02:54:40,659]  - method[fixPluginTitleCasing] with arguments: [org.springframework.data.mongodb.core.MongoTemplate]
[2023-04-18 02:54:40,673]  - APPLIED - {"id"="fix-plugin-title-casing", "type"="execution", "author"="", "class"="DatabaseChangelog2", "method"="fixPluginTitleCasing"}
[2023-04-18 02:54:40,676]  - method[deprecateArchivedAtForNewAction] with arguments: [org.springframework.data.mongodb.core.MongoTemplate]
[2023-04-18 02:54:40,679]  - APPLIED - {"id"="deprecate-archivedAt-in-action", "type"="execution", "author"="", "class"="DatabaseChangelog2", "method"="deprecateArchivedAtForNewAction"}
[2023-04-18 02:54:40,682]  - method[updateActionFormDataPath] with arguments: [org.springframework.data.mongodb.core.MongoTemplate]
[2023-04-18 02:54:40,688]  - APPLIED - {"id"="update-form-data-for-uqi-mode", "type"="execution", "author"="", "class"="DatabaseChangelog2", "method"="updateActionFormDataPath"}
[2023-04-18 02:54:40,692]  - method[updateIsConfiguredFlagForAllTheExistingDatasources] with arguments: [org.springframework.data.mongodb.core.MongoTemplate]
[2023-04-18 02:54:40,695]  - APPLIED - {"id"="add-isConfigured-flag-for-all-datasources", "type"="execution", "author"="", "class"="DatabaseChangelog2", "method"="updateIsConfiguredFlagForAllTheExistingDatasources"}
[2023-04-18 02:54:40,700]  - method[setDefaultApplicationVersion] with arguments: [org.springframework.data.mongodb.core.MongoTemplate]
[2023-04-18 02:54:40,707]  - APPLIED - {"id"="set-application-version", "type"="execution", "author"="", "class"="DatabaseChangelog2", "method"="setDefaultApplicationVersion"}
[2023-04-18 02:54:40,711]  - method[deleteOrphanPages] with arguments: [org.springframework.data.mongodb.core.MongoTemplate]
[2023-04-18 02:54:40,714]  - APPLIED - {"id"="delete-orphan-pages", "type"="execution", "author"="", "class"="DatabaseChangelog2", "method"="deleteOrphanPages"}
[2023-04-18 02:54:40,723]  - method[addIndexesForGit] with arguments: [org.springframework.data.mongodb.core.MongoTemplate]
[2023-04-18 02:54:40,826]  - APPLIED - {"id"="update-git-indexes", "type"="execution", "author"="", "class"="DatabaseChangelog2", "method"="addIndexesForGit"}
[2023-04-18 02:54:40,830]  - method[updateOrganizationSlugs] with arguments: [org.springframework.data.mongodb.core.MongoTemplate]
[2023-04-18 02:54:40,837]  - APPLIED - {"id"="update-organization-slugs", "type"="execution", "author"="", "class"="DatabaseChangelog2", "method"="updateOrganizationSlugs"}
[2023-04-18 02:54:40,841]  - method[copyOrganizationToWorkspaces] with arguments: [org.springframework.data.mongodb.core.MongoTemplate]
[2023-04-18 02:54:40,857]  - APPLIED - {"id"="copy-organization-to-workspaces", "type"="execution", "author"="", "class"="DatabaseChangelog2", "method"="copyOrganizationToWorkspaces"}
[2023-04-18 02:54:40,861]  - method[addWorkspaceIndexes] with arguments: [org.springframework.data.mongodb.core.MongoTemplate]
[2023-04-18 02:54:40,925]  - APPLIED - {"id"="add-workspace-indexes", "type"="execution", "author"="", "class"="DatabaseChangelog2", "method"="addWorkspaceIndexes"}
[2023-04-18 02:54:40,928]  - method[updateSequenceNamesFromOrganizationToWorkspace] with arguments: [org.springframework.data.mongodb.core.MongoTemplate]
[2023-04-18 02:54:40,937]  - APPLIED - {"id"="update-sequence-names-from-organization-to-workspace", "type"="execution", "author"="", "class"="DatabaseChangelog2", "method"="updateSequenceNamesFromOrganizationToWorkspace"}
[2023-04-18 02:54:40,943]  - method[addDefaultTenant] with arguments: [org.springframework.data.mongodb.core.MongoTemplate]
[2023-04-18 02:54:41,014]  - APPLIED - {"id"="add-default-tenant", "type"="execution", "author"="", "class"="DatabaseChangelog2", "method"="addDefaultTenant"}
[2023-04-18 02:54:41,018]  - method[addTenantToWorkspaces] with arguments: [org.springframework.data.mongodb.core.MongoTemplate]
[2023-04-18 02:54:41,029]  - APPLIED - {"id"="add-tenant-to-all-workspaces", "type"="execution", "author"="", "class"="DatabaseChangelog2", "method"="addTenantToWorkspaces"}
[2023-04-18 02:54:41,035]  - method[addTenantToUsersAndFlushRedis] with arguments: [org.springframework.data.mongodb.core.MongoTemplate, org.springframework.data.redis.core.ReactiveRedisOperations]
[2023-04-18 02:54:41,049]  - APPLIED - {"id"="add-tenant-to-all-users-and-flush-redis", "type"="execution", "author"="", "class"="DatabaseChangelog2", "method"="addTenantToUsersAndFlushRedis"}
[2023-04-18 02:54:41,055]  - method[migrateOrganizationIdToWorkspaceIdInDomainObjects] with arguments: [org.springframework.data.mongodb.core.MongoTemplate, org.springframework.data.redis.core.ReactiveRedisOperations]
[2023-04-18 02:54:41,113]  - APPLIED - {"id"="migrate-organizationId-to-workspaceId-in-domain-objects", "type"="execution", "author"="", "class"="DatabaseChangelog2", "method"="migrateOrganizationIdToWorkspaceIdInDomainObjects"}
[2023-04-18 02:54:41,117]  - method[organizationToWorkspaceIndexesRecreate] with arguments: [org.springframework.data.mongodb.core.MongoTemplate]
[2023-04-18 02:54:41,205]  - APPLIED - {"id"="organization-to-workspace-indexes-recreate", "type"="execution", "author"="", "class"="DatabaseChangelog2", "method"="organizationToWorkspaceIndexesRecreate"}
[2023-04-18 02:54:41,209]  - method[migratePermissionsInUser] with arguments: [org.springframework.data.mongodb.core.MongoTemplate]
[2023-04-18 02:54:41,219]  - APPLIED - {"id"="migrate-permission-in-user", "type"="execution", "author"="", "class"="DatabaseChangelog2", "method"="migratePermissionsInUser"}
[2023-04-18 02:54:41,225]  - method[migratePermissionsInWorkspace] with arguments: [org.springframework.data.mongodb.core.MongoTemplate]
[2023-04-18 02:54:41,252]  - APPLIED - {"id"="migrate-permission-in-workspace", "type"="execution", "author"="", "class"="DatabaseChangelog2", "method"="migratePermissionsInWorkspace"}
[2023-04-18 02:54:41,258]  - method[migrateOrganizationIdToWorkspaceIdInNewActionDatasource] with arguments: [org.springframework.data.mongodb.core.MongoTemplate, org.springframework.data.redis.core.ReactiveRedisOperations]
[2023-04-18 02:54:41,268]  - APPLIED - {"id"="migrate-organizationId-to-workspaceId-in-newaction-datasource", "type"="execution", "author"="", "class"="DatabaseChangelog2", "method"="migrateOrganizationIdToWorkspaceIdInNewActionDatasource"}
[2023-04-18 02:54:41,273]  - method[migrateGoogleSheetsToUqi] with arguments: [org.springframework.data.mongodb.core.MongoTemplate]
[2023-04-18 02:54:41,284]  - APPLIED - {"id"="migrate-google-sheets-to-uqi", "type"="execution", "author"="", "class"="DatabaseChangelog2", "method"="migrateGoogleSheetsToUqi"}
[2023-04-18 02:54:41,289]  - method[clearRedisCache2] with arguments: [org.springframework.data.redis.core.ReactiveRedisOperations]
[2023-04-18 02:54:41,293]  - APPLIED - {"id"="flush-spring-redis-keys-2a", "type"="execution", "author"="", "class"="DatabaseChangelog2", "method"="clearRedisCache2"}
[2023-04-18 02:54:41,298]  - method[fixDeletedThemesWhenGitBranchDeleted] with arguments: [org.springframework.data.mongodb.core.MongoTemplate]
[2023-04-18 02:54:41,312]  - APPLIED - {"id"="fix-deleted-themes-when-git-branch-deleted", "type"="execution", "author"="", "class"="DatabaseChangelog2", "method"="fixDeletedThemesWhenGitBranchDeleted"}
[2023-04-18 02:54:41,315]  - method[addAnonymousUser] with arguments: [org.springframework.data.mongodb.core.MongoTemplate]
[2023-04-18 02:54:41,337]  - APPLIED - {"id"="add-anonymousUser", "type"="execution", "author"="", "class"="DatabaseChangelog2", "method"="addAnonymousUser"}
[2023-04-18 02:54:41,348]  - method[addDefaultPermissionGroups] with arguments: [org.springframework.data.mongodb.core.MongoTemplate, com.appsmith.server.services.WorkspaceService, com.appsmith.server.helpers.PolicyUtils, jdk.proxy2.$Proxy144]
[2023-04-18 02:54:41,361]  - APPLIED - {"id"="add-default-permission-groups", "type"="execution", "author"="", "class"="DatabaseChangelog2", "method"="addDefaultPermissionGroups"}
[2023-04-18 02:54:41,364]  - method[markPublicApps] with arguments: [org.springframework.data.mongodb.core.MongoTemplate]
[2023-04-18 02:54:41,371]  - APPLIED - {"id"="mark-public-apps", "type"="execution", "author"="", "class"="DatabaseChangelog2", "method"="markPublicApps"}
[2023-04-18 02:54:41,375]  - method[markWorkspacesForInheritance] with arguments: [org.springframework.data.mongodb.core.MongoTemplate]
[2023-04-18 02:54:41,381]  - APPLIED - {"id"="mark-workspaces-for-inheritance", "type"="execution", "author"="", "class"="DatabaseChangelog2", "method"="markWorkspacesForInheritance"}
[2023-04-18 02:54:41,385]  - method[inheritPoliciesToEveryChildObject] with arguments: [org.springframework.data.mongodb.core.MongoTemplate, com.appsmith.server.acl.PolicyGenerator]
[2023-04-18 02:54:41,389]  - APPLIED - {"id"="inherit-policies-to-every-child-object", "type"="execution", "author"="", "class"="DatabaseChangelog2", "method"="inheritPoliciesToEveryChildObject"}
[2023-04-18 02:54:41,393]  - method[makeApplicationsPublic] with arguments: [org.springframework.data.mongodb.core.MongoTemplate, com.appsmith.server.helpers.PolicyUtils, com.appsmith.server.acl.PolicyGenerator, jdk.proxy2.$Proxy155]
[2023-04-18 02:54:41,402]  - APPLIED - {"id"="make-applications-public", "type"="execution", "author"="", "class"="DatabaseChangelog2", "method"="makeApplicationsPublic"}
[2023-04-18 02:54:41,405]  - method[addInstanceConfigurationPlaceHolder] with arguments: [org.springframework.data.mongodb.core.MongoTemplate]
[2023-04-18 02:54:41,481]  - APPLIED - {"id"="add-instance-config-object", "type"="execution", "author"="", "class"="DatabaseChangelog2", "method"="addInstanceConfigurationPlaceHolder"}
[2023-04-18 02:54:41,485]  - method[addAnonymousUserPermissionGroup] with arguments: [org.springframework.data.mongodb.core.MongoTemplate]
[2023-04-18 02:54:41,507]  - APPLIED - {"id"="add-anonymous-user-permission-group", "type"="execution", "author"="", "class"="DatabaseChangelog2", "method"="addAnonymousUserPermissionGroup"}
[2023-04-18 02:54:41,511]  - method[createSystemThemes3] with arguments: [org.springframework.data.mongodb.core.MongoTemplate]
[2023-04-18 02:54:41,760]  - APPLIED - {"id"="create-system-themes-v3", "type"="execution", "author"="", "class"="DatabaseChangelog2", "method"="createSystemThemes3"}
[2023-04-18 02:54:41,765]  - method[updateBadThemeState] with arguments: [org.springframework.data.mongodb.core.MongoTemplate, com.appsmith.server.acl.PolicyGenerator, com.appsmith.server.repositories.CacheableRepositoryHelper]
[2023-04-18 02:54:41,768]  - APPLIED - {"id"="update-bad-theme-state", "type"="execution", "author"="", "class"="DatabaseChangelog2", "method"="updateBadThemeState"}
[2023-04-18 02:54:41,773]  - method[migratePublicAppsSinglePg] with arguments: [org.springframework.data.mongodb.core.MongoTemplate, com.appsmith.server.helpers.PolicyUtils, com.appsmith.server.acl.PolicyGenerator, com.appsmith.server.repositories.CacheableRepositoryHelper]
[2023-04-18 02:54:41,804]  - Cache entry evicted for key permissionGroupsForUser:anonymousUser643e0670baca01394ff0a312
[2023-04-18 02:54:41,821]  - APPLIED - {"id"="migrate-public-apps-single-pg", "type"="execution", "author"="", "class"="DatabaseChangelog2", "method"="migratePublicAppsSinglePg"}
[2023-04-18 02:54:41,825]  - method[addTenantAdminPermissionsToInstanceAdmin] with arguments: [org.springframework.data.mongodb.core.MongoTemplate, com.appsmith.server.helpers.PolicyUtils]
[2023-04-18 02:54:41,856]  - APPLIED - {"id"="add-tenant-admin-permissions-instance-admin", "type"="execution", "author"="", "class"="DatabaseChangelog2", "method"="addTenantAdminPermissionsToInstanceAdmin"}
[2023-04-18 02:54:41,859]  - method[addGraphQLPlugin] with arguments: [org.springframework.data.mongodb.core.MongoTemplate]
[2023-04-18 02:54:41,867]  - APPLIED - {"id"="add-graphql-plugin", "type"="execution", "author"="", "class"="DatabaseChangelog2", "method"="addGraphQLPlugin"}
[2023-04-18 02:54:41,871]  - method[reInstallGraphQLPluginToWorkspaces] with arguments: [org.springframework.data.mongodb.core.MongoTemplate]
[2023-04-18 02:54:41,880]  - APPLIED - {"id"="install-graphql-plugin-to-remaining-workspaces", "type"="execution", "author"="", "class"="DatabaseChangelog2", "method"="reInstallGraphQLPluginToWorkspaces"}
[2023-04-18 02:54:41,884]  - method[addIndicesRecommendedByMongoCloud] with arguments: [org.springframework.data.mongodb.core.MongoTemplate]
[2023-04-18 02:54:41,976]  - APPLIED - {"id"="indices-recommended-by-mongodb-cloud", "type"="execution", "author"="", "class"="DatabaseChangelog2", "method"="addIndicesRecommendedByMongoCloud"}
[2023-04-18 02:54:41,980]  - method[deleteRapidApiPluginRelatedItems] with arguments: [org.springframework.data.mongodb.core.MongoTemplate]
[2023-04-18 02:54:41,995]  - APPLIED - {"id"="delete-rapid-api-plugin-related-items", "type"="execution", "author"="", "class"="DatabaseChangelog2", "method"="deleteRapidApiPluginRelatedItems"}
[2023-04-18 02:54:41,999]  - method[addUniqueIndexOnUidString] with arguments: [org.springframework.data.mongodb.core.MongoTemplate]
[2023-04-18 02:54:42,048]  - APPLIED - {"id"="add-unique-index-for-uidstring", "type"="execution", "author"="", "class"="DatabaseChangelog2", "method"="addUniqueIndexOnUidString"}
[2023-04-18 02:54:42,052]  - method[modifyReadPermissionGroupToReadPermissionGroupMembers] with arguments: [org.springframework.data.mongodb.core.MongoTemplate, com.appsmith.server.helpers.PolicyUtils]
[2023-04-18 02:54:42,058]  - APPLIED - {"id"="change-readPermissionGroup-to-readPermissionGroupMembers", "type"="execution", "author"="", "class"="DatabaseChangelog2", "method"="modifyReadPermissionGroupToReadPermissionGroupMembers"}
[2023-04-18 02:54:42,061]  - method[changeSSLModeFromPreferredToDefaultForMySQLPlugin] with arguments: [org.springframework.data.mongodb.core.MongoTemplate]
[2023-04-18 02:54:42,069]  - APPLIED - {"id"="remove-preferred-ssl-mode-from-mysql", "type"="execution", "author"="", "class"="DatabaseChangelog2", "method"="changeSSLModeFromPreferredToDefaultForMySQLPlugin"}
[2023-04-18 02:54:42,073]  - method[deletePermissionsInPermissionGroups] with arguments: [org.springframework.data.mongodb.core.MongoTemplate]
[2023-04-18 02:54:42,079]  - APPLIED - {"id"="delete-permissions-in-permissionGroups", "type"="execution", "author"="", "class"="DatabaseChangelog2", "method"="deletePermissionsInPermissionGroups"}
[2023-04-18 02:54:42,083]  - method[removeUsagePulsesForAppsmithCloud] with arguments: [org.springframework.data.mongodb.core.MongoTemplate, com.appsmith.server.configurations.CommonConfig$$SpringCGLIB$$0]
[2023-04-18 02:54:42,083]  - APPLIED - {"id"="remove-usage-pulses-for-appsmith-cloud", "type"="execution", "author"="", "class"="DatabaseChangelog2", "method"="removeUsagePulsesForAppsmithCloud"}
[2023-04-18 02:54:42,089]  - method[addSslModeSettingsForExistingMssqlDatasource] with arguments: [org.springframework.data.mongodb.core.MongoTemplate]
[2023-04-18 02:54:42,098]  - APPLIED - {"id"="add-ssl-mode-settings-for-existing-mssql-datasources", "type"="execution", "author"="", "class"="DatabaseChangelog2", "method"="addSslModeSettingsForExistingMssqlDatasource"}
[2023-04-18 02:54:42,104]  - method[updateSuperUsers] with arguments: [org.springframework.data.mongodb.core.MongoTemplate, com.appsmith.server.repositories.CacheableRepositoryHelper]
[2023-04-18 02:54:42,120]  - APPLIED - {"id"="update-super-users", "type"="execution", "author"="", "class"="DatabaseChangelog2", "method"="updateSuperUsers"}
[2023-04-18 02:54:42,123]  - method[addPermissionGroupIndex] with arguments: [org.springframework.data.mongodb.core.MongoTemplate]
[2023-04-18 02:54:42,410]  - APPLIED - {"id"="create-indices-on-permissions-for-performance", "type"="execution", "author"="", "class"="DatabaseChangelog2", "method"="addPermissionGroupIndex"}
[2023-04-18 02:54:42,414]  - method[com.appsmith.server.migrations.db.ce.Migration003PermissionGroupDefaultWorkspaceIdMigration] with arguments: [org.springframework.data.mongodb.core.MongoTemplate]
[2023-04-18 02:54:42,414]  - method[defaultWorkspaceIdMigration] with arguments: []
[2023-04-18 02:54:42,429]  - APPLIED - {"id"="migrate-default-workspace-id-to-default-domain-id", "type"="execution", "author"="default_author", "class"="Migration003PermissionGroupDefaultWorkspaceIdMigration", "method"="defaultWorkspaceIdMigration"}
[2023-04-18 02:54:42,433]  - method[com.appsmith.server.migrations.db.ce.Migration004CreateIndexForApplicationSnapshotMigration] with arguments: [org.springframework.data.mongodb.core.MongoTemplate]
[2023-04-18 02:54:42,433]  - method[addIndexOnApplicationIdAndChunkOrder] with arguments: []
[2023-04-18 02:54:42,487]  - APPLIED - {"id"="create-index-for-application-snapshot-collection", "type"="execution", "author"="default_author", "class"="Migration004CreateIndexForApplicationSnapshotMigration", "method"="addIndexOnApplicationIdAndChunkOrder"}
[2023-04-18 02:54:42,491]  - method[com.appsmith.server.migrations.db.ce.Migration004ResetOnPageLoadEdgesInLayouts] with arguments: [org.springframework.data.mongodb.core.MongoTemplate]
[2023-04-18 02:54:42,491]  - method[executeMigration] with arguments: []
[2023-04-18 02:54:42,496]  - APPLIED - {"id"="reset-on-page-load-edges-in-layouts", "type"="execution", "author"="default_author", "class"="Migration004ResetOnPageLoadEdgesInLayouts", "method"="executeMigration"}
[2023-04-18 02:54:42,499]  - Mongock releasing the lock
[2023-04-18 02:54:42,499]  - Mongock releasing the lock
[2023-04-18 02:54:42,503]  - Mongock released the lock
[2023-04-18 02:54:42,503]  - Mongock has finished
[2023-04-18 02:54:43,886]  - Exposing 2 endpoint(s) beneath base path '/actuator'
[2023-04-18 02:54:44,333]  - Netty started on port 8080
[2023-04-18 02:54:44,367]  - Started ServerApplication in 23.597 seconds (process running for 25.154)
[2023-04-18 02:54:44,386]  - Triggering registration of this instance...
[2023-04-18 02:54:44,388]  - Performing RTS health check of this instance...
[2023-04-18 02:54:44,415]  - In memory cache miss for anonymous user permission groups. Fetching from DB and adding it to in memory storage.
[2023-04-18 02:54:45,945]  - Registration successful, updating state ...
[2023-04-18 02:54:46,001]  - RTS health check succeeded

                                
                     
                      
                      
                                   
                                             

Please open http://localhost:<port> in your browser to experience Appsmith!

[2023-04-18 02:54:55,108]  - Cancelled mongock lock daemon
[2023-04-18 02:54:58,369] userEmail=anonymousUser, sessionId=, thread=lettuce-epollEventLoop-6-1, requestId=07b058a5-1f62-42f6-b9f5-a7345f4a49e1 - Cache miss for key permissionGroupsForUser:anonymousUser643e0670baca01394ff0a312
[2023-04-18 02:54:58,371] userEmail=anonymousUser, sessionId=, thread=lettuce-epollEventLoop-6-1, requestId=07b058a5-1f62-42f6-b9f5-a7345f4a49e1 - Cache entry added for key permissionGroupsForUser:anonymousUser643e0670baca01394ff0a312
[2023-04-18 02:55:51,559] userEmail=anonymousUser, sessionId=, thread=lettuce-epollEventLoop-6-1, requestId=514d191a-543a-4887-bde6-4dd5097bfcda - Cache miss for key permissionGroupsForUser:keister.e@northeastern.edu643e0670baca01394ff0a312
[2023-04-18 02:55:51,566] userEmail=anonymousUser, sessionId=, thread=nioEventLoopGroup-3-5, requestId=514d191a-543a-4887-bde6-4dd5097bfcda - Cache entry added for key permissionGroupsForUser:keister.e@northeastern.edu643e0670baca01394ff0a312
[2023-04-18 02:55:51,787] userEmail=anonymousUser, sessionId=, thread=nioEventLoopGroup-3-6, requestId=514d191a-543a-4887-bde6-4dd5097bfcda - Cache entry evicted for key permissionGroupsForUser:keister.e@northeastern.edu643e0670baca01394ff0a312
[2023-04-18 02:55:51,800] userEmail=anonymousUser, sessionId=, thread=nioEventLoopGroup-3-6, requestId=514d191a-543a-4887-bde6-4dd5097bfcda - Created blank default workspace for user 'keister.e@northeastern.edu'.
[2023-04-18 02:55:51,806] userEmail=anonymousUser, sessionId=, thread=nioEventLoopGroup-3-6, requestId=514d191a-543a-4887-bde6-4dd5097bfcda - Login succeeded for user: User(name=Evan Keister, email=keister.e@northeastern.edu, hashedEmail=null, roles=null, password=$2a$10$miJNjfJH/WIyoOaXDsrQwOmWSoiWWpwA7.RSPg963tSVDQqeWvq3q, passwordResetInitiated=false, source=FORM, state=ACTIVATED, isEnabled=true, currentOrganizationId=null, currentWorkspaceId=null, organizationIds=null, workspaceIds=null, examplesOrganizationId=null, examplesWorkspaceId=null, groupIds=[], permissions=[], inviteToken=null, isAnonymous=false, tenantId=643e0670baca01394ff0a312)
[2023-04-18 02:55:51,857] userEmail=anonymousUser, sessionId=, thread=lettuce-epollEventLoop-6-1, requestId=514d191a-543a-4887-bde6-4dd5097bfcda - Cache miss for key permissionGroupsForUser:keister.e@northeastern.edu643e0670baca01394ff0a312
[2023-04-18 02:55:51,860]  - Got request to send email to: keister.e@northeastern.edu with subject: Welcome to Appsmith
[2023-04-18 02:55:51,863] userEmail=anonymousUser, sessionId=, thread=nioEventLoopGroup-3-6, requestId=514d191a-543a-4887-bde6-4dd5097bfcda - Cache entry added for key permissionGroupsForUser:keister.e@northeastern.edu643e0670baca01394ff0a312
[2023-04-18 02:55:52,209] userEmail=anonymousUser, sessionId=, thread=nioEventLoopGroup-3-6, requestId=514d191a-543a-4887-bde6-4dd5097bfcda - Cache entry evicted for key permissionGroupsForUser:keister.e@northeastern.edu643e0670baca01394ff0a312
[2023-04-18 02:55:52,217] userEmail=anonymousUser, sessionId=, thread=lettuce-epollEventLoop-6-1, requestId=514d191a-543a-4887-bde6-4dd5097bfcda - Installation setup complete.
[2023-04-18 02:55:52,221] userEmail=anonymousUser, sessionId=, thread=lettuce-epollEventLoop-6-1, requestId=514d191a-543a-4887-bde6-4dd5097bfcda - Cache miss for key permissionGroupsForUser:keister.e@northeastern.edu643e0670baca01394ff0a312
[2023-04-18 02:55:52,229] userEmail=anonymousUser, sessionId=, thread=nioEventLoopGroup-3-5, requestId=514d191a-543a-4887-bde6-4dd5097bfcda - Cache entry added for key permissionGroupsForUser:keister.e@northeastern.edu643e0670baca01394ff0a312
[2023-04-18 02:55:52,289] userEmail=anonymousUser, sessionId=, thread=nioEventLoopGroup-3-6, requestId=514d191a-543a-4887-bde6-4dd5097bfcda - Cache entry evicted for key permissionGroupsForUser:keister.e@northeastern.edu643e0670baca01394ff0a312
[2023-04-18 02:55:52,293] userEmail=anonymousUser, sessionId=, thread=lettuce-epollEventLoop-6-1, requestId=514d191a-543a-4887-bde6-4dd5097bfcda - Cache miss for key permissionGroupsForUser:keister.e@northeastern.edu643e0670baca01394ff0a312
[2023-04-18 02:55:52,298] userEmail=anonymousUser, sessionId=, thread=nioEventLoopGroup-3-5, requestId=514d191a-543a-4887-bde6-4dd5097bfcda - Cache entry added for key permissionGroupsForUser:keister.e@northeastern.edu643e0670baca01394ff0a312
[2023-04-18 02:55:53,493] userEmail=keister.e@northeastern.edu, sessionId=39ef5f03-9d9b-4b9e-8e52-ae2b07d8cd20, thread=lettuce-epollEventLoop-6-1, requestId=940b8222-12c0-497b-9eb1-818196a00583 - Going to fetch applicationPageDTO for applicationId: null, pageId: 643e06b8baca01394ff0a32d, branchName: null, mode: EDIT
[2023-04-18 02:55:53,508] userEmail=keister.e@northeastern.edu, sessionId=39ef5f03-9d9b-4b9e-8e52-ae2b07d8cd20, thread=nioEventLoopGroup-3-5, requestId=940b8222-12c0-497b-9eb1-818196a00583 - Retrieved possible application ids for page, picking the appropriate one now
[2023-04-18 02:55:53,547] userEmail=keister.e@northeastern.edu, sessionId=39ef5f03-9d9b-4b9e-8e52-ae2b07d8cd20, thread=nioEventLoopGroup-3-5, requestId=940b8222-12c0-497b-9eb1-818196a00583 - Fetched application data for id: 643e06b7baca01394ff0a32a
[2023-04-18 02:55:53,610] userEmail=keister.e@northeastern.edu, sessionId=39ef5f03-9d9b-4b9e-8e52-ae2b07d8cd20, thread=nioEventLoopGroup-3-5, requestId=940b8222-12c0-497b-9eb1-818196a00583 - Retrieved Page DTOs from DB ...
[2023-04-18 02:55:53,611] userEmail=keister.e@northeastern.edu, sessionId=39ef5f03-9d9b-4b9e-8e52-ae2b07d8cd20, thread=nioEventLoopGroup-3-5, requestId=940b8222-12c0-497b-9eb1-818196a00583 - Populating applicationPagesDTO ...
[2023-04-18 02:55:53,613] userEmail=keister.e@northeastern.edu, sessionId=39ef5f03-9d9b-4b9e-8e52-ae2b07d8cd20, thread=nioEventLoopGroup-3-6, requestId=349018be-deb9-49eb-96c6-e8ec7bd64cde - Handling user document changes User(name=Evan Keister, email=keister.e@northeastern.edu, hashedEmail=6dad502436f179fc8c980de4d1e8f8d2ee8169fe4e96dfa471369f1b084d3fef, roles=null, password=$2a$10$miJNjfJH/WIyoOaXDsrQwOmWSoiWWpwA7.RSPg963tSVDQqeWvq3q, passwordResetInitiated=false, source=FORM, state=ACTIVATED, isEnabled=true, currentOrganizationId=null, currentWorkspaceId=null, organizationIds=null, workspaceIds=null, examplesOrganizationId=null, examplesWorkspaceId=null, groupIds=[], permissions=[], inviteToken=null, isAnonymous=false, tenantId=643e0670baca01394ff0a312)
[2023-04-18 02:55:53,614] userEmail=keister.e@northeastern.edu, sessionId=39ef5f03-9d9b-4b9e-8e52-ae2b07d8cd20, thread=nioEventLoopGroup-3-6, requestId=349018be-deb9-49eb-96c6-e8ec7bd64cde - Updating name in userRoles of workspace for user 643e06b7baca01394ff0a324
[2023-04-18 02:55:53,792] userEmail=keister.e@northeastern.edu, sessionId=39ef5f03-9d9b-4b9e-8e52-ae2b07d8cd20, thread=lettuce-epollEventLoop-6-1, requestId=28699f0e-d12e-42ae-a1e3-60d5995880a9 - Going to get all unpublished action collections with params: {applicationId=[643e06b7baca01394ff0a32a]}, branch: null
[2023-04-18 02:55:53,806] userEmail=keister.e@northeastern.edu, sessionId=39ef5f03-9d9b-4b9e-8e52-ae2b07d8cd20, thread=lettuce-epollEventLoop-6-1, requestId=01e783c8-b0b2-4208-a4e9-5e56dead5a03 - Going to get all actions with params: {applicationId=[643e06b7baca01394ff0a32a]}, branch: null
[2023-04-18 02:55:53,838] userEmail=keister.e@northeastern.edu, sessionId=39ef5f03-9d9b-4b9e-8e52-ae2b07d8cd20, thread=lettuce-epollEventLoop-6-1, requestId=fc5d7900-8f85-4069-a40f-486889071ec8 - Going to get all unpublished JS libs in application: 643e06b7baca01394ff0a32a, on branch: null
[2023-04-18 02:55:54,028] userEmail=keister.e@northeastern.edu, sessionId=39ef5f03-9d9b-4b9e-8e52-ae2b07d8cd20, thread=lettuce-epollEventLoop-6-1, requestId=4c59247e-717a-4d6f-8fb8-0a3e3e8ceb82 - Going to get all resources from base controller {workspaceId=[643e06b7baca01394ff0a326]}
[2023-04-18 02:55:54,044] userEmail=keister.e@northeastern.edu, sessionId=39ef5f03-9d9b-4b9e-8e52-ae2b07d8cd20, thread=lettuce-epollEventLoop-6-1, requestId=a2115541-10da-4520-b14c-e0ab574fc283 - Going to get all resources from base controller {workspaceId=[643e06b7baca01394ff0a326]}
[2023-04-18 02:55:54,056] userEmail=keister.e@northeastern.edu, sessionId=39ef5f03-9d9b-4b9e-8e52-ae2b07d8cd20, thread=nioEventLoopGroup-3-4, requestId=4c59247e-717a-4d6f-8fb8-0a3e3e8ceb82 - Fetching plugins by params: {workspaceId=[643e06b7baca01394ff0a326]} for org: Evan's apps
[2023-04-18 02:55:54,071] userEmail=keister.e@northeastern.edu, sessionId=39ef5f03-9d9b-4b9e-8e52-ae2b07d8cd20, thread=nioEventLoopGroup-3-5, requestId=4c59247e-717a-4d6f-8fb8-0a3e3e8ceb82 - Error loading templates metadata in plugin restapi-plugin
[2023-04-18 02:55:54,081] userEmail=keister.e@northeastern.edu, sessionId=39ef5f03-9d9b-4b9e-8e52-ae2b07d8cd20, thread=nioEventLoopGroup-3-4, requestId=4c59247e-717a-4d6f-8fb8-0a3e3e8ceb82 - Error loading templates metadata in plugin elasticsearch-plugin
[2023-04-18 02:55:54,083] userEmail=keister.e@northeastern.edu, sessionId=39ef5f03-9d9b-4b9e-8e52-ae2b07d8cd20, thread=nioEventLoopGroup-3-4, requestId=4c59247e-717a-4d6f-8fb8-0a3e3e8ceb82 - Error loading templates metadata in plugin dynamo-plugin
[2023-04-18 02:55:54,087] userEmail=keister.e@northeastern.edu, sessionId=39ef5f03-9d9b-4b9e-8e52-ae2b07d8cd20, thread=nioEventLoopGroup-3-4, requestId=4c59247e-717a-4d6f-8fb8-0a3e3e8ceb82 - Error loading templates metadata in plugin redis-plugin
[2023-04-18 02:55:54,094] userEmail=keister.e@northeastern.edu, sessionId=39ef5f03-9d9b-4b9e-8e52-ae2b07d8cd20, thread=nioEventLoopGroup-3-5, requestId=4c59247e-717a-4d6f-8fb8-0a3e3e8ceb82 - Error loading templates metadata in plugin firestore-plugin
[2023-04-18 02:55:54,096] userEmail=keister.e@northeastern.edu, sessionId=39ef5f03-9d9b-4b9e-8e52-ae2b07d8cd20, thread=nioEventLoopGroup-3-5, requestId=4c59247e-717a-4d6f-8fb8-0a3e3e8ceb82 - Error loading templates metadata in plugin redshift-plugin
[2023-04-18 02:55:54,103] userEmail=keister.e@northeastern.edu, sessionId=39ef5f03-9d9b-4b9e-8e52-ae2b07d8cd20, thread=nioEventLoopGroup-3-5, requestId=4c59247e-717a-4d6f-8fb8-0a3e3e8ceb82 - Error loading templates metadata in plugin amazons3-plugin
[2023-04-18 02:55:54,105] userEmail=keister.e@northeastern.edu, sessionId=39ef5f03-9d9b-4b9e-8e52-ae2b07d8cd20, thread=nioEventLoopGroup-3-5, requestId=4c59247e-717a-4d6f-8fb8-0a3e3e8ceb82 - Error loading templates metadata in plugin google-sheets-plugin
[2023-04-18 02:55:54,117] userEmail=keister.e@northeastern.edu, sessionId=39ef5f03-9d9b-4b9e-8e52-ae2b07d8cd20, thread=nioEventLoopGroup-3-4, requestId=4c59247e-717a-4d6f-8fb8-0a3e3e8ceb82 - Error loading templates metadata in plugin js-plugin
[2023-04-18 02:55:54,119] userEmail=keister.e@northeastern.edu, sessionId=39ef5f03-9d9b-4b9e-8e52-ae2b07d8cd20, thread=nioEventLoopGroup-3-4, requestId=4c59247e-717a-4d6f-8fb8-0a3e3e8ceb82 - Error loading templates metadata in plugin smtp-plugin
[2023-04-18 02:55:54,127] userEmail=keister.e@northeastern.edu, sessionId=39ef5f03-9d9b-4b9e-8e52-ae2b07d8cd20, thread=nioEventLoopGroup-3-4, requestId=4c59247e-717a-4d6f-8fb8-0a3e3e8ceb82 - Error loading templates metadata in plugin graphql-plugin
[2023-04-18 02:55:54,131] userEmail=keister.e@northeastern.edu, sessionId=39ef5f03-9d9b-4b9e-8e52-ae2b07d8cd20, thread=nioEventLoopGroup-3-4, requestId=4c59247e-717a-4d6f-8fb8-0a3e3e8ceb82 - Error loading templates metadata in plugin saas-plugin
[2023-04-18 02:55:54,136] userEmail=keister.e@northeastern.edu, sessionId=39ef5f03-9d9b-4b9e-8e52-ae2b07d8cd20, thread=nioEventLoopGroup-3-4, requestId=4c59247e-717a-4d6f-8fb8-0a3e3e8ceb82 - Error loading templates metadata in plugin saas-plugin
[2023-04-18 02:55:54,138] userEmail=keister.e@northeastern.edu, sessionId=39ef5f03-9d9b-4b9e-8e52-ae2b07d8cd20, thread=nioEventLoopGroup-3-4, requestId=4c59247e-717a-4d6f-8fb8-0a3e3e8ceb82 - Error loading templates metadata in plugin saas-plugin
[2023-04-18 02:55:54,708] userEmail=keister.e@northeastern.edu, sessionId=39ef5f03-9d9b-4b9e-8e52-ae2b07d8cd20, thread=lettuce-epollEventLoop-6-1, requestId=ae80fdc7-cb5c-4d6f-ad0f-66d6e265823a - Going to get all applications grouped by workspace
[2023-04-18 02:55:54,751] userEmail=keister.e@northeastern.edu, sessionId=39ef5f03-9d9b-4b9e-8e52-ae2b07d8cd20, thread=reactor-http-epoll-4, requestId=3c0e76a8-98d8-4612-8323-b76de8073bda - update layout received for page 643e06b8baca01394ff0a32d
[2023-04-18 02:55:54,770] userEmail=keister.e@northeastern.edu, sessionId=39ef5f03-9d9b-4b9e-8e52-ae2b07d8cd20, thread=lettuce-epollEventLoop-6-1, requestId=ada3de78-c23d-43a6-a271-ddfc3ee4fe1a - Going to get resource from base controller for id: 643e06b7baca01394ff0a326
[2023-04-18 02:55:54,889] userEmail=keister.e@northeastern.edu, sessionId=39ef5f03-9d9b-4b9e-8e52-ae2b07d8cd20, thread=lettuce-epollEventLoop-6-1, requestId=de27c982-6bcc-47cd-be69-2e41c39cfa78 - Going to get version release items
[2023-04-18 02:57:04,870]  - Login succeeded for user: User(name=Evan Keister, email=keister.e@northeastern.edu, hashedEmail=6dad502436f179fc8c980de4d1e8f8d2ee8169fe4e96dfa471369f1b084d3fef, roles=null, password=$2a$10$miJNjfJH/WIyoOaXDsrQwOmWSoiWWpwA7.RSPg963tSVDQqeWvq3q, passwordResetInitiated=false, source=FORM, state=ACTIVATED, isEnabled=true, currentOrganizationId=null, currentWorkspaceId=null, organizationIds=null, workspaceIds=null, examplesOrganizationId=null, examplesWorkspaceId=null, groupIds=[], permissions=[], inviteToken=null, isAnonymous=false, tenantId=643e0670baca01394ff0a312)
[2023-04-18 02:57:10,046] userEmail=keister.e@northeastern.edu, sessionId=479a5866-6f1d-4b3a-9327-68681c5437d3, thread=lettuce-epollEventLoop-6-1, requestId=85362e86-5f97-4c19-8ce5-30408c835f70 - Going to get all applications grouped by workspace
[2023-04-18 02:57:10,159] userEmail=keister.e@northeastern.edu, sessionId=479a5866-6f1d-4b3a-9327-68681c5437d3, thread=lettuce-epollEventLoop-6-1, requestId=62b1d2b2-6b26-49da-ab7f-2ac524d65c9d - Going to get version release items
[2023-04-18 02:57:12,535] userEmail=keister.e@northeastern.edu, sessionId=479a5866-6f1d-4b3a-9327-68681c5437d3, thread=lettuce-epollEventLoop-6-1, requestId=a9222ba3-97df-46cd-8132-403b2244ea4f - Going to fetch applicationPageDTO for applicationId: null, pageId: 643e06b8baca01394ff0a32d, branchName: null, mode: EDIT
[2023-04-18 02:57:12,544] userEmail=keister.e@northeastern.edu, sessionId=479a5866-6f1d-4b3a-9327-68681c5437d3, thread=nioEventLoopGroup-3-6, requestId=a9222ba3-97df-46cd-8132-403b2244ea4f - Retrieved possible application ids for page, picking the appropriate one now
[2023-04-18 02:57:12,554] userEmail=keister.e@northeastern.edu, sessionId=479a5866-6f1d-4b3a-9327-68681c5437d3, thread=nioEventLoopGroup-3-6, requestId=a9222ba3-97df-46cd-8132-403b2244ea4f - Fetched application data for id: 643e06b7baca01394ff0a32a
[2023-04-18 02:57:12,568] userEmail=keister.e@northeastern.edu, sessionId=479a5866-6f1d-4b3a-9327-68681c5437d3, thread=nioEventLoopGroup-3-6, requestId=a9222ba3-97df-46cd-8132-403b2244ea4f - Retrieved Page DTOs from DB ...
[2023-04-18 02:57:12,568] userEmail=keister.e@northeastern.edu, sessionId=479a5866-6f1d-4b3a-9327-68681c5437d3, thread=nioEventLoopGroup-3-6, requestId=a9222ba3-97df-46cd-8132-403b2244ea4f - Populating applicationPagesDTO ...
[2023-04-18 02:57:12,645] userEmail=keister.e@northeastern.edu, sessionId=479a5866-6f1d-4b3a-9327-68681c5437d3, thread=lettuce-epollEventLoop-6-1, requestId=d7ebab64-a694-4731-933c-66ebfa01e7d0 - Going to get all unpublished action collections with params: {applicationId=[643e06b7baca01394ff0a32a]}, branch: null
[2023-04-18 02:57:12,654] userEmail=keister.e@northeastern.edu, sessionId=479a5866-6f1d-4b3a-9327-68681c5437d3, thread=lettuce-epollEventLoop-6-1, requestId=090ec524-0124-4d54-8f58-a6eba12c4406 - Going to get all unpublished JS libs in application: 643e06b7baca01394ff0a32a, on branch: null
[2023-04-18 02:57:12,670] userEmail=keister.e@northeastern.edu, sessionId=479a5866-6f1d-4b3a-9327-68681c5437d3, thread=lettuce-epollEventLoop-6-1, requestId=a84ada66-81da-4ec3-b755-f815ab793d35 - Going to get all actions with params: {applicationId=[643e06b7baca01394ff0a32a]}, branch: null
[2023-04-18 02:57:12,794] userEmail=keister.e@northeastern.edu, sessionId=479a5866-6f1d-4b3a-9327-68681c5437d3, thread=lettuce-epollEventLoop-6-1, requestId=56e990b4-8a6d-48b1-b680-97ee2b77a46d - Going to get all resources from base controller {workspaceId=[643e06b7baca01394ff0a326]}
[2023-04-18 02:57:12,805] userEmail=keister.e@northeastern.edu, sessionId=479a5866-6f1d-4b3a-9327-68681c5437d3, thread=nioEventLoopGroup-3-6, requestId=56e990b4-8a6d-48b1-b680-97ee2b77a46d - Fetching plugins by params: {workspaceId=[643e06b7baca01394ff0a326]} for org: Evan's apps
[2023-04-18 02:57:12,811] userEmail=keister.e@northeastern.edu, sessionId=479a5866-6f1d-4b3a-9327-68681c5437d3, thread=lettuce-epollEventLoop-6-1, requestId=ee29c1d3-2b38-4434-b8bd-fb9e4d2dab2a - Going to get all resources from base controller {workspaceId=[643e06b7baca01394ff0a326]}
[2023-04-18 02:57:13,164] userEmail=keister.e@northeastern.edu, sessionId=479a5866-6f1d-4b3a-9327-68681c5437d3, thread=lettuce-epollEventLoop-6-1, requestId=23275f03-95cc-409b-a64a-a3d4db6c3c33 - Going to get resource from base controller for id: 643e06b7baca01394ff0a326
[2023-04-18 02:59:00,646] userEmail=keister.e@northeastern.edu, sessionId=479a5866-6f1d-4b3a-9327-68681c5437d3, thread=lettuce-epollEventLoop-6-1, requestId=474d4a33-3683-438b-8a20-08a0d163ac09 - Going to get all applications grouped by workspace
[2023-04-18 02:59:00,756] userEmail=keister.e@northeastern.edu, sessionId=479a5866-6f1d-4b3a-9327-68681c5437d3, thread=lettuce-epollEventLoop-6-1, requestId=bf2f82a4-68a0-4caf-8fa1-ad6374158f0e - Going to get version release items
[2023-04-18 02:59:36,504] userEmail=keister.e@northeastern.edu, sessionId=479a5866-6f1d-4b3a-9327-68681c5437d3, thread=boundedElastic-3, requestId=2e2ca8fe-a7f5-4de7-95ad-f0856f93bb82 - boundedElastic-3: Cloning the repo from the remote git@github.com:evankeister/HealthHeroAppsmith.git
[2023-04-18 02:59:38,473] userEmail=keister.e@northeastern.edu, sessionId=479a5866-6f1d-4b3a-9327-68681c5437d3, thread=reactor-http-epoll-6, requestId=2e2ca8fe-a7f5-4de7-95ad-f0856f93bb82 - [0a578f53-1, L:/172.21.0.3:42500 - R:github.com/140.82.113.4:443] The connection observed an error
io.netty.handler.timeout.ReadTimeoutException: null
[2023-04-18 02:59:39,354] userEmail=keister.e@northeastern.edu, sessionId=479a5866-6f1d-4b3a-9327-68681c5437d3, thread=boundedElastic-3, requestId=2e2ca8fe-a7f5-4de7-95ad-f0856f93bb82 - Execute time: JGIT git_clone, appId 643e0798baca01394ff0a331, Time elapsed: 2856ms
[2023-04-18 02:59:39,375] userEmail=keister.e@northeastern.edu, sessionId=479a5866-6f1d-4b3a-9327-68681c5437d3, thread=boundedElastic-4, requestId=2e2ca8fe-a7f5-4de7-95ad-f0856f93bb82 - boundedElastic-4: Switching to the branch master
[2023-04-18 02:59:39,633] userEmail=keister.e@northeastern.edu, sessionId=479a5866-6f1d-4b3a-9327-68681c5437d3, thread=boundedElastic-4, requestId=2e2ca8fe-a7f5-4de7-95ad-f0856f93bb82 - Execute time: FS reconstruct application, Time elapsed: 260ms
[2023-04-18 02:59:40,377] userEmail=keister.e@northeastern.edu, sessionId=479a5866-6f1d-4b3a-9327-68681c5437d3, thread=nioEventLoopGroup-3-3, requestId=2e2ca8fe-a7f5-4de7-95ad-f0856f93bb82 - Execute time: import, Time elapsed: 644ms
[2023-04-18 02:59:40,899] userEmail=keister.e@northeastern.edu, sessionId=479a5866-6f1d-4b3a-9327-68681c5437d3, thread=lettuce-epollEventLoop-6-1, requestId=4a88df05-1819-4948-b86a-87c544a11a6a - Going to fetch applicationPageDTO for applicationId: null, pageId: 643e079bbaca01394ff0a33c, branchName: null, mode: EDIT
[2023-04-18 02:59:40,906] userEmail=keister.e@northeastern.edu, sessionId=479a5866-6f1d-4b3a-9327-68681c5437d3, thread=nioEventLoopGroup-3-3, requestId=4a88df05-1819-4948-b86a-87c544a11a6a - Retrieved possible application ids for page, picking the appropriate one now
[2023-04-18 02:59:40,917] userEmail=keister.e@northeastern.edu, sessionId=479a5866-6f1d-4b3a-9327-68681c5437d3, thread=nioEventLoopGroup-3-3, requestId=4a88df05-1819-4948-b86a-87c544a11a6a - Fetched application data for id: 643e0798baca01394ff0a331
[2023-04-18 02:59:40,943] userEmail=keister.e@northeastern.edu, sessionId=479a5866-6f1d-4b3a-9327-68681c5437d3, thread=nioEventLoopGroup-3-3, requestId=4a88df05-1819-4948-b86a-87c544a11a6a - Retrieved Page DTOs from DB ...
[2023-04-18 02:59:40,943] userEmail=keister.e@northeastern.edu, sessionId=479a5866-6f1d-4b3a-9327-68681c5437d3, thread=nioEventLoopGroup-3-3, requestId=4a88df05-1819-4948-b86a-87c544a11a6a - Populating applicationPagesDTO ...
[2023-04-18 02:59:41,016] userEmail=keister.e@northeastern.edu, sessionId=479a5866-6f1d-4b3a-9327-68681c5437d3, thread=lettuce-epollEventLoop-6-1, requestId=4ed18221-90a6-41ee-8db2-a09655db409d - Going to get all unpublished action collections with params: {applicationId=[643e0798baca01394ff0a331]}, branch: master
[2023-04-18 02:59:41,044] userEmail=keister.e@northeastern.edu, sessionId=479a5866-6f1d-4b3a-9327-68681c5437d3, thread=lettuce-epollEventLoop-6-1, requestId=7d2ba52e-707c-4552-96b5-8f4a9eaf00dd - Going to get all actions with params: {applicationId=[643e0798baca01394ff0a331]}, branch: master
[2023-04-18 02:59:41,061] userEmail=keister.e@northeastern.edu, sessionId=479a5866-6f1d-4b3a-9327-68681c5437d3, thread=lettuce-epollEventLoop-6-1, requestId=ca35a435-a35a-4d92-9554-8eafaf4793ce - Going to get all unpublished JS libs in application: 643e0798baca01394ff0a331, on branch: master
[2023-04-18 02:59:41,275] userEmail=keister.e@northeastern.edu, sessionId=479a5866-6f1d-4b3a-9327-68681c5437d3, thread=lettuce-epollEventLoop-6-1, requestId=d29bfe40-a6b7-4428-a76b-01fbe720fc48 - Going to get all resources from base controller {workspaceId=[643e06b7baca01394ff0a326]}
[2023-04-18 02:59:41,295] userEmail=keister.e@northeastern.edu, sessionId=479a5866-6f1d-4b3a-9327-68681c5437d3, thread=nioEventLoopGroup-3-4, requestId=d29bfe40-a6b7-4428-a76b-01fbe720fc48 - Fetching plugins by params: {workspaceId=[643e06b7baca01394ff0a326]} for org: Evan's apps
[2023-04-18 02:59:41,315] userEmail=keister.e@northeastern.edu, sessionId=479a5866-6f1d-4b3a-9327-68681c5437d3, thread=lettuce-epollEventLoop-6-1, requestId=963f2078-41d6-4db6-8d32-8e39b4cca880 - Going to get all resources from base controller {workspaceId=[643e06b7baca01394ff0a326]}
[2023-04-18 02:59:41,959] userEmail=keister.e@northeastern.edu, sessionId=479a5866-6f1d-4b3a-9327-68681c5437d3, thread=lettuce-epollEventLoop-6-1, requestId=496278ed-fdab-41be-8b26-cfd5b25a31a3 - Going to get resource from base controller for id: 643e06b7baca01394ff0a326
[2023-04-18 02:59:42,011] userEmail=keister.e@northeastern.edu, sessionId=479a5866-6f1d-4b3a-9327-68681c5437d3, thread=lettuce-epollEventLoop-6-1, requestId=f08e3b17-bec1-4d70-a003-eb8cef93a235 - Going to get status for default application 643e0798baca01394ff0a331, branch master
[2023-04-18 02:59:42,770] userEmail=keister.e@northeastern.edu, sessionId=479a5866-6f1d-4b3a-9327-68681c5437d3, thread=boundedElastic-3, requestId=f08e3b17-bec1-4d70-a003-eb8cef93a235 - Execute time: JGIT git_reset, appId 643e0798baca01394ff0a331, Time elapsed: 457ms
[2023-04-18 02:59:42,771] userEmail=keister.e@northeastern.edu, sessionId=479a5866-6f1d-4b3a-9327-68681c5437d3, thread=boundedElastic-5, requestId=f08e3b17-bec1-4d70-a003-eb8cef93a235 - boundedElastic-5: Switching to the branch master
[2023-04-18 02:59:42,986] userEmail=keister.e@northeastern.edu, sessionId=479a5866-6f1d-4b3a-9327-68681c5437d3, thread=boundedElastic-3, requestId=f08e3b17-bec1-4d70-a003-eb8cef93a235 - Execute time: JGIT git_reset, appId 643e0798baca01394ff0a331, Time elapsed: 205ms
[2023-04-18 02:59:43,541] userEmail=keister.e@northeastern.edu, sessionId=479a5866-6f1d-4b3a-9327-68681c5437d3, thread=boundedElastic-3, requestId=f08e3b17-bec1-4d70-a003-eb8cef93a235 - Execute time: FS application save, Time elapsed: 1238ms
[2023-04-18 02:59:44,474] userEmail=keister.e@northeastern.edu, sessionId=479a5866-6f1d-4b3a-9327-68681c5437d3, thread=boundedElastic-5, requestId=f08e3b17-bec1-4d70-a003-eb8cef93a235 - Execute time: JGIT git_fetch, appId 643e0798baca01394ff0a331, Time elapsed: 930ms
[2023-04-18 02:59:44,485] userEmail=keister.e@northeastern.edu, sessionId=479a5866-6f1d-4b3a-9327-68681c5437d3, thread=boundedElastic-3, requestId=f08e3b17-bec1-4d70-a003-eb8cef93a235 - boundedElastic-3: Get status for repo  /appsmith-stacks/git-storage/643e06b7baca01394ff0a326/643e0798baca01394ff0a331/HealthHeroAppsmith, branch master
[2023-04-18 02:59:44,992] userEmail=keister.e@northeastern.edu, sessionId=479a5866-6f1d-4b3a-9327-68681c5437d3, thread=boundedElastic-5, requestId=f08e3b17-bec1-4d70-a003-eb8cef93a235 - Execute time: JGIT git_reset, appId 643e0798baca01394ff0a331, Time elapsed: 295ms
[2023-04-18 02:59:44,992] userEmail=keister.e@northeastern.edu, sessionId=479a5866-6f1d-4b3a-9327-68681c5437d3, thread=boundedElastic-5, requestId=f08e3b17-bec1-4d70-a003-eb8cef93a235 - Execute time: JGIT git_status, appId 643e0798baca01394ff0a331, Time elapsed: 1449ms
[2023-04-18 02:59:45,256] userEmail=keister.e@northeastern.edu, sessionId=479a5866-6f1d-4b3a-9327-68681c5437d3, thread=boundedElastic-4, requestId=f08e3b17-bec1-4d70-a003-eb8cef93a235 - Execute time: JGIT git_reset, appId 643e0798baca01394ff0a331, Time elapsed: 1700ms
[2023-04-18 02:59:45,257] userEmail=keister.e@northeastern.edu, sessionId=479a5866-6f1d-4b3a-9327-68681c5437d3, thread=boundedElastic-5, requestId=f08e3b17-bec1-4d70-a003-eb8cef93a235 - boundedElastic-5: Switching to the branch master
[2023-04-18 02:59:45,542] userEmail=keister.e@northeastern.edu, sessionId=479a5866-6f1d-4b3a-9327-68681c5437d3, thread=boundedElastic-4, requestId=f08e3b17-bec1-4d70-a003-eb8cef93a235 - Execute time: JGIT git_reset, appId 643e0798baca01394ff0a331, Time elapsed: 277ms
[2023-04-18 02:59:45,568] userEmail=keister.e@northeastern.edu, sessionId=479a5866-6f1d-4b3a-9327-68681c5437d3, thread=lettuce-epollEventLoop-6-1, requestId=721a0fc6-b7ee-4ba7-9c8d-4d00c401a370 - Going to get branch list for application 643e0798baca01394ff0a331
[2023-04-18 02:59:45,582] userEmail=keister.e@northeastern.edu, sessionId=479a5866-6f1d-4b3a-9327-68681c5437d3, thread=boundedElastic-4, requestId=721a0fc6-b7ee-4ba7-9c8d-4d00c401a370 - boundedElastic-4: Get branches for the application 643e06b7baca01394ff0a326/643e0798baca01394ff0a331/HealthHeroAppsmith
[2023-04-18 02:59:45,606] userEmail=keister.e@northeastern.edu, sessionId=479a5866-6f1d-4b3a-9327-68681c5437d3, thread=boundedElastic-4, requestId=721a0fc6-b7ee-4ba7-9c8d-4d00c401a370 - Execute time: JGIT git_list_local_branch, appId 643e0798baca01394ff0a331, Time elapsed: 25ms
