Load environment configuration
Waiting for RTS to start ...
{"success":true}RTS started.
SLF4J: Class path contains multiple SLF4J providers.
SLF4J: Found provider [ch.qos.logback.classic.spi.LogbackServiceProvider@6d21714c]
SLF4J: Found provider [org.slf4j.reload4j.Reload4jServiceProvider@108c4c35]
SLF4J: See https://www.slf4j.org/codes.html#multiple_bindings for an explanation.
SLF4J: Actual provider is of type [ch.qos.logback.classic.spi.LogbackServiceProvider@6d21714c]
[2023-04-19 02:04:11,831]  - Starting ServerApplication vv1.9.13 using Java 17.0.6 with PID 1350 (/opt/appsmith/backend/server.jar started by root in /opt/appsmith/backend)
[2023-04-19 02:04:11,835]  - Running with Spring Boot v3.0.1, Spring v6.0.3
[2023-04-19 02:04:11,836]  - The following 1 profile is active: "production"
[2023-04-19 02:04:14,457]  - Multiple Spring Data modules found, entering strict repository configuration mode
[2023-04-19 02:04:14,458]  - Bootstrapping Spring Data Reactive MongoDB repositories in DEFAULT mode.
[2023-04-19 02:04:14,934]  - Finished Spring Data repository scanning in 468 ms. Found 54 Reactive MongoDB repository interfaces.
[2023-04-19 02:04:16,560]  - Bean 'org.springframework.security.config.annotation.method.configuration.ReactiveMethodSecurityConfiguration' of type [org.springframework.security.config.annotation.method.configuration.ReactiveMethodSecurityConfiguration] is not eligible for getting processed by all BeanPostProcessors (for example: not eligible for auto-proxying)
[2023-04-19 02:04:18,383]  - MongoClient with metadata {"driver": {"name": "mongo-java-driver|reactive-streams|spring-boot", "version": "4.8.1"}, "os": {"type": "Linux", "name": "Linux", "architecture": "amd64", "version": "5.15.49-linuxkit"}, "platform": "Java/Eclipse Adoptium/17.0.6+10"} created with settings MongoClientSettings{readPreference=primary, writeConcern=WriteConcern{w=null, wTimeout=null ms, journal=null}, retryWrites=true, retryReads=true, readConcern=ReadConcern{level=null}, credential=MongoCredential{mechanism=null, userName='appsmith', source='appsmith', password=<hidden>, mechanismProperties=<hidden>}, streamFactoryFactory=NettyStreamFactoryFactory{eventLoopGroup=io.netty.channel.nio.NioEventLoopGroup@e4b6f47, socketChannelClass=class io.netty.channel.socket.nio.NioSocketChannel, allocator=PooledByteBufAllocator(directByDefault: true), sslContext=null}, commandListeners=[io.micrometer.core.instrument.binder.mongodb.MongoMetricsCommandListener@1eb2d371], codecRegistry=ProvidersCodecRegistry{codecProviders=[ValueCodecProvider{}, BsonValueCodecProvider{}, DBRefCodecProvider{}, DBObjectCodecProvider{}, DocumentCodecProvider{}, CollectionCodecProvider{}, IterableCodecProvider{}, MapCodecProvider{}, GeoJsonCodecProvider{}, GridFSFileCodecProvider{}, Jsr310CodecProvider{}, JsonObjectCodecProvider{}, BsonCodecProvider{}, EnumCodecProvider{}, com.mongodb.Jep395RecordCodecProvider@763cf5b9]}, clusterSettings={hosts=[localhost:27017], srvServiceName=mongodb, mode=SINGLE, requiredClusterType=UNKNOWN, requiredReplicaSetName='null', serverSelector='null', clusterListeners='[]', serverSelectionTimeout='30000 ms', localThreshold='30000 ms'}, socketSettings=SocketSettings{connectTimeoutMS=10000, readTimeoutMS=0, receiveBufferSize=0, sendBufferSize=0}, heartbeatSocketSettings=SocketSettings{connectTimeoutMS=10000, readTimeoutMS=10000, receiveBufferSize=0, sendBufferSize=0}, connectionPoolSettings=ConnectionPoolSettings{maxSize=100, minSize=0, maxWaitTimeMS=120000, maxConnectionLifeTimeMS=0, maxConnectionIdleTimeMS=0, maintenanceInitialDelayMS=0, maintenanceFrequencyMS=60000, connectionPoolListeners=[io.micrometer.core.instrument.binder.mongodb.MongoMetricsConnectionPoolListener@28fd3dc1], maxConnecting=2}, serverSettings=ServerSettings{heartbeatFrequencyMS=10000, minHeartbeatFrequencyMS=500, serverListeners='[]', serverMonitorListeners='[]'}, sslSettings=SslSettings{enabled=false, invalidHostNameAllowed=false, context=null}, applicationName='null', compressorList=[], uuidRepresentation=JAVA_LEGACY, serverApi=null, autoEncryptionSettings=null, contextProvider=null}
[2023-04-19 02:04:18,541]  - Monitor thread successfully connected to server with description ServerDescription{address=localhost:27017, type=REPLICA_SET_PRIMARY, state=CONNECTED, ok=true, minWireVersion=0, maxWireVersion=13, maxDocumentSize=16777216, logicalSessionTimeoutMinutes=30, roundTripTimeNanos=87238592, setName='mr1', canonicalAddress=localhost:27017, hosts=[localhost:27017], passives=[], arbiters=[], primary='localhost:27017', tagSet=TagSet{[]}, electionId=7fffffff0000000000000006, setVersion=1, topologyVersion=TopologyVersion{processId=643f4c18481bb620513e34d3, counter=6}, lastWriteDate=Wed Apr 19 02:04:14 UTC 2023, lastUpdateTimeNanos=37107366676861}
[2023-04-19 02:04:20,860]  - Enabled plugins: []
[2023-04-19 02:04:20,862]  - Disabled plugins: []
[2023-04-19 02:04:20,867]  - PF4J version 3.8.0 in 'deployment' mode
[2023-04-19 02:04:21,135]  - Plugin 'postgres-plugin@1.0-SNAPSHOT' resolved
[2023-04-19 02:04:21,135]  - Plugin 'saas-plugin@1.0-SNAPSHOT' resolved
[2023-04-19 02:04:21,135]  - Plugin 'snowflake-plugin@1.0-SNAPSHOT' resolved
[2023-04-19 02:04:21,135]  - Plugin 'elasticsearch-plugin@1.0-SNAPSHOT' resolved
[2023-04-19 02:04:21,136]  - Plugin 'mssql-plugin@1.0-SNAPSHOT' resolved
[2023-04-19 02:04:21,136]  - Plugin 'redshift-plugin@1.0-SNAPSHOT' resolved
[2023-04-19 02:04:21,136]  - Plugin 'mongo-plugin@1.0-SNAPSHOT' resolved
[2023-04-19 02:04:21,136]  - Plugin 'google-sheets-plugin@1.0-SNAPSHOT' resolved
[2023-04-19 02:04:21,136]  - Plugin 'js-plugin@1.0-SNAPSHOT' resolved
[2023-04-19 02:04:21,136]  - Plugin 'graphql-plugin@1.0-SNAPSHOT' resolved
[2023-04-19 02:04:21,136]  - Plugin 'smtp-plugin@1.0-SNAPSHOT' resolved
[2023-04-19 02:04:21,136]  - Plugin 'amazons3-plugin@1.0-SNAPSHOT' resolved
[2023-04-19 02:04:21,136]  - Plugin 'mysql-plugin@1.0-SNAPSHOT' resolved
[2023-04-19 02:04:21,136]  - Plugin 'dynamo-plugin@1.0-SNAPSHOT' resolved
[2023-04-19 02:04:21,136]  - Plugin 'arangodb-plugin@1.0-SNAPSHOT' resolved
[2023-04-19 02:04:21,136]  - Plugin 'restapi-plugin@1.0-SNAPSHOT' resolved
[2023-04-19 02:04:21,136]  - Plugin 'redis-plugin@1.0-SNAPSHOT' resolved
[2023-04-19 02:04:21,136]  - Plugin 'firestore-plugin@1.0-SNAPSHOT' resolved
[2023-04-19 02:04:21,137]  - Start plugin 'postgres-plugin@1.0-SNAPSHOT'
[2023-04-19 02:04:21,140]  - Start plugin 'saas-plugin@1.0-SNAPSHOT'
[2023-04-19 02:04:21,141]  - Start plugin 'snowflake-plugin@1.0-SNAPSHOT'
[2023-04-19 02:04:21,149]  - Start plugin 'elasticsearch-plugin@1.0-SNAPSHOT'
[2023-04-19 02:04:21,150]  - Start plugin 'mssql-plugin@1.0-SNAPSHOT'
[2023-04-19 02:04:21,152]  - Start plugin 'redshift-plugin@1.0-SNAPSHOT'
[2023-04-19 02:04:21,154]  - Start plugin 'mongo-plugin@1.0-SNAPSHOT'
[2023-04-19 02:04:21,159]  - Start plugin 'google-sheets-plugin@1.0-SNAPSHOT'
[2023-04-19 02:04:21,211]  - Start plugin 'js-plugin@1.0-SNAPSHOT'
[2023-04-19 02:04:21,213]  - Start plugin 'graphql-plugin@1.0-SNAPSHOT'
[2023-04-19 02:04:21,214]  - Start plugin 'smtp-plugin@1.0-SNAPSHOT'
[2023-04-19 02:04:21,214]  - Start plugin 'amazons3-plugin@1.0-SNAPSHOT'
[2023-04-19 02:04:21,216]  - Start plugin 'mysql-plugin@1.0-SNAPSHOT'
[2023-04-19 02:04:21,218]  - Start plugin 'dynamo-plugin@1.0-SNAPSHOT'
[2023-04-19 02:04:21,222]  - Start plugin 'arangodb-plugin@1.0-SNAPSHOT'
[2023-04-19 02:04:21,223]  - Start plugin 'restapi-plugin@1.0-SNAPSHOT'
[2023-04-19 02:04:21,224]  - Start plugin 'redis-plugin@1.0-SNAPSHOT'
[2023-04-19 02:04:21,225]  - Start plugin 'firestore-plugin@1.0-SNAPSHOT'
[2023-04-19 02:04:23,264]  - MongoClient with metadata {"driver": {"name": "mongo-java-driver|sync|spring-boot", "version": "4.8.1"}, "os": {"type": "Linux", "name": "Linux", "architecture": "amd64", "version": "5.15.49-linuxkit"}, "platform": "Java/Eclipse Adoptium/17.0.6+10"} created with settings MongoClientSettings{readPreference=primary, writeConcern=WriteConcern{w=null, wTimeout=null ms, journal=null}, retryWrites=true, retryReads=true, readConcern=ReadConcern{level=null}, credential=MongoCredential{mechanism=null, userName='appsmith', source='appsmith', password=<hidden>, mechanismProperties=<hidden>}, streamFactoryFactory=NettyStreamFactoryFactory{eventLoopGroup=io.netty.channel.nio.NioEventLoopGroup@2565a7d0, socketChannelClass=class io.netty.channel.socket.nio.NioSocketChannel, allocator=PooledByteBufAllocator(directByDefault: true), sslContext=null}, commandListeners=[io.micrometer.core.instrument.binder.mongodb.MongoMetricsCommandListener@1eb2d371], codecRegistry=ProvidersCodecRegistry{codecProviders=[ValueCodecProvider{}, BsonValueCodecProvider{}, DBRefCodecProvider{}, DBObjectCodecProvider{}, DocumentCodecProvider{}, CollectionCodecProvider{}, IterableCodecProvider{}, MapCodecProvider{}, GeoJsonCodecProvider{}, GridFSFileCodecProvider{}, Jsr310CodecProvider{}, JsonObjectCodecProvider{}, BsonCodecProvider{}, EnumCodecProvider{}, com.mongodb.Jep395RecordCodecProvider@763cf5b9]}, clusterSettings={hosts=[localhost:27017], srvServiceName=mongodb, mode=SINGLE, requiredClusterType=UNKNOWN, requiredReplicaSetName='null', serverSelector='null', clusterListeners='[]', serverSelectionTimeout='30000 ms', localThreshold='30000 ms'}, socketSettings=SocketSettings{connectTimeoutMS=10000, readTimeoutMS=0, receiveBufferSize=0, sendBufferSize=0}, heartbeatSocketSettings=SocketSettings{connectTimeoutMS=10000, readTimeoutMS=10000, receiveBufferSize=0, sendBufferSize=0}, connectionPoolSettings=ConnectionPoolSettings{maxSize=100, minSize=0, maxWaitTimeMS=120000, maxConnectionLifeTimeMS=0, maxConnectionIdleTimeMS=0, maintenanceInitialDelayMS=0, maintenanceFrequencyMS=60000, connectionPoolListeners=[io.micrometer.core.instrument.binder.mongodb.MongoMetricsConnectionPoolListener@28fd3dc1], maxConnecting=2}, serverSettings=ServerSettings{heartbeatFrequencyMS=10000, minHeartbeatFrequencyMS=500, serverListeners='[]', serverMonitorListeners='[]'}, sslSettings=SslSettings{enabled=false, invalidHostNameAllowed=false, context=null}, applicationName='null', compressorList=[], uuidRepresentation=JAVA_LEGACY, serverApi=null, autoEncryptionSettings=null, contextProvider=null}
[2023-04-19 02:04:23,291]  - Monitor thread successfully connected to server with description ServerDescription{address=localhost:27017, type=REPLICA_SET_PRIMARY, state=CONNECTED, ok=true, minWireVersion=0, maxWireVersion=13, maxDocumentSize=16777216, logicalSessionTimeoutMinutes=30, roundTripTimeNanos=30095385, setName='mr1', canonicalAddress=localhost:27017, hosts=[localhost:27017], passives=[], arbiters=[], primary='localhost:27017', tagSet=TagSet{[]}, electionId=7fffffff0000000000000006, setVersion=1, topologyVersion=TopologyVersion{processId=643f4c18481bb620513e34d3, counter=6}, lastWriteDate=Wed Apr 19 02:04:14 UTC 2023, lastUpdateTimeNanos=37112128649440}
[2023-04-19 02:04:23,385]  - Mongock runner COMMUNITY version[5.1.6]
[2023-04-19 02:04:23,385]  - Running Mongock with NO metadata
[2023-04-19 02:04:23,385]  - Property transaction-enabled not provided. It will become true as default in next versions. Set explicit value to false in case transaction are not desired.
[2023-04-19 02:04:23,385]  - Property transaction-enabled not provided and is unknown if driver is transactionable. BY DEFAULT MONGOCK WILL RUN IN NO-TRANSACTION MODE.
[2023-04-19 02:04:23,493]  - Reflections took 69 ms to scan 1 urls, producing 3 keys and 10 values
[2023-04-19 02:04:23,531]  - Reflections took 18 ms to scan 1 urls, producing 3 keys and 10 values
[2023-04-19 02:04:23,857]  - Mongock trying to acquire the lock
[2023-04-19 02:04:23,914]  - Mongock acquired the lock until: Wed Apr 19 02:05:23 UTC 2023
[2023-04-19 02:04:23,917]  - Starting mongock lock daemon...
[2023-04-19 02:04:23,953]  - Mongock starting the data migration sequence id[2023-04-19T02:04:23.382923184-612]...
[2023-04-19 02:04:23,957]  - PASSED OVER - {"id"="initialize-schema-version", "type"="execution", "author"="", "class"="DatabaseChangelog0", "method"="initializeSchemaVersion"}
[2023-04-19 02:04:23,958]  - PASSED OVER - {"id"="initial-plugins", "type"="execution", "author"="", "class"="DatabaseChangelog1", "method"="initialPlugins"}
[2023-04-19 02:04:23,958]  - PASSED OVER - {"id"="remove-org-name-index", "type"="execution", "author"="", "class"="DatabaseChangelog1", "method"="removeOrgNameIndex"}
[2023-04-19 02:04:23,958]  - PASSED OVER - {"id"="initial-indexes", "type"="execution", "author"="", "class"="DatabaseChangelog1", "method"="addInitialIndexes"}
[2023-04-19 02:04:23,958]  - PASSED OVER - {"id"="application-deleted-at", "type"="execution", "author"="", "class"="DatabaseChangelog1", "method"="addApplicationDeletedAtFieldAndIndex"}
[2023-04-19 02:04:23,958]  - PASSED OVER - {"id"="hide-rapidapi-plugin", "type"="execution", "author"="", "class"="DatabaseChangelog1", "method"="hideRapidApiPluginFromCreateDatasource"}
[2023-04-19 02:04:23,959]  - PASSED OVER - {"id"="datasource-deleted-at", "type"="execution", "author"="", "class"="DatabaseChangelog1", "method"="addDatasourceDeletedAtFieldAndIndex"}
[2023-04-19 02:04:23,959]  - PASSED OVER - {"id"="page-deleted-at", "type"="execution", "author"="", "class"="DatabaseChangelog1", "method"="addPageDeletedAtFieldAndIndex"}
[2023-04-19 02:04:23,959]  - PASSED OVER - {"id"="friendly-plugin-names", "type"="execution", "author"="", "class"="DatabaseChangelog1", "method"="setFriendlyPluginNames"}
[2023-04-19 02:04:23,959]  - PASSED OVER - {"id"="add-delete-datasource-perm-existing-groups", "type"="execution", "author"="", "class"="DatabaseChangelog1", "method"="addDeleteDatasourcePermToExistingGroups"}
[2023-04-19 02:04:23,959]  - PASSED OVER - {"id"="install-default-plugins-to-all-organizations", "type"="execution", "author"="", "class"="DatabaseChangelog1", "method"="installDefaultPluginsToAllOrganizations"}
[2023-04-19 02:04:23,959]  - PASSED OVER - {"id"="ensure-datasource-created-and-updated-at-fields", "type"="execution", "author"="", "class"="DatabaseChangelog1", "method"="ensureDatasourceCreatedAndUpdatedAt"}
[2023-04-19 02:04:23,959]  - PASSED OVER - {"id"="add-index-for-sequence-name", "type"="execution", "author"="", "class"="DatabaseChangelog1", "method"="addIndexForSequenceName"}
[2023-04-19 02:04:23,959]  - PASSED OVER - {"id"="set-initial-sequence-for-datasource", "type"="execution", "author"="", "class"="DatabaseChangelog1", "method"="setInitialSequenceForDatasource"}
[2023-04-19 02:04:23,959]  - PASSED OVER - {"id"="set-plugin-image-and-docs-link", "type"="execution", "author"="", "class"="DatabaseChangelog1", "method"="setPluginImageAndDocsLink"}
[2023-04-19 02:04:23,959]  - PASSED OVER - {"id"="fix-double-escapes", "type"="execution", "author"="", "class"="DatabaseChangelog1", "method"="fixDoubleEscapes"}
[2023-04-19 02:04:23,959]  - PASSED OVER - {"id"="encrypt-password", "type"="execution", "author"="", "class"="DatabaseChangelog1", "method"="encryptPassword"}
[2023-04-19 02:04:23,959]  - PASSED OVER - {"id"="install-mysql-plugins", "type"="execution", "author"="", "class"="DatabaseChangelog1", "method"="mysqlPlugin"}
[2023-04-19 02:04:23,959]  - PASSED OVER - {"id"="update-database-documentation-links", "type"="execution", "author"="", "class"="DatabaseChangelog1", "method"="updateDatabaseDocumentationLinks"}
[2023-04-19 02:04:23,959]  - PASSED OVER - {"id"="execute-action-for-read-action", "type"="execution", "author"="", "class"="DatabaseChangelog1", "method"="giveExecutePermissionToReadActionUsers"}
[2023-04-19 02:04:23,960]  - PASSED OVER - {"id"="invite-and-public-permissions", "type"="execution", "author"="", "class"="DatabaseChangelog1", "method"="giveInvitePermissionToOrganizationsAndPublicPermissionsToApplications"}
[2023-04-19 02:04:23,960]  - PASSED OVER - {"id"="generate-unique-id-for-instance", "type"="execution", "author"="", "class"="DatabaseChangelog1", "method"="generateUniqueIdForInstance"}
[2023-04-19 02:04:23,960]  - PASSED OVER - {"id"="fix-password-reset-token-expiration", "type"="execution", "author"="", "class"="DatabaseChangelog1", "method"="fixTokenExpiration"}
[2023-04-19 02:04:23,960]  - PASSED OVER - {"id"="add-elastic-search-plugin", "type"="execution", "author"="", "class"="DatabaseChangelog1", "method"="addElasticSearchPlugin"}
[2023-04-19 02:04:23,960]  - PASSED OVER - {"id"="add-dynamo-plugin", "type"="execution", "author"="", "class"="DatabaseChangelog1", "method"="addDynamoPlugin"}
[2023-04-19 02:04:23,960]  - PASSED OVER - {"id"="use-png-logos", "type"="execution", "author"="", "class"="DatabaseChangelog1", "method"="usePngLogos"}
[2023-04-19 02:04:23,960]  - PASSED OVER - {"id"="add-redis-plugin", "type"="execution", "author"="", "class"="DatabaseChangelog1", "method"="addRedisPlugin"}
[2023-04-19 02:04:23,960]  - PASSED OVER - {"id"="add-msSql-plugin", "type"="execution", "author"="", "class"="DatabaseChangelog1", "method"="addMsSqlPlugin"}
[2023-04-19 02:04:23,960]  - PASSED OVER - {"id"="createNewPageIndexAfterDroppingNewPage", "type"="execution", "author"="", "class"="DatabaseChangelog1", "method"="addNewPageIndexAfterDroppingNewPage"}
[2023-04-19 02:04:23,960]  - PASSED OVER - {"id"="createNewActionIndexAfterDroppingNewAction", "type"="execution", "author"="", "class"="DatabaseChangelog1", "method"="addNewActionIndexAfterDroppingNewAction"}
[2023-04-19 02:04:23,960]  - PASSED OVER - {"id"="migrate-page-and-actions", "type"="execution", "author"="", "class"="DatabaseChangelog1", "method"="migratePage"}
[2023-04-19 02:04:23,960]  - PASSED OVER - {"id"="new-page-new-action-add-indexes", "type"="execution", "author"="", "class"="DatabaseChangelog1", "method"="addNewPageAndNewActionNewIndexes"}
[2023-04-19 02:04:23,960]  - PASSED OVER - {"id"="new-action-add-index-pageId", "type"="execution", "author"="", "class"="DatabaseChangelog1", "method"="addNewActionIndexForPageId"}
[2023-04-19 02:04:23,960]  - PASSED OVER - {"id"="update-action-index-to-single-multiple-indices", "type"="execution", "author"="", "class"="DatabaseChangelog1", "method"="updateActionIndexToSingleMultipleIndices"}
[2023-04-19 02:04:23,960]  - PASSED OVER - {"id"="add-firestore-plugin", "type"="execution", "author"="", "class"="DatabaseChangelog1", "method"="addFirestorePlugin"}
[2023-04-19 02:04:23,960]  - PASSED OVER - {"id"="ensure-app-icons-and-colors", "type"="execution", "author"="", "class"="DatabaseChangelog1", "method"="ensureAppIconsAndColors"}
[2023-04-19 02:04:23,960]  - PASSED OVER - {"id"="update-authentication-type", "type"="execution", "author"="", "class"="DatabaseChangelog1", "method"="updateAuthenticationTypes"}
[2023-04-19 02:04:23,960]  - PASSED OVER - {"id"="add-isSendSessionEnabled-key-for-datasources", "type"="execution", "author"="", "class"="DatabaseChangelog1", "method"="addIsSendSessionEnabledPropertyInDatasources"}
[2023-04-19 02:04:23,960]  - PASSED OVER - {"id"="add-redshift-plugin", "type"="execution", "author"="", "class"="DatabaseChangelog1", "method"="addRedshiftPlugin"}
[2023-04-19 02:04:23,960]  - PASSED OVER - {"id"="clear-userdata-collection", "type"="execution", "author"="", "class"="DatabaseChangelog1", "method"="clearUserDataCollection"}
[2023-04-19 02:04:23,960]  - PASSED OVER - {"id"="update-database-documentation-links-v1-2-1", "type"="execution", "author"="", "class"="DatabaseChangelog1", "method"="updateDatabaseDocumentationLinks_v1_2_1"}
[2023-04-19 02:04:23,961]  - PASSED OVER - {"id"="add-amazons3-plugin", "type"="execution", "author"="", "class"="DatabaseChangelog1", "method"="addAmazonS3Plugin"}
[2023-04-19 02:04:23,961]  - PASSED OVER - {"id"="add-app-viewer-invite-policy", "type"="execution", "author"="", "class"="DatabaseChangelog1", "method"="addAppViewerInvitePolicy"}
[2023-04-19 02:04:23,961]  - PASSED OVER - {"id"="update-plugin-datasource-form-components", "type"="execution", "author"="", "class"="DatabaseChangelog1", "method"="updatePluginDatasourceFormComponents"}
[2023-04-19 02:04:23,961]  - PASSED OVER - {"id"="update-database-encode-params-toggle", "type"="execution", "author"="", "class"="DatabaseChangelog1", "method"="updateEncodeParamsToggle"}
[2023-04-19 02:04:23,961]  - PASSED OVER - {"id"="update-postgres-plugin-preparedStatement-config", "type"="execution", "author"="", "class"="DatabaseChangelog1", "method"="updatePostgresActionsSetPreparedStatementConfiguration"}
[2023-04-19 02:04:23,961]  - PASSED OVER - {"id"="fix-dynamicBindingPathListForActions", "type"="execution", "author"="", "class"="DatabaseChangelog1", "method"="fixDynamicBindingPathListForExistingActions"}
[2023-04-19 02:04:23,961]  - PASSED OVER - {"id"="update-database-action-configuration-timeout", "type"="execution", "author"="", "class"="DatabaseChangelog1", "method"="updateActionConfigurationTimeout"}
[2023-04-19 02:04:23,961]  - PASSED OVER - {"id"="update-s3-datasource-configuration-and-label", "type"="execution", "author"="", "class"="DatabaseChangelog1", "method"="updateS3DatasourceConfigurationAndLabel"}
[2023-04-19 02:04:23,961]  - PASSED OVER - {"id"="change-applayout-type-definition", "type"="execution", "author"="", "class"="DatabaseChangelog1", "method"="changeAppLayoutTypeDefinition"}
[2023-04-19 02:04:23,961]  - PASSED OVER - {"id"="update-mysql-postgres-mongo-ssl-mode", "type"="execution", "author"="", "class"="DatabaseChangelog1", "method"="updateMysqlPostgresMongoSslMode"}
[2023-04-19 02:04:23,961]  - PASSED OVER - {"id"="add-commenting-permissions", "type"="execution", "author"="", "class"="DatabaseChangelog1", "method"="addCommentingPermissions"}
[2023-04-19 02:04:23,961]  - PASSED OVER - {"id"="add-google-sheets-plugin", "type"="execution", "author"="", "class"="DatabaseChangelog1", "method"="addGoogleSheetsPlugin"}
[2023-04-19 02:04:23,961]  - PASSED OVER - {"id"="mark-instance-unregistered", "type"="execution", "author"="", "class"="DatabaseChangelog1", "method"="markInstanceAsUnregistered"}
[2023-04-19 02:04:23,961]  - PASSED OVER - {"id"="create-entry-in-sequence-per-organization-for-datasource", "type"="execution", "author"="", "class"="DatabaseChangelog1", "method"="createEntryInSequencePerOrganizationForDatasource"}
[2023-04-19 02:04:23,961]  - PASSED OVER - {"id"="migrate-smartSubstitution-dataType", "type"="execution", "author"="", "class"="DatabaseChangelog1", "method"="migrateSmartSubstitutionDataTypeBoolean"}
[2023-04-19 02:04:23,961]  - PASSED OVER - {"id"="update-mongo-import-from-srv-field", "type"="execution", "author"="", "class"="DatabaseChangelog1", "method"="updateMongoImportFromSrvField"}
[2023-04-19 02:04:23,962]  - PASSED OVER - {"id"="delete-mongo-datasource-structures", "type"="execution", "author"="", "class"="DatabaseChangelog1", "method"="deleteMongoDatasourceStructures"}
[2023-04-19 02:04:23,962]  - PASSED OVER - {"id"="set-mongo-actions-type-to-raw", "type"="execution", "author"="", "class"="DatabaseChangelog1", "method"="setMongoActionInputToRaw"}
[2023-04-19 02:04:23,962]  - PASSED OVER - {"id"="update-firestore-where-conditions-data", "type"="execution", "author"="", "class"="DatabaseChangelog1", "method"="updateFirestoreWhereConditionsData"}
[2023-04-19 02:04:23,962]  - PASSED OVER - {"id"="add-application-export-permissions", "type"="execution", "author"="", "class"="DatabaseChangelog1", "method"="addApplicationExportPermissions"}
[2023-04-19 02:04:23,962]  - PASSED OVER - {"id"="add-snowflake-plugin", "type"="execution", "author"="", "class"="DatabaseChangelog1", "method"="addSnowflakePlugin"}
[2023-04-19 02:04:23,962]  - PASSED OVER - {"id"="mongo-form-merge-update-commands", "type"="execution", "author"="", "class"="DatabaseChangelog1", "method"="migrateUpdateOneToUpdateManyMongoFormCommand"}
[2023-04-19 02:04:23,962]  - PASSED OVER - {"id"="ensure-user-created-and-updated-at-fields", "type"="execution", "author"="", "class"="DatabaseChangelog1", "method"="ensureUserCreatedAndUpdatedAt"}
[2023-04-19 02:04:23,962]  - PASSED OVER - {"id"="add-and-update-order-for-all-pages", "type"="execution", "author"="", "class"="DatabaseChangelog1", "method"="addOrderToAllPagesOfApplication"}
[2023-04-19 02:04:23,962]  - PASSED OVER - {"id"="mongo-form-migrate-raw", "type"="execution", "author"="", "class"="DatabaseChangelog1", "method"="migrateRawInputTypeToRawCommand"}
[2023-04-19 02:04:23,962]  - PASSED OVER - {"id"="add-arangodb-plugin", "type"="execution", "author"="", "class"="DatabaseChangelog1", "method"="addArangoDBPlugin"}
[2023-04-19 02:04:23,962]  - PASSED OVER - {"id"="set-svg-logo-to-plugins", "type"="execution", "author"="", "class"="DatabaseChangelog1", "method"="setSvgLogoToPluginIcons"}
[2023-04-19 02:04:23,962]  - PASSED OVER - {"id"="remove-order-field-from-application- pages", "type"="execution", "author"="", "class"="DatabaseChangelog1", "method"="removePageOrderFieldFromApplicationPages"}
[2023-04-19 02:04:23,962]  - PASSED OVER - {"id"="create-plugin-reference-for-genarate-CRUD-page", "type"="execution", "author"="", "class"="DatabaseChangelog1", "method"="createPluginReferenceForGenerateCRUDPage"}
[2023-04-19 02:04:23,962]  - PASSED OVER - {"id"="encrypt-certificate", "type"="execution", "author"="", "class"="DatabaseChangelog1", "method"="encryptCertificateAndPassword"}
[2023-04-19 02:04:23,962]  - PASSED OVER - {"id"="create-plugin-reference-for-S3-GSheet-genarate-CRUD-page", "type"="execution", "author"="", "class"="DatabaseChangelog1", "method"="createPluginReferenceForS3AndGSheetGenerateCRUDPage"}
[2023-04-19 02:04:23,962]  - PASSED OVER - {"id"="application-git-metadata", "type"="execution", "author"="", "class"="DatabaseChangelog1", "method"="addApplicationGitMetadataFieldAndIndex"}
[2023-04-19 02:04:23,963]  - PASSED OVER - {"id"="add-js-plugin", "type"="execution", "author"="", "class"="DatabaseChangelog1", "method"="addJSPlugin"}
[2023-04-19 02:04:23,963]  - PASSED OVER - {"id"="update-google-sheet-plugin-smartSubstitution-config", "type"="execution", "author"="", "class"="DatabaseChangelog1", "method"="updateGoogleSheetActionsSetSmartSubstitutionConfiguration"}
[2023-04-19 02:04:23,963]  - PASSED OVER - {"id"="uninstall-mongo-uqi-plugin", "type"="execution", "author"="", "class"="DatabaseChangelog1", "method"="uninstallMongoUqiPluginAndRemoveAllActions"}
[2023-04-19 02:04:23,963]  - PASSED OVER - {"id"="migrate-mongo-to-uqi", "type"="execution", "author"="", "class"="DatabaseChangelog1", "method"="migrateMongoPluginToUqi"}
[2023-04-19 02:04:23,963]  - PASSED OVER - {"id"="migrate-mongo-uqi-dynamicBindingPathList", "type"="execution", "author"="", "class"="DatabaseChangelog1", "method"="migrateMongoPluginDynamicBindingListUqi"}
[2023-04-19 02:04:23,963]  - PASSED OVER - {"id"="update-plugin-package-name-index", "type"="execution", "author"="", "class"="DatabaseChangelog1", "method"="updatePluginPackageNameIndexToPluginNamePackageNameAndVersion"}
[2023-04-19 02:04:23,963]  - PASSED OVER - {"id"="delete-orphan-actions", "type"="execution", "author"="", "class"="DatabaseChangelog1", "method"="deleteOrphanActions"}
[2023-04-19 02:04:23,963]  - PASSED OVER - {"id"="migrate-old-app-color-to-new-colors", "type"="execution", "author"="", "class"="DatabaseChangelog1", "method"="migrateOldAppColorsToNewColors"}
[2023-04-19 02:04:23,963]  - PASSED OVER - {"id"="update-s3-permanent-url-toggle-default-value", "type"="execution", "author"="", "class"="DatabaseChangelog1", "method"="updateS3PermanentUrlToggleDefaultValue"}
[2023-04-19 02:04:23,963]  - PASSED OVER - {"id"="application-git-metadata-index", "type"="execution", "author"="", "class"="DatabaseChangelog1", "method"="updateGitApplicationMetadataIndex"}
[2023-04-19 02:04:23,963]  - PASSED OVER - {"id"="migrate-s3-to-uqi", "type"="execution", "author"="", "class"="DatabaseChangelog1", "method"="migrateS3PluginToUqi"}
[2023-04-19 02:04:23,963]  - PASSED OVER - {"id"="set-slug-to-application-and-page", "type"="execution", "author"="", "class"="DatabaseChangelog1", "method"="setSlugToApplicationAndPage"}
[2023-04-19 02:04:23,963]  - PASSED OVER - {"id"="update-list-widget-trigger-paths", "type"="execution", "author"="", "class"="DatabaseChangelog1", "method"="removeUnusedTriggerPathsListWidget"}
[2023-04-19 02:04:23,963]  - PASSED OVER - {"id"="update-s3-action-configuration-for-type", "type"="execution", "author"="", "class"="DatabaseChangelog1", "method"="updateS3ActionConfigurationBodyForContentTypeSupport"}
[2023-04-19 02:04:23,963]  - PASSED OVER - {"id"="fix-ispublic-is-false-for-public-apps", "type"="execution", "author"="", "class"="DatabaseChangelog1", "method"="fixIsPublicIsSetFalseWhenAppIsPublic"}
[2023-04-19 02:04:23,965]  - PASSED OVER - {"id"="update-js-action-client-side-execution", "type"="execution", "author"="", "class"="DatabaseChangelog1", "method"="updateJsActionsClientSideExecution"}
[2023-04-19 02:04:23,965]  - PASSED OVER - {"id"="add-smtp-plugin", "type"="execution", "author"="", "class"="DatabaseChangelog1", "method"="addSmtpPluginPlugin"}
[2023-04-19 02:04:23,965]  - PASSED OVER - {"id"="update-mockdb-endpoint", "type"="execution", "author"="", "class"="DatabaseChangelog1", "method"="updateMockdbEndpoint"}
[2023-04-19 02:04:23,965]  - PASSED OVER - {"id"="add-google-sheets-plugin-name", "type"="execution", "author"="", "class"="DatabaseChangelog1", "method"="addPluginNameForGoogleSheets"}
[2023-04-19 02:04:23,965]  - PASSED OVER - {"id"="insert-default-resources", "type"="execution", "author"="", "class"="DatabaseChangelog1", "method"="insertDefaultResources"}
[2023-04-19 02:04:23,965]  - PASSED OVER - {"id"="flush-spring-redis-keys", "type"="execution", "author"="", "class"="DatabaseChangelog1", "method"="clearRedisCache"}
[2023-04-19 02:04:23,965]  - PASSED OVER - {"id"="migrate-firestore-to-uqi", "type"="execution", "author"="", "class"="DatabaseChangelog1", "method"="migrateFirestorePluginToUqi"}
[2023-04-19 02:04:23,965]  - PASSED OVER - {"id"="migrate-firestore-to-uqi-2", "type"="execution", "author"="", "class"="DatabaseChangelog1", "method"="migrateFirestorePluginToUqi2"}
[2023-04-19 02:04:23,965]  - PASSED OVER - {"id"="migrate-firestore-pagination-data", "type"="execution", "author"="", "class"="DatabaseChangelog1", "method"="migrateFirestorePaginationData"}
[2023-04-19 02:04:23,965]  - PASSED OVER - {"id"="update-mongodb-mockdb-endpoint", "type"="execution", "author"="", "class"="DatabaseChangelog1", "method"="updateMongoMockdbEndpoint"}
[2023-04-19 02:04:23,965]  - PASSED OVER - {"id"="migrate-firestore-to-uqi-3", "type"="execution", "author"="", "class"="DatabaseChangelog1", "method"="migrateFirestorePluginToUqi3"}
[2023-04-19 02:04:23,965]  - PASSED OVER - {"id"="create-system-themes", "type"="execution", "author"="", "class"="DatabaseChangelog1", "method"="createSystemThemes"}
[2023-04-19 02:04:23,965]  - PASSED OVER - {"id"="add-limit-field-data-to-mongo-aggregate-cmd", "type"="execution", "author"="", "class"="DatabaseChangelog1", "method"="addLimitFieldDataToMongoAggregateCommand"}
[2023-04-19 02:04:23,965]  - PASSED OVER - {"id"="update-index-for-git", "type"="execution", "author"="", "class"="DatabaseChangelog1", "method"="updateGitIndexes"}
[2023-04-19 02:04:23,965]  - PASSED OVER - {"id"="update-mockdb-endpoint-2", "type"="execution", "author"="", "class"="DatabaseChangelog1", "method"="updateMockdbEndpoint2"}
[2023-04-19 02:04:23,966]  - PASSED OVER - {"id"="migrate-from-RSA-SHA1-to-ECDSA-SHA2-protocol-for-key-generation", "type"="execution", "author"="", "class"="DatabaseChangelog1", "method"="migrateFromRSASha1ToECDSASha2Protocol"}
[2023-04-19 02:04:23,966]  - PASSED OVER - {"id"="use-assets-cdn-for-plugin-icons", "type"="execution", "author"="", "class"="DatabaseChangelog1", "method"="useAssetsCDNForPluginIcons"}
[2023-04-19 02:04:23,966]  - PASSED OVER - {"id"="update-index-for-newAction-actionCollection-userData", "type"="execution", "author"="", "class"="DatabaseChangelog1", "method"="updateNewActionActionCollectionAndUserDataIndexes"}
[2023-04-19 02:04:23,966]  - PASSED OVER - {"id"="mark-mssql-crud-unavailable", "type"="execution", "author"="", "class"="DatabaseChangelog1", "method"="markMSSQLCrudUnavailable"}
[2023-04-19 02:04:23,966]  - PASSED OVER - {"id"="update-index-for-newAction-actionCollection", "type"="execution", "author"="", "class"="DatabaseChangelog1", "method"="updateNewActionActionCollectionIndexes"}
[2023-04-19 02:04:23,966]  - PASSED OVER - {"id"="create-system-themes-v2", "type"="execution", "author"="", "class"="DatabaseChangelog1", "method"="createSystemThemes2"}
[2023-04-19 02:04:23,966]  - PASSED OVER - {"id"="set-firestore-smart-substitution-to-false-for-old-cmds", "type"="execution", "author"="", "class"="DatabaseChangelog1", "method"="setFirestoreSmartSubstitutionToFalseForOldCommands"}
[2023-04-19 02:04:23,966]  - PASSED OVER - {"id"="fix-plugin-title-casing", "type"="execution", "author"="", "class"="DatabaseChangelog2", "method"="fixPluginTitleCasing"}
[2023-04-19 02:04:23,966]  - PASSED OVER - {"id"="deprecate-archivedAt-in-action", "type"="execution", "author"="", "class"="DatabaseChangelog2", "method"="deprecateArchivedAtForNewAction"}
[2023-04-19 02:04:23,966]  - PASSED OVER - {"id"="update-form-data-for-uqi-mode", "type"="execution", "author"="", "class"="DatabaseChangelog2", "method"="updateActionFormDataPath"}
[2023-04-19 02:04:23,966]  - PASSED OVER - {"id"="add-isConfigured-flag-for-all-datasources", "type"="execution", "author"="", "class"="DatabaseChangelog2", "method"="updateIsConfiguredFlagForAllTheExistingDatasources"}
[2023-04-19 02:04:23,967]  - PASSED OVER - {"id"="set-application-version", "type"="execution", "author"="", "class"="DatabaseChangelog2", "method"="setDefaultApplicationVersion"}
[2023-04-19 02:04:23,967]  - PASSED OVER - {"id"="delete-orphan-pages", "type"="execution", "author"="", "class"="DatabaseChangelog2", "method"="deleteOrphanPages"}
[2023-04-19 02:04:23,967]  - PASSED OVER - {"id"="update-git-indexes", "type"="execution", "author"="", "class"="DatabaseChangelog2", "method"="addIndexesForGit"}
[2023-04-19 02:04:23,967]  - PASSED OVER - {"id"="update-organization-slugs", "type"="execution", "author"="", "class"="DatabaseChangelog2", "method"="updateOrganizationSlugs"}
[2023-04-19 02:04:23,967]  - PASSED OVER - {"id"="copy-organization-to-workspaces", "type"="execution", "author"="", "class"="DatabaseChangelog2", "method"="copyOrganizationToWorkspaces"}
[2023-04-19 02:04:23,967]  - PASSED OVER - {"id"="add-workspace-indexes", "type"="execution", "author"="", "class"="DatabaseChangelog2", "method"="addWorkspaceIndexes"}
[2023-04-19 02:04:23,967]  - PASSED OVER - {"id"="update-sequence-names-from-organization-to-workspace", "type"="execution", "author"="", "class"="DatabaseChangelog2", "method"="updateSequenceNamesFromOrganizationToWorkspace"}
[2023-04-19 02:04:23,967]  - PASSED OVER - {"id"="add-default-tenant", "type"="execution", "author"="", "class"="DatabaseChangelog2", "method"="addDefaultTenant"}
[2023-04-19 02:04:23,967]  - PASSED OVER - {"id"="add-tenant-to-all-workspaces", "type"="execution", "author"="", "class"="DatabaseChangelog2", "method"="addTenantToWorkspaces"}
[2023-04-19 02:04:23,967]  - PASSED OVER - {"id"="add-tenant-to-all-users-and-flush-redis", "type"="execution", "author"="", "class"="DatabaseChangelog2", "method"="addTenantToUsersAndFlushRedis"}
[2023-04-19 02:04:23,967]  - PASSED OVER - {"id"="migrate-organizationId-to-workspaceId-in-domain-objects", "type"="execution", "author"="", "class"="DatabaseChangelog2", "method"="migrateOrganizationIdToWorkspaceIdInDomainObjects"}
[2023-04-19 02:04:23,967]  - PASSED OVER - {"id"="organization-to-workspace-indexes-recreate", "type"="execution", "author"="", "class"="DatabaseChangelog2", "method"="organizationToWorkspaceIndexesRecreate"}
[2023-04-19 02:04:23,967]  - PASSED OVER - {"id"="migrate-permission-in-user", "type"="execution", "author"="", "class"="DatabaseChangelog2", "method"="migratePermissionsInUser"}
[2023-04-19 02:04:23,967]  - PASSED OVER - {"id"="migrate-permission-in-workspace", "type"="execution", "author"="", "class"="DatabaseChangelog2", "method"="migratePermissionsInWorkspace"}
[2023-04-19 02:04:23,967]  - PASSED OVER - {"id"="migrate-organizationId-to-workspaceId-in-newaction-datasource", "type"="execution", "author"="", "class"="DatabaseChangelog2", "method"="migrateOrganizationIdToWorkspaceIdInNewActionDatasource"}
[2023-04-19 02:04:23,968]  - PASSED OVER - {"id"="migrate-google-sheets-to-uqi", "type"="execution", "author"="", "class"="DatabaseChangelog2", "method"="migrateGoogleSheetsToUqi"}
[2023-04-19 02:04:23,968]  - PASSED OVER - {"id"="flush-spring-redis-keys-2a", "type"="execution", "author"="", "class"="DatabaseChangelog2", "method"="clearRedisCache2"}
[2023-04-19 02:04:23,968]  - PASSED OVER - {"id"="fix-deleted-themes-when-git-branch-deleted", "type"="execution", "author"="", "class"="DatabaseChangelog2", "method"="fixDeletedThemesWhenGitBranchDeleted"}
[2023-04-19 02:04:23,968]  - PASSED OVER - {"id"="add-anonymousUser", "type"="execution", "author"="", "class"="DatabaseChangelog2", "method"="addAnonymousUser"}
[2023-04-19 02:04:23,968]  - PASSED OVER - {"id"="add-default-permission-groups", "type"="execution", "author"="", "class"="DatabaseChangelog2", "method"="addDefaultPermissionGroups"}
[2023-04-19 02:04:23,968]  - PASSED OVER - {"id"="mark-public-apps", "type"="execution", "author"="", "class"="DatabaseChangelog2", "method"="markPublicApps"}
[2023-04-19 02:04:23,968]  - PASSED OVER - {"id"="mark-workspaces-for-inheritance", "type"="execution", "author"="", "class"="DatabaseChangelog2", "method"="markWorkspacesForInheritance"}
[2023-04-19 02:04:23,968]  - PASSED OVER - {"id"="inherit-policies-to-every-child-object", "type"="execution", "author"="", "class"="DatabaseChangelog2", "method"="inheritPoliciesToEveryChildObject"}
[2023-04-19 02:04:23,968]  - PASSED OVER - {"id"="make-applications-public", "type"="execution", "author"="", "class"="DatabaseChangelog2", "method"="makeApplicationsPublic"}
[2023-04-19 02:04:23,968]  - PASSED OVER - {"id"="add-instance-config-object", "type"="execution", "author"="", "class"="DatabaseChangelog2", "method"="addInstanceConfigurationPlaceHolder"}
[2023-04-19 02:04:23,968]  - PASSED OVER - {"id"="add-anonymous-user-permission-group", "type"="execution", "author"="", "class"="DatabaseChangelog2", "method"="addAnonymousUserPermissionGroup"}
[2023-04-19 02:04:24,051]  - method[createSystemThemes3] with arguments: [org.springframework.data.mongodb.core.MongoTemplate]
[2023-04-19 02:04:24,854]  - RE-APPLIED - {"id"="create-system-themes-v3", "type"="execution", "author"="", "class"="DatabaseChangelog2", "method"="createSystemThemes3"}
[2023-04-19 02:04:24,854]  - PASSED OVER - {"id"="update-bad-theme-state", "type"="execution", "author"="", "class"="DatabaseChangelog2", "method"="updateBadThemeState"}
[2023-04-19 02:04:24,854]  - PASSED OVER - {"id"="add-tenant-admin-permissions-instance-admin", "type"="execution", "author"="", "class"="DatabaseChangelog2", "method"="addTenantAdminPermissionsToInstanceAdmin"}
[2023-04-19 02:04:24,854]  - PASSED OVER - {"id"="migrate-public-apps-single-pg", "type"="execution", "author"="", "class"="DatabaseChangelog2", "method"="migratePublicAppsSinglePg"}
[2023-04-19 02:04:24,854]  - PASSED OVER - {"id"="add-graphql-plugin", "type"="execution", "author"="", "class"="DatabaseChangelog2", "method"="addGraphQLPlugin"}
[2023-04-19 02:04:24,854]  - PASSED OVER - {"id"="indices-recommended-by-mongodb-cloud", "type"="execution", "author"="", "class"="DatabaseChangelog2", "method"="addIndicesRecommendedByMongoCloud"}
[2023-04-19 02:04:24,855]  - PASSED OVER - {"id"="install-graphql-plugin-to-remaining-workspaces", "type"="execution", "author"="", "class"="DatabaseChangelog2", "method"="reInstallGraphQLPluginToWorkspaces"}
[2023-04-19 02:04:24,855]  - PASSED OVER - {"id"="delete-rapid-api-plugin-related-items", "type"="execution", "author"="", "class"="DatabaseChangelog2", "method"="deleteRapidApiPluginRelatedItems"}
[2023-04-19 02:04:24,855]  - PASSED OVER - {"id"="add-unique-index-for-uidstring", "type"="execution", "author"="", "class"="DatabaseChangelog2", "method"="addUniqueIndexOnUidString"}
[2023-04-19 02:04:24,855]  - PASSED OVER - {"id"="change-readPermissionGroup-to-readPermissionGroupMembers", "type"="execution", "author"="", "class"="DatabaseChangelog2", "method"="modifyReadPermissionGroupToReadPermissionGroupMembers"}
[2023-04-19 02:04:24,855]  - PASSED OVER - {"id"="remove-preferred-ssl-mode-from-mysql", "type"="execution", "author"="", "class"="DatabaseChangelog2", "method"="changeSSLModeFromPreferredToDefaultForMySQLPlugin"}
[2023-04-19 02:04:24,855]  - PASSED OVER - {"id"="remove-usage-pulses-for-appsmith-cloud", "type"="execution", "author"="", "class"="DatabaseChangelog2", "method"="removeUsagePulsesForAppsmithCloud"}
[2023-04-19 02:04:24,855]  - PASSED OVER - {"id"="delete-permissions-in-permissionGroups", "type"="execution", "author"="", "class"="DatabaseChangelog2", "method"="deletePermissionsInPermissionGroups"}
[2023-04-19 02:04:24,855]  - PASSED OVER - {"id"="add-ssl-mode-settings-for-existing-mssql-datasources", "type"="execution", "author"="", "class"="DatabaseChangelog2", "method"="addSslModeSettingsForExistingMssqlDatasource"}
[2023-04-19 02:04:24,861]  - method[updateSuperUsers] with arguments: [org.springframework.data.mongodb.core.MongoTemplate, com.appsmith.server.repositories.CacheableRepositoryHelper]
[2023-04-19 02:04:24,972]  - RE-APPLIED - {"id"="update-super-users", "type"="execution", "author"="", "class"="DatabaseChangelog2", "method"="updateSuperUsers"}
[2023-04-19 02:04:24,972]  - PASSED OVER - {"id"="create-indices-on-permissions-for-performance", "type"="execution", "author"="", "class"="DatabaseChangelog2", "method"="addPermissionGroupIndex"}
[2023-04-19 02:04:24,977]  - method[com.appsmith.server.migrations.db.ce.Migration003PermissionGroupDefaultWorkspaceIdMigration] with arguments: [org.springframework.data.mongodb.core.MongoTemplate]
[2023-04-19 02:04:24,978]  - PASSED OVER - {"id"="migrate-default-workspace-id-to-default-domain-id", "type"="execution", "author"="default_author", "class"="Migration003PermissionGroupDefaultWorkspaceIdMigration", "method"="defaultWorkspaceIdMigration"}
[2023-04-19 02:04:24,980]  - method[com.appsmith.server.migrations.db.ce.Migration004CreateIndexForApplicationSnapshotMigration] with arguments: [org.springframework.data.mongodb.core.MongoTemplate]
[2023-04-19 02:04:24,980]  - PASSED OVER - {"id"="create-index-for-application-snapshot-collection", "type"="execution", "author"="default_author", "class"="Migration004CreateIndexForApplicationSnapshotMigration", "method"="addIndexOnApplicationIdAndChunkOrder"}
[2023-04-19 02:04:24,982]  - method[com.appsmith.server.migrations.db.ce.Migration004ResetOnPageLoadEdgesInLayouts] with arguments: [org.springframework.data.mongodb.core.MongoTemplate]
[2023-04-19 02:04:24,983]  - PASSED OVER - {"id"="reset-on-page-load-edges-in-layouts", "type"="execution", "author"="default_author", "class"="Migration004ResetOnPageLoadEdgesInLayouts", "method"="executeMigration"}
[2023-04-19 02:04:24,983]  - Mongock releasing the lock
[2023-04-19 02:04:24,983]  - Mongock releasing the lock
[2023-04-19 02:04:24,990]  - Mongock released the lock
[2023-04-19 02:04:24,990]  - Mongock has finished
[2023-04-19 02:04:26,109]  - Exposing 2 endpoint(s) beneath base path '/actuator'
[2023-04-19 02:04:26,605]  - Netty started on port 8080
[2023-04-19 02:04:26,632]  - Started ServerApplication in 16.014 seconds (process running for 17.228)
[2023-04-19 02:04:26,655]  - Triggering registration of this instance...
[2023-04-19 02:04:26,658]  - Performing RTS health check of this instance...
[2023-04-19 02:04:26,687]  - In memory cache miss for anonymous user permission groups. Fetching from DB and adding it to in memory storage.
[2023-04-19 02:04:27,031]  - RTS health check succeeded

 █████╗ ██████╗ ██████╗ ███████╗███╗   ███╗██╗████████╗██╗  ██╗    ██╗███████╗    ██████╗ ██╗   ██╗███╗   ██╗███╗   ██╗██╗███╗   ██╗ ██████╗ ██╗
██╔══██╗██╔══██╗██╔══██╗██╔════╝████╗ ████║██║╚══██╔══╝██║  ██║    ██║██╔════╝    ██╔══██╗██║   ██║████╗  ██║████╗  ██║██║████╗  ██║██╔════╝ ██║
███████║██████╔╝██████╔╝███████╗██╔████╔██║██║   ██║   ███████║    ██║███████╗    ██████╔╝██║   ██║██╔██╗ ██║██╔██╗ ██║██║██╔██╗ ██║██║  ███╗██║
██╔══██║██╔═══╝ ██╔═══╝ ╚════██║██║╚██╔╝██║██║   ██║   ██╔══██║    ██║╚════██║    ██╔══██╗██║   ██║██║╚██╗██║██║╚██╗██║██║██║╚██╗██║██║   ██║╚═╝
██║  ██║██║     ██║     ███████║██║ ╚═╝ ██║██║   ██║   ██║  ██║    ██║███████║    ██║  ██║╚██████╔╝██║ ╚████║██║ ╚████║██║██║ ╚████║╚██████╔╝██╗
╚═╝  ╚═╝╚═╝     ╚═╝     ╚══════╝╚═╝     ╚═╝╚═╝   ╚═╝   ╚═╝  ╚═╝    ╚═╝╚══════╝    ╚═╝  ╚═╝ ╚═════╝ ╚═╝  ╚═══╝╚═╝  ╚═══╝╚═╝╚═╝  ╚═══╝ ╚═════╝ ╚═╝

Please open http://localhost:<port> in your browser to experience Appsmith!

[2023-04-19 02:04:43,854]  - Cancelled mongock lock daemon
[2023-04-19 02:07:09,526] userEmail=keister.e@northeastern.edu, sessionId=2d486691-a6e2-4bd0-ba54-8737b1522957, thread=lettuce-epollEventLoop-6-1, requestId=16c3571f-20a8-4e60-bcf0-c7c1d84da2e5 - Going to get all applications grouped by workspace
[2023-04-19 02:07:09,944] userEmail=keister.e@northeastern.edu, sessionId=2d486691-a6e2-4bd0-ba54-8737b1522957, thread=lettuce-epollEventLoop-6-1, requestId=7ab8d55a-024f-46ac-a43f-e74881dca8a9 - Going to get version release items
[2023-04-19 02:07:16,786] userEmail=keister.e@northeastern.edu, sessionId=2d486691-a6e2-4bd0-ba54-8737b1522957, thread=lettuce-epollEventLoop-6-1, requestId=c4812bf1-db98-48d4-8a92-025ddd97fb7a - Going to fetch applicationPageDTO for applicationId: null, pageId: 643f284afbcecc56f0478b54, branchName: master, mode: EDIT
[2023-04-19 02:07:16,832] userEmail=keister.e@northeastern.edu, sessionId=2d486691-a6e2-4bd0-ba54-8737b1522957, thread=nioEventLoopGroup-3-4, requestId=c4812bf1-db98-48d4-8a92-025ddd97fb7a - Retrieved possible application ids for page, picking the appropriate one now
[2023-04-19 02:07:16,904] userEmail=keister.e@northeastern.edu, sessionId=2d486691-a6e2-4bd0-ba54-8737b1522957, thread=nioEventLoopGroup-3-6, requestId=c4812bf1-db98-48d4-8a92-025ddd97fb7a - Fetched application data for id: 643f2841fbcecc56f0478b4b
[2023-04-19 02:07:16,991] userEmail=keister.e@northeastern.edu, sessionId=2d486691-a6e2-4bd0-ba54-8737b1522957, thread=nioEventLoopGroup-3-4, requestId=c4812bf1-db98-48d4-8a92-025ddd97fb7a - Retrieved Page DTOs from DB ...
[2023-04-19 02:07:16,993] userEmail=keister.e@northeastern.edu, sessionId=2d486691-a6e2-4bd0-ba54-8737b1522957, thread=nioEventLoopGroup-3-4, requestId=c4812bf1-db98-48d4-8a92-025ddd97fb7a - Populating applicationPagesDTO ...
[2023-04-19 02:07:17,113] userEmail=keister.e@northeastern.edu, sessionId=2d486691-a6e2-4bd0-ba54-8737b1522957, thread=lettuce-epollEventLoop-6-1, requestId=3067f77f-3ec2-4f4f-8677-7e16ef7223b4 - Going to get all actions with params: {applicationId=[643f2841fbcecc56f0478b4b]}, branch: master
[2023-04-19 02:07:17,146] userEmail=keister.e@northeastern.edu, sessionId=2d486691-a6e2-4bd0-ba54-8737b1522957, thread=lettuce-epollEventLoop-6-1, requestId=a391e084-8627-4b24-bd78-280c4aa7468c - Going to get all unpublished action collections with params: {applicationId=[643f2841fbcecc56f0478b4b]}, branch: master
[2023-04-19 02:07:17,195] userEmail=keister.e@northeastern.edu, sessionId=2d486691-a6e2-4bd0-ba54-8737b1522957, thread=lettuce-epollEventLoop-6-1, requestId=81f5d7a3-d7d0-424e-9cdd-f1e9d0f4376d - Going to get all unpublished JS libs in application: 643f2841fbcecc56f0478b4b, on branch: master
[2023-04-19 02:07:17,740] userEmail=keister.e@northeastern.edu, sessionId=2d486691-a6e2-4bd0-ba54-8737b1522957, thread=lettuce-epollEventLoop-6-1, requestId=b9c0ef27-0881-4ae5-b5b8-c66e12f8bdea - Going to get all resources from base controller {workspaceId=[643ebbc9180a343b72610026]}
[2023-04-19 02:07:17,821] userEmail=keister.e@northeastern.edu, sessionId=2d486691-a6e2-4bd0-ba54-8737b1522957, thread=lettuce-epollEventLoop-6-1, requestId=8eaf69d7-ea4c-46fa-884f-faa0f9ab54e7 - Going to get all resources from base controller {workspaceId=[643ebbc9180a343b72610026]}
[2023-04-19 02:07:17,856] userEmail=keister.e@northeastern.edu, sessionId=2d486691-a6e2-4bd0-ba54-8737b1522957, thread=nioEventLoopGroup-3-6, requestId=8eaf69d7-ea4c-46fa-884f-faa0f9ab54e7 - Fetching plugins by params: {workspaceId=[643ebbc9180a343b72610026]} for org: Evan's apps
[2023-04-19 02:07:17,873] userEmail=keister.e@northeastern.edu, sessionId=2d486691-a6e2-4bd0-ba54-8737b1522957, thread=nioEventLoopGroup-3-4, requestId=8eaf69d7-ea4c-46fa-884f-faa0f9ab54e7 - Error loading templates metadata in plugin restapi-plugin
[2023-04-19 02:07:17,894] userEmail=keister.e@northeastern.edu, sessionId=2d486691-a6e2-4bd0-ba54-8737b1522957, thread=nioEventLoopGroup-3-6, requestId=8eaf69d7-ea4c-46fa-884f-faa0f9ab54e7 - Error loading templates metadata in plugin elasticsearch-plugin
[2023-04-19 02:07:17,899] userEmail=keister.e@northeastern.edu, sessionId=2d486691-a6e2-4bd0-ba54-8737b1522957, thread=nioEventLoopGroup-3-6, requestId=8eaf69d7-ea4c-46fa-884f-faa0f9ab54e7 - Error loading templates metadata in plugin dynamo-plugin
[2023-04-19 02:07:17,910] userEmail=keister.e@northeastern.edu, sessionId=2d486691-a6e2-4bd0-ba54-8737b1522957, thread=nioEventLoopGroup-3-6, requestId=8eaf69d7-ea4c-46fa-884f-faa0f9ab54e7 - Error loading templates metadata in plugin redis-plugin
[2023-04-19 02:07:17,931] userEmail=keister.e@northeastern.edu, sessionId=2d486691-a6e2-4bd0-ba54-8737b1522957, thread=nioEventLoopGroup-3-4, requestId=8eaf69d7-ea4c-46fa-884f-faa0f9ab54e7 - Error loading templates metadata in plugin firestore-plugin
[2023-04-19 02:07:17,935] userEmail=keister.e@northeastern.edu, sessionId=2d486691-a6e2-4bd0-ba54-8737b1522957, thread=nioEventLoopGroup-3-4, requestId=8eaf69d7-ea4c-46fa-884f-faa0f9ab54e7 - Error loading templates metadata in plugin redshift-plugin
[2023-04-19 02:07:17,942] userEmail=keister.e@northeastern.edu, sessionId=2d486691-a6e2-4bd0-ba54-8737b1522957, thread=nioEventLoopGroup-3-4, requestId=8eaf69d7-ea4c-46fa-884f-faa0f9ab54e7 - Error loading templates metadata in plugin amazons3-plugin
[2023-04-19 02:07:17,945] userEmail=keister.e@northeastern.edu, sessionId=2d486691-a6e2-4bd0-ba54-8737b1522957, thread=nioEventLoopGroup-3-4, requestId=8eaf69d7-ea4c-46fa-884f-faa0f9ab54e7 - Error loading templates metadata in plugin google-sheets-plugin
[2023-04-19 02:07:17,972] userEmail=keister.e@northeastern.edu, sessionId=2d486691-a6e2-4bd0-ba54-8737b1522957, thread=nioEventLoopGroup-3-3, requestId=8eaf69d7-ea4c-46fa-884f-faa0f9ab54e7 - Error loading templates metadata in plugin js-plugin
[2023-04-19 02:07:17,974] userEmail=keister.e@northeastern.edu, sessionId=2d486691-a6e2-4bd0-ba54-8737b1522957, thread=nioEventLoopGroup-3-3, requestId=8eaf69d7-ea4c-46fa-884f-faa0f9ab54e7 - Error loading templates metadata in plugin smtp-plugin
[2023-04-19 02:07:17,985] userEmail=keister.e@northeastern.edu, sessionId=2d486691-a6e2-4bd0-ba54-8737b1522957, thread=nioEventLoopGroup-3-3, requestId=8eaf69d7-ea4c-46fa-884f-faa0f9ab54e7 - Error loading templates metadata in plugin graphql-plugin
[2023-04-19 02:07:17,988] userEmail=keister.e@northeastern.edu, sessionId=2d486691-a6e2-4bd0-ba54-8737b1522957, thread=nioEventLoopGroup-3-3, requestId=8eaf69d7-ea4c-46fa-884f-faa0f9ab54e7 - Error loading templates metadata in plugin saas-plugin
[2023-04-19 02:07:17,998] userEmail=keister.e@northeastern.edu, sessionId=2d486691-a6e2-4bd0-ba54-8737b1522957, thread=nioEventLoopGroup-3-3, requestId=8eaf69d7-ea4c-46fa-884f-faa0f9ab54e7 - Error loading templates metadata in plugin saas-plugin
[2023-04-19 02:07:18,006] userEmail=keister.e@northeastern.edu, sessionId=2d486691-a6e2-4bd0-ba54-8737b1522957, thread=nioEventLoopGroup-3-3, requestId=8eaf69d7-ea4c-46fa-884f-faa0f9ab54e7 - Error loading templates metadata in plugin saas-plugin
[2023-04-19 02:07:18,495] userEmail=keister.e@northeastern.edu, sessionId=2d486691-a6e2-4bd0-ba54-8737b1522957, thread=lettuce-epollEventLoop-6-1, requestId=b173976c-a468-4fd5-b5f9-0bcfe67880e1 - Going to get resource from base controller for id: 643ebbc9180a343b72610026
[2023-04-19 02:07:18,543] userEmail=keister.e@northeastern.edu, sessionId=2d486691-a6e2-4bd0-ba54-8737b1522957, thread=lettuce-epollEventLoop-6-1, requestId=18fafb06-ed7f-4616-a990-75b8a66c6c43 - Going to get status for default application 643f2841fbcecc56f0478b4b, branch master
[2023-04-19 02:07:24,063] userEmail=keister.e@northeastern.edu, sessionId=2d486691-a6e2-4bd0-ba54-8737b1522957, thread=boundedElastic-1, requestId=18fafb06-ed7f-4616-a990-75b8a66c6c43 - Execute time: JGIT git_reset, appId 643f2841fbcecc56f0478b4b, Time elapsed: 1827ms
[2023-04-19 02:07:24,073] userEmail=keister.e@northeastern.edu, sessionId=2d486691-a6e2-4bd0-ba54-8737b1522957, thread=boundedElastic-3, requestId=18fafb06-ed7f-4616-a990-75b8a66c6c43 - boundedElastic-3: Switching to the branch master
[2023-04-19 02:07:24,750] userEmail=keister.e@northeastern.edu, sessionId=2d486691-a6e2-4bd0-ba54-8737b1522957, thread=boundedElastic-1, requestId=18fafb06-ed7f-4616-a990-75b8a66c6c43 - Execute time: JGIT git_reset, appId 643f2841fbcecc56f0478b4b, Time elapsed: 654ms
[2023-04-19 02:07:25,749] userEmail=keister.e@northeastern.edu, sessionId=2d486691-a6e2-4bd0-ba54-8737b1522957, thread=boundedElastic-1, requestId=18fafb06-ed7f-4616-a990-75b8a66c6c43 - Execute time: FS application save, Time elapsed: 6695ms
[2023-04-19 02:07:27,103] userEmail=keister.e@northeastern.edu, sessionId=2d486691-a6e2-4bd0-ba54-8737b1522957, thread=boundedElastic-3, requestId=18fafb06-ed7f-4616-a990-75b8a66c6c43 - Execute time: JGIT git_fetch, appId 643f2841fbcecc56f0478b4b, Time elapsed: 1351ms
[2023-04-19 02:07:27,116] userEmail=keister.e@northeastern.edu, sessionId=2d486691-a6e2-4bd0-ba54-8737b1522957, thread=boundedElastic-1, requestId=18fafb06-ed7f-4616-a990-75b8a66c6c43 - boundedElastic-1: Get status for repo  /appsmith-stacks/git-storage/643ebbc9180a343b72610026/643f2841fbcecc56f0478b4b/HealthHeroAppsmith, branch master
[2023-04-19 02:07:27,635] userEmail=keister.e@northeastern.edu, sessionId=2d486691-a6e2-4bd0-ba54-8737b1522957, thread=boundedElastic-1, requestId=18fafb06-ed7f-4616-a990-75b8a66c6c43 - Execute time: JGIT git_status, appId 643f2841fbcecc56f0478b4b, Time elapsed: 1883ms
[2023-04-19 02:07:28,358] userEmail=keister.e@northeastern.edu, sessionId=2d486691-a6e2-4bd0-ba54-8737b1522957, thread=boundedElastic-3, requestId=18fafb06-ed7f-4616-a990-75b8a66c6c43 - Execute time: JGIT git_reset, appId 643f2841fbcecc56f0478b4b, Time elapsed: 2587ms
[2023-04-19 02:07:28,358] userEmail=keister.e@northeastern.edu, sessionId=2d486691-a6e2-4bd0-ba54-8737b1522957, thread=boundedElastic-1, requestId=18fafb06-ed7f-4616-a990-75b8a66c6c43 - boundedElastic-1: Switching to the branch master
[2023-04-19 02:07:28,919] userEmail=keister.e@northeastern.edu, sessionId=2d486691-a6e2-4bd0-ba54-8737b1522957, thread=boundedElastic-3, requestId=18fafb06-ed7f-4616-a990-75b8a66c6c43 - Execute time: JGIT git_reset, appId 643f2841fbcecc56f0478b4b, Time elapsed: 547ms
[2023-04-19 02:07:28,963] userEmail=keister.e@northeastern.edu, sessionId=2d486691-a6e2-4bd0-ba54-8737b1522957, thread=lettuce-epollEventLoop-6-1, requestId=dd7dcb6d-8688-4671-857d-7618e8b7195e - Going to get branch list for application 643f2841fbcecc56f0478b4b
[2023-04-19 02:07:28,986] userEmail=keister.e@northeastern.edu, sessionId=2d486691-a6e2-4bd0-ba54-8737b1522957, thread=boundedElastic-3, requestId=dd7dcb6d-8688-4671-857d-7618e8b7195e - boundedElastic-3: Get branches for the application 643ebbc9180a343b72610026/643f2841fbcecc56f0478b4b/HealthHeroAppsmith
[2023-04-19 02:07:29,012] userEmail=keister.e@northeastern.edu, sessionId=2d486691-a6e2-4bd0-ba54-8737b1522957, thread=boundedElastic-3, requestId=dd7dcb6d-8688-4671-857d-7618e8b7195e - Execute time: JGIT git_list_local_branch, appId 643f2841fbcecc56f0478b4b, Time elapsed: 27ms
[2023-04-19 02:07:29,192] userEmail=keister.e@northeastern.edu, sessionId=2d486691-a6e2-4bd0-ba54-8737b1522957, thread=lettuce-epollEventLoop-6-1, requestId=cddb45e0-eae2-4b3e-8ff2-a79299d7f49a - Going to get status for default application 643f2841fbcecc56f0478b4b, branch master
[2023-04-19 02:07:30,241] userEmail=keister.e@northeastern.edu, sessionId=2d486691-a6e2-4bd0-ba54-8737b1522957, thread=boundedElastic-1, requestId=cddb45e0-eae2-4b3e-8ff2-a79299d7f49a - Execute time: JGIT git_reset, appId 643f2841fbcecc56f0478b4b, Time elapsed: 630ms
[2023-04-19 02:07:30,242] userEmail=keister.e@northeastern.edu, sessionId=2d486691-a6e2-4bd0-ba54-8737b1522957, thread=boundedElastic-2, requestId=cddb45e0-eae2-4b3e-8ff2-a79299d7f49a - boundedElastic-2: Switching to the branch master
[2023-04-19 02:07:30,822] userEmail=keister.e@northeastern.edu, sessionId=2d486691-a6e2-4bd0-ba54-8737b1522957, thread=boundedElastic-1, requestId=cddb45e0-eae2-4b3e-8ff2-a79299d7f49a - Execute time: JGIT git_reset, appId 643f2841fbcecc56f0478b4b, Time elapsed: 557ms
[2023-04-19 02:07:31,879] userEmail=keister.e@northeastern.edu, sessionId=2d486691-a6e2-4bd0-ba54-8737b1522957, thread=boundedElastic-1, requestId=cddb45e0-eae2-4b3e-8ff2-a79299d7f49a - Execute time: FS application save, Time elapsed: 2279ms
[2023-04-19 02:07:33,084] userEmail=keister.e@northeastern.edu, sessionId=2d486691-a6e2-4bd0-ba54-8737b1522957, thread=lettuce-epollEventLoop-6-1, requestId=e301c5e6-2d52-4d7a-a7d2-97c16a3b535e - Going to fetch applicationPageDTO for applicationId: null, pageId: 643f284afbcecc56f0478b54, branchName: master, mode: PUBLISHED
[2023-04-19 02:07:33,117] userEmail=keister.e@northeastern.edu, sessionId=2d486691-a6e2-4bd0-ba54-8737b1522957, thread=nioEventLoopGroup-3-6, requestId=e301c5e6-2d52-4d7a-a7d2-97c16a3b535e - Retrieved possible application ids for page, picking the appropriate one now
[2023-04-19 02:07:33,171] userEmail=keister.e@northeastern.edu, sessionId=2d486691-a6e2-4bd0-ba54-8737b1522957, thread=nioEventLoopGroup-3-6, requestId=e301c5e6-2d52-4d7a-a7d2-97c16a3b535e - Fetched application data for id: 643f2841fbcecc56f0478b4b
[2023-04-19 02:07:33,255] userEmail=keister.e@northeastern.edu, sessionId=2d486691-a6e2-4bd0-ba54-8737b1522957, thread=nioEventLoopGroup-3-6, requestId=e301c5e6-2d52-4d7a-a7d2-97c16a3b535e - Retrieved Page DTOs from DB ...
[2023-04-19 02:07:33,256] userEmail=keister.e@northeastern.edu, sessionId=2d486691-a6e2-4bd0-ba54-8737b1522957, thread=nioEventLoopGroup-3-6, requestId=e301c5e6-2d52-4d7a-a7d2-97c16a3b535e - Populating applicationPagesDTO ...
[2023-04-19 02:07:33,356] userEmail=keister.e@northeastern.edu, sessionId=2d486691-a6e2-4bd0-ba54-8737b1522957, thread=boundedElastic-2, requestId=cddb45e0-eae2-4b3e-8ff2-a79299d7f49a - Execute time: JGIT git_fetch, appId 643f2841fbcecc56f0478b4b, Time elapsed: 1474ms
[2023-04-19 02:07:33,372] userEmail=keister.e@northeastern.edu, sessionId=2d486691-a6e2-4bd0-ba54-8737b1522957, thread=boundedElastic-1, requestId=cddb45e0-eae2-4b3e-8ff2-a79299d7f49a - boundedElastic-1: Get status for repo  /appsmith-stacks/git-storage/643ebbc9180a343b72610026/643f2841fbcecc56f0478b4b/HealthHeroAppsmith, branch master
[2023-04-19 02:07:33,417] userEmail=keister.e@northeastern.edu, sessionId=2d486691-a6e2-4bd0-ba54-8737b1522957, thread=lettuce-epollEventLoop-6-1, requestId=1a6a9290-a4a5-4a86-b884-b8e5db3cf396 - Going to get all published action collections with application Id: 643f2841fbcecc56f0478b4b, branch: master
[2023-04-19 02:07:33,570] userEmail=keister.e@northeastern.edu, sessionId=2d486691-a6e2-4bd0-ba54-8737b1522957, thread=lettuce-epollEventLoop-6-1, requestId=7474f6f9-5e62-4b82-8919-4db1a1c059ee - Going to get all published JS libs in application: 643f2841fbcecc56f0478b4b, on branch: master
[2023-04-19 02:07:34,303] userEmail=keister.e@northeastern.edu, sessionId=2d486691-a6e2-4bd0-ba54-8737b1522957, thread=boundedElastic-1, requestId=cddb45e0-eae2-4b3e-8ff2-a79299d7f49a - Execute time: JGIT git_status, appId 643f2841fbcecc56f0478b4b, Time elapsed: 2421ms
[2023-04-19 02:07:34,897] userEmail=keister.e@northeastern.edu, sessionId=2d486691-a6e2-4bd0-ba54-8737b1522957, thread=boundedElastic-2, requestId=cddb45e0-eae2-4b3e-8ff2-a79299d7f49a - Execute time: JGIT git_reset, appId 643f2841fbcecc56f0478b4b, Time elapsed: 2965ms
[2023-04-19 02:07:34,898] userEmail=keister.e@northeastern.edu, sessionId=2d486691-a6e2-4bd0-ba54-8737b1522957, thread=boundedElastic-1, requestId=cddb45e0-eae2-4b3e-8ff2-a79299d7f49a - boundedElastic-1: Switching to the branch master
[2023-04-19 02:07:35,326] userEmail=keister.e@northeastern.edu, sessionId=2d486691-a6e2-4bd0-ba54-8737b1522957, thread=boundedElastic-2, requestId=cddb45e0-eae2-4b3e-8ff2-a79299d7f49a - Execute time: JGIT git_reset, appId 643f2841fbcecc56f0478b4b, Time elapsed: 414ms
[2023-04-19 02:14:27,771] userEmail=keister.e@northeastern.edu, sessionId=2d486691-a6e2-4bd0-ba54-8737b1522957, thread=nioEventLoopGroup-3-5, requestId=7b3a3958-237d-483f-baa2-e7fff848430f - [nioEventLoopGroup-3-5]Execute Action called in Page 643f284afbcecc56f0478b57, for action id : 643f4301fbcecc56f0478b85  action name : doctornames_api
[2023-04-19 02:14:27,783] userEmail=keister.e@northeastern.edu, sessionId=2d486691-a6e2-4bd0-ba54-8737b1522957, thread=nioEventLoopGroup-3-5, requestId=7b3a3958-237d-483f-baa2-e7fff848430f - This is a dry run or an embedded datasource. The datasource context would not exist in this scenario
[2023-04-19 02:14:27,783] userEmail=keister.e@northeastern.edu, sessionId=2d486691-a6e2-4bd0-ba54-8737b1522957, thread=nioEventLoopGroup-3-5, requestId=7b3a3958-237d-483f-baa2-e7fff848430f - Datasource context doesn't exist. Creating connection.
[2023-04-19 02:14:28,066] userEmail=keister.e@northeastern.edu, sessionId=2d486691-a6e2-4bd0-ba54-8737b1522957, thread=reactor-http-epoll-5, requestId=7b3a3958-237d-483f-baa2-e7fff848430f - reactor-http-epoll-5: Action doctornames_api with id 643f4301fbcecc56f0478b85 execution time : 286 ms
