Load environment configuration
Waiting for RTS to start ...
{"success":true}RTS started.
SLF4J: Class path contains multiple SLF4J providers.
SLF4J: Found provider [ch.qos.logback.classic.spi.LogbackServiceProvider@6d21714c]
SLF4J: Found provider [org.slf4j.reload4j.Reload4jServiceProvider@108c4c35]
SLF4J: See https://www.slf4j.org/codes.html#multiple_bindings for an explanation.
SLF4J: Actual provider is of type [ch.qos.logback.classic.spi.LogbackServiceProvider@6d21714c]
[2023-04-16 21:15:12,716]  - Starting ServerApplication vv1.9.15 using Java 17.0.6 with PID 1584 (/opt/appsmith/backend/server.jar started by root in /opt/appsmith/backend)
[2023-04-16 21:15:12,717]  - Running with Spring Boot v3.0.1, Spring v6.0.3
[2023-04-16 21:15:12,717]  - The following 1 profile is active: "production"
[2023-04-16 21:15:13,774]  - Multiple Spring Data modules found, entering strict repository configuration mode
[2023-04-16 21:15:13,774]  - Bootstrapping Spring Data Reactive MongoDB repositories in DEFAULT mode.
[2023-04-16 21:15:13,956]  - Finished Spring Data repository scanning in 178 ms. Found 54 Reactive MongoDB repository interfaces.
[2023-04-16 21:15:14,504]  - Bean 'org.springframework.security.config.annotation.method.configuration.ReactiveMethodSecurityConfiguration' of type [org.springframework.security.config.annotation.method.configuration.ReactiveMethodSecurityConfiguration] is not eligible for getting processed by all BeanPostProcessors (for example: not eligible for auto-proxying)
[2023-04-16 21:15:14,904]  - MongoClient with metadata {"driver": {"name": "mongo-java-driver|reactive-streams|spring-boot", "version": "4.8.1"}, "os": {"type": "Linux", "name": "Linux", "architecture": "aarch64", "version": "5.15.49-linuxkit"}, "platform": "Java/Eclipse Adoptium/17.0.6+10"} created with settings MongoClientSettings{readPreference=primary, writeConcern=WriteConcern{w=null, wTimeout=null ms, journal=null}, retryWrites=true, retryReads=true, readConcern=ReadConcern{level=null}, credential=MongoCredential{mechanism=null, userName='appsmith', source='appsmith', password=<hidden>, mechanismProperties=<hidden>}, streamFactoryFactory=NettyStreamFactoryFactory{eventLoopGroup=io.netty.channel.nio.NioEventLoopGroup@2d6aca33, socketChannelClass=class io.netty.channel.socket.nio.NioSocketChannel, allocator=PooledByteBufAllocator(directByDefault: true), sslContext=null}, commandListeners=[io.micrometer.core.instrument.binder.mongodb.MongoMetricsCommandListener@d0ec63], codecRegistry=ProvidersCodecRegistry{codecProviders=[ValueCodecProvider{}, BsonValueCodecProvider{}, DBRefCodecProvider{}, DBObjectCodecProvider{}, DocumentCodecProvider{}, CollectionCodecProvider{}, IterableCodecProvider{}, MapCodecProvider{}, GeoJsonCodecProvider{}, GridFSFileCodecProvider{}, Jsr310CodecProvider{}, JsonObjectCodecProvider{}, BsonCodecProvider{}, EnumCodecProvider{}, com.mongodb.Jep395RecordCodecProvider@21ab988f]}, clusterSettings={hosts=[localhost:27017], srvServiceName=mongodb, mode=SINGLE, requiredClusterType=UNKNOWN, requiredReplicaSetName='null', serverSelector='null', clusterListeners='[]', serverSelectionTimeout='30000 ms', localThreshold='30000 ms'}, socketSettings=SocketSettings{connectTimeoutMS=10000, readTimeoutMS=0, receiveBufferSize=0, sendBufferSize=0}, heartbeatSocketSettings=SocketSettings{connectTimeoutMS=10000, readTimeoutMS=10000, receiveBufferSize=0, sendBufferSize=0}, connectionPoolSettings=ConnectionPoolSettings{maxSize=100, minSize=0, maxWaitTimeMS=120000, maxConnectionLifeTimeMS=0, maxConnectionIdleTimeMS=0, maintenanceInitialDelayMS=0, maintenanceFrequencyMS=60000, connectionPoolListeners=[io.micrometer.core.instrument.binder.mongodb.MongoMetricsConnectionPoolListener@4351171a], maxConnecting=2}, serverSettings=ServerSettings{heartbeatFrequencyMS=10000, minHeartbeatFrequencyMS=500, serverListeners='[]', serverMonitorListeners='[]'}, sslSettings=SslSettings{enabled=false, invalidHostNameAllowed=false, context=null}, applicationName='null', compressorList=[], uuidRepresentation=JAVA_LEGACY, serverApi=null, autoEncryptionSettings=null, contextProvider=null}
[2023-04-16 21:15:14,993]  - Monitor thread successfully connected to server with description ServerDescription{address=localhost:27017, type=REPLICA_SET_PRIMARY, state=CONNECTED, ok=true, minWireVersion=0, maxWireVersion=13, maxDocumentSize=16777216, logicalSessionTimeoutMinutes=30, roundTripTimeNanos=53338583, setName='mr1', canonicalAddress=localhost:27017, hosts=[localhost:27017], passives=[], arbiters=[], primary='localhost:27017', tagSet=TagSet{[]}, electionId=7fffffff0000000000000002, setVersion=1, topologyVersion=TopologyVersion{processId=643c655ea7f839ab31912ab7, counter=6}, lastWriteDate=Sun Apr 16 21:15:14 UTC 2023, lastUpdateTimeNanos=4963654121470}
[2023-04-16 21:15:16,387]  - Enabled plugins: []
[2023-04-16 21:15:16,388]  - Disabled plugins: []
[2023-04-16 21:15:16,390]  - PF4J version 3.8.0 in 'deployment' mode
[2023-04-16 21:15:16,482]  - Plugin 'postgres-plugin@1.0-SNAPSHOT' resolved
[2023-04-16 21:15:16,483]  - Plugin 'saas-plugin@1.0-SNAPSHOT' resolved
[2023-04-16 21:15:16,483]  - Plugin 'snowflake-plugin@1.0-SNAPSHOT' resolved
[2023-04-16 21:15:16,483]  - Plugin 'elasticsearch-plugin@1.0-SNAPSHOT' resolved
[2023-04-16 21:15:16,483]  - Plugin 'mssql-plugin@1.0-SNAPSHOT' resolved
[2023-04-16 21:15:16,483]  - Plugin 'redshift-plugin@1.0-SNAPSHOT' resolved
[2023-04-16 21:15:16,483]  - Plugin 'google-sheets-plugin@1.0-SNAPSHOT' resolved
[2023-04-16 21:15:16,483]  - Plugin 'mongo-plugin@1.0-SNAPSHOT' resolved
[2023-04-16 21:15:16,483]  - Plugin 'graphql-plugin@1.0-SNAPSHOT' resolved
[2023-04-16 21:15:16,483]  - Plugin 'js-plugin@1.0-SNAPSHOT' resolved
[2023-04-16 21:15:16,483]  - Plugin 'oracle-plugin@1.0-SNAPSHOT' resolved
[2023-04-16 21:15:16,483]  - Plugin 'smtp-plugin@1.0-SNAPSHOT' resolved
[2023-04-16 21:15:16,483]  - Plugin 'amazons3-plugin@1.0-SNAPSHOT' resolved
[2023-04-16 21:15:16,483]  - Plugin 'mysql-plugin@1.0-SNAPSHOT' resolved
[2023-04-16 21:15:16,483]  - Plugin 'dynamo-plugin@1.0-SNAPSHOT' resolved
[2023-04-16 21:15:16,483]  - Plugin 'arangodb-plugin@1.0-SNAPSHOT' resolved
[2023-04-16 21:15:16,483]  - Plugin 'restapi-plugin@1.0-SNAPSHOT' resolved
[2023-04-16 21:15:16,483]  - Plugin 'redis-plugin@1.0-SNAPSHOT' resolved
[2023-04-16 21:15:16,483]  - Plugin 'firestore-plugin@1.0-SNAPSHOT' resolved
[2023-04-16 21:15:16,483]  - Start plugin 'postgres-plugin@1.0-SNAPSHOT'
[2023-04-16 21:15:16,485]  - Start plugin 'saas-plugin@1.0-SNAPSHOT'
[2023-04-16 21:15:16,486]  - Start plugin 'snowflake-plugin@1.0-SNAPSHOT'
[2023-04-16 21:15:16,490]  - Start plugin 'elasticsearch-plugin@1.0-SNAPSHOT'
[2023-04-16 21:15:16,491]  - Start plugin 'mssql-plugin@1.0-SNAPSHOT'
[2023-04-16 21:15:16,492]  - Start plugin 'redshift-plugin@1.0-SNAPSHOT'
[2023-04-16 21:15:16,492]  - Start plugin 'google-sheets-plugin@1.0-SNAPSHOT'
[2023-04-16 21:15:16,545]  - Start plugin 'mongo-plugin@1.0-SNAPSHOT'
[2023-04-16 21:15:16,547]  - Start plugin 'graphql-plugin@1.0-SNAPSHOT'
[2023-04-16 21:15:16,548]  - Start plugin 'js-plugin@1.0-SNAPSHOT'
[2023-04-16 21:15:16,549]  - Start plugin 'oracle-plugin@1.0-SNAPSHOT'
SLF4J: A SLF4J service provider failed to instantiate:
org.slf4j.spi.SLF4JServiceProvider: ch.qos.logback.classic.spi.LogbackServiceProvider not a subtype
SLF4J: A SLF4J service provider failed to instantiate:
org.slf4j.spi.SLF4JServiceProvider: org.slf4j.reload4j.Reload4jServiceProvider not a subtype
SLF4J: No SLF4J providers were found.
SLF4J: Defaulting to no-operation (NOP) logger implementation
SLF4J: See https://www.slf4j.org/codes.html#noProviders for further details.
[2023-04-16 21:15:16,555]  - Start plugin 'smtp-plugin@1.0-SNAPSHOT'
[2023-04-16 21:15:16,556]  - Start plugin 'amazons3-plugin@1.0-SNAPSHOT'
[2023-04-16 21:15:16,557]  - Start plugin 'mysql-plugin@1.0-SNAPSHOT'
[2023-04-16 21:15:16,558]  - Start plugin 'dynamo-plugin@1.0-SNAPSHOT'
[2023-04-16 21:15:16,560]  - Start plugin 'arangodb-plugin@1.0-SNAPSHOT'
[2023-04-16 21:15:16,560]  - Start plugin 'restapi-plugin@1.0-SNAPSHOT'
[2023-04-16 21:15:16,561]  - Start plugin 'redis-plugin@1.0-SNAPSHOT'
[2023-04-16 21:15:16,562]  - Start plugin 'firestore-plugin@1.0-SNAPSHOT'
[2023-04-16 21:15:17,249]  - MongoClient with metadata {"driver": {"name": "mongo-java-driver|sync|spring-boot", "version": "4.8.1"}, "os": {"type": "Linux", "name": "Linux", "architecture": "aarch64", "version": "5.15.49-linuxkit"}, "platform": "Java/Eclipse Adoptium/17.0.6+10"} created with settings MongoClientSettings{readPreference=primary, writeConcern=WriteConcern{w=null, wTimeout=null ms, journal=null}, retryWrites=true, retryReads=true, readConcern=ReadConcern{level=null}, credential=MongoCredential{mechanism=null, userName='appsmith', source='appsmith', password=<hidden>, mechanismProperties=<hidden>}, streamFactoryFactory=NettyStreamFactoryFactory{eventLoopGroup=io.netty.channel.nio.NioEventLoopGroup@55296b50, socketChannelClass=class io.netty.channel.socket.nio.NioSocketChannel, allocator=PooledByteBufAllocator(directByDefault: true), sslContext=null}, commandListeners=[io.micrometer.core.instrument.binder.mongodb.MongoMetricsCommandListener@d0ec63], codecRegistry=ProvidersCodecRegistry{codecProviders=[ValueCodecProvider{}, BsonValueCodecProvider{}, DBRefCodecProvider{}, DBObjectCodecProvider{}, DocumentCodecProvider{}, CollectionCodecProvider{}, IterableCodecProvider{}, MapCodecProvider{}, GeoJsonCodecProvider{}, GridFSFileCodecProvider{}, Jsr310CodecProvider{}, JsonObjectCodecProvider{}, BsonCodecProvider{}, EnumCodecProvider{}, com.mongodb.Jep395RecordCodecProvider@21ab988f]}, clusterSettings={hosts=[localhost:27017], srvServiceName=mongodb, mode=SINGLE, requiredClusterType=UNKNOWN, requiredReplicaSetName='null', serverSelector='null', clusterListeners='[]', serverSelectionTimeout='30000 ms', localThreshold='30000 ms'}, socketSettings=SocketSettings{connectTimeoutMS=10000, readTimeoutMS=0, receiveBufferSize=0, sendBufferSize=0}, heartbeatSocketSettings=SocketSettings{connectTimeoutMS=10000, readTimeoutMS=10000, receiveBufferSize=0, sendBufferSize=0}, connectionPoolSettings=ConnectionPoolSettings{maxSize=100, minSize=0, maxWaitTimeMS=120000, maxConnectionLifeTimeMS=0, maxConnectionIdleTimeMS=0, maintenanceInitialDelayMS=0, maintenanceFrequencyMS=60000, connectionPoolListeners=[io.micrometer.core.instrument.binder.mongodb.MongoMetricsConnectionPoolListener@4351171a], maxConnecting=2}, serverSettings=ServerSettings{heartbeatFrequencyMS=10000, minHeartbeatFrequencyMS=500, serverListeners='[]', serverMonitorListeners='[]'}, sslSettings=SslSettings{enabled=false, invalidHostNameAllowed=false, context=null}, applicationName='null', compressorList=[], uuidRepresentation=JAVA_LEGACY, serverApi=null, autoEncryptionSettings=null, contextProvider=null}
[2023-04-16 21:15:17,261]  - Monitor thread successfully connected to server with description ServerDescription{address=localhost:27017, type=REPLICA_SET_PRIMARY, state=CONNECTED, ok=true, minWireVersion=0, maxWireVersion=13, maxDocumentSize=16777216, logicalSessionTimeoutMinutes=30, roundTripTimeNanos=13179709, setName='mr1', canonicalAddress=localhost:27017, hosts=[localhost:27017], passives=[], arbiters=[], primary='localhost:27017', tagSet=TagSet{[]}, electionId=7fffffff0000000000000002, setVersion=1, topologyVersion=TopologyVersion{processId=643c655ea7f839ab31912ab7, counter=6}, lastWriteDate=Sun Apr 16 21:15:14 UTC 2023, lastUpdateTimeNanos=4965926907888}
[2023-04-16 21:15:17,292]  - Mongock runner COMMUNITY version[5.1.6]
[2023-04-16 21:15:17,292]  - Running Mongock with NO metadata
[2023-04-16 21:15:17,292]  - Property transaction-enabled not provided. It will become true as default in next versions. Set explicit value to false in case transaction are not desired.
[2023-04-16 21:15:17,292]  - Property transaction-enabled not provided and is unknown if driver is transactionable. BY DEFAULT MONGOCK WILL RUN IN NO-TRANSACTION MODE.
[2023-04-16 21:15:17,342]  - Reflections took 41 ms to scan 1 urls, producing 3 keys and 10 values
[2023-04-16 21:15:17,356]  - Reflections took 6 ms to scan 1 urls, producing 3 keys and 10 values
[2023-04-16 21:15:17,522]  - Mongock trying to acquire the lock
[2023-04-16 21:15:17,533]  - Mongock acquired the lock until: Sun Apr 16 21:16:17 UTC 2023
[2023-04-16 21:15:17,533]  - Starting mongock lock daemon...
[2023-04-16 21:15:17,575]  - Mongock starting the data migration sequence id[2023-04-16T21:15:17.291175588-757]...
[2023-04-16 21:15:17,600]  - method[initializeSchemaVersion] with arguments: [org.springframework.data.mongodb.core.MongoTemplate]
[2023-04-16 21:15:17,687]  - APPLIED - {"id"="initialize-schema-version", "type"="execution", "author"="", "class"="DatabaseChangelog0", "method"="initializeSchemaVersion"}
[2023-04-16 21:15:17,691]  - method[initialPlugins] with arguments: [org.springframework.data.mongodb.core.MongoTemplate]
[2023-04-16 21:15:17,717]  - APPLIED - {"id"="initial-plugins", "type"="execution", "author"="", "class"="DatabaseChangelog1", "method"="initialPlugins"}
[2023-04-16 21:15:17,720]  - method[removeOrgNameIndex] with arguments: [org.springframework.data.mongodb.core.MongoTemplate]
[2023-04-16 21:15:17,725]  - APPLIED - {"id"="remove-org-name-index", "type"="execution", "author"="", "class"="DatabaseChangelog1", "method"="removeOrgNameIndex"}
[2023-04-16 21:15:17,728]  - method[addInitialIndexes] with arguments: [org.springframework.data.mongodb.core.MongoTemplate]
[2023-04-16 21:15:18,596]  - APPLIED - {"id"="initial-indexes", "type"="execution", "author"="", "class"="DatabaseChangelog1", "method"="addInitialIndexes"}
[2023-04-16 21:15:18,599]  - method[addApplicationDeletedAtFieldAndIndex] with arguments: [org.springframework.data.mongodb.core.MongoTemplate]
[2023-04-16 21:15:18,624]  - APPLIED - {"id"="application-deleted-at", "type"="execution", "author"="", "class"="DatabaseChangelog1", "method"="addApplicationDeletedAtFieldAndIndex"}
[2023-04-16 21:15:18,626]  - method[hideRapidApiPluginFromCreateDatasource] with arguments: [org.springframework.data.mongodb.core.MongoTemplate]
[2023-04-16 21:15:18,648]  - APPLIED - {"id"="hide-rapidapi-plugin", "type"="execution", "author"="", "class"="DatabaseChangelog1", "method"="hideRapidApiPluginFromCreateDatasource"}
[2023-04-16 21:15:18,651]  - method[addDatasourceDeletedAtFieldAndIndex] with arguments: [org.springframework.data.mongodb.core.MongoTemplate]
[2023-04-16 21:15:18,675]  - APPLIED - {"id"="datasource-deleted-at", "type"="execution", "author"="", "class"="DatabaseChangelog1", "method"="addDatasourceDeletedAtFieldAndIndex"}
[2023-04-16 21:15:18,678]  - method[addPageDeletedAtFieldAndIndex] with arguments: [org.springframework.data.mongodb.core.MongoTemplate]
[2023-04-16 21:15:18,690]  - APPLIED - {"id"="page-deleted-at", "type"="execution", "author"="", "class"="DatabaseChangelog1", "method"="addPageDeletedAtFieldAndIndex"}
[2023-04-16 21:15:18,692]  - method[setFriendlyPluginNames] with arguments: [org.springframework.data.mongodb.core.MongoTemplate]
[2023-04-16 21:15:18,706]  - APPLIED - {"id"="friendly-plugin-names", "type"="execution", "author"="", "class"="DatabaseChangelog1", "method"="setFriendlyPluginNames"}
[2023-04-16 21:15:18,708]  - method[addDeleteDatasourcePermToExistingGroups] with arguments: [org.springframework.data.mongodb.core.MongoTemplate]
[2023-04-16 21:15:18,709]  - APPLIED - {"id"="add-delete-datasource-perm-existing-groups", "type"="execution", "author"="", "class"="DatabaseChangelog1", "method"="addDeleteDatasourcePermToExistingGroups"}
[2023-04-16 21:15:18,711]  - method[installDefaultPluginsToAllOrganizations] with arguments: [org.springframework.data.mongodb.core.MongoTemplate]
[2023-04-16 21:15:18,715]  - APPLIED - {"id"="install-default-plugins-to-all-organizations", "type"="execution", "author"="", "class"="DatabaseChangelog1", "method"="installDefaultPluginsToAllOrganizations"}
[2023-04-16 21:15:18,717]  - method[ensureDatasourceCreatedAndUpdatedAt] with arguments: [org.springframework.data.mongodb.core.MongoTemplate]
[2023-04-16 21:15:18,720]  - APPLIED - {"id"="ensure-datasource-created-and-updated-at-fields", "type"="execution", "author"="", "class"="DatabaseChangelog1", "method"="ensureDatasourceCreatedAndUpdatedAt"}
[2023-04-16 21:15:18,722]  - method[addIndexForSequenceName] with arguments: [org.springframework.data.mongodb.core.MongoTemplate]
[2023-04-16 21:15:18,742]  - APPLIED - {"id"="add-index-for-sequence-name", "type"="execution", "author"="", "class"="DatabaseChangelog1", "method"="addIndexForSequenceName"}
[2023-04-16 21:15:18,744]  - method[setInitialSequenceForDatasource] with arguments: [org.springframework.data.mongodb.core.MongoTemplate]
[2023-04-16 21:15:18,753]  - APPLIED - {"id"="set-initial-sequence-for-datasource", "type"="execution", "author"="", "class"="DatabaseChangelog1", "method"="setInitialSequenceForDatasource"}
[2023-04-16 21:15:18,755]  - method[setPluginImageAndDocsLink] with arguments: [org.springframework.data.mongodb.core.MongoTemplate]
[2023-04-16 21:15:18,762]  - APPLIED - {"id"="set-plugin-image-and-docs-link", "type"="execution", "author"="", "class"="DatabaseChangelog1", "method"="setPluginImageAndDocsLink"}
[2023-04-16 21:15:18,764]  - method[fixDoubleEscapes] with arguments: [org.springframework.data.mongodb.core.MongoTemplate]
[2023-04-16 21:15:18,766]  - APPLIED - {"id"="fix-double-escapes", "type"="execution", "author"="", "class"="DatabaseChangelog1", "method"="fixDoubleEscapes"}
[2023-04-16 21:15:18,768]  - method[encryptPassword] with arguments: [org.springframework.data.mongodb.core.MongoTemplate, com.appsmith.external.services.EncryptionService]
[2023-04-16 21:15:18,771]  - APPLIED - {"id"="encrypt-password", "type"="execution", "author"="", "class"="DatabaseChangelog1", "method"="encryptPassword"}
[2023-04-16 21:15:18,775]  - method[mysqlPlugin] with arguments: [org.springframework.data.mongodb.core.MongoTemplate]
[2023-04-16 21:15:18,789]  - APPLIED - {"id"="install-mysql-plugins", "type"="execution", "author"="", "class"="DatabaseChangelog1", "method"="mysqlPlugin"}
[2023-04-16 21:15:18,791]  - method[updateDatabaseDocumentationLinks] with arguments: [org.springframework.data.mongodb.core.MongoTemplate]
[2023-04-16 21:15:18,800]  - APPLIED - {"id"="update-database-documentation-links", "type"="execution", "author"="", "class"="DatabaseChangelog1", "method"="updateDatabaseDocumentationLinks"}
[2023-04-16 21:15:18,802]  - method[giveExecutePermissionToReadActionUsers] with arguments: [org.springframework.data.mongodb.core.MongoTemplate]
[2023-04-16 21:15:18,803]  - APPLIED - {"id"="execute-action-for-read-action", "type"="execution", "author"="", "class"="DatabaseChangelog1", "method"="giveExecutePermissionToReadActionUsers"}
[2023-04-16 21:15:18,805]  - method[giveInvitePermissionToOrganizationsAndPublicPermissionsToApplications] with arguments: [org.springframework.data.mongodb.core.MongoTemplate]
[2023-04-16 21:15:18,806]  - APPLIED - {"id"="invite-and-public-permissions", "type"="execution", "author"="", "class"="DatabaseChangelog1", "method"="giveInvitePermissionToOrganizationsAndPublicPermissionsToApplications"}
[2023-04-16 21:15:18,808]  - method[generateUniqueIdForInstance] with arguments: [org.springframework.data.mongodb.core.MongoTemplate]
[2023-04-16 21:15:18,814]  - APPLIED - {"id"="generate-unique-id-for-instance", "type"="execution", "author"="", "class"="DatabaseChangelog1", "method"="generateUniqueIdForInstance"}
[2023-04-16 21:15:18,816]  - method[fixTokenExpiration] with arguments: [org.springframework.data.mongodb.core.MongoTemplate]
[2023-04-16 21:15:18,839]  - APPLIED - {"id"="fix-password-reset-token-expiration", "type"="execution", "author"="", "class"="DatabaseChangelog1", "method"="fixTokenExpiration"}
[2023-04-16 21:15:18,841]  - method[addElasticSearchPlugin] with arguments: [org.springframework.data.mongodb.core.MongoTemplate]
[2023-04-16 21:15:18,845]  - APPLIED - {"id"="add-elastic-search-plugin", "type"="execution", "author"="", "class"="DatabaseChangelog1", "method"="addElasticSearchPlugin"}
[2023-04-16 21:15:18,847]  - method[addDynamoPlugin] with arguments: [org.springframework.data.mongodb.core.MongoTemplate]
[2023-04-16 21:15:18,851]  - APPLIED - {"id"="add-dynamo-plugin", "type"="execution", "author"="", "class"="DatabaseChangelog1", "method"="addDynamoPlugin"}
[2023-04-16 21:15:18,853]  - method[usePngLogos] with arguments: [org.springframework.data.mongodb.core.MongoTemplate]
[2023-04-16 21:15:18,858]  - APPLIED - {"id"="use-png-logos", "type"="execution", "author"="", "class"="DatabaseChangelog1", "method"="usePngLogos"}
[2023-04-16 21:15:18,860]  - method[addRedisPlugin] with arguments: [org.springframework.data.mongodb.core.MongoTemplate]
[2023-04-16 21:15:18,863]  - APPLIED - {"id"="add-redis-plugin", "type"="execution", "author"="", "class"="DatabaseChangelog1", "method"="addRedisPlugin"}
[2023-04-16 21:15:18,865]  - method[addMsSqlPlugin] with arguments: [org.springframework.data.mongodb.core.MongoTemplate]
[2023-04-16 21:15:18,869]  - APPLIED - {"id"="add-msSql-plugin", "type"="execution", "author"="", "class"="DatabaseChangelog1", "method"="addMsSqlPlugin"}
[2023-04-16 21:15:18,871]  - method[addNewPageIndexAfterDroppingNewPage] with arguments: [org.springframework.data.mongodb.core.MongoTemplate]
[2023-04-16 21:15:18,894]  - APPLIED - {"id"="createNewPageIndexAfterDroppingNewPage", "type"="execution", "author"="", "class"="DatabaseChangelog1", "method"="addNewPageIndexAfterDroppingNewPage"}
[2023-04-16 21:15:18,896]  - method[addNewActionIndexAfterDroppingNewAction] with arguments: [org.springframework.data.mongodb.core.MongoTemplate]
[2023-04-16 21:15:18,915]  - APPLIED - {"id"="createNewActionIndexAfterDroppingNewAction", "type"="execution", "author"="", "class"="DatabaseChangelog1", "method"="addNewActionIndexAfterDroppingNewAction"}
[2023-04-16 21:15:18,917]  - method[migratePage] with arguments: [org.springframework.data.mongodb.core.MongoTemplate]
[2023-04-16 21:15:18,919]  - APPLIED - {"id"="migrate-page-and-actions", "type"="execution", "author"="", "class"="DatabaseChangelog1", "method"="migratePage"}
[2023-04-16 21:15:18,921]  - method[addNewPageAndNewActionNewIndexes] with arguments: [org.springframework.data.mongodb.core.MongoTemplate]
[2023-04-16 21:15:18,944]  - APPLIED - {"id"="new-page-new-action-add-indexes", "type"="execution", "author"="", "class"="DatabaseChangelog1", "method"="addNewPageAndNewActionNewIndexes"}
[2023-04-16 21:15:18,945]  - method[addNewActionIndexForPageId] with arguments: [org.springframework.data.mongodb.core.MongoTemplate]
[2023-04-16 21:15:18,958]  - APPLIED - {"id"="new-action-add-index-pageId", "type"="execution", "author"="", "class"="DatabaseChangelog1", "method"="addNewActionIndexForPageId"}
[2023-04-16 21:15:18,960]  - method[updateActionIndexToSingleMultipleIndices] with arguments: [org.springframework.data.mongodb.core.MongoTemplate]
[2023-04-16 21:15:18,985]  - APPLIED - {"id"="update-action-index-to-single-multiple-indices", "type"="execution", "author"="", "class"="DatabaseChangelog1", "method"="updateActionIndexToSingleMultipleIndices"}
[2023-04-16 21:15:18,987]  - method[addFirestorePlugin] with arguments: [org.springframework.data.mongodb.core.MongoTemplate]
[2023-04-16 21:15:18,991]  - APPLIED - {"id"="add-firestore-plugin", "type"="execution", "author"="", "class"="DatabaseChangelog1", "method"="addFirestorePlugin"}
[2023-04-16 21:15:18,992]  - method[ensureAppIconsAndColors] with arguments: [org.springframework.data.mongodb.core.MongoTemplate]
[2023-04-16 21:15:18,996]  - APPLIED - {"id"="ensure-app-icons-and-colors", "type"="execution", "author"="", "class"="DatabaseChangelog1", "method"="ensureAppIconsAndColors"}
[2023-04-16 21:15:18,998]  - method[updateAuthenticationTypes] with arguments: [org.springframework.data.mongodb.core.MongoTemplate]
[2023-04-16 21:15:19,001]  - APPLIED - {"id"="update-authentication-type", "type"="execution", "author"="", "class"="DatabaseChangelog1", "method"="updateAuthenticationTypes"}
[2023-04-16 21:15:19,002]  - method[addIsSendSessionEnabledPropertyInDatasources] with arguments: [org.springframework.data.mongodb.core.MongoTemplate]
[2023-04-16 21:15:19,005]  - APPLIED - {"id"="add-isSendSessionEnabled-key-for-datasources", "type"="execution", "author"="", "class"="DatabaseChangelog1", "method"="addIsSendSessionEnabledPropertyInDatasources"}
[2023-04-16 21:15:19,006]  - method[addRedshiftPlugin] with arguments: [org.springframework.data.mongodb.core.MongoTemplate]
[2023-04-16 21:15:19,010]  - APPLIED - {"id"="add-redshift-plugin", "type"="execution", "author"="", "class"="DatabaseChangelog1", "method"="addRedshiftPlugin"}
[2023-04-16 21:15:19,011]  - method[clearUserDataCollection] with arguments: [org.springframework.data.mongodb.core.MongoTemplate]
[2023-04-16 21:15:19,014]  - APPLIED - {"id"="clear-userdata-collection", "type"="execution", "author"="", "class"="DatabaseChangelog1", "method"="clearUserDataCollection"}
[2023-04-16 21:15:19,016]  - method[updateDatabaseDocumentationLinks_v1_2_1] with arguments: [org.springframework.data.mongodb.core.MongoTemplate]
[2023-04-16 21:15:19,029]  - APPLIED - {"id"="update-database-documentation-links-v1-2-1", "type"="execution", "author"="", "class"="DatabaseChangelog1", "method"="updateDatabaseDocumentationLinks_v1_2_1"}
[2023-04-16 21:15:19,031]  - method[addAmazonS3Plugin] with arguments: [org.springframework.data.mongodb.core.MongoTemplate]
[2023-04-16 21:15:19,035]  - APPLIED - {"id"="add-amazons3-plugin", "type"="execution", "author"="", "class"="DatabaseChangelog1", "method"="addAmazonS3Plugin"}
[2023-04-16 21:15:19,037]  - method[addAppViewerInvitePolicy] with arguments: [org.springframework.data.mongodb.core.MongoTemplate]
[2023-04-16 21:15:19,039]  - APPLIED - {"id"="add-app-viewer-invite-policy", "type"="execution", "author"="", "class"="DatabaseChangelog1", "method"="addAppViewerInvitePolicy"}
[2023-04-16 21:15:19,040]  - method[updatePluginDatasourceFormComponents] with arguments: [org.springframework.data.mongodb.core.MongoTemplate]
[2023-04-16 21:15:19,062]  - APPLIED - {"id"="update-plugin-datasource-form-components", "type"="execution", "author"="", "class"="DatabaseChangelog1", "method"="updatePluginDatasourceFormComponents"}
[2023-04-16 21:15:19,064]  - method[updateEncodeParamsToggle] with arguments: [org.springframework.data.mongodb.core.MongoTemplate]
[2023-04-16 21:15:19,065]  - APPLIED - {"id"="update-database-encode-params-toggle", "type"="execution", "author"="", "class"="DatabaseChangelog1", "method"="updateEncodeParamsToggle"}
[2023-04-16 21:15:19,066]  - method[updatePostgresActionsSetPreparedStatementConfiguration] with arguments: [org.springframework.data.mongodb.core.MongoTemplate]
[2023-04-16 21:15:19,074]  - APPLIED - {"id"="update-postgres-plugin-preparedStatement-config", "type"="execution", "author"="", "class"="DatabaseChangelog1", "method"="updatePostgresActionsSetPreparedStatementConfiguration"}
[2023-04-16 21:15:19,076]  - method[fixDynamicBindingPathListForExistingActions] with arguments: [org.springframework.data.mongodb.core.MongoTemplate]
[2023-04-16 21:15:19,077]  - APPLIED - {"id"="fix-dynamicBindingPathListForActions", "type"="execution", "author"="", "class"="DatabaseChangelog1", "method"="fixDynamicBindingPathListForExistingActions"}
[2023-04-16 21:15:19,078]  - method[updateActionConfigurationTimeout] with arguments: [org.springframework.data.mongodb.core.MongoTemplate]
[2023-04-16 21:15:19,079]  - APPLIED - {"id"="update-database-action-configuration-timeout", "type"="execution", "author"="", "class"="DatabaseChangelog1", "method"="updateActionConfigurationTimeout"}
[2023-04-16 21:15:19,080]  - method[updateS3DatasourceConfigurationAndLabel] with arguments: [org.springframework.data.mongodb.core.MongoTemplate]
[2023-04-16 21:15:19,085]  - APPLIED - {"id"="update-s3-datasource-configuration-and-label", "type"="execution", "author"="", "class"="DatabaseChangelog1", "method"="updateS3DatasourceConfigurationAndLabel"}
[2023-04-16 21:15:19,089]  - method[changeAppLayoutTypeDefinition] with arguments: [org.springframework.data.mongodb.core.MongoOperations]
[2023-04-16 21:15:19,092]  - Could not map 'Application.appLayout'; Maybe a fragment in 'AppLayout' is considered a simple type; Mapper continues with appLayout
[2023-04-16 21:15:19,094]  - Could not map 'Application.appLayout'; Maybe a fragment in 'AppLayout' is considered a simple type; Mapper continues with appLayout
[2023-04-16 21:15:19,105]  - APPLIED - {"id"="change-applayout-type-definition", "type"="execution", "author"="", "class"="DatabaseChangelog1", "method"="changeAppLayoutTypeDefinition"}
[2023-04-16 21:15:19,107]  - method[updateMysqlPostgresMongoSslMode] with arguments: [org.springframework.data.mongodb.core.MongoTemplate]
[2023-04-16 21:15:19,113]  - APPLIED - {"id"="update-mysql-postgres-mongo-ssl-mode", "type"="execution", "author"="", "class"="DatabaseChangelog1", "method"="updateMysqlPostgresMongoSslMode"}
[2023-04-16 21:15:19,114]  - method[addCommentingPermissions] with arguments: [org.springframework.data.mongodb.core.MongoTemplate]
[2023-04-16 21:15:19,115]  - APPLIED - {"id"="add-commenting-permissions", "type"="execution", "author"="", "class"="DatabaseChangelog1", "method"="addCommentingPermissions"}
[2023-04-16 21:15:19,116]  - method[addGoogleSheetsPlugin] with arguments: [org.springframework.data.mongodb.core.MongoTemplate]
[2023-04-16 21:15:19,120]  - APPLIED - {"id"="add-google-sheets-plugin", "type"="execution", "author"="", "class"="DatabaseChangelog1", "method"="addGoogleSheetsPlugin"}
[2023-04-16 21:15:19,122]  - method[markInstanceAsUnregistered] with arguments: [org.springframework.data.mongodb.core.MongoTemplate]
[2023-04-16 21:15:19,125]  - APPLIED - {"id"="mark-instance-unregistered", "type"="execution", "author"="", "class"="DatabaseChangelog1", "method"="markInstanceAsUnregistered"}
[2023-04-16 21:15:19,127]  - method[createEntryInSequencePerOrganizationForDatasource] with arguments: [org.springframework.data.mongodb.core.MongoTemplate]
[2023-04-16 21:15:19,128]  - APPLIED - {"id"="create-entry-in-sequence-per-organization-for-datasource", "type"="execution", "author"="", "class"="DatabaseChangelog1", "method"="createEntryInSequencePerOrganizationForDatasource"}
[2023-04-16 21:15:19,130]  - method[migrateSmartSubstitutionDataTypeBoolean] with arguments: [org.springframework.data.mongodb.core.MongoTemplate, org.springframework.data.mongodb.core.MongoOperations]
[2023-04-16 21:15:19,139]  - APPLIED - {"id"="migrate-smartSubstitution-dataType", "type"="execution", "author"="", "class"="DatabaseChangelog1", "method"="migrateSmartSubstitutionDataTypeBoolean"}
[2023-04-16 21:15:19,140]  - method[updateMongoImportFromSrvField] with arguments: [org.springframework.data.mongodb.core.MongoTemplate]
[2023-04-16 21:15:19,143]  - APPLIED - {"id"="update-mongo-import-from-srv-field", "type"="execution", "author"="", "class"="DatabaseChangelog1", "method"="updateMongoImportFromSrvField"}
[2023-04-16 21:15:19,144]  - method[deleteMongoDatasourceStructures] with arguments: [org.springframework.data.mongodb.core.MongoTemplate, org.springframework.data.mongodb.core.MongoOperations]
[2023-04-16 21:15:19,148]  - APPLIED - {"id"="delete-mongo-datasource-structures", "type"="execution", "author"="", "class"="DatabaseChangelog1", "method"="deleteMongoDatasourceStructures"}
[2023-04-16 21:15:19,149]  - method[setMongoActionInputToRaw] with arguments: [org.springframework.data.mongodb.core.MongoTemplate]
[2023-04-16 21:15:19,152]  - APPLIED - {"id"="set-mongo-actions-type-to-raw", "type"="execution", "author"="", "class"="DatabaseChangelog1", "method"="setMongoActionInputToRaw"}
[2023-04-16 21:15:19,153]  - method[updateFirestoreWhereConditionsData] with arguments: [org.springframework.data.mongodb.core.MongoTemplate]
[2023-04-16 21:15:19,156]  - APPLIED - {"id"="update-firestore-where-conditions-data", "type"="execution", "author"="", "class"="DatabaseChangelog1", "method"="updateFirestoreWhereConditionsData"}
[2023-04-16 21:15:19,157]  - method[addApplicationExportPermissions] with arguments: [org.springframework.data.mongodb.core.MongoTemplate]
[2023-04-16 21:15:19,158]  - APPLIED - {"id"="add-application-export-permissions", "type"="execution", "author"="", "class"="DatabaseChangelog1", "method"="addApplicationExportPermissions"}
[2023-04-16 21:15:19,160]  - method[addSnowflakePlugin] with arguments: [org.springframework.data.mongodb.core.MongoTemplate]
[2023-04-16 21:15:19,163]  - APPLIED - {"id"="add-snowflake-plugin", "type"="execution", "author"="", "class"="DatabaseChangelog1", "method"="addSnowflakePlugin"}
[2023-04-16 21:15:19,164]  - method[migrateUpdateOneToUpdateManyMongoFormCommand] with arguments: [org.springframework.data.mongodb.core.MongoTemplate]
[2023-04-16 21:15:19,167]  - APPLIED - {"id"="mongo-form-merge-update-commands", "type"="execution", "author"="", "class"="DatabaseChangelog1", "method"="migrateUpdateOneToUpdateManyMongoFormCommand"}
[2023-04-16 21:15:19,168]  - method[ensureUserCreatedAndUpdatedAt] with arguments: [org.springframework.data.mongodb.core.MongoTemplate]
[2023-04-16 21:15:19,170]  - APPLIED - {"id"="ensure-user-created-and-updated-at-fields", "type"="execution", "author"="", "class"="DatabaseChangelog1", "method"="ensureUserCreatedAndUpdatedAt"}
[2023-04-16 21:15:19,172]  - method[addOrderToAllPagesOfApplication] with arguments: [org.springframework.data.mongodb.core.MongoTemplate]
[2023-04-16 21:15:19,173]  - APPLIED - {"id"="add-and-update-order-for-all-pages", "type"="execution", "author"="", "class"="DatabaseChangelog1", "method"="addOrderToAllPagesOfApplication"}
[2023-04-16 21:15:19,174]  - method[migrateRawInputTypeToRawCommand] with arguments: [org.springframework.data.mongodb.core.MongoTemplate]
[2023-04-16 21:15:19,176]  - APPLIED - {"id"="mongo-form-migrate-raw", "type"="execution", "author"="", "class"="DatabaseChangelog1", "method"="migrateRawInputTypeToRawCommand"}
[2023-04-16 21:15:19,178]  - method[addArangoDBPlugin] with arguments: [org.springframework.data.mongodb.core.MongoTemplate]
[2023-04-16 21:15:19,181]  - APPLIED - {"id"="add-arangodb-plugin", "type"="execution", "author"="", "class"="DatabaseChangelog1", "method"="addArangoDBPlugin"}
[2023-04-16 21:15:19,182]  - method[setSvgLogoToPluginIcons] with arguments: [org.springframework.data.mongodb.core.MongoTemplate]
[2023-04-16 21:15:19,203]  - APPLIED - {"id"="set-svg-logo-to-plugins", "type"="execution", "author"="", "class"="DatabaseChangelog1", "method"="setSvgLogoToPluginIcons"}
[2023-04-16 21:15:19,205]  - method[removePageOrderFieldFromApplicationPages] with arguments: [org.springframework.data.mongodb.core.MongoTemplate]
[2023-04-16 21:15:19,208]  - APPLIED - {"id"="remove-order-field-from-application- pages", "type"="execution", "author"="", "class"="DatabaseChangelog1", "method"="removePageOrderFieldFromApplicationPages"}
[2023-04-16 21:15:19,209]  - method[createPluginReferenceForGenerateCRUDPage] with arguments: [org.springframework.data.mongodb.core.MongoTemplate]
[2023-04-16 21:15:19,237]  - APPLIED - {"id"="create-plugin-reference-for-genarate-CRUD-page", "type"="execution", "author"="", "class"="DatabaseChangelog1", "method"="createPluginReferenceForGenerateCRUDPage"}
[2023-04-16 21:15:19,239]  - method[encryptCertificateAndPassword] with arguments: [org.springframework.data.mongodb.core.MongoTemplate, com.appsmith.external.services.EncryptionService]
[2023-04-16 21:15:19,241]  - APPLIED - {"id"="encrypt-certificate", "type"="execution", "author"="", "class"="DatabaseChangelog1", "method"="encryptCertificateAndPassword"}
[2023-04-16 21:15:19,243]  - method[createPluginReferenceForS3AndGSheetGenerateCRUDPage] with arguments: [org.springframework.data.mongodb.core.MongoTemplate]
[2023-04-16 21:15:19,259]  - APPLIED - {"id"="create-plugin-reference-for-S3-GSheet-genarate-CRUD-page", "type"="execution", "author"="", "class"="DatabaseChangelog1", "method"="createPluginReferenceForS3AndGSheetGenerateCRUDPage"}
[2023-04-16 21:15:19,260]  - method[addApplicationGitMetadataFieldAndIndex] with arguments: [org.springframework.data.mongodb.core.MongoTemplate]
[2023-04-16 21:15:19,275]  - APPLIED - {"id"="application-git-metadata", "type"="execution", "author"="", "class"="DatabaseChangelog1", "method"="addApplicationGitMetadataFieldAndIndex"}
[2023-04-16 21:15:19,277]  - method[addJSPlugin] with arguments: [org.springframework.data.mongodb.core.MongoTemplate]
[2023-04-16 21:15:19,281]  - APPLIED - {"id"="add-js-plugin", "type"="execution", "author"="", "class"="DatabaseChangelog1", "method"="addJSPlugin"}
[2023-04-16 21:15:19,282]  - method[updateGoogleSheetActionsSetSmartSubstitutionConfiguration] with arguments: [org.springframework.data.mongodb.core.MongoTemplate]
[2023-04-16 21:15:19,288]  - APPLIED - {"id"="update-google-sheet-plugin-smartSubstitution-config", "type"="execution", "author"="", "class"="DatabaseChangelog1", "method"="updateGoogleSheetActionsSetSmartSubstitutionConfiguration"}
[2023-04-16 21:15:19,289]  - method[uninstallMongoUqiPluginAndRemoveAllActions] with arguments: [org.springframework.data.mongodb.core.MongoTemplate]
[2023-04-16 21:15:19,295]  - APPLIED - {"id"="uninstall-mongo-uqi-plugin", "type"="execution", "author"="", "class"="DatabaseChangelog1", "method"="uninstallMongoUqiPluginAndRemoveAllActions"}
[2023-04-16 21:15:19,296]  - method[migrateMongoPluginToUqi] with arguments: [org.springframework.data.mongodb.core.MongoTemplate]
[2023-04-16 21:15:19,302]  - APPLIED - {"id"="migrate-mongo-to-uqi", "type"="execution", "author"="", "class"="DatabaseChangelog1", "method"="migrateMongoPluginToUqi"}
[2023-04-16 21:15:19,304]  - method[migrateMongoPluginDynamicBindingListUqi] with arguments: [org.springframework.data.mongodb.core.MongoTemplate]
[2023-04-16 21:15:19,307]  - APPLIED - {"id"="migrate-mongo-uqi-dynamicBindingPathList", "type"="execution", "author"="", "class"="DatabaseChangelog1", "method"="migrateMongoPluginDynamicBindingListUqi"}
[2023-04-16 21:15:19,308]  - method[updatePluginPackageNameIndexToPluginNamePackageNameAndVersion] with arguments: [org.springframework.data.mongodb.core.MongoTemplate]
[2023-04-16 21:15:19,428]  - APPLIED - {"id"="update-plugin-package-name-index", "type"="execution", "author"="", "class"="DatabaseChangelog1", "method"="updatePluginPackageNameIndexToPluginNamePackageNameAndVersion"}
[2023-04-16 21:15:19,430]  - method[deleteOrphanActions] with arguments: [org.springframework.data.mongodb.core.MongoTemplate]
[2023-04-16 21:15:19,432]  - APPLIED - {"id"="delete-orphan-actions", "type"="execution", "author"="", "class"="DatabaseChangelog1", "method"="deleteOrphanActions"}
[2023-04-16 21:15:19,433]  - method[migrateOldAppColorsToNewColors] with arguments: [org.springframework.data.mongodb.core.MongoTemplate]
[2023-04-16 21:15:19,464]  - APPLIED - {"id"="migrate-old-app-color-to-new-colors", "type"="execution", "author"="", "class"="DatabaseChangelog1", "method"="migrateOldAppColorsToNewColors"}
[2023-04-16 21:15:19,466]  - method[updateS3PermanentUrlToggleDefaultValue] with arguments: [org.springframework.data.mongodb.core.MongoTemplate]
[2023-04-16 21:15:19,468]  - APPLIED - {"id"="update-s3-permanent-url-toggle-default-value", "type"="execution", "author"="", "class"="DatabaseChangelog1", "method"="updateS3PermanentUrlToggleDefaultValue"}
[2023-04-16 21:15:19,470]  - method[updateGitApplicationMetadataIndex] with arguments: [org.springframework.data.mongodb.core.MongoTemplate]
[2023-04-16 21:15:19,485]  - APPLIED - {"id"="application-git-metadata-index", "type"="execution", "author"="", "class"="DatabaseChangelog1", "method"="updateGitApplicationMetadataIndex"}
[2023-04-16 21:15:19,487]  - method[migrateS3PluginToUqi] with arguments: [org.springframework.data.mongodb.core.MongoTemplate]
[2023-04-16 21:15:19,492]  - APPLIED - {"id"="migrate-s3-to-uqi", "type"="execution", "author"="", "class"="DatabaseChangelog1", "method"="migrateS3PluginToUqi"}
[2023-04-16 21:15:19,493]  - method[setSlugToApplicationAndPage] with arguments: [org.springframework.data.mongodb.core.MongoTemplate]
[2023-04-16 21:15:19,497]  - APPLIED - {"id"="set-slug-to-application-and-page", "type"="execution", "author"="", "class"="DatabaseChangelog1", "method"="setSlugToApplicationAndPage"}
[2023-04-16 21:15:19,499]  - method[removeUnusedTriggerPathsListWidget] with arguments: [org.springframework.data.mongodb.core.MongoTemplate]
[2023-04-16 21:15:19,500]  - APPLIED - {"id"="update-list-widget-trigger-paths", "type"="execution", "author"="", "class"="DatabaseChangelog1", "method"="removeUnusedTriggerPathsListWidget"}
[2023-04-16 21:15:19,501]  - method[updateS3ActionConfigurationBodyForContentTypeSupport] with arguments: [org.springframework.data.mongodb.core.MongoTemplate]
[2023-04-16 21:15:19,503]  - APPLIED - {"id"="update-s3-action-configuration-for-type", "type"="execution", "author"="", "class"="DatabaseChangelog1", "method"="updateS3ActionConfigurationBodyForContentTypeSupport"}
[2023-04-16 21:15:19,504]  - method[fixIsPublicIsSetFalseWhenAppIsPublic] with arguments: [org.springframework.data.mongodb.core.MongoTemplate]
[2023-04-16 21:15:19,507]  - APPLIED - {"id"="fix-ispublic-is-false-for-public-apps", "type"="execution", "author"="", "class"="DatabaseChangelog1", "method"="fixIsPublicIsSetFalseWhenAppIsPublic"}
[2023-04-16 21:15:19,508]  - method[updateJsActionsClientSideExecution] with arguments: [org.springframework.data.mongodb.core.MongoTemplate]
[2023-04-16 21:15:19,511]  - APPLIED - {"id"="update-js-action-client-side-execution", "type"="execution", "author"="", "class"="DatabaseChangelog1", "method"="updateJsActionsClientSideExecution"}
[2023-04-16 21:15:19,512]  - method[addSmtpPluginPlugin] with arguments: [org.springframework.data.mongodb.core.MongoTemplate]
[2023-04-16 21:15:19,518]  - APPLIED - {"id"="add-smtp-plugin", "type"="execution", "author"="", "class"="DatabaseChangelog1", "method"="addSmtpPluginPlugin"}
[2023-04-16 21:15:19,519]  - method[updateMockdbEndpoint] with arguments: [org.springframework.data.mongodb.core.MongoTemplate]
[2023-04-16 21:15:19,522]  - APPLIED - {"id"="update-mockdb-endpoint", "type"="execution", "author"="", "class"="DatabaseChangelog1", "method"="updateMockdbEndpoint"}
[2023-04-16 21:15:19,523]  - method[addPluginNameForGoogleSheets] with arguments: [org.springframework.data.mongodb.core.MongoTemplate]
[2023-04-16 21:15:19,525]  - APPLIED - {"id"="add-google-sheets-plugin-name", "type"="execution", "author"="", "class"="DatabaseChangelog1", "method"="addPluginNameForGoogleSheets"}
[2023-04-16 21:15:19,527]  - method[insertDefaultResources] with arguments: [org.springframework.data.mongodb.core.MongoTemplate]
[2023-04-16 21:15:19,532]  - APPLIED - {"id"="insert-default-resources", "type"="execution", "author"="", "class"="DatabaseChangelog1", "method"="insertDefaultResources"}
[2023-04-16 21:15:19,535]  - method[clearRedisCache] with arguments: [org.springframework.data.redis.core.ReactiveRedisOperations]
[2023-04-16 21:15:19,671]  - APPLIED - {"id"="flush-spring-redis-keys", "type"="execution", "author"="", "class"="DatabaseChangelog1", "method"="clearRedisCache"}
[2023-04-16 21:15:19,674]  - method[migrateFirestorePluginToUqi] with arguments: [org.springframework.data.mongodb.core.MongoTemplate]
[2023-04-16 21:15:19,680]  - APPLIED - {"id"="migrate-firestore-to-uqi", "type"="execution", "author"="", "class"="DatabaseChangelog1", "method"="migrateFirestorePluginToUqi"}
[2023-04-16 21:15:19,681]  - method[migrateFirestorePluginToUqi2] with arguments: [org.springframework.data.mongodb.core.MongoTemplate]
[2023-04-16 21:15:19,683]  - APPLIED - {"id"="migrate-firestore-to-uqi-2", "type"="execution", "author"="", "class"="DatabaseChangelog1", "method"="migrateFirestorePluginToUqi2"}
[2023-04-16 21:15:19,684]  - method[migrateFirestorePaginationData] with arguments: [org.springframework.data.mongodb.core.MongoTemplate]
[2023-04-16 21:15:19,686]  - APPLIED - {"id"="migrate-firestore-pagination-data", "type"="execution", "author"="", "class"="DatabaseChangelog1", "method"="migrateFirestorePaginationData"}
[2023-04-16 21:15:19,688]  - method[updateMongoMockdbEndpoint] with arguments: [org.springframework.data.mongodb.core.MongoTemplate]
[2023-04-16 21:15:19,691]  - APPLIED - {"id"="update-mongodb-mockdb-endpoint", "type"="execution", "author"="", "class"="DatabaseChangelog1", "method"="updateMongoMockdbEndpoint"}
[2023-04-16 21:15:19,692]  - method[migrateFirestorePluginToUqi3] with arguments: [org.springframework.data.mongodb.core.MongoTemplate]
[2023-04-16 21:15:19,697]  - APPLIED - {"id"="migrate-firestore-to-uqi-3", "type"="execution", "author"="", "class"="DatabaseChangelog1", "method"="migrateFirestorePluginToUqi3"}
[2023-04-16 21:15:19,699]  - method[createSystemThemes] with arguments: [org.springframework.data.mongodb.core.MongoTemplate]
[2023-04-16 21:15:19,699]  - APPLIED - {"id"="create-system-themes", "type"="execution", "author"="", "class"="DatabaseChangelog1", "method"="createSystemThemes"}
[2023-04-16 21:15:19,701]  - method[addLimitFieldDataToMongoAggregateCommand] with arguments: [org.springframework.data.mongodb.core.MongoTemplate]
[2023-04-16 21:15:19,704]  - APPLIED - {"id"="add-limit-field-data-to-mongo-aggregate-cmd", "type"="execution", "author"="", "class"="DatabaseChangelog1", "method"="addLimitFieldDataToMongoAggregateCommand"}
[2023-04-16 21:15:19,706]  - method[updateGitIndexes] with arguments: [org.springframework.data.mongodb.core.MongoTemplate]
[2023-04-16 21:15:19,756]  - APPLIED - {"id"="update-index-for-git", "type"="execution", "author"="", "class"="DatabaseChangelog1", "method"="updateGitIndexes"}
[2023-04-16 21:15:19,757]  - method[updateMockdbEndpoint2] with arguments: [org.springframework.data.mongodb.core.MongoTemplate]
[2023-04-16 21:15:19,762]  - APPLIED - {"id"="update-mockdb-endpoint-2", "type"="execution", "author"="", "class"="DatabaseChangelog1", "method"="updateMockdbEndpoint2"}
[2023-04-16 21:15:19,763]  - method[migrateFromRSASha1ToECDSASha2Protocol] with arguments: [org.springframework.data.mongodb.core.MongoTemplate]
[2023-04-16 21:15:19,764]  - APPLIED - {"id"="migrate-from-RSA-SHA1-to-ECDSA-SHA2-protocol-for-key-generation", "type"="execution", "author"="", "class"="DatabaseChangelog1", "method"="migrateFromRSASha1ToECDSASha2Protocol"}
[2023-04-16 21:15:19,766]  - method[useAssetsCDNForPluginIcons] with arguments: [org.springframework.data.mongodb.core.MongoTemplate]
[2023-04-16 21:15:19,793]  - APPLIED - {"id"="use-assets-cdn-for-plugin-icons", "type"="execution", "author"="", "class"="DatabaseChangelog1", "method"="useAssetsCDNForPluginIcons"}
[2023-04-16 21:15:19,794]  - method[updateNewActionActionCollectionAndUserDataIndexes] with arguments: [org.springframework.data.mongodb.core.MongoTemplate]
[2023-04-16 21:15:19,843]  - APPLIED - {"id"="update-index-for-newAction-actionCollection-userData", "type"="execution", "author"="", "class"="DatabaseChangelog1", "method"="updateNewActionActionCollectionAndUserDataIndexes"}
[2023-04-16 21:15:19,845]  - method[markMSSQLCrudUnavailable] with arguments: [org.springframework.data.mongodb.core.MongoTemplate]
[2023-04-16 21:15:19,847]  - APPLIED - {"id"="mark-mssql-crud-unavailable", "type"="execution", "author"="", "class"="DatabaseChangelog1", "method"="markMSSQLCrudUnavailable"}
[2023-04-16 21:15:19,849]  - method[updateNewActionActionCollectionIndexes] with arguments: [org.springframework.data.mongodb.core.MongoTemplate]
[2023-04-16 21:15:19,883]  - APPLIED - {"id"="update-index-for-newAction-actionCollection", "type"="execution", "author"="", "class"="DatabaseChangelog1", "method"="updateNewActionActionCollectionIndexes"}
[2023-04-16 21:15:19,885]  - method[createSystemThemes2] with arguments: [org.springframework.data.mongodb.core.MongoTemplate]
[2023-04-16 21:15:19,885]  - APPLIED - {"id"="create-system-themes-v2", "type"="execution", "author"="", "class"="DatabaseChangelog1", "method"="createSystemThemes2"}
[2023-04-16 21:15:19,887]  - method[setFirestoreSmartSubstitutionToFalseForOldCommands] with arguments: [org.springframework.data.mongodb.core.MongoTemplate]
[2023-04-16 21:15:19,889]  - APPLIED - {"id"="set-firestore-smart-substitution-to-false-for-old-cmds", "type"="execution", "author"="", "class"="DatabaseChangelog1", "method"="setFirestoreSmartSubstitutionToFalseForOldCommands"}
[2023-04-16 21:15:19,891]  - method[fixPluginTitleCasing] with arguments: [org.springframework.data.mongodb.core.MongoTemplate]
[2023-04-16 21:15:19,897]  - APPLIED - {"id"="fix-plugin-title-casing", "type"="execution", "author"="", "class"="DatabaseChangelog2", "method"="fixPluginTitleCasing"}
[2023-04-16 21:15:19,898]  - method[deprecateArchivedAtForNewAction] with arguments: [org.springframework.data.mongodb.core.MongoTemplate]
[2023-04-16 21:15:19,899]  - APPLIED - {"id"="deprecate-archivedAt-in-action", "type"="execution", "author"="", "class"="DatabaseChangelog2", "method"="deprecateArchivedAtForNewAction"}
[2023-04-16 21:15:19,901]  - method[updateActionFormDataPath] with arguments: [org.springframework.data.mongodb.core.MongoTemplate]
[2023-04-16 21:15:19,903]  - APPLIED - {"id"="update-form-data-for-uqi-mode", "type"="execution", "author"="", "class"="DatabaseChangelog2", "method"="updateActionFormDataPath"}
[2023-04-16 21:15:19,904]  - method[updateIsConfiguredFlagForAllTheExistingDatasources] with arguments: [org.springframework.data.mongodb.core.MongoTemplate]
[2023-04-16 21:15:19,905]  - APPLIED - {"id"="add-isConfigured-flag-for-all-datasources", "type"="execution", "author"="", "class"="DatabaseChangelog2", "method"="updateIsConfiguredFlagForAllTheExistingDatasources"}
[2023-04-16 21:15:19,907]  - method[setDefaultApplicationVersion] with arguments: [org.springframework.data.mongodb.core.MongoTemplate]
[2023-04-16 21:15:19,909]  - APPLIED - {"id"="set-application-version", "type"="execution", "author"="", "class"="DatabaseChangelog2", "method"="setDefaultApplicationVersion"}
[2023-04-16 21:15:19,910]  - method[deleteOrphanPages] with arguments: [org.springframework.data.mongodb.core.MongoTemplate]
[2023-04-16 21:15:19,910]  - APPLIED - {"id"="delete-orphan-pages", "type"="execution", "author"="", "class"="DatabaseChangelog2", "method"="deleteOrphanPages"}
[2023-04-16 21:15:19,912]  - method[addIndexesForGit] with arguments: [org.springframework.data.mongodb.core.MongoTemplate]
[2023-04-16 21:15:19,940]  - APPLIED - {"id"="update-git-indexes", "type"="execution", "author"="", "class"="DatabaseChangelog2", "method"="addIndexesForGit"}
[2023-04-16 21:15:19,942]  - method[updateOrganizationSlugs] with arguments: [org.springframework.data.mongodb.core.MongoTemplate]
[2023-04-16 21:15:19,945]  - APPLIED - {"id"="update-organization-slugs", "type"="execution", "author"="", "class"="DatabaseChangelog2", "method"="updateOrganizationSlugs"}
[2023-04-16 21:15:19,947]  - method[copyOrganizationToWorkspaces] with arguments: [org.springframework.data.mongodb.core.MongoTemplate]
[2023-04-16 21:15:19,953]  - APPLIED - {"id"="copy-organization-to-workspaces", "type"="execution", "author"="", "class"="DatabaseChangelog2", "method"="copyOrganizationToWorkspaces"}
[2023-04-16 21:15:19,954]  - method[addWorkspaceIndexes] with arguments: [org.springframework.data.mongodb.core.MongoTemplate]
[2023-04-16 21:15:19,970]  - APPLIED - {"id"="add-workspace-indexes", "type"="execution", "author"="", "class"="DatabaseChangelog2", "method"="addWorkspaceIndexes"}
[2023-04-16 21:15:19,971]  - method[updateSequenceNamesFromOrganizationToWorkspace] with arguments: [org.springframework.data.mongodb.core.MongoTemplate]
[2023-04-16 21:15:19,974]  - APPLIED - {"id"="update-sequence-names-from-organization-to-workspace", "type"="execution", "author"="", "class"="DatabaseChangelog2", "method"="updateSequenceNamesFromOrganizationToWorkspace"}
[2023-04-16 21:15:19,976]  - method[addDefaultTenant] with arguments: [org.springframework.data.mongodb.core.MongoTemplate]
[2023-04-16 21:15:19,992]  - APPLIED - {"id"="add-default-tenant", "type"="execution", "author"="", "class"="DatabaseChangelog2", "method"="addDefaultTenant"}
[2023-04-16 21:15:19,994]  - method[addTenantToWorkspaces] with arguments: [org.springframework.data.mongodb.core.MongoTemplate]
[2023-04-16 21:15:19,999]  - APPLIED - {"id"="add-tenant-to-all-workspaces", "type"="execution", "author"="", "class"="DatabaseChangelog2", "method"="addTenantToWorkspaces"}
[2023-04-16 21:15:20,000]  - method[addTenantToUsersAndFlushRedis] with arguments: [org.springframework.data.mongodb.core.MongoTemplate, org.springframework.data.redis.core.ReactiveRedisOperations]
[2023-04-16 21:15:20,020]  - APPLIED - {"id"="add-tenant-to-all-users-and-flush-redis", "type"="execution", "author"="", "class"="DatabaseChangelog2", "method"="addTenantToUsersAndFlushRedis"}
[2023-04-16 21:15:20,024]  - method[migrateOrganizationIdToWorkspaceIdInDomainObjects] with arguments: [org.springframework.data.mongodb.core.MongoTemplate, org.springframework.data.redis.core.ReactiveRedisOperations]
[2023-04-16 21:15:20,043]  - APPLIED - {"id"="migrate-organizationId-to-workspaceId-in-domain-objects", "type"="execution", "author"="", "class"="DatabaseChangelog2", "method"="migrateOrganizationIdToWorkspaceIdInDomainObjects"}
[2023-04-16 21:15:20,044]  - method[organizationToWorkspaceIndexesRecreate] with arguments: [org.springframework.data.mongodb.core.MongoTemplate]
[2023-04-16 21:15:20,069]  - APPLIED - {"id"="organization-to-workspace-indexes-recreate", "type"="execution", "author"="", "class"="DatabaseChangelog2", "method"="organizationToWorkspaceIndexesRecreate"}
[2023-04-16 21:15:20,071]  - method[migratePermissionsInUser] with arguments: [org.springframework.data.mongodb.core.MongoTemplate]
[2023-04-16 21:15:20,075]  - APPLIED - {"id"="migrate-permission-in-user", "type"="execution", "author"="", "class"="DatabaseChangelog2", "method"="migratePermissionsInUser"}
[2023-04-16 21:15:20,076]  - method[migratePermissionsInWorkspace] with arguments: [org.springframework.data.mongodb.core.MongoTemplate]
[2023-04-16 21:15:20,083]  - APPLIED - {"id"="migrate-permission-in-workspace", "type"="execution", "author"="", "class"="DatabaseChangelog2", "method"="migratePermissionsInWorkspace"}
[2023-04-16 21:15:20,084]  - method[migrateOrganizationIdToWorkspaceIdInNewActionDatasource] with arguments: [org.springframework.data.mongodb.core.MongoTemplate, org.springframework.data.redis.core.ReactiveRedisOperations]
[2023-04-16 21:15:20,087]  - APPLIED - {"id"="migrate-organizationId-to-workspaceId-in-newaction-datasource", "type"="execution", "author"="", "class"="DatabaseChangelog2", "method"="migrateOrganizationIdToWorkspaceIdInNewActionDatasource"}
[2023-04-16 21:15:20,089]  - method[migrateGoogleSheetsToUqi] with arguments: [org.springframework.data.mongodb.core.MongoTemplate]
[2023-04-16 21:15:20,092]  - APPLIED - {"id"="migrate-google-sheets-to-uqi", "type"="execution", "author"="", "class"="DatabaseChangelog2", "method"="migrateGoogleSheetsToUqi"}
[2023-04-16 21:15:20,093]  - method[clearRedisCache2] with arguments: [org.springframework.data.redis.core.ReactiveRedisOperations]
[2023-04-16 21:15:20,095]  - APPLIED - {"id"="flush-spring-redis-keys-2a", "type"="execution", "author"="", "class"="DatabaseChangelog2", "method"="clearRedisCache2"}
[2023-04-16 21:15:20,096]  - method[fixDeletedThemesWhenGitBranchDeleted] with arguments: [org.springframework.data.mongodb.core.MongoTemplate]
[2023-04-16 21:15:20,101]  - APPLIED - {"id"="fix-deleted-themes-when-git-branch-deleted", "type"="execution", "author"="", "class"="DatabaseChangelog2", "method"="fixDeletedThemesWhenGitBranchDeleted"}
[2023-04-16 21:15:20,102]  - method[addAnonymousUser] with arguments: [org.springframework.data.mongodb.core.MongoTemplate]
[2023-04-16 21:15:20,110]  - APPLIED - {"id"="add-anonymousUser", "type"="execution", "author"="", "class"="DatabaseChangelog2", "method"="addAnonymousUser"}
[2023-04-16 21:15:20,113]  - method[addDefaultPermissionGroups] with arguments: [org.springframework.data.mongodb.core.MongoTemplate, com.appsmith.server.services.WorkspaceService, com.appsmith.server.helpers.PolicyUtils, jdk.proxy2.$Proxy149]
[2023-04-16 21:15:20,118]  - APPLIED - {"id"="add-default-permission-groups", "type"="execution", "author"="", "class"="DatabaseChangelog2", "method"="addDefaultPermissionGroups"}
[2023-04-16 21:15:20,119]  - method[markPublicApps] with arguments: [org.springframework.data.mongodb.core.MongoTemplate]
[2023-04-16 21:15:20,122]  - APPLIED - {"id"="mark-public-apps", "type"="execution", "author"="", "class"="DatabaseChangelog2", "method"="markPublicApps"}
[2023-04-16 21:15:20,123]  - method[markWorkspacesForInheritance] with arguments: [org.springframework.data.mongodb.core.MongoTemplate]
[2023-04-16 21:15:20,125]  - APPLIED - {"id"="mark-workspaces-for-inheritance", "type"="execution", "author"="", "class"="DatabaseChangelog2", "method"="markWorkspacesForInheritance"}
[2023-04-16 21:15:20,127]  - method[inheritPoliciesToEveryChildObject] with arguments: [org.springframework.data.mongodb.core.MongoTemplate, com.appsmith.server.acl.PolicyGenerator]
[2023-04-16 21:15:20,128]  - APPLIED - {"id"="inherit-policies-to-every-child-object", "type"="execution", "author"="", "class"="DatabaseChangelog2", "method"="inheritPoliciesToEveryChildObject"}
[2023-04-16 21:15:20,130]  - method[makeApplicationsPublic] with arguments: [org.springframework.data.mongodb.core.MongoTemplate, com.appsmith.server.helpers.PolicyUtils, com.appsmith.server.acl.PolicyGenerator, jdk.proxy2.$Proxy154]
[2023-04-16 21:15:20,133]  - APPLIED - {"id"="make-applications-public", "type"="execution", "author"="", "class"="DatabaseChangelog2", "method"="makeApplicationsPublic"}
[2023-04-16 21:15:20,134]  - method[addInstanceConfigurationPlaceHolder] with arguments: [org.springframework.data.mongodb.core.MongoTemplate]
[2023-04-16 21:15:20,163]  - APPLIED - {"id"="add-instance-config-object", "type"="execution", "author"="", "class"="DatabaseChangelog2", "method"="addInstanceConfigurationPlaceHolder"}
[2023-04-16 21:15:20,165]  - method[addAnonymousUserPermissionGroup] with arguments: [org.springframework.data.mongodb.core.MongoTemplate]
[2023-04-16 21:15:20,171]  - APPLIED - {"id"="add-anonymous-user-permission-group", "type"="execution", "author"="", "class"="DatabaseChangelog2", "method"="addAnonymousUserPermissionGroup"}
[2023-04-16 21:15:20,173]  - method[createSystemThemes3] with arguments: [org.springframework.data.mongodb.core.MongoTemplate]
[2023-04-16 21:15:20,255]  - APPLIED - {"id"="create-system-themes-v3", "type"="execution", "author"="", "class"="DatabaseChangelog2", "method"="createSystemThemes3"}
[2023-04-16 21:15:20,257]  - method[updateBadThemeState] with arguments: [org.springframework.data.mongodb.core.MongoTemplate, com.appsmith.server.acl.PolicyGenerator, com.appsmith.server.repositories.CacheableRepositoryHelper]
[2023-04-16 21:15:20,259]  - APPLIED - {"id"="update-bad-theme-state", "type"="execution", "author"="", "class"="DatabaseChangelog2", "method"="updateBadThemeState"}
[2023-04-16 21:15:20,260]  - method[migratePublicAppsSinglePg] with arguments: [org.springframework.data.mongodb.core.MongoTemplate, com.appsmith.server.helpers.PolicyUtils, com.appsmith.server.acl.PolicyGenerator, com.appsmith.server.repositories.CacheableRepositoryHelper]
[2023-04-16 21:15:20,274]  - Cache entry evicted for key permissionGroupsForUser:anonymousUser643c6567b0e5d11d7677f8eb
[2023-04-16 21:15:20,281]  - APPLIED - {"id"="migrate-public-apps-single-pg", "type"="execution", "author"="", "class"="DatabaseChangelog2", "method"="migratePublicAppsSinglePg"}
[2023-04-16 21:15:20,283]  - method[addTenantAdminPermissionsToInstanceAdmin] with arguments: [org.springframework.data.mongodb.core.MongoTemplate, com.appsmith.server.helpers.PolicyUtils]
[2023-04-16 21:15:20,293]  - APPLIED - {"id"="add-tenant-admin-permissions-instance-admin", "type"="execution", "author"="", "class"="DatabaseChangelog2", "method"="addTenantAdminPermissionsToInstanceAdmin"}
[2023-04-16 21:15:20,294]  - method[addGraphQLPlugin] with arguments: [org.springframework.data.mongodb.core.MongoTemplate]
[2023-04-16 21:15:20,298]  - APPLIED - {"id"="add-graphql-plugin", "type"="execution", "author"="", "class"="DatabaseChangelog2", "method"="addGraphQLPlugin"}
[2023-04-16 21:15:20,299]  - method[reInstallGraphQLPluginToWorkspaces] with arguments: [org.springframework.data.mongodb.core.MongoTemplate]
[2023-04-16 21:15:20,303]  - APPLIED - {"id"="install-graphql-plugin-to-remaining-workspaces", "type"="execution", "author"="", "class"="DatabaseChangelog2", "method"="reInstallGraphQLPluginToWorkspaces"}
[2023-04-16 21:15:20,304]  - method[addIndicesRecommendedByMongoCloud] with arguments: [org.springframework.data.mongodb.core.MongoTemplate]
[2023-04-16 21:15:20,337]  - APPLIED - {"id"="indices-recommended-by-mongodb-cloud", "type"="execution", "author"="", "class"="DatabaseChangelog2", "method"="addIndicesRecommendedByMongoCloud"}
[2023-04-16 21:15:20,339]  - method[deleteRapidApiPluginRelatedItems] with arguments: [org.springframework.data.mongodb.core.MongoTemplate]
[2023-04-16 21:15:20,344]  - APPLIED - {"id"="delete-rapid-api-plugin-related-items", "type"="execution", "author"="", "class"="DatabaseChangelog2", "method"="deleteRapidApiPluginRelatedItems"}
[2023-04-16 21:15:20,346]  - method[addUniqueIndexOnUidString] with arguments: [org.springframework.data.mongodb.core.MongoTemplate]
[2023-04-16 21:15:20,363]  - APPLIED - {"id"="add-unique-index-for-uidstring", "type"="execution", "author"="", "class"="DatabaseChangelog2", "method"="addUniqueIndexOnUidString"}
[2023-04-16 21:15:20,365]  - method[modifyReadPermissionGroupToReadPermissionGroupMembers] with arguments: [org.springframework.data.mongodb.core.MongoTemplate, com.appsmith.server.helpers.PolicyUtils]
[2023-04-16 21:15:20,367]  - APPLIED - {"id"="change-readPermissionGroup-to-readPermissionGroupMembers", "type"="execution", "author"="", "class"="DatabaseChangelog2", "method"="modifyReadPermissionGroupToReadPermissionGroupMembers"}
[2023-04-16 21:15:20,369]  - method[changeSSLModeFromPreferredToDefaultForMySQLPlugin] with arguments: [org.springframework.data.mongodb.core.MongoTemplate]
[2023-04-16 21:15:20,372]  - APPLIED - {"id"="remove-preferred-ssl-mode-from-mysql", "type"="execution", "author"="", "class"="DatabaseChangelog2", "method"="changeSSLModeFromPreferredToDefaultForMySQLPlugin"}
[2023-04-16 21:15:20,373]  - method[deletePermissionsInPermissionGroups] with arguments: [org.springframework.data.mongodb.core.MongoTemplate]
[2023-04-16 21:15:20,375]  - APPLIED - {"id"="delete-permissions-in-permissionGroups", "type"="execution", "author"="", "class"="DatabaseChangelog2", "method"="deletePermissionsInPermissionGroups"}
[2023-04-16 21:15:20,377]  - method[removeUsagePulsesForAppsmithCloud] with arguments: [org.springframework.data.mongodb.core.MongoTemplate, com.appsmith.server.configurations.CommonConfig$$SpringCGLIB$$0]
[2023-04-16 21:15:20,377]  - APPLIED - {"id"="remove-usage-pulses-for-appsmith-cloud", "type"="execution", "author"="", "class"="DatabaseChangelog2", "method"="removeUsagePulsesForAppsmithCloud"}
[2023-04-16 21:15:20,379]  - method[addSslModeSettingsForExistingMssqlDatasource] with arguments: [org.springframework.data.mongodb.core.MongoTemplate]
[2023-04-16 21:15:20,382]  - APPLIED - {"id"="add-ssl-mode-settings-for-existing-mssql-datasources", "type"="execution", "author"="", "class"="DatabaseChangelog2", "method"="addSslModeSettingsForExistingMssqlDatasource"}
[2023-04-16 21:15:20,383]  - method[addOraclePlugin] with arguments: [org.springframework.data.mongodb.core.MongoTemplate]
[2023-04-16 21:15:20,385]  - APPLIED - {"id"="add-oracle-plugin", "type"="execution", "author"="", "class"="DatabaseChangelog2", "method"="addOraclePlugin"}
[2023-04-16 21:15:20,387]  - method[updateSuperUsers] with arguments: [org.springframework.data.mongodb.core.MongoTemplate, com.appsmith.server.repositories.CacheableRepositoryHelper]
[2023-04-16 21:15:20,393]  - APPLIED - {"id"="update-super-users", "type"="execution", "author"="", "class"="DatabaseChangelog2", "method"="updateSuperUsers"}
[2023-04-16 21:15:20,394]  - method[addPermissionGroupIndex] with arguments: [org.springframework.data.mongodb.core.MongoTemplate]
[2023-04-16 21:15:20,628]  - APPLIED - {"id"="create-indices-on-permissions-for-performance", "type"="execution", "author"="", "class"="DatabaseChangelog2", "method"="addPermissionGroupIndex"}
[2023-04-16 21:15:20,630]  - method[com.appsmith.server.migrations.db.ce.Migration003PermissionGroupDefaultWorkspaceIdMigration] with arguments: [org.springframework.data.mongodb.core.MongoTemplate]
[2023-04-16 21:15:20,631]  - method[defaultWorkspaceIdMigration] with arguments: []
[2023-04-16 21:15:20,637]  - APPLIED - {"id"="migrate-default-workspace-id-to-default-domain-id", "type"="execution", "author"="default_author", "class"="Migration003PermissionGroupDefaultWorkspaceIdMigration", "method"="defaultWorkspaceIdMigration"}
[2023-04-16 21:15:20,638]  - method[com.appsmith.server.migrations.db.ce.Migration004CreateIndexForApplicationSnapshotMigration] with arguments: [org.springframework.data.mongodb.core.MongoTemplate]
[2023-04-16 21:15:20,639]  - method[addIndexOnApplicationIdAndChunkOrder] with arguments: []
[2023-04-16 21:15:20,655]  - APPLIED - {"id"="create-index-for-application-snapshot-collection", "type"="execution", "author"="default_author", "class"="Migration004CreateIndexForApplicationSnapshotMigration", "method"="addIndexOnApplicationIdAndChunkOrder"}
[2023-04-16 21:15:20,657]  - method[com.appsmith.server.migrations.db.ce.Migration004ResetOnPageLoadEdgesInLayouts] with arguments: [org.springframework.data.mongodb.core.MongoTemplate]
[2023-04-16 21:15:20,657]  - method[executeMigration] with arguments: []
[2023-04-16 21:15:20,660]  - APPLIED - {"id"="reset-on-page-load-edges-in-layouts", "type"="execution", "author"="default_author", "class"="Migration004ResetOnPageLoadEdgesInLayouts", "method"="executeMigration"}
[2023-04-16 21:15:20,661]  - Mongock releasing the lock
[2023-04-16 21:15:20,661]  - Mongock releasing the lock
[2023-04-16 21:15:20,662]  - Mongock released the lock
[2023-04-16 21:15:20,663]  - Mongock has finished
[2023-04-16 21:15:20,948]  - Exposing 2 endpoint(s) beneath base path '/actuator'
[2023-04-16 21:15:21,088]  - Netty started on port 8080
[2023-04-16 21:15:21,102]  - Started ServerApplication in 8.769 seconds (process running for 9.257)
[2023-04-16 21:15:21,109]  - Triggering registration of this instance...
[2023-04-16 21:15:21,110]  - Performing RTS health check of this instance...
[2023-04-16 21:15:21,120]  - In memory cache miss for anonymous user permission groups. Fetching from DB and adding it to in memory storage.
[2023-04-16 21:15:21,551]  - Registration successful, updating state ...
[2023-04-16 21:15:21,585]  - RTS health check succeeded

                                
                     
                      
                      
                                   
                                             

Please open http://localhost:<port> in your browser to experience Appsmith!

[2023-04-16 21:15:37,338]  - Cancelled mongock lock daemon
[2023-04-16 21:19:02,220] userEmail=anonymousUser, sessionId=d80b3967-1954-40f8-b1ee-1feae8f1233c, thread=lettuce-nioEventLoop-7-1, requestId=e2cd5e55-d3c9-4617-a750-db19abd1dea0 - Cache miss for key permissionGroupsForUser:anonymousUser643c6567b0e5d11d7677f8eb
[2023-04-16 21:19:02,221] userEmail=anonymousUser, sessionId=d80b3967-1954-40f8-b1ee-1feae8f1233c, thread=lettuce-nioEventLoop-7-1, requestId=e2cd5e55-d3c9-4617-a750-db19abd1dea0 - Cache entry added for key permissionGroupsForUser:anonymousUser643c6567b0e5d11d7677f8eb
