1578:C 16 Apr 2023 21:15:10.776 # oO0OoO0OoO0Oo Redis is starting oO0OoO0OoO0Oo
1578:C 16 Apr 2023 21:15:10.776 # Redis version=5.0.7, bits=64, commit=00000000, modified=0, pid=1578, just started
1578:C 16 Apr 2023 21:15:10.776 # Configuration loaded
1578:M 16 Apr 2023 21:15:10.776 # Could not create server TCP listening socket ::1:6379: bind: Cannot assign requested address
                _._                                                  
           _.-``__ ''-._                                             
      _.-``    `.  `_.  ''-._           Redis 5.0.7 (00000000/0) 64 bit
  .-`` .-```.  ```\/    _.,_ ''-._                                   
 (    '      ,       .-`  | `,    )     Running in standalone mode
 |`-._`-...-` __...-.``-._|'` _.-'|     Port: 6379
 |    `-._   `._    /     _.-'    |     PID: 1578
  `-._    `-._  `-./  _.-'    _.-'                                   
 |`-._`-._    `-.__.-'    _.-'_.-'|                                  
 |    `-._`-._        _.-'_.-'    |           http://redis.io        
  `-._    `-._`-.__.-'_.-'    _.-'                                   
 |`-._`-._    `-.__.-'    _.-'_.-'|                                  
 |    `-._`-._        _.-'_.-'    |                                  
  `-._    `-._`-.__.-'_.-'    _.-'                                   
      `-._    `-.__.-'    _.-'                                       
          `-._        _.-'                                           
              `-.__.-'                                               

1578:M 16 Apr 2023 21:15:10.780 # Server initialized
1578:M 16 Apr 2023 21:15:10.780 # WARNING you have Transparent Huge Pages (THP) support enabled in your kernel. This will create latency and memory usage issues with Redis. To fix this issue run the command 'echo never > /sys/kernel/mm/transparent_hugepage/enabled' as root, and add it to your /etc/rc.local in order to retain the setting after a reboot. Redis must be restarted after THP is disabled.
1578:M 16 Apr 2023 21:15:10.781 * Ready to accept connections
1578:M 16 Apr 2023 21:19:02.272 * 1 changes in 15 seconds. Saving...
1578:M 16 Apr 2023 21:19:02.273 * Background saving started by pid 2013
2013:C 16 Apr 2023 21:19:02.288 * DB saved on disk
2013:C 16 Apr 2023 21:19:02.288 * RDB: 0 MB of memory used by copy-on-write
1578:M 16 Apr 2023 21:19:02.374 * Background saving terminated with success
1350:C 17 Apr 2023 19:12:44.971 # oO0OoO0OoO0Oo Redis is starting oO0OoO0OoO0Oo
1350:C 17 Apr 2023 19:12:44.971 # Redis version=5.0.7, bits=64, commit=00000000, modified=0, pid=1350, just started
1350:C 17 Apr 2023 19:12:44.971 # Configuration loaded
1350:M 17 Apr 2023 19:12:44.973 # Could not create server TCP listening socket ::1:6379: bind: Cannot assign requested address
                _._                                                  
           _.-``__ ''-._                                             
      _.-``    `.  `_.  ''-._           Redis 5.0.7 (00000000/0) 64 bit
  .-`` .-```.  ```\/    _.,_ ''-._                                   
 (    '      ,       .-`  | `,    )     Running in standalone mode
 |`-._`-...-` __...-.``-._|'` _.-'|     Port: 6379
 |    `-._   `._    /     _.-'    |     PID: 1350
  `-._    `-._  `-./  _.-'    _.-'                                   
 |`-._`-._    `-.__.-'    _.-'_.-'|                                  
 |    `-._`-._        _.-'_.-'    |           http://redis.io        
  `-._    `-._`-.__.-'_.-'    _.-'                                   
 |`-._`-._    `-.__.-'    _.-'_.-'|                                  
 |    `-._`-._        _.-'_.-'    |                                  
  `-._    `-._`-.__.-'_.-'    _.-'                                   
      `-._    `-.__.-'    _.-'                                       
          `-._        _.-'                                           
              `-.__.-'                                               

1350:M 17 Apr 2023 19:12:44.976 # Server initialized
1350:M 17 Apr 2023 19:12:44.976 # WARNING you have Transparent Huge Pages (THP) support enabled in your kernel. This will create latency and memory usage issues with Redis. To fix this issue run the command 'echo never > /sys/kernel/mm/transparent_hugepage/enabled' as root, and add it to your /etc/rc.local in order to retain the setting after a reboot. Redis must be restarted after THP is disabled.
1350:M 17 Apr 2023 19:12:44.980 * DB loaded from disk: 0.004 seconds
1350:M 17 Apr 2023 19:12:44.980 * Ready to accept connections
1351:C 17 Apr 2023 19:16:08.983 # oO0OoO0OoO0Oo Redis is starting oO0OoO0OoO0Oo
1351:C 17 Apr 2023 19:16:08.983 # Redis version=5.0.7, bits=64, commit=00000000, modified=0, pid=1351, just started
1351:C 17 Apr 2023 19:16:08.983 # Configuration loaded
1351:M 17 Apr 2023 19:16:08.985 # Could not create server TCP listening socket ::1:6379: bind: Cannot assign requested address
                _._                                                  
           _.-``__ ''-._                                             
      _.-``    `.  `_.  ''-._           Redis 5.0.7 (00000000/0) 64 bit
  .-`` .-```.  ```\/    _.,_ ''-._                                   
 (    '      ,       .-`  | `,    )     Running in standalone mode
 |`-._`-...-` __...-.``-._|'` _.-'|     Port: 6379
 |    `-._   `._    /     _.-'    |     PID: 1351
  `-._    `-._  `-./  _.-'    _.-'                                   
 |`-._`-._    `-.__.-'    _.-'_.-'|                                  
 |    `-._`-._        _.-'_.-'    |           http://redis.io        
  `-._    `-._`-.__.-'_.-'    _.-'                                   
 |`-._`-._    `-.__.-'    _.-'_.-'|                                  
 |    `-._`-._        _.-'_.-'    |                                  
  `-._    `-._`-.__.-'_.-'    _.-'                                   
      `-._    `-.__.-'    _.-'                                       
          `-._        _.-'                                           
              `-.__.-'                                               

1351:M 17 Apr 2023 19:16:08.990 # Server initialized
1351:M 17 Apr 2023 19:16:08.990 # WARNING you have Transparent Huge Pages (THP) support enabled in your kernel. This will create latency and memory usage issues with Redis. To fix this issue run the command 'echo never > /sys/kernel/mm/transparent_hugepage/enabled' as root, and add it to your /etc/rc.local in order to retain the setting after a reboot. Redis must be restarted after THP is disabled.
1351:M 17 Apr 2023 19:16:08.992 * DB loaded from disk: 0.002 seconds
1351:M 17 Apr 2023 19:16:08.992 * Ready to accept connections
